-- Install configuration: ""
-- Up-to-date: /home/pablo/Documents/robotic_sim/2_wheeled/install/apartment/share/apartment/launch
-- Up-to-date: /home/pablo/Documents/robotic_sim/2_wheeled/install/apartment/share/apartment/launch/world.launch.py
-- Up-to-date: /home/pablo/Documents/robotic_sim/2_wheeled/install/apartment/share/apartment/worlds
-- Up-to-date: /home/pablo/Documents/robotic_sim/2_wheeled/install/apartment/share/apartment/worlds/apartment.world
-- Up-to-date: /home/pablo/Documents/robotic_sim/2_wheeled/install/apartment/share/apartment/models
-- Up-to-date: /home/pablo/Documents/robotic_sim/2_wheeled/install/apartment/share/apartment/models/desktop
-- Up-to-date: /home/pablo/Documents/robotic_sim/2_wheeled/install/apartment/share/apartment/models/desktop/meshes
-- Up-to-date: /home/pablo/Documents/robotic_sim/2_wheeled/install/apartment/share/apartment/models/desktop/meshes/desktop.stl
-- Up-to-date: /home/pablo/Documents/robotic_sim/2_wheeled/install/apartment/share/apartment/models/desktop/model.sdf
-- Up-to-date: /home/pablo/Documents/robotic_sim/2_wheeled/install/apartment/share/apartment/models/desktop/model.config
-- Up-to-date: /home/pablo/Documents/robotic_sim/2_wheeled/install/apartment/share/apartment/models/living_room_table
-- Up-to-date: /home/pablo/Documents/robotic_sim/2_wheeled/install/apartment/share/apartment/models/living_room_table/meshes
-- Up-to-date: /home/pablo/Documents/robotic_sim/2_wheeled/install/apartment/share/apartment/models/living_room_table/meshes/table.stl
-- Up-to-date: /home/pablo/Documents/robotic_sim/2_wheeled/install/apartment/share/apartment/models/living_room_table/model.sdf
-- Up-to-date: /home/pablo/Documents/robotic_sim/2_wheeled/install/apartment/share/apartment/models/living_room_table/model.config
-- Up-to-date: /home/pablo/Documents/robotic_sim/2_wheeled/install/apartment/share/apartment/models/apartment_p
-- Up-to-date: /home/pablo/Documents/robotic_sim/2_wheeled/install/apartment/share/apartment/models/apartment_p/meshes
-- Up-to-date: /home/pablo/Documents/robotic_sim/2_wheeled/install/apartment/share/apartment/models/apartment_p/meshes/desktop.stl
-- Up-to-date: /home/pablo/Documents/robotic_sim/2_wheeled/install/apartment/share/apartment/models/apartment_p/meshes/apartment.stl
-- Up-to-date: /home/pablo/Documents/robotic_sim/2_wheeled/install/apartment/share/apartment/models/apartment_p/model.sdf
-- Up-to-date: /home/pablo/Documents/robotic_sim/2_wheeled/install/apartment/share/apartment/models/apartment_p/model.config
-- Up-to-date: /home/pablo/Documents/robotic_sim/2_wheeled/install/apartment/share/ament_index/resource_index/package_run_dependencies/apartment
-- Up-to-date: /home/pablo/Documents/robotic_sim/2_wheeled/install/apartment/share/ament_index/resource_index/parent_prefix_path/apartment
-- Up-to-date: /home/pablo/Documents/robotic_sim/2_wheeled/install/apartment/share/apartment/environment/ament_prefix_path.sh
-- Up-to-date: /home/pablo/Documents/robotic_sim/2_wheeled/install/apartment/share/apartment/environment/ament_prefix_path.dsv
-- Up-to-date: /home/pablo/Documents/robotic_sim/2_wheeled/install/apartment/share/apartment/environment/path.sh
-- Up-to-date: /home/pablo/Documents/robotic_sim/2_wheeled/install/apartment/share/apartment/environment/path.dsv
-- Up-to-date: /home/pablo/Documents/robotic_sim/2_wheeled/install/apartment/share/apartment/local_setup.bash
-- Up-to-date: /home/pablo/Documents/robotic_sim/2_wheeled/install/apartment/share/apartment/local_setup.sh
-- Up-to-date: /home/pablo/Documents/robotic_sim/2_wheeled/install/apartment/share/apartment/local_setup.zsh
-- Up-to-date: /home/pablo/Documents/robotic_sim/2_wheeled/install/apartment/share/apartment/local_setup.dsv
-- Installing: /home/pablo/Documents/robotic_sim/2_wheeled/install/apartment/share/apartment/package.dsv
-- Up-to-date: /home/pablo/Documents/robotic_sim/2_wheeled/install/apartment/share/ament_index/resource_index/packages/apartment
-- Up-to-date: /home/pablo/Documents/robotic_sim/2_wheeled/install/apartment/share/apartment/cmake/apartmentConfig.cmake
-- Up-to-date: /home/pablo/Documents/robotic_sim/2_wheeled/install/apartment/share/apartment/cmake/apartmentConfig-version.cmake
-- Up-to-date: /home/pablo/Documents/robotic_sim/2_wheeled/install/apartment/share/apartment/package.xml
