[0.667s] DEBUG:colcon:Command line arguments: ['/usr/bin/colcon', 'build']
[0.667s] DEBUG:colcon:Parsed command line arguments: Namespace(allow_overriding=[], ament_cmake_args=None, base_paths=['.'], build_base='build', catkin_cmake_args=None, catkin_skip_building_tests=False, cmake_args=None, cmake_clean_cache=False, cmake_clean_first=False, cmake_force_configure=False, cmake_target=None, cmake_target_skip_unavailable=False, continue_on_error=False, event_handlers=None, executor='parallel', ignore_user_meta=False, install_base='install', log_base=None, log_level=None, main=<bound method BuildVerb.main of <colcon_core.verb.build.BuildVerb object at 0x7fdac0513460>>, merge_install=False, metas=['./colcon.meta'], mixin=None, mixin_files=None, mixin_verb=('build',), packages_above=None, packages_above_and_dependencies=None, packages_above_depth=None, packages_end=None, packages_ignore=None, packages_ignore_regex=None, packages_select=None, packages_select_build_failed=False, packages_select_by_dep=None, packages_select_regex=None, packages_select_test_failures=False, packages_skip=None, packages_skip_build_finished=False, packages_skip_by_dep=None, packages_skip_regex=None, packages_skip_test_passed=False, packages_skip_up_to=None, packages_start=None, packages_up_to=None, packages_up_to_regex=None, parallel_workers=12, paths=None, symlink_install=False, test_result_base=None, verb_extension=<colcon_core.verb.build.BuildVerb object at 0x7fdac0513460>, verb_name='build', verb_parser=<colcon_mixin.mixin.mixin_argument.MixinArgumentDecorator object at 0x7fdac01eabe0>)
[0.698s] Level 1:colcon.colcon_core.package_discovery:discover_packages(colcon_meta) check parameters
[0.698s] Level 1:colcon.colcon_core.package_discovery:discover_packages(recursive) check parameters
[0.698s] Level 1:colcon.colcon_core.package_discovery:discover_packages(ignore) check parameters
[0.698s] Level 1:colcon.colcon_core.package_discovery:discover_packages(path) check parameters
[0.698s] Level 1:colcon.colcon_core.package_discovery:discover_packages(colcon_meta) discover
[0.698s] Level 1:colcon.colcon_core.package_discovery:discover_packages(recursive) discover
[0.698s] INFO:colcon.colcon_core.package_discovery:Crawling recursively for packages in '/home/pablo/Documents/robotic_sim/2_wheeled'
[0.698s] Level 1:colcon.colcon_core.package_identification:_identify(.) by extensions ['ignore', 'ignore_ament_install']
[0.698s] Level 1:colcon.colcon_core.package_identification:_identify(.) by extension 'ignore'
[0.698s] Level 1:colcon.colcon_core.package_identification:_identify(.) by extension 'ignore_ament_install'
[0.699s] Level 1:colcon.colcon_core.package_identification:_identify(.) by extensions ['colcon_pkg']
[0.699s] Level 1:colcon.colcon_core.package_identification:_identify(.) by extension 'colcon_pkg'
[0.699s] Level 1:colcon.colcon_core.package_identification:_identify(.) by extensions ['colcon_meta']
[0.699s] Level 1:colcon.colcon_core.package_identification:_identify(.) by extension 'colcon_meta'
[0.699s] Level 1:colcon.colcon_core.package_identification:_identify(.) by extensions ['ros']
[0.699s] Level 1:colcon.colcon_core.package_identification:_identify(.) by extension 'ros'
[0.708s] Level 1:colcon.colcon_core.package_identification:_identify(.) by extensions ['cmake', 'python']
[0.708s] Level 1:colcon.colcon_core.package_identification:_identify(.) by extension 'cmake'
[0.708s] Level 1:colcon.colcon_core.package_identification:_identify(.) by extension 'python'
[0.708s] Level 1:colcon.colcon_core.package_identification:_identify(.) by extensions ['python_setup_py']
[0.709s] Level 1:colcon.colcon_core.package_identification:_identify(.) by extension 'python_setup_py'
[0.709s] Level 1:colcon.colcon_core.package_identification:_identify(build) by extensions ['ignore', 'ignore_ament_install']
[0.709s] Level 1:colcon.colcon_core.package_identification:_identify(build) by extension 'ignore'
[0.709s] Level 1:colcon.colcon_core.package_identification:_identify(build) ignored
[0.709s] Level 1:colcon.colcon_core.package_identification:_identify(install) by extensions ['ignore', 'ignore_ament_install']
[0.709s] Level 1:colcon.colcon_core.package_identification:_identify(install) by extension 'ignore'
[0.709s] Level 1:colcon.colcon_core.package_identification:_identify(install) ignored
[0.709s] Level 1:colcon.colcon_core.package_identification:_identify(log) by extensions ['ignore', 'ignore_ament_install']
[0.709s] Level 1:colcon.colcon_core.package_identification:_identify(log) by extension 'ignore'
[0.709s] Level 1:colcon.colcon_core.package_identification:_identify(log) ignored
[0.710s] Level 1:colcon.colcon_core.package_identification:_identify(src) by extensions ['ignore', 'ignore_ament_install']
[0.710s] Level 1:colcon.colcon_core.package_identification:_identify(src) by extension 'ignore'
[0.710s] Level 1:colcon.colcon_core.package_identification:_identify(src) by extension 'ignore_ament_install'
[0.710s] Level 1:colcon.colcon_core.package_identification:_identify(src) by extensions ['colcon_pkg']
[0.710s] Level 1:colcon.colcon_core.package_identification:_identify(src) by extension 'colcon_pkg'
[0.710s] Level 1:colcon.colcon_core.package_identification:_identify(src) by extensions ['colcon_meta']
[0.710s] Level 1:colcon.colcon_core.package_identification:_identify(src) by extension 'colcon_meta'
[0.710s] Level 1:colcon.colcon_core.package_identification:_identify(src) by extensions ['ros']
[0.710s] Level 1:colcon.colcon_core.package_identification:_identify(src) by extension 'ros'
[0.710s] Level 1:colcon.colcon_core.package_identification:_identify(src) by extensions ['cmake', 'python']
[0.710s] Level 1:colcon.colcon_core.package_identification:_identify(src) by extension 'cmake'
[0.710s] Level 1:colcon.colcon_core.package_identification:_identify(src) by extension 'python'
[0.710s] Level 1:colcon.colcon_core.package_identification:_identify(src) by extensions ['python_setup_py']
[0.710s] Level 1:colcon.colcon_core.package_identification:_identify(src) by extension 'python_setup_py'
[0.710s] Level 1:colcon.colcon_core.package_identification:_identify(src/apartment) by extensions ['ignore', 'ignore_ament_install']
[0.710s] Level 1:colcon.colcon_core.package_identification:_identify(src/apartment) by extension 'ignore'
[0.710s] Level 1:colcon.colcon_core.package_identification:_identify(src/apartment) by extension 'ignore_ament_install'
[0.710s] Level 1:colcon.colcon_core.package_identification:_identify(src/apartment) by extensions ['colcon_pkg']
[0.711s] Level 1:colcon.colcon_core.package_identification:_identify(src/apartment) by extension 'colcon_pkg'
[0.711s] Level 1:colcon.colcon_core.package_identification:_identify(src/apartment) by extensions ['colcon_meta']
[0.711s] Level 1:colcon.colcon_core.package_identification:_identify(src/apartment) by extension 'colcon_meta'
[0.711s] Level 1:colcon.colcon_core.package_identification:_identify(src/apartment) by extensions ['ros']
[0.711s] Level 1:colcon.colcon_core.package_identification:_identify(src/apartment) by extension 'ros'
[0.714s] DEBUG:colcon.colcon_core.package_identification:Package 'src/apartment' with type 'ros.ament_cmake' and name 'apartment'
[0.714s] Level 1:colcon.colcon_core.package_identification:_identify(src/map_generation) by extensions ['ignore', 'ignore_ament_install']
[0.714s] Level 1:colcon.colcon_core.package_identification:_identify(src/map_generation) by extension 'ignore'
[0.714s] Level 1:colcon.colcon_core.package_identification:_identify(src/map_generation) by extension 'ignore_ament_install'
[0.714s] Level 1:colcon.colcon_core.package_identification:_identify(src/map_generation) by extensions ['colcon_pkg']
[0.714s] Level 1:colcon.colcon_core.package_identification:_identify(src/map_generation) by extension 'colcon_pkg'
[0.714s] Level 1:colcon.colcon_core.package_identification:_identify(src/map_generation) by extensions ['colcon_meta']
[0.714s] Level 1:colcon.colcon_core.package_identification:_identify(src/map_generation) by extension 'colcon_meta'
[0.714s] Level 1:colcon.colcon_core.package_identification:_identify(src/map_generation) by extensions ['ros']
[0.714s] Level 1:colcon.colcon_core.package_identification:_identify(src/map_generation) by extension 'ros'
[0.715s] DEBUG:colcon.colcon_core.package_identification:Package 'src/map_generation' with type 'ros.ament_cmake' and name 'map_generation'
[0.716s] Level 1:colcon.colcon_core.package_identification:_identify(src/pid_controller) by extensions ['ignore', 'ignore_ament_install']
[0.716s] Level 1:colcon.colcon_core.package_identification:_identify(src/pid_controller) by extension 'ignore'
[0.716s] Level 1:colcon.colcon_core.package_identification:_identify(src/pid_controller) by extension 'ignore_ament_install'
[0.716s] Level 1:colcon.colcon_core.package_identification:_identify(src/pid_controller) by extensions ['colcon_pkg']
[0.716s] Level 1:colcon.colcon_core.package_identification:_identify(src/pid_controller) by extension 'colcon_pkg'
[0.716s] Level 1:colcon.colcon_core.package_identification:_identify(src/pid_controller) by extensions ['colcon_meta']
[0.716s] Level 1:colcon.colcon_core.package_identification:_identify(src/pid_controller) by extension 'colcon_meta'
[0.716s] Level 1:colcon.colcon_core.package_identification:_identify(src/pid_controller) by extensions ['ros']
[0.716s] Level 1:colcon.colcon_core.package_identification:_identify(src/pid_controller) by extension 'ros'
[0.717s] DEBUG:colcon.colcon_core.package_identification:Package 'src/pid_controller' with type 'ros.ament_cmake' and name 'pid_controller'
[0.717s] Level 1:colcon.colcon_core.package_identification:_identify(src/send_poses) by extensions ['ignore', 'ignore_ament_install']
[0.717s] Level 1:colcon.colcon_core.package_identification:_identify(src/send_poses) by extension 'ignore'
[0.717s] Level 1:colcon.colcon_core.package_identification:_identify(src/send_poses) by extension 'ignore_ament_install'
[0.717s] Level 1:colcon.colcon_core.package_identification:_identify(src/send_poses) by extensions ['colcon_pkg']
[0.717s] Level 1:colcon.colcon_core.package_identification:_identify(src/send_poses) by extension 'colcon_pkg'
[0.717s] Level 1:colcon.colcon_core.package_identification:_identify(src/send_poses) by extensions ['colcon_meta']
[0.717s] Level 1:colcon.colcon_core.package_identification:_identify(src/send_poses) by extension 'colcon_meta'
[0.717s] Level 1:colcon.colcon_core.package_identification:_identify(src/send_poses) by extensions ['ros']
[0.717s] Level 1:colcon.colcon_core.package_identification:_identify(src/send_poses) by extension 'ros'
[0.718s] DEBUG:colcon.colcon_core.package_identification:Package 'src/send_poses' with type 'ros.ament_cmake' and name 'send_poses'
[0.718s] Level 1:colcon.colcon_core.package_identification:_identify(src/toycar2D) by extensions ['ignore', 'ignore_ament_install']
[0.719s] Level 1:colcon.colcon_core.package_identification:_identify(src/toycar2D) by extension 'ignore'
[0.719s] Level 1:colcon.colcon_core.package_identification:_identify(src/toycar2D) by extension 'ignore_ament_install'
[0.719s] Level 1:colcon.colcon_core.package_identification:_identify(src/toycar2D) by extensions ['colcon_pkg']
[0.719s] Level 1:colcon.colcon_core.package_identification:_identify(src/toycar2D) by extension 'colcon_pkg'
[0.719s] Level 1:colcon.colcon_core.package_identification:_identify(src/toycar2D) by extensions ['colcon_meta']
[0.719s] Level 1:colcon.colcon_core.package_identification:_identify(src/toycar2D) by extension 'colcon_meta'
[0.719s] Level 1:colcon.colcon_core.package_identification:_identify(src/toycar2D) by extensions ['ros']
[0.719s] Level 1:colcon.colcon_core.package_identification:_identify(src/toycar2D) by extension 'ros'
[0.720s] DEBUG:colcon.colcon_core.package_identification:Package 'src/toycar2D' with type 'ros.ament_cmake' and name 'toycar2D'
[0.720s] Level 1:colcon.colcon_core.package_identification:_identify(src/toycar3D) by extensions ['ignore', 'ignore_ament_install']
[0.720s] Level 1:colcon.colcon_core.package_identification:_identify(src/toycar3D) by extension 'ignore'
[0.720s] Level 1:colcon.colcon_core.package_identification:_identify(src/toycar3D) by extension 'ignore_ament_install'
[0.720s] Level 1:colcon.colcon_core.package_identification:_identify(src/toycar3D) by extensions ['colcon_pkg']
[0.720s] Level 1:colcon.colcon_core.package_identification:_identify(src/toycar3D) by extension 'colcon_pkg'
[0.720s] Level 1:colcon.colcon_core.package_identification:_identify(src/toycar3D) by extensions ['colcon_meta']
[0.720s] Level 1:colcon.colcon_core.package_identification:_identify(src/toycar3D) by extension 'colcon_meta'
[0.720s] Level 1:colcon.colcon_core.package_identification:_identify(src/toycar3D) by extensions ['ros']
[0.720s] Level 1:colcon.colcon_core.package_identification:_identify(src/toycar3D) by extension 'ros'
[0.721s] DEBUG:colcon.colcon_core.package_identification:Package 'src/toycar3D' with type 'ros.ament_cmake' and name 'toycar3D'
[0.721s] Level 1:colcon.colcon_core.package_discovery:discover_packages(recursive) using defaults
[0.721s] Level 1:colcon.colcon_core.package_discovery:discover_packages(ignore) discover
[0.721s] Level 1:colcon.colcon_core.package_discovery:discover_packages(ignore) using defaults
[0.721s] Level 1:colcon.colcon_core.package_discovery:discover_packages(path) discover
[0.721s] Level 1:colcon.colcon_core.package_discovery:discover_packages(path) using defaults
[0.764s] Level 1:colcon.colcon_core.package_discovery:discover_packages(prefix_path) check parameters
[0.764s] Level 1:colcon.colcon_core.package_discovery:discover_packages(prefix_path) discover
[0.810s] DEBUG:colcon.colcon_installed_package_information.package_discovery:Found 7 installed packages in /home/pablo/Documents/robotic_sim/2_wheeled/install
[0.812s] DEBUG:colcon.colcon_installed_package_information.package_discovery:Found 298 installed packages in /opt/ros/foxy
[0.813s] Level 1:colcon.colcon_core.package_discovery:discover_packages(prefix_path) using defaults
[0.892s] Level 5:colcon.colcon_core.verb:set package 'apartment' build argument 'cmake_args' from command line to 'None'
[0.892s] Level 5:colcon.colcon_core.verb:set package 'apartment' build argument 'cmake_target' from command line to 'None'
[0.892s] Level 5:colcon.colcon_core.verb:set package 'apartment' build argument 'cmake_target_skip_unavailable' from command line to 'False'
[0.892s] Level 5:colcon.colcon_core.verb:set package 'apartment' build argument 'cmake_clean_cache' from command line to 'False'
[0.892s] Level 5:colcon.colcon_core.verb:set package 'apartment' build argument 'cmake_clean_first' from command line to 'False'
[0.892s] Level 5:colcon.colcon_core.verb:set package 'apartment' build argument 'cmake_force_configure' from command line to 'False'
[0.892s] Level 5:colcon.colcon_core.verb:set package 'apartment' build argument 'ament_cmake_args' from command line to 'None'
[0.892s] Level 5:colcon.colcon_core.verb:set package 'apartment' build argument 'catkin_cmake_args' from command line to 'None'
[0.892s] Level 5:colcon.colcon_core.verb:set package 'apartment' build argument 'catkin_skip_building_tests' from command line to 'False'
[0.892s] DEBUG:colcon.colcon_core.verb:Building package 'apartment' with the following arguments: {'ament_cmake_args': None, 'build_base': '/home/pablo/Documents/robotic_sim/2_wheeled/build/apartment', 'catkin_cmake_args': None, 'catkin_skip_building_tests': False, 'cmake_args': None, 'cmake_clean_cache': False, 'cmake_clean_first': False, 'cmake_force_configure': False, 'cmake_target': None, 'cmake_target_skip_unavailable': False, 'install_base': '/home/pablo/Documents/robotic_sim/2_wheeled/install/apartment', 'merge_install': False, 'path': '/home/pablo/Documents/robotic_sim/2_wheeled/src/apartment', 'symlink_install': False, 'test_result_base': None}
[0.893s] Level 5:colcon.colcon_core.verb:set package 'map_generation' build argument 'cmake_args' from command line to 'None'
[0.894s] Level 5:colcon.colcon_core.verb:set package 'map_generation' build argument 'cmake_target' from command line to 'None'
[0.894s] Level 5:colcon.colcon_core.verb:set package 'map_generation' build argument 'cmake_target_skip_unavailable' from command line to 'False'
[0.894s] Level 5:colcon.colcon_core.verb:set package 'map_generation' build argument 'cmake_clean_cache' from command line to 'False'
[0.894s] Level 5:colcon.colcon_core.verb:set package 'map_generation' build argument 'cmake_clean_first' from command line to 'False'
[0.894s] Level 5:colcon.colcon_core.verb:set package 'map_generation' build argument 'cmake_force_configure' from command line to 'False'
[0.894s] Level 5:colcon.colcon_core.verb:set package 'map_generation' build argument 'ament_cmake_args' from command line to 'None'
[0.894s] Level 5:colcon.colcon_core.verb:set package 'map_generation' build argument 'catkin_cmake_args' from command line to 'None'
[0.894s] Level 5:colcon.colcon_core.verb:set package 'map_generation' build argument 'catkin_skip_building_tests' from command line to 'False'
[0.894s] DEBUG:colcon.colcon_core.verb:Building package 'map_generation' with the following arguments: {'ament_cmake_args': None, 'build_base': '/home/pablo/Documents/robotic_sim/2_wheeled/build/map_generation', 'catkin_cmake_args': None, 'catkin_skip_building_tests': False, 'cmake_args': None, 'cmake_clean_cache': False, 'cmake_clean_first': False, 'cmake_force_configure': False, 'cmake_target': None, 'cmake_target_skip_unavailable': False, 'install_base': '/home/pablo/Documents/robotic_sim/2_wheeled/install/map_generation', 'merge_install': False, 'path': '/home/pablo/Documents/robotic_sim/2_wheeled/src/map_generation', 'symlink_install': False, 'test_result_base': None}
[0.895s] Level 5:colcon.colcon_core.verb:set package 'pid_controller' build argument 'cmake_args' from command line to 'None'
[0.895s] Level 5:colcon.colcon_core.verb:set package 'pid_controller' build argument 'cmake_target' from command line to 'None'
[0.895s] Level 5:colcon.colcon_core.verb:set package 'pid_controller' build argument 'cmake_target_skip_unavailable' from command line to 'False'
[0.895s] Level 5:colcon.colcon_core.verb:set package 'pid_controller' build argument 'cmake_clean_cache' from command line to 'False'
[0.895s] Level 5:colcon.colcon_core.verb:set package 'pid_controller' build argument 'cmake_clean_first' from command line to 'False'
[0.895s] Level 5:colcon.colcon_core.verb:set package 'pid_controller' build argument 'cmake_force_configure' from command line to 'False'
[0.895s] Level 5:colcon.colcon_core.verb:set package 'pid_controller' build argument 'ament_cmake_args' from command line to 'None'
[0.895s] Level 5:colcon.colcon_core.verb:set package 'pid_controller' build argument 'catkin_cmake_args' from command line to 'None'
[0.895s] Level 5:colcon.colcon_core.verb:set package 'pid_controller' build argument 'catkin_skip_building_tests' from command line to 'False'
[0.895s] DEBUG:colcon.colcon_core.verb:Building package 'pid_controller' with the following arguments: {'ament_cmake_args': None, 'build_base': '/home/pablo/Documents/robotic_sim/2_wheeled/build/pid_controller', 'catkin_cmake_args': None, 'catkin_skip_building_tests': False, 'cmake_args': None, 'cmake_clean_cache': False, 'cmake_clean_first': False, 'cmake_force_configure': False, 'cmake_target': None, 'cmake_target_skip_unavailable': False, 'install_base': '/home/pablo/Documents/robotic_sim/2_wheeled/install/pid_controller', 'merge_install': False, 'path': '/home/pablo/Documents/robotic_sim/2_wheeled/src/pid_controller', 'symlink_install': False, 'test_result_base': None}
[0.897s] Level 5:colcon.colcon_core.verb:set package 'send_poses' build argument 'cmake_args' from command line to 'None'
[0.897s] Level 5:colcon.colcon_core.verb:set package 'send_poses' build argument 'cmake_target' from command line to 'None'
[0.897s] Level 5:colcon.colcon_core.verb:set package 'send_poses' build argument 'cmake_target_skip_unavailable' from command line to 'False'
[0.897s] Level 5:colcon.colcon_core.verb:set package 'send_poses' build argument 'cmake_clean_cache' from command line to 'False'
[0.897s] Level 5:colcon.colcon_core.verb:set package 'send_poses' build argument 'cmake_clean_first' from command line to 'False'
[0.897s] Level 5:colcon.colcon_core.verb:set package 'send_poses' build argument 'cmake_force_configure' from command line to 'False'
[0.897s] Level 5:colcon.colcon_core.verb:set package 'send_poses' build argument 'ament_cmake_args' from command line to 'None'
[0.897s] Level 5:colcon.colcon_core.verb:set package 'send_poses' build argument 'catkin_cmake_args' from command line to 'None'
[0.897s] Level 5:colcon.colcon_core.verb:set package 'send_poses' build argument 'catkin_skip_building_tests' from command line to 'False'
[0.897s] DEBUG:colcon.colcon_core.verb:Building package 'send_poses' with the following arguments: {'ament_cmake_args': None, 'build_base': '/home/pablo/Documents/robotic_sim/2_wheeled/build/send_poses', 'catkin_cmake_args': None, 'catkin_skip_building_tests': False, 'cmake_args': None, 'cmake_clean_cache': False, 'cmake_clean_first': False, 'cmake_force_configure': False, 'cmake_target': None, 'cmake_target_skip_unavailable': False, 'install_base': '/home/pablo/Documents/robotic_sim/2_wheeled/install/send_poses', 'merge_install': False, 'path': '/home/pablo/Documents/robotic_sim/2_wheeled/src/send_poses', 'symlink_install': False, 'test_result_base': None}
[0.898s] Level 5:colcon.colcon_core.verb:set package 'toycar2D' build argument 'cmake_args' from command line to 'None'
[0.898s] Level 5:colcon.colcon_core.verb:set package 'toycar2D' build argument 'cmake_target' from command line to 'None'
[0.898s] Level 5:colcon.colcon_core.verb:set package 'toycar2D' build argument 'cmake_target_skip_unavailable' from command line to 'False'
[0.898s] Level 5:colcon.colcon_core.verb:set package 'toycar2D' build argument 'cmake_clean_cache' from command line to 'False'
[0.898s] Level 5:colcon.colcon_core.verb:set package 'toycar2D' build argument 'cmake_clean_first' from command line to 'False'
[0.898s] Level 5:colcon.colcon_core.verb:set package 'toycar2D' build argument 'cmake_force_configure' from command line to 'False'
[0.898s] Level 5:colcon.colcon_core.verb:set package 'toycar2D' build argument 'ament_cmake_args' from command line to 'None'
[0.898s] Level 5:colcon.colcon_core.verb:set package 'toycar2D' build argument 'catkin_cmake_args' from command line to 'None'
[0.899s] Level 5:colcon.colcon_core.verb:set package 'toycar2D' build argument 'catkin_skip_building_tests' from command line to 'False'
[0.899s] DEBUG:colcon.colcon_core.verb:Building package 'toycar2D' with the following arguments: {'ament_cmake_args': None, 'build_base': '/home/pablo/Documents/robotic_sim/2_wheeled/build/toycar2D', 'catkin_cmake_args': None, 'catkin_skip_building_tests': False, 'cmake_args': None, 'cmake_clean_cache': False, 'cmake_clean_first': False, 'cmake_force_configure': False, 'cmake_target': None, 'cmake_target_skip_unavailable': False, 'install_base': '/home/pablo/Documents/robotic_sim/2_wheeled/install/toycar2D', 'merge_install': False, 'path': '/home/pablo/Documents/robotic_sim/2_wheeled/src/toycar2D', 'symlink_install': False, 'test_result_base': None}
[0.900s] Level 5:colcon.colcon_core.verb:set package 'toycar3D' build argument 'cmake_args' from command line to 'None'
[0.900s] Level 5:colcon.colcon_core.verb:set package 'toycar3D' build argument 'cmake_target' from command line to 'None'
[0.900s] Level 5:colcon.colcon_core.verb:set package 'toycar3D' build argument 'cmake_target_skip_unavailable' from command line to 'False'
[0.900s] Level 5:colcon.colcon_core.verb:set package 'toycar3D' build argument 'cmake_clean_cache' from command line to 'False'
[0.900s] Level 5:colcon.colcon_core.verb:set package 'toycar3D' build argument 'cmake_clean_first' from command line to 'False'
[0.900s] Level 5:colcon.colcon_core.verb:set package 'toycar3D' build argument 'cmake_force_configure' from command line to 'False'
[0.900s] Level 5:colcon.colcon_core.verb:set package 'toycar3D' build argument 'ament_cmake_args' from command line to 'None'
[0.900s] Level 5:colcon.colcon_core.verb:set package 'toycar3D' build argument 'catkin_cmake_args' from command line to 'None'
[0.900s] Level 5:colcon.colcon_core.verb:set package 'toycar3D' build argument 'catkin_skip_building_tests' from command line to 'False'
[0.900s] DEBUG:colcon.colcon_core.verb:Building package 'toycar3D' with the following arguments: {'ament_cmake_args': None, 'build_base': '/home/pablo/Documents/robotic_sim/2_wheeled/build/toycar3D', 'catkin_cmake_args': None, 'catkin_skip_building_tests': False, 'cmake_args': None, 'cmake_clean_cache': False, 'cmake_clean_first': False, 'cmake_force_configure': False, 'cmake_target': None, 'cmake_target_skip_unavailable': False, 'install_base': '/home/pablo/Documents/robotic_sim/2_wheeled/install/toycar3D', 'merge_install': False, 'path': '/home/pablo/Documents/robotic_sim/2_wheeled/src/toycar3D', 'symlink_install': False, 'test_result_base': None}
[0.901s] INFO:colcon.colcon_core.executor:Executing jobs using 'parallel' executor
[0.908s] DEBUG:colcon.colcon_parallel_executor.executor.parallel:run_until_complete
[0.909s] INFO:colcon.colcon_ros.task.ament_cmake.build:Building ROS package in '/home/pablo/Documents/robotic_sim/2_wheeled/src/apartment' with build type 'ament_cmake'
[0.909s] INFO:colcon.colcon_cmake.task.cmake.build:Building CMake package in '/home/pablo/Documents/robotic_sim/2_wheeled/src/apartment'
[0.919s] INFO:colcon.colcon_core.plugin_system:Skipping extension 'colcon_core.shell.bat': Not used on non-Windows systems
[0.920s] INFO:colcon.colcon_core.shell:Skip shell extension 'powershell' for command environment: Not usable outside of PowerShell
[0.920s] DEBUG:colcon.colcon_core.shell:Skip shell extension 'dsv' for command environment
[0.932s] INFO:colcon.colcon_ros.task.ament_cmake.build:Building ROS package in '/home/pablo/Documents/robotic_sim/2_wheeled/src/map_generation' with build type 'ament_cmake'
[0.933s] INFO:colcon.colcon_cmake.task.cmake.build:Building CMake package in '/home/pablo/Documents/robotic_sim/2_wheeled/src/map_generation'
[0.938s] INFO:colcon.colcon_core.shell:Skip shell extension 'powershell' for command environment: Not usable outside of PowerShell
[0.939s] DEBUG:colcon.colcon_core.shell:Skip shell extension 'dsv' for command environment
[0.961s] INFO:colcon.colcon_ros.task.ament_cmake.build:Building ROS package in '/home/pablo/Documents/robotic_sim/2_wheeled/src/pid_controller' with build type 'ament_cmake'
[0.962s] INFO:colcon.colcon_cmake.task.cmake.build:Building CMake package in '/home/pablo/Documents/robotic_sim/2_wheeled/src/pid_controller'
[0.965s] INFO:colcon.colcon_core.shell:Skip shell extension 'powershell' for command environment: Not usable outside of PowerShell
[0.966s] DEBUG:colcon.colcon_core.shell:Skip shell extension 'dsv' for command environment
[0.985s] INFO:colcon.colcon_ros.task.ament_cmake.build:Building ROS package in '/home/pablo/Documents/robotic_sim/2_wheeled/src/send_poses' with build type 'ament_cmake'
[0.986s] INFO:colcon.colcon_cmake.task.cmake.build:Building CMake package in '/home/pablo/Documents/robotic_sim/2_wheeled/src/send_poses'
[0.992s] INFO:colcon.colcon_core.shell:Skip shell extension 'powershell' for command environment: Not usable outside of PowerShell
[0.992s] DEBUG:colcon.colcon_core.shell:Skip shell extension 'dsv' for command environment
[1.009s] INFO:colcon.colcon_ros.task.ament_cmake.build:Building ROS package in '/home/pablo/Documents/robotic_sim/2_wheeled/src/toycar2D' with build type 'ament_cmake'
[1.009s] INFO:colcon.colcon_cmake.task.cmake.build:Building CMake package in '/home/pablo/Documents/robotic_sim/2_wheeled/src/toycar2D'
[1.013s] INFO:colcon.colcon_core.shell:Skip shell extension 'powershell' for command environment: Not usable outside of PowerShell
[1.013s] DEBUG:colcon.colcon_core.shell:Skip shell extension 'dsv' for command environment
[1.036s] INFO:colcon.colcon_ros.task.ament_cmake.build:Building ROS package in '/home/pablo/Documents/robotic_sim/2_wheeled/src/toycar3D' with build type 'ament_cmake'
[1.037s] INFO:colcon.colcon_cmake.task.cmake.build:Building CMake package in '/home/pablo/Documents/robotic_sim/2_wheeled/src/toycar3D'
[1.042s] INFO:colcon.colcon_core.shell:Skip shell extension 'powershell' for command environment: Not usable outside of PowerShell
[1.042s] DEBUG:colcon.colcon_core.shell:Skip shell extension 'dsv' for command environment
[1.079s] DEBUG:colcon.colcon_core.event_handler.log_command:Invoking command in '/home/pablo/Documents/robotic_sim/2_wheeled/build/apartment': CMAKE_PREFIX_PATH=${CMAKE_PREFIX_PATH}:/opt/ros/foxy /usr/bin/cmake --build /home/pablo/Documents/robotic_sim/2_wheeled/build/apartment -- -j12 -l12
[1.108s] DEBUG:colcon.colcon_core.event_handler.log_command:Invoking command in '/home/pablo/Documents/robotic_sim/2_wheeled/build/map_generation': CMAKE_PREFIX_PATH=${CMAKE_PREFIX_PATH}:/opt/ros/foxy /usr/bin/cmake --build /home/pablo/Documents/robotic_sim/2_wheeled/build/map_generation -- -j12 -l12
[1.128s] DEBUG:colcon.colcon_core.event_handler.log_command:Invoking command in '/home/pablo/Documents/robotic_sim/2_wheeled/build/pid_controller': CMAKE_PREFIX_PATH=${CMAKE_PREFIX_PATH}:/opt/ros/foxy /usr/bin/cmake --build /home/pablo/Documents/robotic_sim/2_wheeled/build/pid_controller -- -j12 -l12
[1.141s] DEBUG:colcon.colcon_core.event_handler.log_command:Invoking command in '/home/pablo/Documents/robotic_sim/2_wheeled/build/send_poses': CMAKE_PREFIX_PATH=${CMAKE_PREFIX_PATH}:/opt/ros/foxy /usr/bin/cmake --build /home/pablo/Documents/robotic_sim/2_wheeled/build/send_poses -- -j12 -l12
[1.157s] DEBUG:colcon.colcon_core.event_handler.log_command:Invoking command in '/home/pablo/Documents/robotic_sim/2_wheeled/build/toycar2D': CMAKE_PREFIX_PATH=${CMAKE_PREFIX_PATH}:/opt/ros/foxy /usr/bin/cmake --build /home/pablo/Documents/robotic_sim/2_wheeled/build/toycar2D -- -j12 -l12
[1.183s] DEBUG:colcon.colcon_core.event_handler.log_command:Invoking command in '/home/pablo/Documents/robotic_sim/2_wheeled/build/toycar3D': CMAKE_PREFIX_PATH=${CMAKE_PREFIX_PATH}:/opt/ros/foxy /usr/bin/cmake --build /home/pablo/Documents/robotic_sim/2_wheeled/build/toycar3D -- -j12 -l12
[1.262s] DEBUG:colcon.colcon_core.event_handler.log_command:Invoked command in '/home/pablo/Documents/robotic_sim/2_wheeled/build/apartment' returned '0': CMAKE_PREFIX_PATH=${CMAKE_PREFIX_PATH}:/opt/ros/foxy /usr/bin/cmake --build /home/pablo/Documents/robotic_sim/2_wheeled/build/apartment -- -j12 -l12
[1.272s] DEBUG:colcon.colcon_core.event_handler.log_command:Invoked command in '/home/pablo/Documents/robotic_sim/2_wheeled/build/toycar2D' returned '0': CMAKE_PREFIX_PATH=${CMAKE_PREFIX_PATH}:/opt/ros/foxy /usr/bin/cmake --build /home/pablo/Documents/robotic_sim/2_wheeled/build/toycar2D -- -j12 -l12
[1.344s] DEBUG:colcon.colcon_core.event_handler.log_command:Invoking command in '/home/pablo/Documents/robotic_sim/2_wheeled/build/toycar2D': CMAKE_PREFIX_PATH=${CMAKE_PREFIX_PATH}:/opt/ros/foxy /usr/bin/cmake --install /home/pablo/Documents/robotic_sim/2_wheeled/build/toycar2D
[1.350s] DEBUG:colcon.colcon_core.event_handler.log_command:Invoked command in '/home/pablo/Documents/robotic_sim/2_wheeled/build/toycar3D' returned '0': CMAKE_PREFIX_PATH=${CMAKE_PREFIX_PATH}:/opt/ros/foxy /usr/bin/cmake --build /home/pablo/Documents/robotic_sim/2_wheeled/build/toycar3D -- -j12 -l12
[1.366s] DEBUG:colcon.colcon_core.event_handler.log_command:Invoked command in '/home/pablo/Documents/robotic_sim/2_wheeled/build/send_poses' returned '0': CMAKE_PREFIX_PATH=${CMAKE_PREFIX_PATH}:/opt/ros/foxy /usr/bin/cmake --build /home/pablo/Documents/robotic_sim/2_wheeled/build/send_poses -- -j12 -l12
[1.391s] DEBUG:colcon.colcon_core.event_handler.log_command:Invoking command in '/home/pablo/Documents/robotic_sim/2_wheeled/build/apartment': CMAKE_PREFIX_PATH=${CMAKE_PREFIX_PATH}:/opt/ros/foxy /usr/bin/cmake --install /home/pablo/Documents/robotic_sim/2_wheeled/build/apartment
[1.392s] DEBUG:colcon.colcon_core.event_handler.log_command:Invoked command in '/home/pablo/Documents/robotic_sim/2_wheeled/build/pid_controller' returned '0': CMAKE_PREFIX_PATH=${CMAKE_PREFIX_PATH}:/opt/ros/foxy /usr/bin/cmake --build /home/pablo/Documents/robotic_sim/2_wheeled/build/pid_controller -- -j12 -l12
[1.395s] Level 1:colcon.colcon_core.environment:create_environment_scripts_only(toycar2D)
[1.407s] DEBUG:colcon.colcon_core.event_handler.log_command:Invoked command in '/home/pablo/Documents/robotic_sim/2_wheeled/build/toycar2D' returned '0': CMAKE_PREFIX_PATH=${CMAKE_PREFIX_PATH}:/opt/ros/foxy /usr/bin/cmake --install /home/pablo/Documents/robotic_sim/2_wheeled/build/toycar2D
[1.426s] Level 1:colcon.colcon_core.environment:checking '/home/pablo/Documents/robotic_sim/2_wheeled/install/toycar2D' for CMake module files
[1.426s] Level 1:colcon.colcon_core.environment:checking '/home/pablo/Documents/robotic_sim/2_wheeled/install/toycar2D' for CMake config files
[1.427s] Level 1:colcon.colcon_core.shell:create_environment_hook('toycar2D', 'cmake_prefix_path')
[1.430s] INFO:colcon.colcon_core.shell:Creating environment hook '/home/pablo/Documents/robotic_sim/2_wheeled/install/toycar2D/share/toycar2D/hook/cmake_prefix_path.ps1'
[1.432s] INFO:colcon.colcon_core.shell:Creating environment descriptor '/home/pablo/Documents/robotic_sim/2_wheeled/install/toycar2D/share/toycar2D/hook/cmake_prefix_path.dsv'
[1.433s] INFO:colcon.colcon_core.shell:Creating environment hook '/home/pablo/Documents/robotic_sim/2_wheeled/install/toycar2D/share/toycar2D/hook/cmake_prefix_path.sh'
[1.435s] Level 1:colcon.colcon_core.environment:checking '/home/pablo/Documents/robotic_sim/2_wheeled/install/toycar2D/bin'
[1.435s] Level 1:colcon.colcon_core.environment:checking '/home/pablo/Documents/robotic_sim/2_wheeled/install/toycar2D/lib/pkgconfig/toycar2D.pc'
[1.435s] Level 1:colcon.colcon_core.environment:checking '/home/pablo/Documents/robotic_sim/2_wheeled/install/toycar2D/lib/python3.8/site-packages'
[1.435s] Level 1:colcon.colcon_core.environment:checking '/home/pablo/Documents/robotic_sim/2_wheeled/install/toycar2D/bin'
[1.440s] INFO:colcon.colcon_core.shell:Creating package script '/home/pablo/Documents/robotic_sim/2_wheeled/install/toycar2D/share/toycar2D/package.ps1'
[1.442s] INFO:colcon.colcon_core.shell:Creating package descriptor '/home/pablo/Documents/robotic_sim/2_wheeled/install/toycar2D/share/toycar2D/package.dsv'
[1.443s] INFO:colcon.colcon_core.shell:Creating package script '/home/pablo/Documents/robotic_sim/2_wheeled/install/toycar2D/share/toycar2D/package.sh'
[1.444s] INFO:colcon.colcon_core.shell:Creating package script '/home/pablo/Documents/robotic_sim/2_wheeled/install/toycar2D/share/toycar2D/package.bash'
[1.445s] INFO:colcon.colcon_core.shell:Creating package script '/home/pablo/Documents/robotic_sim/2_wheeled/install/toycar2D/share/toycar2D/package.zsh'
[1.446s] Level 1:colcon.colcon_core.environment:create_file_with_runtime_dependencies(/home/pablo/Documents/robotic_sim/2_wheeled/install/toycar2D/share/colcon-core/packages/toycar2D)
[1.456s] Level 1:colcon.colcon_core.environment:create_environment_scripts_only(apartment)
[1.468s] Level 1:colcon.colcon_core.environment:checking '/home/pablo/Documents/robotic_sim/2_wheeled/install/apartment' for CMake module files
[1.469s] DEBUG:colcon.colcon_core.event_handler.log_command:Invoked command in '/home/pablo/Documents/robotic_sim/2_wheeled/build/apartment' returned '0': CMAKE_PREFIX_PATH=${CMAKE_PREFIX_PATH}:/opt/ros/foxy /usr/bin/cmake --install /home/pablo/Documents/robotic_sim/2_wheeled/build/apartment
[1.470s] Level 1:colcon.colcon_core.environment:checking '/home/pablo/Documents/robotic_sim/2_wheeled/install/apartment' for CMake config files
[1.471s] Level 1:colcon.colcon_core.shell:create_environment_hook('apartment', 'cmake_prefix_path')
[1.476s] INFO:colcon.colcon_core.shell:Creating environment hook '/home/pablo/Documents/robotic_sim/2_wheeled/install/apartment/share/apartment/hook/cmake_prefix_path.ps1'
[1.478s] INFO:colcon.colcon_core.shell:Creating environment descriptor '/home/pablo/Documents/robotic_sim/2_wheeled/install/apartment/share/apartment/hook/cmake_prefix_path.dsv'
[1.478s] INFO:colcon.colcon_core.shell:Creating environment hook '/home/pablo/Documents/robotic_sim/2_wheeled/install/apartment/share/apartment/hook/cmake_prefix_path.sh'
[1.479s] Level 1:colcon.colcon_core.environment:checking '/home/pablo/Documents/robotic_sim/2_wheeled/install/apartment/bin'
[1.479s] Level 1:colcon.colcon_core.environment:checking '/home/pablo/Documents/robotic_sim/2_wheeled/install/apartment/lib/pkgconfig/apartment.pc'
[1.479s] Level 1:colcon.colcon_core.environment:checking '/home/pablo/Documents/robotic_sim/2_wheeled/install/apartment/lib/python3.8/site-packages'
[1.480s] Level 1:colcon.colcon_core.environment:checking '/home/pablo/Documents/robotic_sim/2_wheeled/install/apartment/bin'
[1.484s] INFO:colcon.colcon_core.shell:Creating package script '/home/pablo/Documents/robotic_sim/2_wheeled/install/apartment/share/apartment/package.ps1'
[1.486s] INFO:colcon.colcon_core.shell:Creating package descriptor '/home/pablo/Documents/robotic_sim/2_wheeled/install/apartment/share/apartment/package.dsv'
[1.487s] INFO:colcon.colcon_core.shell:Creating package script '/home/pablo/Documents/robotic_sim/2_wheeled/install/apartment/share/apartment/package.sh'
[1.487s] INFO:colcon.colcon_core.shell:Creating package script '/home/pablo/Documents/robotic_sim/2_wheeled/install/apartment/share/apartment/package.bash'
[1.487s] INFO:colcon.colcon_core.shell:Creating package script '/home/pablo/Documents/robotic_sim/2_wheeled/install/apartment/share/apartment/package.zsh'
[1.488s] Level 1:colcon.colcon_core.environment:create_file_with_runtime_dependencies(/home/pablo/Documents/robotic_sim/2_wheeled/install/apartment/share/colcon-core/packages/apartment)
[1.502s] DEBUG:colcon.colcon_core.event_handler.log_command:Invoking command in '/home/pablo/Documents/robotic_sim/2_wheeled/build/send_poses': CMAKE_PREFIX_PATH=${CMAKE_PREFIX_PATH}:/opt/ros/foxy /usr/bin/cmake --install /home/pablo/Documents/robotic_sim/2_wheeled/build/send_poses
[1.513s] DEBUG:colcon.colcon_core.event_handler.log_command:Invoking command in '/home/pablo/Documents/robotic_sim/2_wheeled/build/toycar3D': CMAKE_PREFIX_PATH=${CMAKE_PREFIX_PATH}:/opt/ros/foxy /usr/bin/cmake --install /home/pablo/Documents/robotic_sim/2_wheeled/build/toycar3D
[1.518s] DEBUG:colcon.colcon_core.event_handler.log_command:Invoking command in '/home/pablo/Documents/robotic_sim/2_wheeled/build/pid_controller': CMAKE_PREFIX_PATH=${CMAKE_PREFIX_PATH}:/opt/ros/foxy /usr/bin/cmake --install /home/pablo/Documents/robotic_sim/2_wheeled/build/pid_controller
[1.534s] Level 1:colcon.colcon_core.environment:create_environment_scripts_only(toycar2D)
[1.544s] Level 1:colcon.colcon_core.environment:checking '/home/pablo/Documents/robotic_sim/2_wheeled/install/toycar2D' for CMake module files
[1.553s] Level 1:colcon.colcon_core.environment:checking '/home/pablo/Documents/robotic_sim/2_wheeled/install/toycar2D' for CMake config files
[1.555s] Level 1:colcon.colcon_core.shell:create_environment_hook('toycar2D', 'cmake_prefix_path')
[1.558s] INFO:colcon.colcon_core.shell:Creating environment hook '/home/pablo/Documents/robotic_sim/2_wheeled/install/toycar2D/share/toycar2D/hook/cmake_prefix_path.ps1'
[1.559s] INFO:colcon.colcon_core.shell:Creating environment descriptor '/home/pablo/Documents/robotic_sim/2_wheeled/install/toycar2D/share/toycar2D/hook/cmake_prefix_path.dsv'
[1.560s] INFO:colcon.colcon_core.shell:Creating environment hook '/home/pablo/Documents/robotic_sim/2_wheeled/install/toycar2D/share/toycar2D/hook/cmake_prefix_path.sh'
[1.561s] Level 1:colcon.colcon_core.environment:checking '/home/pablo/Documents/robotic_sim/2_wheeled/install/toycar2D/bin'
[1.562s] Level 1:colcon.colcon_core.environment:checking '/home/pablo/Documents/robotic_sim/2_wheeled/install/toycar2D/lib/pkgconfig/toycar2D.pc'
[1.562s] Level 1:colcon.colcon_core.environment:checking '/home/pablo/Documents/robotic_sim/2_wheeled/install/toycar2D/lib/python3.8/site-packages'
[1.562s] Level 1:colcon.colcon_core.environment:checking '/home/pablo/Documents/robotic_sim/2_wheeled/install/toycar2D/bin'
[1.565s] INFO:colcon.colcon_core.shell:Creating package script '/home/pablo/Documents/robotic_sim/2_wheeled/install/toycar2D/share/toycar2D/package.ps1'
[1.567s] INFO:colcon.colcon_core.shell:Creating package descriptor '/home/pablo/Documents/robotic_sim/2_wheeled/install/toycar2D/share/toycar2D/package.dsv'
[1.568s] INFO:colcon.colcon_core.shell:Creating package script '/home/pablo/Documents/robotic_sim/2_wheeled/install/toycar2D/share/toycar2D/package.sh'
[1.569s] INFO:colcon.colcon_core.shell:Creating package script '/home/pablo/Documents/robotic_sim/2_wheeled/install/toycar2D/share/toycar2D/package.bash'
[1.570s] INFO:colcon.colcon_core.shell:Creating package script '/home/pablo/Documents/robotic_sim/2_wheeled/install/toycar2D/share/toycar2D/package.zsh'
[1.570s] Level 1:colcon.colcon_core.environment:create_file_with_runtime_dependencies(/home/pablo/Documents/robotic_sim/2_wheeled/install/toycar2D/share/colcon-core/packages/toycar2D)
[1.573s] Level 1:colcon.colcon_core.environment:create_environment_scripts_only(send_poses)
[1.579s] Level 1:colcon.colcon_core.environment:checking '/home/pablo/Documents/robotic_sim/2_wheeled/install/send_poses' for CMake module files
[1.582s] DEBUG:colcon.colcon_core.event_handler.log_command:Invoked command in '/home/pablo/Documents/robotic_sim/2_wheeled/build/send_poses' returned '0': CMAKE_PREFIX_PATH=${CMAKE_PREFIX_PATH}:/opt/ros/foxy /usr/bin/cmake --install /home/pablo/Documents/robotic_sim/2_wheeled/build/send_poses
[1.583s] Level 1:colcon.colcon_core.environment:checking '/home/pablo/Documents/robotic_sim/2_wheeled/install/send_poses' for CMake config files
[1.583s] Level 1:colcon.colcon_core.shell:create_environment_hook('send_poses', 'cmake_prefix_path')
[1.587s] INFO:colcon.colcon_core.shell:Creating environment hook '/home/pablo/Documents/robotic_sim/2_wheeled/install/send_poses/share/send_poses/hook/cmake_prefix_path.ps1'
[1.587s] INFO:colcon.colcon_core.shell:Creating environment descriptor '/home/pablo/Documents/robotic_sim/2_wheeled/install/send_poses/share/send_poses/hook/cmake_prefix_path.dsv'
[1.588s] INFO:colcon.colcon_core.shell:Creating environment hook '/home/pablo/Documents/robotic_sim/2_wheeled/install/send_poses/share/send_poses/hook/cmake_prefix_path.sh'
[1.588s] Level 1:colcon.colcon_core.environment:checking '/home/pablo/Documents/robotic_sim/2_wheeled/install/send_poses/lib'
[1.589s] Level 1:colcon.colcon_core.environment:checking '/home/pablo/Documents/robotic_sim/2_wheeled/install/send_poses/bin'
[1.589s] Level 1:colcon.colcon_core.environment:checking '/home/pablo/Documents/robotic_sim/2_wheeled/install/send_poses/lib/pkgconfig/send_poses.pc'
[1.590s] Level 1:colcon.colcon_core.environment:checking '/home/pablo/Documents/robotic_sim/2_wheeled/install/send_poses/lib/python3.8/site-packages'
[1.590s] Level 1:colcon.colcon_core.environment:checking '/home/pablo/Documents/robotic_sim/2_wheeled/install/send_poses/bin'
[1.594s] INFO:colcon.colcon_core.shell:Creating package script '/home/pablo/Documents/robotic_sim/2_wheeled/install/send_poses/share/send_poses/package.ps1'
[1.595s] INFO:colcon.colcon_core.shell:Creating package descriptor '/home/pablo/Documents/robotic_sim/2_wheeled/install/send_poses/share/send_poses/package.dsv'
[1.595s] INFO:colcon.colcon_core.shell:Creating package script '/home/pablo/Documents/robotic_sim/2_wheeled/install/send_poses/share/send_poses/package.sh'
[1.595s] INFO:colcon.colcon_core.shell:Creating package script '/home/pablo/Documents/robotic_sim/2_wheeled/install/send_poses/share/send_poses/package.bash'
[1.596s] INFO:colcon.colcon_core.shell:Creating package script '/home/pablo/Documents/robotic_sim/2_wheeled/install/send_poses/share/send_poses/package.zsh'
[1.596s] Level 1:colcon.colcon_core.environment:create_file_with_runtime_dependencies(/home/pablo/Documents/robotic_sim/2_wheeled/install/send_poses/share/colcon-core/packages/send_poses)
[1.604s] Level 1:colcon.colcon_core.environment:create_environment_scripts_only(toycar3D)
[1.612s] Level 1:colcon.colcon_core.environment:checking '/home/pablo/Documents/robotic_sim/2_wheeled/install/toycar3D' for CMake module files
[1.613s] DEBUG:colcon.colcon_core.event_handler.log_command:Invoked command in '/home/pablo/Documents/robotic_sim/2_wheeled/build/toycar3D' returned '0': CMAKE_PREFIX_PATH=${CMAKE_PREFIX_PATH}:/opt/ros/foxy /usr/bin/cmake --install /home/pablo/Documents/robotic_sim/2_wheeled/build/toycar3D
[1.615s] Level 1:colcon.colcon_core.environment:checking '/home/pablo/Documents/robotic_sim/2_wheeled/install/toycar3D' for CMake config files
[1.615s] Level 1:colcon.colcon_core.shell:create_environment_hook('toycar3D', 'cmake_prefix_path')
[1.620s] INFO:colcon.colcon_core.shell:Creating environment hook '/home/pablo/Documents/robotic_sim/2_wheeled/install/toycar3D/share/toycar3D/hook/cmake_prefix_path.ps1'
[1.622s] INFO:colcon.colcon_core.shell:Creating environment descriptor '/home/pablo/Documents/robotic_sim/2_wheeled/install/toycar3D/share/toycar3D/hook/cmake_prefix_path.dsv'
[1.623s] INFO:colcon.colcon_core.shell:Creating environment hook '/home/pablo/Documents/robotic_sim/2_wheeled/install/toycar3D/share/toycar3D/hook/cmake_prefix_path.sh'
[1.625s] Level 1:colcon.colcon_core.environment:checking '/home/pablo/Documents/robotic_sim/2_wheeled/install/toycar3D/bin'
[1.626s] Level 1:colcon.colcon_core.environment:checking '/home/pablo/Documents/robotic_sim/2_wheeled/install/toycar3D/lib/pkgconfig/toycar3D.pc'
[1.626s] Level 1:colcon.colcon_core.environment:checking '/home/pablo/Documents/robotic_sim/2_wheeled/install/toycar3D/lib/python3.8/site-packages'
[1.627s] Level 1:colcon.colcon_core.environment:checking '/home/pablo/Documents/robotic_sim/2_wheeled/install/toycar3D/bin'
[1.631s] INFO:colcon.colcon_core.shell:Creating package script '/home/pablo/Documents/robotic_sim/2_wheeled/install/toycar3D/share/toycar3D/package.ps1'
[1.633s] INFO:colcon.colcon_core.shell:Creating package descriptor '/home/pablo/Documents/robotic_sim/2_wheeled/install/toycar3D/share/toycar3D/package.dsv'
[1.634s] INFO:colcon.colcon_core.shell:Creating package script '/home/pablo/Documents/robotic_sim/2_wheeled/install/toycar3D/share/toycar3D/package.sh'
[1.634s] INFO:colcon.colcon_core.shell:Creating package script '/home/pablo/Documents/robotic_sim/2_wheeled/install/toycar3D/share/toycar3D/package.bash'
[1.635s] INFO:colcon.colcon_core.shell:Creating package script '/home/pablo/Documents/robotic_sim/2_wheeled/install/toycar3D/share/toycar3D/package.zsh'
[1.635s] Level 1:colcon.colcon_core.environment:create_file_with_runtime_dependencies(/home/pablo/Documents/robotic_sim/2_wheeled/install/toycar3D/share/colcon-core/packages/toycar3D)
[1.642s] Level 1:colcon.colcon_core.environment:create_environment_scripts_only(pid_controller)
[1.643s] DEBUG:colcon.colcon_core.event_handler.log_command:Invoked command in '/home/pablo/Documents/robotic_sim/2_wheeled/build/pid_controller' returned '0': CMAKE_PREFIX_PATH=${CMAKE_PREFIX_PATH}:/opt/ros/foxy /usr/bin/cmake --install /home/pablo/Documents/robotic_sim/2_wheeled/build/pid_controller
[1.647s] Level 1:colcon.colcon_core.environment:checking '/home/pablo/Documents/robotic_sim/2_wheeled/install/pid_controller' for CMake module files
[1.648s] Level 1:colcon.colcon_core.environment:checking '/home/pablo/Documents/robotic_sim/2_wheeled/install/pid_controller' for CMake config files
[1.648s] Level 1:colcon.colcon_core.shell:create_environment_hook('pid_controller', 'cmake_prefix_path')
[1.651s] INFO:colcon.colcon_core.shell:Creating environment hook '/home/pablo/Documents/robotic_sim/2_wheeled/install/pid_controller/share/pid_controller/hook/cmake_prefix_path.ps1'
[1.652s] INFO:colcon.colcon_core.shell:Creating environment descriptor '/home/pablo/Documents/robotic_sim/2_wheeled/install/pid_controller/share/pid_controller/hook/cmake_prefix_path.dsv'
[1.654s] INFO:colcon.colcon_core.shell:Creating environment hook '/home/pablo/Documents/robotic_sim/2_wheeled/install/pid_controller/share/pid_controller/hook/cmake_prefix_path.sh'
[1.655s] Level 1:colcon.colcon_core.environment:checking '/home/pablo/Documents/robotic_sim/2_wheeled/install/pid_controller/lib'
[1.655s] Level 1:colcon.colcon_core.environment:checking '/home/pablo/Documents/robotic_sim/2_wheeled/install/pid_controller/bin'
[1.655s] Level 1:colcon.colcon_core.environment:checking '/home/pablo/Documents/robotic_sim/2_wheeled/install/pid_controller/lib/pkgconfig/pid_controller.pc'
[1.655s] Level 1:colcon.colcon_core.environment:checking '/home/pablo/Documents/robotic_sim/2_wheeled/install/pid_controller/lib/python3.8/site-packages'
[1.655s] Level 1:colcon.colcon_core.environment:checking '/home/pablo/Documents/robotic_sim/2_wheeled/install/pid_controller/bin'
[1.661s] INFO:colcon.colcon_core.shell:Creating package script '/home/pablo/Documents/robotic_sim/2_wheeled/install/pid_controller/share/pid_controller/package.ps1'
[1.662s] INFO:colcon.colcon_core.shell:Creating package descriptor '/home/pablo/Documents/robotic_sim/2_wheeled/install/pid_controller/share/pid_controller/package.dsv'
[1.663s] INFO:colcon.colcon_core.shell:Creating package script '/home/pablo/Documents/robotic_sim/2_wheeled/install/pid_controller/share/pid_controller/package.sh'
[1.663s] INFO:colcon.colcon_core.shell:Creating package script '/home/pablo/Documents/robotic_sim/2_wheeled/install/pid_controller/share/pid_controller/package.bash'
[1.664s] INFO:colcon.colcon_core.shell:Creating package script '/home/pablo/Documents/robotic_sim/2_wheeled/install/pid_controller/share/pid_controller/package.zsh'
[1.664s] Level 1:colcon.colcon_core.environment:create_file_with_runtime_dependencies(/home/pablo/Documents/robotic_sim/2_wheeled/install/pid_controller/share/colcon-core/packages/pid_controller)
[1.673s] Level 1:colcon.colcon_core.environment:create_environment_scripts_only(apartment)
[1.678s] Level 1:colcon.colcon_core.environment:checking '/home/pablo/Documents/robotic_sim/2_wheeled/install/apartment' for CMake module files
[1.678s] Level 1:colcon.colcon_core.environment:checking '/home/pablo/Documents/robotic_sim/2_wheeled/install/apartment' for CMake config files
[1.679s] Level 1:colcon.colcon_core.shell:create_environment_hook('apartment', 'cmake_prefix_path')
[1.682s] INFO:colcon.colcon_core.shell:Creating environment hook '/home/pablo/Documents/robotic_sim/2_wheeled/install/apartment/share/apartment/hook/cmake_prefix_path.ps1'
[1.682s] INFO:colcon.colcon_core.shell:Creating environment descriptor '/home/pablo/Documents/robotic_sim/2_wheeled/install/apartment/share/apartment/hook/cmake_prefix_path.dsv'
[1.683s] INFO:colcon.colcon_core.shell:Creating environment hook '/home/pablo/Documents/robotic_sim/2_wheeled/install/apartment/share/apartment/hook/cmake_prefix_path.sh'
[1.683s] Level 1:colcon.colcon_core.environment:checking '/home/pablo/Documents/robotic_sim/2_wheeled/install/apartment/bin'
[1.683s] Level 1:colcon.colcon_core.environment:checking '/home/pablo/Documents/robotic_sim/2_wheeled/install/apartment/lib/pkgconfig/apartment.pc'
[1.684s] Level 1:colcon.colcon_core.environment:checking '/home/pablo/Documents/robotic_sim/2_wheeled/install/apartment/lib/python3.8/site-packages'
[1.684s] Level 1:colcon.colcon_core.environment:checking '/home/pablo/Documents/robotic_sim/2_wheeled/install/apartment/bin'
[1.687s] INFO:colcon.colcon_core.shell:Creating package script '/home/pablo/Documents/robotic_sim/2_wheeled/install/apartment/share/apartment/package.ps1'
[1.689s] INFO:colcon.colcon_core.shell:Creating package descriptor '/home/pablo/Documents/robotic_sim/2_wheeled/install/apartment/share/apartment/package.dsv'
[1.690s] INFO:colcon.colcon_core.shell:Creating package script '/home/pablo/Documents/robotic_sim/2_wheeled/install/apartment/share/apartment/package.sh'
[1.690s] INFO:colcon.colcon_core.shell:Creating package script '/home/pablo/Documents/robotic_sim/2_wheeled/install/apartment/share/apartment/package.bash'
[1.691s] INFO:colcon.colcon_core.shell:Creating package script '/home/pablo/Documents/robotic_sim/2_wheeled/install/apartment/share/apartment/package.zsh'
[1.691s] Level 1:colcon.colcon_core.environment:create_file_with_runtime_dependencies(/home/pablo/Documents/robotic_sim/2_wheeled/install/apartment/share/colcon-core/packages/apartment)
[1.700s] Level 1:colcon.colcon_core.environment:create_environment_scripts_only(send_poses)
[1.705s] Level 1:colcon.colcon_core.environment:checking '/home/pablo/Documents/robotic_sim/2_wheeled/install/send_poses' for CMake module files
[1.705s] Level 1:colcon.colcon_core.environment:checking '/home/pablo/Documents/robotic_sim/2_wheeled/install/send_poses' for CMake config files
[1.706s] Level 1:colcon.colcon_core.shell:create_environment_hook('send_poses', 'cmake_prefix_path')
[1.710s] INFO:colcon.colcon_core.shell:Creating environment hook '/home/pablo/Documents/robotic_sim/2_wheeled/install/send_poses/share/send_poses/hook/cmake_prefix_path.ps1'
[1.710s] INFO:colcon.colcon_core.shell:Creating environment descriptor '/home/pablo/Documents/robotic_sim/2_wheeled/install/send_poses/share/send_poses/hook/cmake_prefix_path.dsv'
[1.711s] INFO:colcon.colcon_core.shell:Creating environment hook '/home/pablo/Documents/robotic_sim/2_wheeled/install/send_poses/share/send_poses/hook/cmake_prefix_path.sh'
[1.711s] Level 1:colcon.colcon_core.environment:checking '/home/pablo/Documents/robotic_sim/2_wheeled/install/send_poses/lib'
[1.711s] Level 1:colcon.colcon_core.environment:checking '/home/pablo/Documents/robotic_sim/2_wheeled/install/send_poses/bin'
[1.711s] Level 1:colcon.colcon_core.environment:checking '/home/pablo/Documents/robotic_sim/2_wheeled/install/send_poses/lib/pkgconfig/send_poses.pc'
[1.712s] Level 1:colcon.colcon_core.environment:checking '/home/pablo/Documents/robotic_sim/2_wheeled/install/send_poses/lib/python3.8/site-packages'
[1.712s] Level 1:colcon.colcon_core.environment:checking '/home/pablo/Documents/robotic_sim/2_wheeled/install/send_poses/bin'
[1.716s] INFO:colcon.colcon_core.shell:Creating package script '/home/pablo/Documents/robotic_sim/2_wheeled/install/send_poses/share/send_poses/package.ps1'
[1.718s] INFO:colcon.colcon_core.shell:Creating package descriptor '/home/pablo/Documents/robotic_sim/2_wheeled/install/send_poses/share/send_poses/package.dsv'
[1.719s] INFO:colcon.colcon_core.shell:Creating package script '/home/pablo/Documents/robotic_sim/2_wheeled/install/send_poses/share/send_poses/package.sh'
[1.720s] INFO:colcon.colcon_core.shell:Creating package script '/home/pablo/Documents/robotic_sim/2_wheeled/install/send_poses/share/send_poses/package.bash'
[1.720s] INFO:colcon.colcon_core.shell:Creating package script '/home/pablo/Documents/robotic_sim/2_wheeled/install/send_poses/share/send_poses/package.zsh'
[1.721s] Level 1:colcon.colcon_core.environment:create_file_with_runtime_dependencies(/home/pablo/Documents/robotic_sim/2_wheeled/install/send_poses/share/colcon-core/packages/send_poses)
[1.728s] Level 1:colcon.colcon_core.environment:create_environment_scripts_only(toycar3D)
[1.734s] Level 1:colcon.colcon_core.environment:checking '/home/pablo/Documents/robotic_sim/2_wheeled/install/toycar3D' for CMake module files
[1.735s] Level 1:colcon.colcon_core.environment:checking '/home/pablo/Documents/robotic_sim/2_wheeled/install/toycar3D' for CMake config files
[1.735s] Level 1:colcon.colcon_core.shell:create_environment_hook('toycar3D', 'cmake_prefix_path')
[1.738s] INFO:colcon.colcon_core.shell:Creating environment hook '/home/pablo/Documents/robotic_sim/2_wheeled/install/toycar3D/share/toycar3D/hook/cmake_prefix_path.ps1'
[1.739s] INFO:colcon.colcon_core.shell:Creating environment descriptor '/home/pablo/Documents/robotic_sim/2_wheeled/install/toycar3D/share/toycar3D/hook/cmake_prefix_path.dsv'
[1.739s] INFO:colcon.colcon_core.shell:Creating environment hook '/home/pablo/Documents/robotic_sim/2_wheeled/install/toycar3D/share/toycar3D/hook/cmake_prefix_path.sh'
[1.740s] Level 1:colcon.colcon_core.environment:checking '/home/pablo/Documents/robotic_sim/2_wheeled/install/toycar3D/bin'
[1.740s] Level 1:colcon.colcon_core.environment:checking '/home/pablo/Documents/robotic_sim/2_wheeled/install/toycar3D/lib/pkgconfig/toycar3D.pc'
[1.740s] Level 1:colcon.colcon_core.environment:checking '/home/pablo/Documents/robotic_sim/2_wheeled/install/toycar3D/lib/python3.8/site-packages'
[1.740s] Level 1:colcon.colcon_core.environment:checking '/home/pablo/Documents/robotic_sim/2_wheeled/install/toycar3D/bin'
[1.746s] INFO:colcon.colcon_core.shell:Creating package script '/home/pablo/Documents/robotic_sim/2_wheeled/install/toycar3D/share/toycar3D/package.ps1'
[1.747s] INFO:colcon.colcon_core.shell:Creating package descriptor '/home/pablo/Documents/robotic_sim/2_wheeled/install/toycar3D/share/toycar3D/package.dsv'
[1.748s] INFO:colcon.colcon_core.shell:Creating package script '/home/pablo/Documents/robotic_sim/2_wheeled/install/toycar3D/share/toycar3D/package.sh'
[1.748s] INFO:colcon.colcon_core.shell:Creating package script '/home/pablo/Documents/robotic_sim/2_wheeled/install/toycar3D/share/toycar3D/package.bash'
[1.749s] INFO:colcon.colcon_core.shell:Creating package script '/home/pablo/Documents/robotic_sim/2_wheeled/install/toycar3D/share/toycar3D/package.zsh'
[1.749s] Level 1:colcon.colcon_core.environment:create_file_with_runtime_dependencies(/home/pablo/Documents/robotic_sim/2_wheeled/install/toycar3D/share/colcon-core/packages/toycar3D)
[1.755s] Level 1:colcon.colcon_core.environment:create_environment_scripts_only(pid_controller)
[1.760s] Level 1:colcon.colcon_core.environment:checking '/home/pablo/Documents/robotic_sim/2_wheeled/install/pid_controller' for CMake module files
[1.760s] Level 1:colcon.colcon_core.environment:checking '/home/pablo/Documents/robotic_sim/2_wheeled/install/pid_controller' for CMake config files
[1.760s] Level 1:colcon.colcon_core.shell:create_environment_hook('pid_controller', 'cmake_prefix_path')
[1.763s] INFO:colcon.colcon_core.shell:Creating environment hook '/home/pablo/Documents/robotic_sim/2_wheeled/install/pid_controller/share/pid_controller/hook/cmake_prefix_path.ps1'
[1.764s] INFO:colcon.colcon_core.shell:Creating environment descriptor '/home/pablo/Documents/robotic_sim/2_wheeled/install/pid_controller/share/pid_controller/hook/cmake_prefix_path.dsv'
[1.764s] INFO:colcon.colcon_core.shell:Creating environment hook '/home/pablo/Documents/robotic_sim/2_wheeled/install/pid_controller/share/pid_controller/hook/cmake_prefix_path.sh'
[1.765s] Level 1:colcon.colcon_core.environment:checking '/home/pablo/Documents/robotic_sim/2_wheeled/install/pid_controller/lib'
[1.765s] Level 1:colcon.colcon_core.environment:checking '/home/pablo/Documents/robotic_sim/2_wheeled/install/pid_controller/bin'
[1.765s] Level 1:colcon.colcon_core.environment:checking '/home/pablo/Documents/robotic_sim/2_wheeled/install/pid_controller/lib/pkgconfig/pid_controller.pc'
[1.766s] Level 1:colcon.colcon_core.environment:checking '/home/pablo/Documents/robotic_sim/2_wheeled/install/pid_controller/lib/python3.8/site-packages'
[1.766s] Level 1:colcon.colcon_core.environment:checking '/home/pablo/Documents/robotic_sim/2_wheeled/install/pid_controller/bin'
[1.769s] INFO:colcon.colcon_core.shell:Creating package script '/home/pablo/Documents/robotic_sim/2_wheeled/install/pid_controller/share/pid_controller/package.ps1'
[1.770s] INFO:colcon.colcon_core.shell:Creating package descriptor '/home/pablo/Documents/robotic_sim/2_wheeled/install/pid_controller/share/pid_controller/package.dsv'
[1.771s] INFO:colcon.colcon_core.shell:Creating package script '/home/pablo/Documents/robotic_sim/2_wheeled/install/pid_controller/share/pid_controller/package.sh'
[1.771s] INFO:colcon.colcon_core.shell:Creating package script '/home/pablo/Documents/robotic_sim/2_wheeled/install/pid_controller/share/pid_controller/package.bash'
[1.772s] INFO:colcon.colcon_core.shell:Creating package script '/home/pablo/Documents/robotic_sim/2_wheeled/install/pid_controller/share/pid_controller/package.zsh'
[1.772s] Level 1:colcon.colcon_core.environment:create_file_with_runtime_dependencies(/home/pablo/Documents/robotic_sim/2_wheeled/install/pid_controller/share/colcon-core/packages/pid_controller)
[10.287s] DEBUG:colcon.colcon_core.event_handler.log_command:Invoked command in '/home/pablo/Documents/robotic_sim/2_wheeled/build/map_generation' returned '0': CMAKE_PREFIX_PATH=${CMAKE_PREFIX_PATH}:/opt/ros/foxy /usr/bin/cmake --build /home/pablo/Documents/robotic_sim/2_wheeled/build/map_generation -- -j12 -l12
[10.328s] DEBUG:colcon.colcon_core.event_handler.log_command:Invoking command in '/home/pablo/Documents/robotic_sim/2_wheeled/build/map_generation': CMAKE_PREFIX_PATH=${CMAKE_PREFIX_PATH}:/opt/ros/foxy /usr/bin/cmake --install /home/pablo/Documents/robotic_sim/2_wheeled/build/map_generation
[10.349s] Level 1:colcon.colcon_core.environment:create_environment_scripts_only(map_generation)
[10.357s] Level 1:colcon.colcon_core.environment:checking '/home/pablo/Documents/robotic_sim/2_wheeled/install/map_generation' for CMake module files
[10.358s] DEBUG:colcon.colcon_core.event_handler.log_command:Invoked command in '/home/pablo/Documents/robotic_sim/2_wheeled/build/map_generation' returned '0': CMAKE_PREFIX_PATH=${CMAKE_PREFIX_PATH}:/opt/ros/foxy /usr/bin/cmake --install /home/pablo/Documents/robotic_sim/2_wheeled/build/map_generation
[10.359s] Level 1:colcon.colcon_core.environment:checking '/home/pablo/Documents/robotic_sim/2_wheeled/install/map_generation' for CMake config files
[10.359s] Level 1:colcon.colcon_core.shell:create_environment_hook('map_generation', 'cmake_prefix_path')
[10.365s] INFO:colcon.colcon_core.shell:Creating environment hook '/home/pablo/Documents/robotic_sim/2_wheeled/install/map_generation/share/map_generation/hook/cmake_prefix_path.ps1'
[10.366s] INFO:colcon.colcon_core.shell:Creating environment descriptor '/home/pablo/Documents/robotic_sim/2_wheeled/install/map_generation/share/map_generation/hook/cmake_prefix_path.dsv'
[10.368s] INFO:colcon.colcon_core.shell:Creating environment hook '/home/pablo/Documents/robotic_sim/2_wheeled/install/map_generation/share/map_generation/hook/cmake_prefix_path.sh'
[10.370s] Level 1:colcon.colcon_core.environment:checking '/home/pablo/Documents/robotic_sim/2_wheeled/install/map_generation/lib'
[10.370s] Level 1:colcon.colcon_core.environment:checking '/home/pablo/Documents/robotic_sim/2_wheeled/install/map_generation/bin'
[10.370s] Level 1:colcon.colcon_core.environment:checking '/home/pablo/Documents/robotic_sim/2_wheeled/install/map_generation/lib/pkgconfig/map_generation.pc'
[10.371s] Level 1:colcon.colcon_core.environment:checking '/home/pablo/Documents/robotic_sim/2_wheeled/install/map_generation/lib/python3.8/site-packages'
[10.371s] Level 1:colcon.colcon_core.environment:checking '/home/pablo/Documents/robotic_sim/2_wheeled/install/map_generation/bin'
[10.377s] INFO:colcon.colcon_core.shell:Creating package script '/home/pablo/Documents/robotic_sim/2_wheeled/install/map_generation/share/map_generation/package.ps1'
[10.378s] INFO:colcon.colcon_core.shell:Creating package descriptor '/home/pablo/Documents/robotic_sim/2_wheeled/install/map_generation/share/map_generation/package.dsv'
[10.378s] INFO:colcon.colcon_core.shell:Creating package script '/home/pablo/Documents/robotic_sim/2_wheeled/install/map_generation/share/map_generation/package.sh'
[10.379s] INFO:colcon.colcon_core.shell:Creating package script '/home/pablo/Documents/robotic_sim/2_wheeled/install/map_generation/share/map_generation/package.bash'
[10.379s] INFO:colcon.colcon_core.shell:Creating package script '/home/pablo/Documents/robotic_sim/2_wheeled/install/map_generation/share/map_generation/package.zsh'
[10.380s] Level 1:colcon.colcon_core.environment:create_file_with_runtime_dependencies(/home/pablo/Documents/robotic_sim/2_wheeled/install/map_generation/share/colcon-core/packages/map_generation)
[10.420s] Level 1:colcon.colcon_core.environment:create_environment_scripts_only(map_generation)
[10.427s] Level 1:colcon.colcon_core.environment:checking '/home/pablo/Documents/robotic_sim/2_wheeled/install/map_generation' for CMake module files
[10.428s] Level 1:colcon.colcon_core.environment:checking '/home/pablo/Documents/robotic_sim/2_wheeled/install/map_generation' for CMake config files
[10.428s] Level 1:colcon.colcon_core.shell:create_environment_hook('map_generation', 'cmake_prefix_path')
[10.434s] INFO:colcon.colcon_core.shell:Creating environment hook '/home/pablo/Documents/robotic_sim/2_wheeled/install/map_generation/share/map_generation/hook/cmake_prefix_path.ps1'
[10.435s] INFO:colcon.colcon_core.shell:Creating environment descriptor '/home/pablo/Documents/robotic_sim/2_wheeled/install/map_generation/share/map_generation/hook/cmake_prefix_path.dsv'
[10.435s] INFO:colcon.colcon_core.shell:Creating environment hook '/home/pablo/Documents/robotic_sim/2_wheeled/install/map_generation/share/map_generation/hook/cmake_prefix_path.sh'
[10.437s] Level 1:colcon.colcon_core.environment:checking '/home/pablo/Documents/robotic_sim/2_wheeled/install/map_generation/lib'
[10.437s] Level 1:colcon.colcon_core.environment:checking '/home/pablo/Documents/robotic_sim/2_wheeled/install/map_generation/bin'
[10.437s] Level 1:colcon.colcon_core.environment:checking '/home/pablo/Documents/robotic_sim/2_wheeled/install/map_generation/lib/pkgconfig/map_generation.pc'
[10.438s] Level 1:colcon.colcon_core.environment:checking '/home/pablo/Documents/robotic_sim/2_wheeled/install/map_generation/lib/python3.8/site-packages'
[10.438s] Level 1:colcon.colcon_core.environment:checking '/home/pablo/Documents/robotic_sim/2_wheeled/install/map_generation/bin'
[10.443s] INFO:colcon.colcon_core.shell:Creating package script '/home/pablo/Documents/robotic_sim/2_wheeled/install/map_generation/share/map_generation/package.ps1'
[10.445s] INFO:colcon.colcon_core.shell:Creating package descriptor '/home/pablo/Documents/robotic_sim/2_wheeled/install/map_generation/share/map_generation/package.dsv'
[10.446s] INFO:colcon.colcon_core.shell:Creating package script '/home/pablo/Documents/robotic_sim/2_wheeled/install/map_generation/share/map_generation/package.sh'
[10.446s] INFO:colcon.colcon_core.shell:Creating package script '/home/pablo/Documents/robotic_sim/2_wheeled/install/map_generation/share/map_generation/package.bash'
[10.447s] INFO:colcon.colcon_core.shell:Creating package script '/home/pablo/Documents/robotic_sim/2_wheeled/install/map_generation/share/map_generation/package.zsh'
[10.448s] Level 1:colcon.colcon_core.environment:create_file_with_runtime_dependencies(/home/pablo/Documents/robotic_sim/2_wheeled/install/map_generation/share/colcon-core/packages/map_generation)
[10.449s] DEBUG:colcon.colcon_parallel_executor.executor.parallel:closing loop
[10.449s] DEBUG:colcon.colcon_parallel_executor.executor.parallel:loop closed
[10.449s] DEBUG:colcon.colcon_parallel_executor.executor.parallel:run_until_complete finished with '0'
[10.449s] DEBUG:colcon.colcon_core.event_reactor:joining thread
[10.466s] INFO:colcon.colcon_core.plugin_system:Skipping extension 'colcon_notification.desktop_notification.terminal_notifier': Not used on non-Darwin systems
[10.466s] INFO:colcon.colcon_core.plugin_system:Skipping extension 'colcon_notification.desktop_notification.win32': Not used on non-Windows systems
[10.466s] INFO:colcon.colcon_notification.desktop_notification:Sending desktop notification using 'notify2'
[10.493s] DEBUG:colcon.colcon_core.event_reactor:joined thread
[10.497s] INFO:colcon.colcon_core.shell:Creating prefix script '/home/pablo/Documents/robotic_sim/2_wheeled/install/local_setup.ps1'
[10.500s] INFO:colcon.colcon_core.shell:Creating prefix util module '/home/pablo/Documents/robotic_sim/2_wheeled/install/_local_setup_util_ps1.py'
[10.502s] INFO:colcon.colcon_core.shell:Creating prefix chain script '/home/pablo/Documents/robotic_sim/2_wheeled/install/setup.ps1'
[10.510s] INFO:colcon.colcon_core.shell:Creating prefix script '/home/pablo/Documents/robotic_sim/2_wheeled/install/local_setup.sh'
[10.512s] INFO:colcon.colcon_core.shell:Creating prefix util module '/home/pablo/Documents/robotic_sim/2_wheeled/install/_local_setup_util_sh.py'
[10.513s] INFO:colcon.colcon_core.shell:Creating prefix chain script '/home/pablo/Documents/robotic_sim/2_wheeled/install/setup.sh'
[10.521s] INFO:colcon.colcon_core.shell:Creating prefix script '/home/pablo/Documents/robotic_sim/2_wheeled/install/local_setup.bash'
[10.522s] INFO:colcon.colcon_core.shell:Creating prefix chain script '/home/pablo/Documents/robotic_sim/2_wheeled/install/setup.bash'
[10.529s] INFO:colcon.colcon_core.shell:Creating prefix script '/home/pablo/Documents/robotic_sim/2_wheeled/install/local_setup.zsh'
[10.530s] INFO:colcon.colcon_core.shell:Creating prefix chain script '/home/pablo/Documents/robotic_sim/2_wheeled/install/setup.zsh'
