[0.464s] DEBUG:colcon:Command line arguments: ['/usr/bin/colcon', 'build']
[0.464s] DEBUG:colcon:Parsed command line arguments: Namespace(allow_overriding=[], ament_cmake_args=None, base_paths=['.'], build_base='build', catkin_cmake_args=None, catkin_skip_building_tests=False, cmake_args=None, cmake_clean_cache=False, cmake_clean_first=False, cmake_force_configure=False, cmake_target=None, cmake_target_skip_unavailable=False, continue_on_error=False, event_handlers=None, executor='parallel', ignore_user_meta=False, install_base='install', log_base=None, log_level=None, main=<bound method BuildVerb.main of <colcon_core.verb.build.BuildVerb object at 0x7f5c7eb9fd00>>, merge_install=False, metas=['./colcon.meta'], mixin=None, mixin_files=None, mixin_verb=('build',), packages_above=None, packages_above_and_dependencies=None, packages_above_depth=None, packages_end=None, packages_ignore=None, packages_ignore_regex=None, packages_select=None, packages_select_build_failed=False, packages_select_by_dep=None, packages_select_regex=None, packages_select_test_failures=False, packages_skip=None, packages_skip_build_finished=False, packages_skip_by_dep=None, packages_skip_regex=None, packages_skip_test_passed=False, packages_skip_up_to=None, packages_start=None, packages_up_to=None, packages_up_to_regex=None, parallel_workers=12, paths=None, symlink_install=False, test_result_base=None, verb_extension=<colcon_core.verb.build.BuildVerb object at 0x7f5c7eb9fd00>, verb_name='build', verb_parser=<colcon_mixin.mixin.mixin_argument.MixinArgumentDecorator object at 0x7f5c7e7f0e80>)
[0.508s] Level 1:colcon.colcon_core.package_discovery:discover_packages(colcon_meta) check parameters
[0.508s] Level 1:colcon.colcon_core.package_discovery:discover_packages(recursive) check parameters
[0.508s] Level 1:colcon.colcon_core.package_discovery:discover_packages(ignore) check parameters
[0.508s] Level 1:colcon.colcon_core.package_discovery:discover_packages(path) check parameters
[0.508s] Level 1:colcon.colcon_core.package_discovery:discover_packages(colcon_meta) discover
[0.508s] Level 1:colcon.colcon_core.package_discovery:discover_packages(recursive) discover
[0.508s] INFO:colcon.colcon_core.package_discovery:Crawling recursively for packages in '/home/pablo/Documents/robotic_sim/2_wheeled'
[0.508s] Level 1:colcon.colcon_core.package_identification:_identify(.) by extensions ['ignore', 'ignore_ament_install']
[0.509s] Level 1:colcon.colcon_core.package_identification:_identify(.) by extension 'ignore'
[0.509s] Level 1:colcon.colcon_core.package_identification:_identify(.) by extension 'ignore_ament_install'
[0.509s] Level 1:colcon.colcon_core.package_identification:_identify(.) by extensions ['colcon_pkg']
[0.509s] Level 1:colcon.colcon_core.package_identification:_identify(.) by extension 'colcon_pkg'
[0.509s] Level 1:colcon.colcon_core.package_identification:_identify(.) by extensions ['colcon_meta']
[0.509s] Level 1:colcon.colcon_core.package_identification:_identify(.) by extension 'colcon_meta'
[0.509s] Level 1:colcon.colcon_core.package_identification:_identify(.) by extensions ['ros']
[0.509s] Level 1:colcon.colcon_core.package_identification:_identify(.) by extension 'ros'
[0.523s] Level 1:colcon.colcon_core.package_identification:_identify(.) by extensions ['cmake', 'python']
[0.523s] Level 1:colcon.colcon_core.package_identification:_identify(.) by extension 'cmake'
[0.523s] Level 1:colcon.colcon_core.package_identification:_identify(.) by extension 'python'
[0.523s] Level 1:colcon.colcon_core.package_identification:_identify(.) by extensions ['python_setup_py']
[0.523s] Level 1:colcon.colcon_core.package_identification:_identify(.) by extension 'python_setup_py'
[0.523s] Level 1:colcon.colcon_core.package_identification:_identify(build) by extensions ['ignore', 'ignore_ament_install']
[0.523s] Level 1:colcon.colcon_core.package_identification:_identify(build) by extension 'ignore'
[0.523s] Level 1:colcon.colcon_core.package_identification:_identify(build) ignored
[0.523s] Level 1:colcon.colcon_core.package_identification:_identify(install) by extensions ['ignore', 'ignore_ament_install']
[0.523s] Level 1:colcon.colcon_core.package_identification:_identify(install) by extension 'ignore'
[0.523s] Level 1:colcon.colcon_core.package_identification:_identify(install) ignored
[0.524s] Level 1:colcon.colcon_core.package_identification:_identify(log) by extensions ['ignore', 'ignore_ament_install']
[0.524s] Level 1:colcon.colcon_core.package_identification:_identify(log) by extension 'ignore'
[0.524s] Level 1:colcon.colcon_core.package_identification:_identify(log) ignored
[0.524s] Level 1:colcon.colcon_core.package_identification:_identify(src) by extensions ['ignore', 'ignore_ament_install']
[0.524s] Level 1:colcon.colcon_core.package_identification:_identify(src) by extension 'ignore'
[0.524s] Level 1:colcon.colcon_core.package_identification:_identify(src) by extension 'ignore_ament_install'
[0.524s] Level 1:colcon.colcon_core.package_identification:_identify(src) by extensions ['colcon_pkg']
[0.524s] Level 1:colcon.colcon_core.package_identification:_identify(src) by extension 'colcon_pkg'
[0.524s] Level 1:colcon.colcon_core.package_identification:_identify(src) by extensions ['colcon_meta']
[0.524s] Level 1:colcon.colcon_core.package_identification:_identify(src) by extension 'colcon_meta'
[0.524s] Level 1:colcon.colcon_core.package_identification:_identify(src) by extensions ['ros']
[0.524s] Level 1:colcon.colcon_core.package_identification:_identify(src) by extension 'ros'
[0.524s] Level 1:colcon.colcon_core.package_identification:_identify(src) by extensions ['cmake', 'python']
[0.524s] Level 1:colcon.colcon_core.package_identification:_identify(src) by extension 'cmake'
[0.524s] Level 1:colcon.colcon_core.package_identification:_identify(src) by extension 'python'
[0.524s] Level 1:colcon.colcon_core.package_identification:_identify(src) by extensions ['python_setup_py']
[0.524s] Level 1:colcon.colcon_core.package_identification:_identify(src) by extension 'python_setup_py'
[0.524s] Level 1:colcon.colcon_core.package_identification:_identify(src/apartment) by extensions ['ignore', 'ignore_ament_install']
[0.524s] Level 1:colcon.colcon_core.package_identification:_identify(src/apartment) by extension 'ignore'
[0.525s] Level 1:colcon.colcon_core.package_identification:_identify(src/apartment) by extension 'ignore_ament_install'
[0.525s] Level 1:colcon.colcon_core.package_identification:_identify(src/apartment) by extensions ['colcon_pkg']
[0.525s] Level 1:colcon.colcon_core.package_identification:_identify(src/apartment) by extension 'colcon_pkg'
[0.525s] Level 1:colcon.colcon_core.package_identification:_identify(src/apartment) by extensions ['colcon_meta']
[0.525s] Level 1:colcon.colcon_core.package_identification:_identify(src/apartment) by extension 'colcon_meta'
[0.525s] Level 1:colcon.colcon_core.package_identification:_identify(src/apartment) by extensions ['ros']
[0.525s] Level 1:colcon.colcon_core.package_identification:_identify(src/apartment) by extension 'ros'
[0.527s] DEBUG:colcon.colcon_core.package_identification:Package 'src/apartment' with type 'ros.ament_cmake' and name 'apartment'
[0.527s] Level 1:colcon.colcon_core.package_identification:_identify(src/map_generation) by extensions ['ignore', 'ignore_ament_install']
[0.527s] Level 1:colcon.colcon_core.package_identification:_identify(src/map_generation) by extension 'ignore'
[0.528s] Level 1:colcon.colcon_core.package_identification:_identify(src/map_generation) by extension 'ignore_ament_install'
[0.528s] Level 1:colcon.colcon_core.package_identification:_identify(src/map_generation) by extensions ['colcon_pkg']
[0.528s] Level 1:colcon.colcon_core.package_identification:_identify(src/map_generation) by extension 'colcon_pkg'
[0.528s] Level 1:colcon.colcon_core.package_identification:_identify(src/map_generation) by extensions ['colcon_meta']
[0.528s] Level 1:colcon.colcon_core.package_identification:_identify(src/map_generation) by extension 'colcon_meta'
[0.528s] Level 1:colcon.colcon_core.package_identification:_identify(src/map_generation) by extensions ['ros']
[0.528s] Level 1:colcon.colcon_core.package_identification:_identify(src/map_generation) by extension 'ros'
[0.529s] DEBUG:colcon.colcon_core.package_identification:Package 'src/map_generation' with type 'ros.ament_cmake' and name 'map_generation'
[0.529s] Level 1:colcon.colcon_core.package_identification:_identify(src/pid_controller) by extensions ['ignore', 'ignore_ament_install']
[0.529s] Level 1:colcon.colcon_core.package_identification:_identify(src/pid_controller) by extension 'ignore'
[0.529s] Level 1:colcon.colcon_core.package_identification:_identify(src/pid_controller) by extension 'ignore_ament_install'
[0.529s] Level 1:colcon.colcon_core.package_identification:_identify(src/pid_controller) by extensions ['colcon_pkg']
[0.529s] Level 1:colcon.colcon_core.package_identification:_identify(src/pid_controller) by extension 'colcon_pkg'
[0.529s] Level 1:colcon.colcon_core.package_identification:_identify(src/pid_controller) by extensions ['colcon_meta']
[0.529s] Level 1:colcon.colcon_core.package_identification:_identify(src/pid_controller) by extension 'colcon_meta'
[0.529s] Level 1:colcon.colcon_core.package_identification:_identify(src/pid_controller) by extensions ['ros']
[0.529s] Level 1:colcon.colcon_core.package_identification:_identify(src/pid_controller) by extension 'ros'
[0.530s] DEBUG:colcon.colcon_core.package_identification:Package 'src/pid_controller' with type 'ros.ament_cmake' and name 'pid_controller'
[0.530s] Level 1:colcon.colcon_core.package_identification:_identify(src/send_poses) by extensions ['ignore', 'ignore_ament_install']
[0.530s] Level 1:colcon.colcon_core.package_identification:_identify(src/send_poses) by extension 'ignore'
[0.530s] Level 1:colcon.colcon_core.package_identification:_identify(src/send_poses) by extension 'ignore_ament_install'
[0.530s] Level 1:colcon.colcon_core.package_identification:_identify(src/send_poses) by extensions ['colcon_pkg']
[0.530s] Level 1:colcon.colcon_core.package_identification:_identify(src/send_poses) by extension 'colcon_pkg'
[0.530s] Level 1:colcon.colcon_core.package_identification:_identify(src/send_poses) by extensions ['colcon_meta']
[0.530s] Level 1:colcon.colcon_core.package_identification:_identify(src/send_poses) by extension 'colcon_meta'
[0.530s] Level 1:colcon.colcon_core.package_identification:_identify(src/send_poses) by extensions ['ros']
[0.530s] Level 1:colcon.colcon_core.package_identification:_identify(src/send_poses) by extension 'ros'
[0.531s] DEBUG:colcon.colcon_core.package_identification:Package 'src/send_poses' with type 'ros.ament_cmake' and name 'send_poses'
[0.531s] Level 1:colcon.colcon_core.package_identification:_identify(src/toycar2D) by extensions ['ignore', 'ignore_ament_install']
[0.531s] Level 1:colcon.colcon_core.package_identification:_identify(src/toycar2D) by extension 'ignore'
[0.531s] Level 1:colcon.colcon_core.package_identification:_identify(src/toycar2D) by extension 'ignore_ament_install'
[0.531s] Level 1:colcon.colcon_core.package_identification:_identify(src/toycar2D) by extensions ['colcon_pkg']
[0.531s] Level 1:colcon.colcon_core.package_identification:_identify(src/toycar2D) by extension 'colcon_pkg'
[0.532s] Level 1:colcon.colcon_core.package_identification:_identify(src/toycar2D) by extensions ['colcon_meta']
[0.532s] Level 1:colcon.colcon_core.package_identification:_identify(src/toycar2D) by extension 'colcon_meta'
[0.532s] Level 1:colcon.colcon_core.package_identification:_identify(src/toycar2D) by extensions ['ros']
[0.532s] Level 1:colcon.colcon_core.package_identification:_identify(src/toycar2D) by extension 'ros'
[0.532s] DEBUG:colcon.colcon_core.package_identification:Package 'src/toycar2D' with type 'ros.ament_cmake' and name 'toycar2D'
[0.532s] Level 1:colcon.colcon_core.package_identification:_identify(src/toycar3D) by extensions ['ignore', 'ignore_ament_install']
[0.533s] Level 1:colcon.colcon_core.package_identification:_identify(src/toycar3D) by extension 'ignore'
[0.533s] Level 1:colcon.colcon_core.package_identification:_identify(src/toycar3D) by extension 'ignore_ament_install'
[0.533s] Level 1:colcon.colcon_core.package_identification:_identify(src/toycar3D) by extensions ['colcon_pkg']
[0.533s] Level 1:colcon.colcon_core.package_identification:_identify(src/toycar3D) by extension 'colcon_pkg'
[0.533s] Level 1:colcon.colcon_core.package_identification:_identify(src/toycar3D) by extensions ['colcon_meta']
[0.533s] Level 1:colcon.colcon_core.package_identification:_identify(src/toycar3D) by extension 'colcon_meta'
[0.533s] Level 1:colcon.colcon_core.package_identification:_identify(src/toycar3D) by extensions ['ros']
[0.533s] Level 1:colcon.colcon_core.package_identification:_identify(src/toycar3D) by extension 'ros'
[0.533s] DEBUG:colcon.colcon_core.package_identification:Package 'src/toycar3D' with type 'ros.ament_cmake' and name 'toycar3D'
[0.533s] Level 1:colcon.colcon_core.package_discovery:discover_packages(recursive) using defaults
[0.533s] Level 1:colcon.colcon_core.package_discovery:discover_packages(ignore) discover
[0.533s] Level 1:colcon.colcon_core.package_discovery:discover_packages(ignore) using defaults
[0.533s] Level 1:colcon.colcon_core.package_discovery:discover_packages(path) discover
[0.533s] Level 1:colcon.colcon_core.package_discovery:discover_packages(path) using defaults
[0.572s] Level 1:colcon.colcon_core.package_discovery:discover_packages(prefix_path) check parameters
[0.572s] Level 1:colcon.colcon_core.package_discovery:discover_packages(prefix_path) discover
[0.579s] DEBUG:colcon.colcon_installed_package_information.package_discovery:Found 7 installed packages in /home/pablo/Documents/robotic_sim/2_wheeled/install
[0.581s] DEBUG:colcon.colcon_installed_package_information.package_discovery:Found 298 installed packages in /opt/ros/foxy
[0.582s] Level 1:colcon.colcon_core.package_discovery:discover_packages(prefix_path) using defaults
[0.655s] Level 5:colcon.colcon_core.verb:set package 'apartment' build argument 'cmake_args' from command line to 'None'
[0.656s] Level 5:colcon.colcon_core.verb:set package 'apartment' build argument 'cmake_target' from command line to 'None'
[0.656s] Level 5:colcon.colcon_core.verb:set package 'apartment' build argument 'cmake_target_skip_unavailable' from command line to 'False'
[0.656s] Level 5:colcon.colcon_core.verb:set package 'apartment' build argument 'cmake_clean_cache' from command line to 'False'
[0.656s] Level 5:colcon.colcon_core.verb:set package 'apartment' build argument 'cmake_clean_first' from command line to 'False'
[0.656s] Level 5:colcon.colcon_core.verb:set package 'apartment' build argument 'cmake_force_configure' from command line to 'False'
[0.656s] Level 5:colcon.colcon_core.verb:set package 'apartment' build argument 'ament_cmake_args' from command line to 'None'
[0.656s] Level 5:colcon.colcon_core.verb:set package 'apartment' build argument 'catkin_cmake_args' from command line to 'None'
[0.656s] Level 5:colcon.colcon_core.verb:set package 'apartment' build argument 'catkin_skip_building_tests' from command line to 'False'
[0.656s] DEBUG:colcon.colcon_core.verb:Building package 'apartment' with the following arguments: {'ament_cmake_args': None, 'build_base': '/home/pablo/Documents/robotic_sim/2_wheeled/build/apartment', 'catkin_cmake_args': None, 'catkin_skip_building_tests': False, 'cmake_args': None, 'cmake_clean_cache': False, 'cmake_clean_first': False, 'cmake_force_configure': False, 'cmake_target': None, 'cmake_target_skip_unavailable': False, 'install_base': '/home/pablo/Documents/robotic_sim/2_wheeled/install/apartment', 'merge_install': False, 'path': '/home/pablo/Documents/robotic_sim/2_wheeled/src/apartment', 'symlink_install': False, 'test_result_base': None}
[0.657s] Level 5:colcon.colcon_core.verb:set package 'map_generation' build argument 'cmake_args' from command line to 'None'
[0.657s] Level 5:colcon.colcon_core.verb:set package 'map_generation' build argument 'cmake_target' from command line to 'None'
[0.657s] Level 5:colcon.colcon_core.verb:set package 'map_generation' build argument 'cmake_target_skip_unavailable' from command line to 'False'
[0.657s] Level 5:colcon.colcon_core.verb:set package 'map_generation' build argument 'cmake_clean_cache' from command line to 'False'
[0.657s] Level 5:colcon.colcon_core.verb:set package 'map_generation' build argument 'cmake_clean_first' from command line to 'False'
[0.657s] Level 5:colcon.colcon_core.verb:set package 'map_generation' build argument 'cmake_force_configure' from command line to 'False'
[0.657s] Level 5:colcon.colcon_core.verb:set package 'map_generation' build argument 'ament_cmake_args' from command line to 'None'
[0.657s] Level 5:colcon.colcon_core.verb:set package 'map_generation' build argument 'catkin_cmake_args' from command line to 'None'
[0.657s] Level 5:colcon.colcon_core.verb:set package 'map_generation' build argument 'catkin_skip_building_tests' from command line to 'False'
[0.657s] DEBUG:colcon.colcon_core.verb:Building package 'map_generation' with the following arguments: {'ament_cmake_args': None, 'build_base': '/home/pablo/Documents/robotic_sim/2_wheeled/build/map_generation', 'catkin_cmake_args': None, 'catkin_skip_building_tests': False, 'cmake_args': None, 'cmake_clean_cache': False, 'cmake_clean_first': False, 'cmake_force_configure': False, 'cmake_target': None, 'cmake_target_skip_unavailable': False, 'install_base': '/home/pablo/Documents/robotic_sim/2_wheeled/install/map_generation', 'merge_install': False, 'path': '/home/pablo/Documents/robotic_sim/2_wheeled/src/map_generation', 'symlink_install': False, 'test_result_base': None}
[0.659s] Level 5:colcon.colcon_core.verb:set package 'pid_controller' build argument 'cmake_args' from command line to 'None'
[0.659s] Level 5:colcon.colcon_core.verb:set package 'pid_controller' build argument 'cmake_target' from command line to 'None'
[0.659s] Level 5:colcon.colcon_core.verb:set package 'pid_controller' build argument 'cmake_target_skip_unavailable' from command line to 'False'
[0.659s] Level 5:colcon.colcon_core.verb:set package 'pid_controller' build argument 'cmake_clean_cache' from command line to 'False'
[0.659s] Level 5:colcon.colcon_core.verb:set package 'pid_controller' build argument 'cmake_clean_first' from command line to 'False'
[0.659s] Level 5:colcon.colcon_core.verb:set package 'pid_controller' build argument 'cmake_force_configure' from command line to 'False'
[0.659s] Level 5:colcon.colcon_core.verb:set package 'pid_controller' build argument 'ament_cmake_args' from command line to 'None'
[0.659s] Level 5:colcon.colcon_core.verb:set package 'pid_controller' build argument 'catkin_cmake_args' from command line to 'None'
[0.659s] Level 5:colcon.colcon_core.verb:set package 'pid_controller' build argument 'catkin_skip_building_tests' from command line to 'False'
[0.659s] DEBUG:colcon.colcon_core.verb:Building package 'pid_controller' with the following arguments: {'ament_cmake_args': None, 'build_base': '/home/pablo/Documents/robotic_sim/2_wheeled/build/pid_controller', 'catkin_cmake_args': None, 'catkin_skip_building_tests': False, 'cmake_args': None, 'cmake_clean_cache': False, 'cmake_clean_first': False, 'cmake_force_configure': False, 'cmake_target': None, 'cmake_target_skip_unavailable': False, 'install_base': '/home/pablo/Documents/robotic_sim/2_wheeled/install/pid_controller', 'merge_install': False, 'path': '/home/pablo/Documents/robotic_sim/2_wheeled/src/pid_controller', 'symlink_install': False, 'test_result_base': None}
[0.660s] Level 5:colcon.colcon_core.verb:set package 'send_poses' build argument 'cmake_args' from command line to 'None'
[0.660s] Level 5:colcon.colcon_core.verb:set package 'send_poses' build argument 'cmake_target' from command line to 'None'
[0.660s] Level 5:colcon.colcon_core.verb:set package 'send_poses' build argument 'cmake_target_skip_unavailable' from command line to 'False'
[0.660s] Level 5:colcon.colcon_core.verb:set package 'send_poses' build argument 'cmake_clean_cache' from command line to 'False'
[0.660s] Level 5:colcon.colcon_core.verb:set package 'send_poses' build argument 'cmake_clean_first' from command line to 'False'
[0.660s] Level 5:colcon.colcon_core.verb:set package 'send_poses' build argument 'cmake_force_configure' from command line to 'False'
[0.660s] Level 5:colcon.colcon_core.verb:set package 'send_poses' build argument 'ament_cmake_args' from command line to 'None'
[0.660s] Level 5:colcon.colcon_core.verb:set package 'send_poses' build argument 'catkin_cmake_args' from command line to 'None'
[0.661s] Level 5:colcon.colcon_core.verb:set package 'send_poses' build argument 'catkin_skip_building_tests' from command line to 'False'
[0.661s] DEBUG:colcon.colcon_core.verb:Building package 'send_poses' with the following arguments: {'ament_cmake_args': None, 'build_base': '/home/pablo/Documents/robotic_sim/2_wheeled/build/send_poses', 'catkin_cmake_args': None, 'catkin_skip_building_tests': False, 'cmake_args': None, 'cmake_clean_cache': False, 'cmake_clean_first': False, 'cmake_force_configure': False, 'cmake_target': None, 'cmake_target_skip_unavailable': False, 'install_base': '/home/pablo/Documents/robotic_sim/2_wheeled/install/send_poses', 'merge_install': False, 'path': '/home/pablo/Documents/robotic_sim/2_wheeled/src/send_poses', 'symlink_install': False, 'test_result_base': None}
[0.662s] Level 5:colcon.colcon_core.verb:set package 'toycar2D' build argument 'cmake_args' from command line to 'None'
[0.662s] Level 5:colcon.colcon_core.verb:set package 'toycar2D' build argument 'cmake_target' from command line to 'None'
[0.662s] Level 5:colcon.colcon_core.verb:set package 'toycar2D' build argument 'cmake_target_skip_unavailable' from command line to 'False'
[0.662s] Level 5:colcon.colcon_core.verb:set package 'toycar2D' build argument 'cmake_clean_cache' from command line to 'False'
[0.662s] Level 5:colcon.colcon_core.verb:set package 'toycar2D' build argument 'cmake_clean_first' from command line to 'False'
[0.662s] Level 5:colcon.colcon_core.verb:set package 'toycar2D' build argument 'cmake_force_configure' from command line to 'False'
[0.662s] Level 5:colcon.colcon_core.verb:set package 'toycar2D' build argument 'ament_cmake_args' from command line to 'None'
[0.662s] Level 5:colcon.colcon_core.verb:set package 'toycar2D' build argument 'catkin_cmake_args' from command line to 'None'
[0.662s] Level 5:colcon.colcon_core.verb:set package 'toycar2D' build argument 'catkin_skip_building_tests' from command line to 'False'
[0.662s] DEBUG:colcon.colcon_core.verb:Building package 'toycar2D' with the following arguments: {'ament_cmake_args': None, 'build_base': '/home/pablo/Documents/robotic_sim/2_wheeled/build/toycar2D', 'catkin_cmake_args': None, 'catkin_skip_building_tests': False, 'cmake_args': None, 'cmake_clean_cache': False, 'cmake_clean_first': False, 'cmake_force_configure': False, 'cmake_target': None, 'cmake_target_skip_unavailable': False, 'install_base': '/home/pablo/Documents/robotic_sim/2_wheeled/install/toycar2D', 'merge_install': False, 'path': '/home/pablo/Documents/robotic_sim/2_wheeled/src/toycar2D', 'symlink_install': False, 'test_result_base': None}
[0.663s] Level 5:colcon.colcon_core.verb:set package 'toycar3D' build argument 'cmake_args' from command line to 'None'
[0.663s] Level 5:colcon.colcon_core.verb:set package 'toycar3D' build argument 'cmake_target' from command line to 'None'
[0.663s] Level 5:colcon.colcon_core.verb:set package 'toycar3D' build argument 'cmake_target_skip_unavailable' from command line to 'False'
[0.663s] Level 5:colcon.colcon_core.verb:set package 'toycar3D' build argument 'cmake_clean_cache' from command line to 'False'
[0.663s] Level 5:colcon.colcon_core.verb:set package 'toycar3D' build argument 'cmake_clean_first' from command line to 'False'
[0.663s] Level 5:colcon.colcon_core.verb:set package 'toycar3D' build argument 'cmake_force_configure' from command line to 'False'
[0.663s] Level 5:colcon.colcon_core.verb:set package 'toycar3D' build argument 'ament_cmake_args' from command line to 'None'
[0.663s] Level 5:colcon.colcon_core.verb:set package 'toycar3D' build argument 'catkin_cmake_args' from command line to 'None'
[0.663s] Level 5:colcon.colcon_core.verb:set package 'toycar3D' build argument 'catkin_skip_building_tests' from command line to 'False'
[0.663s] DEBUG:colcon.colcon_core.verb:Building package 'toycar3D' with the following arguments: {'ament_cmake_args': None, 'build_base': '/home/pablo/Documents/robotic_sim/2_wheeled/build/toycar3D', 'catkin_cmake_args': None, 'catkin_skip_building_tests': False, 'cmake_args': None, 'cmake_clean_cache': False, 'cmake_clean_first': False, 'cmake_force_configure': False, 'cmake_target': None, 'cmake_target_skip_unavailable': False, 'install_base': '/home/pablo/Documents/robotic_sim/2_wheeled/install/toycar3D', 'merge_install': False, 'path': '/home/pablo/Documents/robotic_sim/2_wheeled/src/toycar3D', 'symlink_install': False, 'test_result_base': None}
[0.664s] INFO:colcon.colcon_core.executor:Executing jobs using 'parallel' executor
[0.671s] DEBUG:colcon.colcon_parallel_executor.executor.parallel:run_until_complete
[0.671s] INFO:colcon.colcon_ros.task.ament_cmake.build:Building ROS package in '/home/pablo/Documents/robotic_sim/2_wheeled/src/apartment' with build type 'ament_cmake'
[0.671s] INFO:colcon.colcon_cmake.task.cmake.build:Building CMake package in '/home/pablo/Documents/robotic_sim/2_wheeled/src/apartment'
[0.678s] INFO:colcon.colcon_core.plugin_system:Skipping extension 'colcon_core.shell.bat': Not used on non-Windows systems
[0.678s] INFO:colcon.colcon_core.shell:Skip shell extension 'powershell' for command environment: Not usable outside of PowerShell
[0.678s] DEBUG:colcon.colcon_core.shell:Skip shell extension 'dsv' for command environment
[0.685s] INFO:colcon.colcon_ros.task.ament_cmake.build:Building ROS package in '/home/pablo/Documents/robotic_sim/2_wheeled/src/map_generation' with build type 'ament_cmake'
[0.686s] INFO:colcon.colcon_cmake.task.cmake.build:Building CMake package in '/home/pablo/Documents/robotic_sim/2_wheeled/src/map_generation'
[0.688s] INFO:colcon.colcon_core.shell:Skip shell extension 'powershell' for command environment: Not usable outside of PowerShell
[0.688s] DEBUG:colcon.colcon_core.shell:Skip shell extension 'dsv' for command environment
[0.702s] INFO:colcon.colcon_ros.task.ament_cmake.build:Building ROS package in '/home/pablo/Documents/robotic_sim/2_wheeled/src/pid_controller' with build type 'ament_cmake'
[0.703s] INFO:colcon.colcon_cmake.task.cmake.build:Building CMake package in '/home/pablo/Documents/robotic_sim/2_wheeled/src/pid_controller'
[0.708s] INFO:colcon.colcon_core.shell:Skip shell extension 'powershell' for command environment: Not usable outside of PowerShell
[0.709s] DEBUG:colcon.colcon_core.shell:Skip shell extension 'dsv' for command environment
[0.720s] INFO:colcon.colcon_ros.task.ament_cmake.build:Building ROS package in '/home/pablo/Documents/robotic_sim/2_wheeled/src/send_poses' with build type 'ament_cmake'
[0.720s] INFO:colcon.colcon_cmake.task.cmake.build:Building CMake package in '/home/pablo/Documents/robotic_sim/2_wheeled/src/send_poses'
[0.723s] INFO:colcon.colcon_core.shell:Skip shell extension 'powershell' for command environment: Not usable outside of PowerShell
[0.723s] DEBUG:colcon.colcon_core.shell:Skip shell extension 'dsv' for command environment
[0.732s] INFO:colcon.colcon_ros.task.ament_cmake.build:Building ROS package in '/home/pablo/Documents/robotic_sim/2_wheeled/src/toycar2D' with build type 'ament_cmake'
[0.732s] INFO:colcon.colcon_cmake.task.cmake.build:Building CMake package in '/home/pablo/Documents/robotic_sim/2_wheeled/src/toycar2D'
[0.734s] INFO:colcon.colcon_core.shell:Skip shell extension 'powershell' for command environment: Not usable outside of PowerShell
[0.735s] DEBUG:colcon.colcon_core.shell:Skip shell extension 'dsv' for command environment
[0.743s] INFO:colcon.colcon_ros.task.ament_cmake.build:Building ROS package in '/home/pablo/Documents/robotic_sim/2_wheeled/src/toycar3D' with build type 'ament_cmake'
[0.743s] INFO:colcon.colcon_cmake.task.cmake.build:Building CMake package in '/home/pablo/Documents/robotic_sim/2_wheeled/src/toycar3D'
[0.746s] INFO:colcon.colcon_core.shell:Skip shell extension 'powershell' for command environment: Not usable outside of PowerShell
[0.747s] DEBUG:colcon.colcon_core.shell:Skip shell extension 'dsv' for command environment
[0.762s] DEBUG:colcon.colcon_core.event_handler.log_command:Invoking command in '/home/pablo/Documents/robotic_sim/2_wheeled/build/apartment': CMAKE_PREFIX_PATH=${CMAKE_PREFIX_PATH}:/opt/ros/foxy /usr/bin/cmake --build /home/pablo/Documents/robotic_sim/2_wheeled/build/apartment -- -j12 -l12
[0.774s] DEBUG:colcon.colcon_core.event_handler.log_command:Invoking command in '/home/pablo/Documents/robotic_sim/2_wheeled/build/map_generation': CMAKE_PREFIX_PATH=${CMAKE_PREFIX_PATH}:/opt/ros/foxy /usr/bin/cmake --build /home/pablo/Documents/robotic_sim/2_wheeled/build/map_generation -- -j12 -l12
[0.781s] DEBUG:colcon.colcon_core.event_handler.log_command:Invoking command in '/home/pablo/Documents/robotic_sim/2_wheeled/build/pid_controller': CMAKE_PREFIX_PATH=${CMAKE_PREFIX_PATH}:/opt/ros/foxy /usr/bin/cmake --build /home/pablo/Documents/robotic_sim/2_wheeled/build/pid_controller -- -j12 -l12
[0.790s] DEBUG:colcon.colcon_core.event_handler.log_command:Invoking command in '/home/pablo/Documents/robotic_sim/2_wheeled/build/send_poses': CMAKE_PREFIX_PATH=${CMAKE_PREFIX_PATH}:/opt/ros/foxy /usr/bin/cmake --build /home/pablo/Documents/robotic_sim/2_wheeled/build/send_poses -- -j12 -l12
[0.797s] DEBUG:colcon.colcon_core.event_handler.log_command:Invoking command in '/home/pablo/Documents/robotic_sim/2_wheeled/build/toycar2D': CMAKE_PREFIX_PATH=${CMAKE_PREFIX_PATH}:/opt/ros/foxy /usr/bin/cmake --build /home/pablo/Documents/robotic_sim/2_wheeled/build/toycar2D -- -j12 -l12
[0.804s] DEBUG:colcon.colcon_core.event_handler.log_command:Invoking command in '/home/pablo/Documents/robotic_sim/2_wheeled/build/toycar3D': CMAKE_PREFIX_PATH=${CMAKE_PREFIX_PATH}:/opt/ros/foxy /usr/bin/cmake --build /home/pablo/Documents/robotic_sim/2_wheeled/build/toycar3D -- -j12 -l12
[0.847s] DEBUG:colcon.colcon_core.event_handler.log_command:Invoked command in '/home/pablo/Documents/robotic_sim/2_wheeled/build/toycar2D' returned '0': CMAKE_PREFIX_PATH=${CMAKE_PREFIX_PATH}:/opt/ros/foxy /usr/bin/cmake --build /home/pablo/Documents/robotic_sim/2_wheeled/build/toycar2D -- -j12 -l12
[0.851s] DEBUG:colcon.colcon_core.event_handler.log_command:Invoked command in '/home/pablo/Documents/robotic_sim/2_wheeled/build/apartment' returned '0': CMAKE_PREFIX_PATH=${CMAKE_PREFIX_PATH}:/opt/ros/foxy /usr/bin/cmake --build /home/pablo/Documents/robotic_sim/2_wheeled/build/apartment -- -j12 -l12
[0.860s] DEBUG:colcon.colcon_core.event_handler.log_command:Invoked command in '/home/pablo/Documents/robotic_sim/2_wheeled/build/toycar3D' returned '0': CMAKE_PREFIX_PATH=${CMAKE_PREFIX_PATH}:/opt/ros/foxy /usr/bin/cmake --build /home/pablo/Documents/robotic_sim/2_wheeled/build/toycar3D -- -j12 -l12
[0.882s] DEBUG:colcon.colcon_core.event_handler.log_command:Invoking command in '/home/pablo/Documents/robotic_sim/2_wheeled/build/toycar2D': CMAKE_PREFIX_PATH=${CMAKE_PREFIX_PATH}:/opt/ros/foxy /usr/bin/cmake --install /home/pablo/Documents/robotic_sim/2_wheeled/build/toycar2D
[0.886s] DEBUG:colcon.colcon_core.event_handler.log_command:Invoking command in '/home/pablo/Documents/robotic_sim/2_wheeled/build/apartment': CMAKE_PREFIX_PATH=${CMAKE_PREFIX_PATH}:/opt/ros/foxy /usr/bin/cmake --install /home/pablo/Documents/robotic_sim/2_wheeled/build/apartment
[0.891s] DEBUG:colcon.colcon_core.event_handler.log_command:Invoking command in '/home/pablo/Documents/robotic_sim/2_wheeled/build/toycar3D': CMAKE_PREFIX_PATH=${CMAKE_PREFIX_PATH}:/opt/ros/foxy /usr/bin/cmake --install /home/pablo/Documents/robotic_sim/2_wheeled/build/toycar3D
[0.896s] Level 1:colcon.colcon_core.environment:create_environment_scripts_only(toycar2D)
[0.901s] DEBUG:colcon.colcon_core.event_handler.log_command:Invoked command in '/home/pablo/Documents/robotic_sim/2_wheeled/build/toycar2D' returned '0': CMAKE_PREFIX_PATH=${CMAKE_PREFIX_PATH}:/opt/ros/foxy /usr/bin/cmake --install /home/pablo/Documents/robotic_sim/2_wheeled/build/toycar2D
[0.918s] Level 1:colcon.colcon_core.environment:checking '/home/pablo/Documents/robotic_sim/2_wheeled/install/toycar2D' for CMake module files
[0.919s] Level 1:colcon.colcon_core.environment:checking '/home/pablo/Documents/robotic_sim/2_wheeled/install/toycar2D' for CMake config files
[0.920s] Level 1:colcon.colcon_core.shell:create_environment_hook('toycar2D', 'cmake_prefix_path')
[0.922s] INFO:colcon.colcon_core.shell:Creating environment hook '/home/pablo/Documents/robotic_sim/2_wheeled/install/toycar2D/share/toycar2D/hook/cmake_prefix_path.ps1'
[0.923s] INFO:colcon.colcon_core.shell:Creating environment descriptor '/home/pablo/Documents/robotic_sim/2_wheeled/install/toycar2D/share/toycar2D/hook/cmake_prefix_path.dsv'
[0.924s] INFO:colcon.colcon_core.shell:Creating environment hook '/home/pablo/Documents/robotic_sim/2_wheeled/install/toycar2D/share/toycar2D/hook/cmake_prefix_path.sh'
[0.925s] Level 1:colcon.colcon_core.environment:checking '/home/pablo/Documents/robotic_sim/2_wheeled/install/toycar2D/bin'
[0.925s] Level 1:colcon.colcon_core.environment:checking '/home/pablo/Documents/robotic_sim/2_wheeled/install/toycar2D/lib/pkgconfig/toycar2D.pc'
[0.925s] Level 1:colcon.colcon_core.environment:checking '/home/pablo/Documents/robotic_sim/2_wheeled/install/toycar2D/lib/python3.8/site-packages'
[0.925s] Level 1:colcon.colcon_core.environment:checking '/home/pablo/Documents/robotic_sim/2_wheeled/install/toycar2D/bin'
[0.928s] INFO:colcon.colcon_core.shell:Creating package script '/home/pablo/Documents/robotic_sim/2_wheeled/install/toycar2D/share/toycar2D/package.ps1'
[0.929s] INFO:colcon.colcon_core.shell:Creating package descriptor '/home/pablo/Documents/robotic_sim/2_wheeled/install/toycar2D/share/toycar2D/package.dsv'
[0.930s] INFO:colcon.colcon_core.shell:Creating package script '/home/pablo/Documents/robotic_sim/2_wheeled/install/toycar2D/share/toycar2D/package.sh'
[0.930s] INFO:colcon.colcon_core.shell:Creating package script '/home/pablo/Documents/robotic_sim/2_wheeled/install/toycar2D/share/toycar2D/package.bash'
[0.931s] INFO:colcon.colcon_core.shell:Creating package script '/home/pablo/Documents/robotic_sim/2_wheeled/install/toycar2D/share/toycar2D/package.zsh'
[0.932s] Level 1:colcon.colcon_core.environment:create_file_with_runtime_dependencies(/home/pablo/Documents/robotic_sim/2_wheeled/install/toycar2D/share/colcon-core/packages/toycar2D)
[0.937s] Level 1:colcon.colcon_core.environment:create_environment_scripts_only(apartment)
[0.941s] Level 1:colcon.colcon_core.environment:checking '/home/pablo/Documents/robotic_sim/2_wheeled/install/apartment' for CMake module files
[0.941s] DEBUG:colcon.colcon_core.event_handler.log_command:Invoked command in '/home/pablo/Documents/robotic_sim/2_wheeled/build/apartment' returned '0': CMAKE_PREFIX_PATH=${CMAKE_PREFIX_PATH}:/opt/ros/foxy /usr/bin/cmake --install /home/pablo/Documents/robotic_sim/2_wheeled/build/apartment
[0.942s] Level 1:colcon.colcon_core.environment:checking '/home/pablo/Documents/robotic_sim/2_wheeled/install/apartment' for CMake config files
[0.945s] Level 1:colcon.colcon_core.shell:create_environment_hook('apartment', 'cmake_prefix_path')
[0.948s] INFO:colcon.colcon_core.shell:Creating environment hook '/home/pablo/Documents/robotic_sim/2_wheeled/install/apartment/share/apartment/hook/cmake_prefix_path.ps1'
[0.949s] INFO:colcon.colcon_core.shell:Creating environment descriptor '/home/pablo/Documents/robotic_sim/2_wheeled/install/apartment/share/apartment/hook/cmake_prefix_path.dsv'
[0.949s] INFO:colcon.colcon_core.shell:Creating environment hook '/home/pablo/Documents/robotic_sim/2_wheeled/install/apartment/share/apartment/hook/cmake_prefix_path.sh'
[0.949s] Level 1:colcon.colcon_core.environment:checking '/home/pablo/Documents/robotic_sim/2_wheeled/install/apartment/bin'
[0.950s] Level 1:colcon.colcon_core.environment:checking '/home/pablo/Documents/robotic_sim/2_wheeled/install/apartment/lib/pkgconfig/apartment.pc'
[0.950s] Level 1:colcon.colcon_core.environment:checking '/home/pablo/Documents/robotic_sim/2_wheeled/install/apartment/lib/python3.8/site-packages'
[0.950s] Level 1:colcon.colcon_core.environment:checking '/home/pablo/Documents/robotic_sim/2_wheeled/install/apartment/bin'
[0.953s] INFO:colcon.colcon_core.shell:Creating package script '/home/pablo/Documents/robotic_sim/2_wheeled/install/apartment/share/apartment/package.ps1'
[0.954s] INFO:colcon.colcon_core.shell:Creating package descriptor '/home/pablo/Documents/robotic_sim/2_wheeled/install/apartment/share/apartment/package.dsv'
[0.955s] INFO:colcon.colcon_core.shell:Creating package script '/home/pablo/Documents/robotic_sim/2_wheeled/install/apartment/share/apartment/package.sh'
[0.955s] INFO:colcon.colcon_core.shell:Creating package script '/home/pablo/Documents/robotic_sim/2_wheeled/install/apartment/share/apartment/package.bash'
[0.955s] INFO:colcon.colcon_core.shell:Creating package script '/home/pablo/Documents/robotic_sim/2_wheeled/install/apartment/share/apartment/package.zsh'
[0.956s] Level 1:colcon.colcon_core.environment:create_file_with_runtime_dependencies(/home/pablo/Documents/robotic_sim/2_wheeled/install/apartment/share/colcon-core/packages/apartment)
[0.958s] Level 1:colcon.colcon_core.environment:create_environment_scripts_only(toycar3D)
[0.962s] Level 1:colcon.colcon_core.environment:checking '/home/pablo/Documents/robotic_sim/2_wheeled/install/toycar3D' for CMake module files
[0.963s] Level 1:colcon.colcon_core.environment:checking '/home/pablo/Documents/robotic_sim/2_wheeled/install/toycar3D' for CMake config files
[0.964s] DEBUG:colcon.colcon_core.event_handler.log_command:Invoked command in '/home/pablo/Documents/robotic_sim/2_wheeled/build/toycar3D' returned '0': CMAKE_PREFIX_PATH=${CMAKE_PREFIX_PATH}:/opt/ros/foxy /usr/bin/cmake --install /home/pablo/Documents/robotic_sim/2_wheeled/build/toycar3D
[0.965s] Level 1:colcon.colcon_core.shell:create_environment_hook('toycar3D', 'cmake_prefix_path')
[0.968s] INFO:colcon.colcon_core.shell:Creating environment hook '/home/pablo/Documents/robotic_sim/2_wheeled/install/toycar3D/share/toycar3D/hook/cmake_prefix_path.ps1'
[0.968s] INFO:colcon.colcon_core.shell:Creating environment descriptor '/home/pablo/Documents/robotic_sim/2_wheeled/install/toycar3D/share/toycar3D/hook/cmake_prefix_path.dsv'
[0.969s] INFO:colcon.colcon_core.shell:Creating environment hook '/home/pablo/Documents/robotic_sim/2_wheeled/install/toycar3D/share/toycar3D/hook/cmake_prefix_path.sh'
[0.969s] Level 1:colcon.colcon_core.environment:checking '/home/pablo/Documents/robotic_sim/2_wheeled/install/toycar3D/bin'
[0.969s] Level 1:colcon.colcon_core.environment:checking '/home/pablo/Documents/robotic_sim/2_wheeled/install/toycar3D/lib/pkgconfig/toycar3D.pc'
[0.969s] Level 1:colcon.colcon_core.environment:checking '/home/pablo/Documents/robotic_sim/2_wheeled/install/toycar3D/lib/python3.8/site-packages'
[0.969s] Level 1:colcon.colcon_core.environment:checking '/home/pablo/Documents/robotic_sim/2_wheeled/install/toycar3D/bin'
[0.972s] INFO:colcon.colcon_core.shell:Creating package script '/home/pablo/Documents/robotic_sim/2_wheeled/install/toycar3D/share/toycar3D/package.ps1'
[0.973s] INFO:colcon.colcon_core.shell:Creating package descriptor '/home/pablo/Documents/robotic_sim/2_wheeled/install/toycar3D/share/toycar3D/package.dsv'
[0.973s] INFO:colcon.colcon_core.shell:Creating package script '/home/pablo/Documents/robotic_sim/2_wheeled/install/toycar3D/share/toycar3D/package.sh'
[0.974s] INFO:colcon.colcon_core.shell:Creating package script '/home/pablo/Documents/robotic_sim/2_wheeled/install/toycar3D/share/toycar3D/package.bash'
[0.974s] INFO:colcon.colcon_core.shell:Creating package script '/home/pablo/Documents/robotic_sim/2_wheeled/install/toycar3D/share/toycar3D/package.zsh'
[0.974s] Level 1:colcon.colcon_core.environment:create_file_with_runtime_dependencies(/home/pablo/Documents/robotic_sim/2_wheeled/install/toycar3D/share/colcon-core/packages/toycar3D)
[0.978s] DEBUG:colcon.colcon_core.event_handler.log_command:Invoked command in '/home/pablo/Documents/robotic_sim/2_wheeled/build/pid_controller' returned '0': CMAKE_PREFIX_PATH=${CMAKE_PREFIX_PATH}:/opt/ros/foxy /usr/bin/cmake --build /home/pablo/Documents/robotic_sim/2_wheeled/build/pid_controller -- -j12 -l12
[0.982s] DEBUG:colcon.colcon_core.event_handler.log_command:Invoked command in '/home/pablo/Documents/robotic_sim/2_wheeled/build/map_generation' returned '0': CMAKE_PREFIX_PATH=${CMAKE_PREFIX_PATH}:/opt/ros/foxy /usr/bin/cmake --build /home/pablo/Documents/robotic_sim/2_wheeled/build/map_generation -- -j12 -l12
[0.987s] DEBUG:colcon.colcon_core.event_handler.log_command:Invoked command in '/home/pablo/Documents/robotic_sim/2_wheeled/build/send_poses' returned '0': CMAKE_PREFIX_PATH=${CMAKE_PREFIX_PATH}:/opt/ros/foxy /usr/bin/cmake --build /home/pablo/Documents/robotic_sim/2_wheeled/build/send_poses -- -j12 -l12
[0.996s] Level 1:colcon.colcon_core.environment:create_environment_scripts_only(toycar2D)
[1.003s] Level 1:colcon.colcon_core.environment:checking '/home/pablo/Documents/robotic_sim/2_wheeled/install/toycar2D' for CMake module files
[1.004s] Level 1:colcon.colcon_core.environment:checking '/home/pablo/Documents/robotic_sim/2_wheeled/install/toycar2D' for CMake config files
[1.004s] Level 1:colcon.colcon_core.shell:create_environment_hook('toycar2D', 'cmake_prefix_path')
[1.006s] INFO:colcon.colcon_core.shell:Creating environment hook '/home/pablo/Documents/robotic_sim/2_wheeled/install/toycar2D/share/toycar2D/hook/cmake_prefix_path.ps1'
[1.007s] INFO:colcon.colcon_core.shell:Creating environment descriptor '/home/pablo/Documents/robotic_sim/2_wheeled/install/toycar2D/share/toycar2D/hook/cmake_prefix_path.dsv'
[1.007s] INFO:colcon.colcon_core.shell:Creating environment hook '/home/pablo/Documents/robotic_sim/2_wheeled/install/toycar2D/share/toycar2D/hook/cmake_prefix_path.sh'
[1.008s] Level 1:colcon.colcon_core.environment:checking '/home/pablo/Documents/robotic_sim/2_wheeled/install/toycar2D/bin'
[1.008s] Level 1:colcon.colcon_core.environment:checking '/home/pablo/Documents/robotic_sim/2_wheeled/install/toycar2D/lib/pkgconfig/toycar2D.pc'
[1.008s] Level 1:colcon.colcon_core.environment:checking '/home/pablo/Documents/robotic_sim/2_wheeled/install/toycar2D/lib/python3.8/site-packages'
[1.008s] Level 1:colcon.colcon_core.environment:checking '/home/pablo/Documents/robotic_sim/2_wheeled/install/toycar2D/bin'
[1.011s] INFO:colcon.colcon_core.shell:Creating package script '/home/pablo/Documents/robotic_sim/2_wheeled/install/toycar2D/share/toycar2D/package.ps1'
[1.011s] INFO:colcon.colcon_core.shell:Creating package descriptor '/home/pablo/Documents/robotic_sim/2_wheeled/install/toycar2D/share/toycar2D/package.dsv'
[1.012s] INFO:colcon.colcon_core.shell:Creating package script '/home/pablo/Documents/robotic_sim/2_wheeled/install/toycar2D/share/toycar2D/package.sh'
[1.012s] INFO:colcon.colcon_core.shell:Creating package script '/home/pablo/Documents/robotic_sim/2_wheeled/install/toycar2D/share/toycar2D/package.bash'
[1.012s] INFO:colcon.colcon_core.shell:Creating package script '/home/pablo/Documents/robotic_sim/2_wheeled/install/toycar2D/share/toycar2D/package.zsh'
[1.013s] Level 1:colcon.colcon_core.environment:create_file_with_runtime_dependencies(/home/pablo/Documents/robotic_sim/2_wheeled/install/toycar2D/share/colcon-core/packages/toycar2D)
[1.016s] Level 1:colcon.colcon_core.environment:create_environment_scripts_only(apartment)
[1.019s] Level 1:colcon.colcon_core.environment:checking '/home/pablo/Documents/robotic_sim/2_wheeled/install/apartment' for CMake module files
[1.020s] Level 1:colcon.colcon_core.environment:checking '/home/pablo/Documents/robotic_sim/2_wheeled/install/apartment' for CMake config files
[1.020s] Level 1:colcon.colcon_core.shell:create_environment_hook('apartment', 'cmake_prefix_path')
[1.022s] INFO:colcon.colcon_core.shell:Creating environment hook '/home/pablo/Documents/robotic_sim/2_wheeled/install/apartment/share/apartment/hook/cmake_prefix_path.ps1'
[1.023s] INFO:colcon.colcon_core.shell:Creating environment descriptor '/home/pablo/Documents/robotic_sim/2_wheeled/install/apartment/share/apartment/hook/cmake_prefix_path.dsv'
[1.023s] INFO:colcon.colcon_core.shell:Creating environment hook '/home/pablo/Documents/robotic_sim/2_wheeled/install/apartment/share/apartment/hook/cmake_prefix_path.sh'
[1.024s] Level 1:colcon.colcon_core.environment:checking '/home/pablo/Documents/robotic_sim/2_wheeled/install/apartment/bin'
[1.024s] Level 1:colcon.colcon_core.environment:checking '/home/pablo/Documents/robotic_sim/2_wheeled/install/apartment/lib/pkgconfig/apartment.pc'
[1.024s] Level 1:colcon.colcon_core.environment:checking '/home/pablo/Documents/robotic_sim/2_wheeled/install/apartment/lib/python3.8/site-packages'
[1.024s] Level 1:colcon.colcon_core.environment:checking '/home/pablo/Documents/robotic_sim/2_wheeled/install/apartment/bin'
[1.027s] INFO:colcon.colcon_core.shell:Creating package script '/home/pablo/Documents/robotic_sim/2_wheeled/install/apartment/share/apartment/package.ps1'
[1.027s] INFO:colcon.colcon_core.shell:Creating package descriptor '/home/pablo/Documents/robotic_sim/2_wheeled/install/apartment/share/apartment/package.dsv'
[1.028s] INFO:colcon.colcon_core.shell:Creating package script '/home/pablo/Documents/robotic_sim/2_wheeled/install/apartment/share/apartment/package.sh'
[1.028s] INFO:colcon.colcon_core.shell:Creating package script '/home/pablo/Documents/robotic_sim/2_wheeled/install/apartment/share/apartment/package.bash'
[1.029s] INFO:colcon.colcon_core.shell:Creating package script '/home/pablo/Documents/robotic_sim/2_wheeled/install/apartment/share/apartment/package.zsh'
[1.029s] Level 1:colcon.colcon_core.environment:create_file_with_runtime_dependencies(/home/pablo/Documents/robotic_sim/2_wheeled/install/apartment/share/colcon-core/packages/apartment)
[1.033s] DEBUG:colcon.colcon_core.event_handler.log_command:Invoking command in '/home/pablo/Documents/robotic_sim/2_wheeled/build/pid_controller': CMAKE_PREFIX_PATH=${CMAKE_PREFIX_PATH}:/opt/ros/foxy /usr/bin/cmake --install /home/pablo/Documents/robotic_sim/2_wheeled/build/pid_controller
[1.038s] Level 1:colcon.colcon_core.environment:create_environment_scripts_only(toycar3D)
[1.042s] Level 1:colcon.colcon_core.environment:checking '/home/pablo/Documents/robotic_sim/2_wheeled/install/toycar3D' for CMake module files
[1.042s] Level 1:colcon.colcon_core.environment:checking '/home/pablo/Documents/robotic_sim/2_wheeled/install/toycar3D' for CMake config files
[1.043s] Level 1:colcon.colcon_core.shell:create_environment_hook('toycar3D', 'cmake_prefix_path')
[1.045s] INFO:colcon.colcon_core.shell:Creating environment hook '/home/pablo/Documents/robotic_sim/2_wheeled/install/toycar3D/share/toycar3D/hook/cmake_prefix_path.ps1'
[1.046s] INFO:colcon.colcon_core.shell:Creating environment descriptor '/home/pablo/Documents/robotic_sim/2_wheeled/install/toycar3D/share/toycar3D/hook/cmake_prefix_path.dsv'
[1.047s] INFO:colcon.colcon_core.shell:Creating environment hook '/home/pablo/Documents/robotic_sim/2_wheeled/install/toycar3D/share/toycar3D/hook/cmake_prefix_path.sh'
[1.047s] Level 1:colcon.colcon_core.environment:checking '/home/pablo/Documents/robotic_sim/2_wheeled/install/toycar3D/bin'
[1.048s] Level 1:colcon.colcon_core.environment:checking '/home/pablo/Documents/robotic_sim/2_wheeled/install/toycar3D/lib/pkgconfig/toycar3D.pc'
[1.048s] Level 1:colcon.colcon_core.environment:checking '/home/pablo/Documents/robotic_sim/2_wheeled/install/toycar3D/lib/python3.8/site-packages'
[1.048s] Level 1:colcon.colcon_core.environment:checking '/home/pablo/Documents/robotic_sim/2_wheeled/install/toycar3D/bin'
[1.050s] INFO:colcon.colcon_core.shell:Creating package script '/home/pablo/Documents/robotic_sim/2_wheeled/install/toycar3D/share/toycar3D/package.ps1'
[1.051s] INFO:colcon.colcon_core.shell:Creating package descriptor '/home/pablo/Documents/robotic_sim/2_wheeled/install/toycar3D/share/toycar3D/package.dsv'
[1.051s] INFO:colcon.colcon_core.shell:Creating package script '/home/pablo/Documents/robotic_sim/2_wheeled/install/toycar3D/share/toycar3D/package.sh'
[1.052s] INFO:colcon.colcon_core.shell:Creating package script '/home/pablo/Documents/robotic_sim/2_wheeled/install/toycar3D/share/toycar3D/package.bash'
[1.052s] INFO:colcon.colcon_core.shell:Creating package script '/home/pablo/Documents/robotic_sim/2_wheeled/install/toycar3D/share/toycar3D/package.zsh'
[1.052s] Level 1:colcon.colcon_core.environment:create_file_with_runtime_dependencies(/home/pablo/Documents/robotic_sim/2_wheeled/install/toycar3D/share/colcon-core/packages/toycar3D)
[1.057s] DEBUG:colcon.colcon_core.event_handler.log_command:Invoking command in '/home/pablo/Documents/robotic_sim/2_wheeled/build/map_generation': CMAKE_PREFIX_PATH=${CMAKE_PREFIX_PATH}:/opt/ros/foxy /usr/bin/cmake --install /home/pablo/Documents/robotic_sim/2_wheeled/build/map_generation
[1.061s] DEBUG:colcon.colcon_core.event_handler.log_command:Invoking command in '/home/pablo/Documents/robotic_sim/2_wheeled/build/send_poses': CMAKE_PREFIX_PATH=${CMAKE_PREFIX_PATH}:/opt/ros/foxy /usr/bin/cmake --install /home/pablo/Documents/robotic_sim/2_wheeled/build/send_poses
[1.066s] Level 1:colcon.colcon_core.environment:create_environment_scripts_only(pid_controller)
[1.070s] Level 1:colcon.colcon_core.environment:checking '/home/pablo/Documents/robotic_sim/2_wheeled/install/pid_controller' for CMake module files
[1.072s] Level 1:colcon.colcon_core.environment:checking '/home/pablo/Documents/robotic_sim/2_wheeled/install/pid_controller' for CMake config files
[1.074s] DEBUG:colcon.colcon_core.event_handler.log_command:Invoked command in '/home/pablo/Documents/robotic_sim/2_wheeled/build/pid_controller' returned '0': CMAKE_PREFIX_PATH=${CMAKE_PREFIX_PATH}:/opt/ros/foxy /usr/bin/cmake --install /home/pablo/Documents/robotic_sim/2_wheeled/build/pid_controller
[1.074s] Level 1:colcon.colcon_core.shell:create_environment_hook('pid_controller', 'cmake_prefix_path')
[1.077s] INFO:colcon.colcon_core.shell:Creating environment hook '/home/pablo/Documents/robotic_sim/2_wheeled/install/pid_controller/share/pid_controller/hook/cmake_prefix_path.ps1'
[1.078s] INFO:colcon.colcon_core.shell:Creating environment descriptor '/home/pablo/Documents/robotic_sim/2_wheeled/install/pid_controller/share/pid_controller/hook/cmake_prefix_path.dsv'
[1.078s] INFO:colcon.colcon_core.shell:Creating environment hook '/home/pablo/Documents/robotic_sim/2_wheeled/install/pid_controller/share/pid_controller/hook/cmake_prefix_path.sh'
[1.079s] Level 1:colcon.colcon_core.environment:checking '/home/pablo/Documents/robotic_sim/2_wheeled/install/pid_controller/lib'
[1.080s] Level 1:colcon.colcon_core.environment:checking '/home/pablo/Documents/robotic_sim/2_wheeled/install/pid_controller/bin'
[1.080s] Level 1:colcon.colcon_core.environment:checking '/home/pablo/Documents/robotic_sim/2_wheeled/install/pid_controller/lib/pkgconfig/pid_controller.pc'
[1.080s] Level 1:colcon.colcon_core.environment:checking '/home/pablo/Documents/robotic_sim/2_wheeled/install/pid_controller/lib/python3.8/site-packages'
[1.080s] Level 1:colcon.colcon_core.environment:checking '/home/pablo/Documents/robotic_sim/2_wheeled/install/pid_controller/bin'
[1.083s] INFO:colcon.colcon_core.shell:Creating package script '/home/pablo/Documents/robotic_sim/2_wheeled/install/pid_controller/share/pid_controller/package.ps1'
[1.084s] INFO:colcon.colcon_core.shell:Creating package descriptor '/home/pablo/Documents/robotic_sim/2_wheeled/install/pid_controller/share/pid_controller/package.dsv'
[1.085s] INFO:colcon.colcon_core.shell:Creating package script '/home/pablo/Documents/robotic_sim/2_wheeled/install/pid_controller/share/pid_controller/package.sh'
[1.085s] INFO:colcon.colcon_core.shell:Creating package script '/home/pablo/Documents/robotic_sim/2_wheeled/install/pid_controller/share/pid_controller/package.bash'
[1.086s] INFO:colcon.colcon_core.shell:Creating package script '/home/pablo/Documents/robotic_sim/2_wheeled/install/pid_controller/share/pid_controller/package.zsh'
[1.087s] Level 1:colcon.colcon_core.environment:create_file_with_runtime_dependencies(/home/pablo/Documents/robotic_sim/2_wheeled/install/pid_controller/share/colcon-core/packages/pid_controller)
[1.094s] Level 1:colcon.colcon_core.environment:create_environment_scripts_only(map_generation)
[1.101s] Level 1:colcon.colcon_core.environment:checking '/home/pablo/Documents/robotic_sim/2_wheeled/install/map_generation' for CMake module files
[1.102s] DEBUG:colcon.colcon_core.event_handler.log_command:Invoked command in '/home/pablo/Documents/robotic_sim/2_wheeled/build/map_generation' returned '0': CMAKE_PREFIX_PATH=${CMAKE_PREFIX_PATH}:/opt/ros/foxy /usr/bin/cmake --install /home/pablo/Documents/robotic_sim/2_wheeled/build/map_generation
[1.103s] Level 1:colcon.colcon_core.environment:checking '/home/pablo/Documents/robotic_sim/2_wheeled/install/map_generation' for CMake config files
[1.103s] Level 1:colcon.colcon_core.shell:create_environment_hook('map_generation', 'cmake_prefix_path')
[1.108s] INFO:colcon.colcon_core.shell:Creating environment hook '/home/pablo/Documents/robotic_sim/2_wheeled/install/map_generation/share/map_generation/hook/cmake_prefix_path.ps1'
[1.109s] INFO:colcon.colcon_core.shell:Creating environment descriptor '/home/pablo/Documents/robotic_sim/2_wheeled/install/map_generation/share/map_generation/hook/cmake_prefix_path.dsv'
[1.109s] INFO:colcon.colcon_core.shell:Creating environment hook '/home/pablo/Documents/robotic_sim/2_wheeled/install/map_generation/share/map_generation/hook/cmake_prefix_path.sh'
[1.110s] Level 1:colcon.colcon_core.environment:checking '/home/pablo/Documents/robotic_sim/2_wheeled/install/map_generation/lib'
[1.110s] Level 1:colcon.colcon_core.environment:checking '/home/pablo/Documents/robotic_sim/2_wheeled/install/map_generation/bin'
[1.110s] Level 1:colcon.colcon_core.environment:checking '/home/pablo/Documents/robotic_sim/2_wheeled/install/map_generation/lib/pkgconfig/map_generation.pc'
[1.111s] Level 1:colcon.colcon_core.environment:checking '/home/pablo/Documents/robotic_sim/2_wheeled/install/map_generation/lib/python3.8/site-packages'
[1.111s] Level 1:colcon.colcon_core.environment:checking '/home/pablo/Documents/robotic_sim/2_wheeled/install/map_generation/bin'
[1.116s] INFO:colcon.colcon_core.shell:Creating package script '/home/pablo/Documents/robotic_sim/2_wheeled/install/map_generation/share/map_generation/package.ps1'
[1.117s] INFO:colcon.colcon_core.shell:Creating package descriptor '/home/pablo/Documents/robotic_sim/2_wheeled/install/map_generation/share/map_generation/package.dsv'
[1.118s] INFO:colcon.colcon_core.shell:Creating package script '/home/pablo/Documents/robotic_sim/2_wheeled/install/map_generation/share/map_generation/package.sh'
[1.118s] INFO:colcon.colcon_core.shell:Creating package script '/home/pablo/Documents/robotic_sim/2_wheeled/install/map_generation/share/map_generation/package.bash'
[1.118s] INFO:colcon.colcon_core.shell:Creating package script '/home/pablo/Documents/robotic_sim/2_wheeled/install/map_generation/share/map_generation/package.zsh'
[1.119s] Level 1:colcon.colcon_core.environment:create_file_with_runtime_dependencies(/home/pablo/Documents/robotic_sim/2_wheeled/install/map_generation/share/colcon-core/packages/map_generation)
[1.124s] Level 1:colcon.colcon_core.environment:create_environment_scripts_only(send_poses)
[1.132s] Level 1:colcon.colcon_core.environment:checking '/home/pablo/Documents/robotic_sim/2_wheeled/install/send_poses' for CMake module files
[1.132s] DEBUG:colcon.colcon_core.event_handler.log_command:Invoked command in '/home/pablo/Documents/robotic_sim/2_wheeled/build/send_poses' returned '0': CMAKE_PREFIX_PATH=${CMAKE_PREFIX_PATH}:/opt/ros/foxy /usr/bin/cmake --install /home/pablo/Documents/robotic_sim/2_wheeled/build/send_poses
[1.133s] Level 1:colcon.colcon_core.environment:checking '/home/pablo/Documents/robotic_sim/2_wheeled/install/send_poses' for CMake config files
[1.133s] Level 1:colcon.colcon_core.shell:create_environment_hook('send_poses', 'cmake_prefix_path')
[1.138s] INFO:colcon.colcon_core.shell:Creating environment hook '/home/pablo/Documents/robotic_sim/2_wheeled/install/send_poses/share/send_poses/hook/cmake_prefix_path.ps1'
[1.140s] INFO:colcon.colcon_core.shell:Creating environment descriptor '/home/pablo/Documents/robotic_sim/2_wheeled/install/send_poses/share/send_poses/hook/cmake_prefix_path.dsv'
[1.140s] INFO:colcon.colcon_core.shell:Creating environment hook '/home/pablo/Documents/robotic_sim/2_wheeled/install/send_poses/share/send_poses/hook/cmake_prefix_path.sh'
[1.142s] Level 1:colcon.colcon_core.environment:checking '/home/pablo/Documents/robotic_sim/2_wheeled/install/send_poses/lib'
[1.142s] Level 1:colcon.colcon_core.environment:checking '/home/pablo/Documents/robotic_sim/2_wheeled/install/send_poses/bin'
[1.142s] Level 1:colcon.colcon_core.environment:checking '/home/pablo/Documents/robotic_sim/2_wheeled/install/send_poses/lib/pkgconfig/send_poses.pc'
[1.142s] Level 1:colcon.colcon_core.environment:checking '/home/pablo/Documents/robotic_sim/2_wheeled/install/send_poses/lib/python3.8/site-packages'
[1.143s] Level 1:colcon.colcon_core.environment:checking '/home/pablo/Documents/robotic_sim/2_wheeled/install/send_poses/bin'
[1.148s] INFO:colcon.colcon_core.shell:Creating package script '/home/pablo/Documents/robotic_sim/2_wheeled/install/send_poses/share/send_poses/package.ps1'
[1.149s] INFO:colcon.colcon_core.shell:Creating package descriptor '/home/pablo/Documents/robotic_sim/2_wheeled/install/send_poses/share/send_poses/package.dsv'
[1.150s] INFO:colcon.colcon_core.shell:Creating package script '/home/pablo/Documents/robotic_sim/2_wheeled/install/send_poses/share/send_poses/package.sh'
[1.150s] INFO:colcon.colcon_core.shell:Creating package script '/home/pablo/Documents/robotic_sim/2_wheeled/install/send_poses/share/send_poses/package.bash'
[1.151s] INFO:colcon.colcon_core.shell:Creating package script '/home/pablo/Documents/robotic_sim/2_wheeled/install/send_poses/share/send_poses/package.zsh'
[1.151s] Level 1:colcon.colcon_core.environment:create_file_with_runtime_dependencies(/home/pablo/Documents/robotic_sim/2_wheeled/install/send_poses/share/colcon-core/packages/send_poses)
[1.162s] Level 1:colcon.colcon_core.environment:create_environment_scripts_only(pid_controller)
[1.168s] Level 1:colcon.colcon_core.environment:checking '/home/pablo/Documents/robotic_sim/2_wheeled/install/pid_controller' for CMake module files
[1.169s] Level 1:colcon.colcon_core.environment:checking '/home/pablo/Documents/robotic_sim/2_wheeled/install/pid_controller' for CMake config files
[1.170s] Level 1:colcon.colcon_core.shell:create_environment_hook('pid_controller', 'cmake_prefix_path')
[1.175s] INFO:colcon.colcon_core.shell:Creating environment hook '/home/pablo/Documents/robotic_sim/2_wheeled/install/pid_controller/share/pid_controller/hook/cmake_prefix_path.ps1'
[1.177s] INFO:colcon.colcon_core.shell:Creating environment descriptor '/home/pablo/Documents/robotic_sim/2_wheeled/install/pid_controller/share/pid_controller/hook/cmake_prefix_path.dsv'
[1.177s] INFO:colcon.colcon_core.shell:Creating environment hook '/home/pablo/Documents/robotic_sim/2_wheeled/install/pid_controller/share/pid_controller/hook/cmake_prefix_path.sh'
[1.178s] Level 1:colcon.colcon_core.environment:checking '/home/pablo/Documents/robotic_sim/2_wheeled/install/pid_controller/lib'
[1.178s] Level 1:colcon.colcon_core.environment:checking '/home/pablo/Documents/robotic_sim/2_wheeled/install/pid_controller/bin'
[1.179s] Level 1:colcon.colcon_core.environment:checking '/home/pablo/Documents/robotic_sim/2_wheeled/install/pid_controller/lib/pkgconfig/pid_controller.pc'
[1.179s] Level 1:colcon.colcon_core.environment:checking '/home/pablo/Documents/robotic_sim/2_wheeled/install/pid_controller/lib/python3.8/site-packages'
[1.179s] Level 1:colcon.colcon_core.environment:checking '/home/pablo/Documents/robotic_sim/2_wheeled/install/pid_controller/bin'
[1.184s] INFO:colcon.colcon_core.shell:Creating package script '/home/pablo/Documents/robotic_sim/2_wheeled/install/pid_controller/share/pid_controller/package.ps1'
[1.185s] INFO:colcon.colcon_core.shell:Creating package descriptor '/home/pablo/Documents/robotic_sim/2_wheeled/install/pid_controller/share/pid_controller/package.dsv'
[1.186s] INFO:colcon.colcon_core.shell:Creating package script '/home/pablo/Documents/robotic_sim/2_wheeled/install/pid_controller/share/pid_controller/package.sh'
[1.186s] INFO:colcon.colcon_core.shell:Creating package script '/home/pablo/Documents/robotic_sim/2_wheeled/install/pid_controller/share/pid_controller/package.bash'
[1.187s] INFO:colcon.colcon_core.shell:Creating package script '/home/pablo/Documents/robotic_sim/2_wheeled/install/pid_controller/share/pid_controller/package.zsh'
[1.188s] Level 1:colcon.colcon_core.environment:create_file_with_runtime_dependencies(/home/pablo/Documents/robotic_sim/2_wheeled/install/pid_controller/share/colcon-core/packages/pid_controller)
[1.195s] Level 1:colcon.colcon_core.environment:create_environment_scripts_only(map_generation)
[1.202s] Level 1:colcon.colcon_core.environment:checking '/home/pablo/Documents/robotic_sim/2_wheeled/install/map_generation' for CMake module files
[1.203s] Level 1:colcon.colcon_core.environment:checking '/home/pablo/Documents/robotic_sim/2_wheeled/install/map_generation' for CMake config files
[1.203s] Level 1:colcon.colcon_core.shell:create_environment_hook('map_generation', 'cmake_prefix_path')
[1.208s] INFO:colcon.colcon_core.shell:Creating environment hook '/home/pablo/Documents/robotic_sim/2_wheeled/install/map_generation/share/map_generation/hook/cmake_prefix_path.ps1'
[1.209s] INFO:colcon.colcon_core.shell:Creating environment descriptor '/home/pablo/Documents/robotic_sim/2_wheeled/install/map_generation/share/map_generation/hook/cmake_prefix_path.dsv'
[1.209s] INFO:colcon.colcon_core.shell:Creating environment hook '/home/pablo/Documents/robotic_sim/2_wheeled/install/map_generation/share/map_generation/hook/cmake_prefix_path.sh'
[1.210s] Level 1:colcon.colcon_core.environment:checking '/home/pablo/Documents/robotic_sim/2_wheeled/install/map_generation/lib'
[1.210s] Level 1:colcon.colcon_core.environment:checking '/home/pablo/Documents/robotic_sim/2_wheeled/install/map_generation/bin'
[1.210s] Level 1:colcon.colcon_core.environment:checking '/home/pablo/Documents/robotic_sim/2_wheeled/install/map_generation/lib/pkgconfig/map_generation.pc'
[1.210s] Level 1:colcon.colcon_core.environment:checking '/home/pablo/Documents/robotic_sim/2_wheeled/install/map_generation/lib/python3.8/site-packages'
[1.211s] Level 1:colcon.colcon_core.environment:checking '/home/pablo/Documents/robotic_sim/2_wheeled/install/map_generation/bin'
[1.216s] INFO:colcon.colcon_core.shell:Creating package script '/home/pablo/Documents/robotic_sim/2_wheeled/install/map_generation/share/map_generation/package.ps1'
[1.217s] INFO:colcon.colcon_core.shell:Creating package descriptor '/home/pablo/Documents/robotic_sim/2_wheeled/install/map_generation/share/map_generation/package.dsv'
[1.217s] INFO:colcon.colcon_core.shell:Creating package script '/home/pablo/Documents/robotic_sim/2_wheeled/install/map_generation/share/map_generation/package.sh'
[1.218s] INFO:colcon.colcon_core.shell:Creating package script '/home/pablo/Documents/robotic_sim/2_wheeled/install/map_generation/share/map_generation/package.bash'
[1.219s] INFO:colcon.colcon_core.shell:Creating package script '/home/pablo/Documents/robotic_sim/2_wheeled/install/map_generation/share/map_generation/package.zsh'
[1.219s] Level 1:colcon.colcon_core.environment:create_file_with_runtime_dependencies(/home/pablo/Documents/robotic_sim/2_wheeled/install/map_generation/share/colcon-core/packages/map_generation)
[1.224s] Level 1:colcon.colcon_core.environment:create_environment_scripts_only(send_poses)
[1.230s] Level 1:colcon.colcon_core.environment:checking '/home/pablo/Documents/robotic_sim/2_wheeled/install/send_poses' for CMake module files
[1.232s] Level 1:colcon.colcon_core.environment:checking '/home/pablo/Documents/robotic_sim/2_wheeled/install/send_poses' for CMake config files
[1.232s] Level 1:colcon.colcon_core.shell:create_environment_hook('send_poses', 'cmake_prefix_path')
[1.237s] INFO:colcon.colcon_core.shell:Creating environment hook '/home/pablo/Documents/robotic_sim/2_wheeled/install/send_poses/share/send_poses/hook/cmake_prefix_path.ps1'
[1.238s] INFO:colcon.colcon_core.shell:Creating environment descriptor '/home/pablo/Documents/robotic_sim/2_wheeled/install/send_poses/share/send_poses/hook/cmake_prefix_path.dsv'
[1.238s] INFO:colcon.colcon_core.shell:Creating environment hook '/home/pablo/Documents/robotic_sim/2_wheeled/install/send_poses/share/send_poses/hook/cmake_prefix_path.sh'
[1.239s] Level 1:colcon.colcon_core.environment:checking '/home/pablo/Documents/robotic_sim/2_wheeled/install/send_poses/lib'
[1.239s] Level 1:colcon.colcon_core.environment:checking '/home/pablo/Documents/robotic_sim/2_wheeled/install/send_poses/bin'
[1.239s] Level 1:colcon.colcon_core.environment:checking '/home/pablo/Documents/robotic_sim/2_wheeled/install/send_poses/lib/pkgconfig/send_poses.pc'
[1.240s] Level 1:colcon.colcon_core.environment:checking '/home/pablo/Documents/robotic_sim/2_wheeled/install/send_poses/lib/python3.8/site-packages'
[1.240s] Level 1:colcon.colcon_core.environment:checking '/home/pablo/Documents/robotic_sim/2_wheeled/install/send_poses/bin'
[1.245s] INFO:colcon.colcon_core.shell:Creating package script '/home/pablo/Documents/robotic_sim/2_wheeled/install/send_poses/share/send_poses/package.ps1'
[1.247s] INFO:colcon.colcon_core.shell:Creating package descriptor '/home/pablo/Documents/robotic_sim/2_wheeled/install/send_poses/share/send_poses/package.dsv'
[1.249s] INFO:colcon.colcon_core.shell:Creating package script '/home/pablo/Documents/robotic_sim/2_wheeled/install/send_poses/share/send_poses/package.sh'
[1.249s] INFO:colcon.colcon_core.shell:Creating package script '/home/pablo/Documents/robotic_sim/2_wheeled/install/send_poses/share/send_poses/package.bash'
[1.250s] INFO:colcon.colcon_core.shell:Creating package script '/home/pablo/Documents/robotic_sim/2_wheeled/install/send_poses/share/send_poses/package.zsh'
[1.250s] Level 1:colcon.colcon_core.environment:create_file_with_runtime_dependencies(/home/pablo/Documents/robotic_sim/2_wheeled/install/send_poses/share/colcon-core/packages/send_poses)
[1.251s] DEBUG:colcon.colcon_parallel_executor.executor.parallel:closing loop
[1.251s] DEBUG:colcon.colcon_parallel_executor.executor.parallel:loop closed
[1.252s] DEBUG:colcon.colcon_parallel_executor.executor.parallel:run_until_complete finished with '0'
[1.252s] DEBUG:colcon.colcon_core.event_reactor:joining thread
[1.261s] INFO:colcon.colcon_core.plugin_system:Skipping extension 'colcon_notification.desktop_notification.terminal_notifier': Not used on non-Darwin systems
[1.261s] INFO:colcon.colcon_core.plugin_system:Skipping extension 'colcon_notification.desktop_notification.win32': Not used on non-Windows systems
[1.261s] INFO:colcon.colcon_notification.desktop_notification:Sending desktop notification using 'notify2'
[1.275s] DEBUG:colcon.colcon_core.event_reactor:joined thread
[1.280s] INFO:colcon.colcon_core.shell:Creating prefix script '/home/pablo/Documents/robotic_sim/2_wheeled/install/local_setup.ps1'
[1.281s] INFO:colcon.colcon_core.shell:Creating prefix util module '/home/pablo/Documents/robotic_sim/2_wheeled/install/_local_setup_util_ps1.py'
[1.283s] INFO:colcon.colcon_core.shell:Creating prefix chain script '/home/pablo/Documents/robotic_sim/2_wheeled/install/setup.ps1'
[1.288s] INFO:colcon.colcon_core.shell:Creating prefix script '/home/pablo/Documents/robotic_sim/2_wheeled/install/local_setup.sh'
[1.289s] INFO:colcon.colcon_core.shell:Creating prefix util module '/home/pablo/Documents/robotic_sim/2_wheeled/install/_local_setup_util_sh.py'
[1.289s] INFO:colcon.colcon_core.shell:Creating prefix chain script '/home/pablo/Documents/robotic_sim/2_wheeled/install/setup.sh'
[1.293s] INFO:colcon.colcon_core.shell:Creating prefix script '/home/pablo/Documents/robotic_sim/2_wheeled/install/local_setup.bash'
[1.293s] INFO:colcon.colcon_core.shell:Creating prefix chain script '/home/pablo/Documents/robotic_sim/2_wheeled/install/setup.bash'
[1.297s] INFO:colcon.colcon_core.shell:Creating prefix script '/home/pablo/Documents/robotic_sim/2_wheeled/install/local_setup.zsh'
[1.298s] INFO:colcon.colcon_core.shell:Creating prefix chain script '/home/pablo/Documents/robotic_sim/2_wheeled/install/setup.zsh'
