-- Install configuration: ""
-- Up-to-date: /home/pablo/Documents/robotic_sim/2_wheeled/install/toycar3D/share/toycar3D/launch
-- Up-to-date: /home/pablo/Documents/robotic_sim/2_wheeled/install/toycar3D/share/toycar3D/launch/world.launch.py
-- Up-to-date: /home/pablo/Documents/robotic_sim/2_wheeled/install/toycar3D/share/toycar3D/launch/spawn.launch.py
-- Up-to-date: /home/pablo/Documents/robotic_sim/2_wheeled/install/toycar3D/share/toycar3D/meshes
-- Up-to-date: /home/pablo/Documents/robotic_sim/2_wheeled/install/toycar3D/share/toycar3D/meshes/low_part.stl
-- Up-to-date: /home/pablo/Documents/robotic_sim/2_wheeled/install/toycar3D/share/toycar3D/meshes/caster.stl
-- Up-to-date: /home/pablo/Documents/robotic_sim/2_wheeled/install/toycar3D/share/toycar3D/meshes/wheel.stl
-- Up-to-date: /home/pablo/Documents/robotic_sim/2_wheeled/install/toycar3D/share/toycar3D/urdf
-- Up-to-date: /home/pablo/Documents/robotic_sim/2_wheeled/install/toycar3D/share/toycar3D/urdf/3D_lidar.xacro
-- Up-to-date: /home/pablo/Documents/robotic_sim/2_wheeled/install/toycar3D/share/toycar3D/urdf/toy.urdf.xacro
-- Up-to-date: /home/pablo/Documents/robotic_sim/2_wheeled/install/toycar3D/share/toycar3D/urdf/gazebo.xacro
-- Up-to-date: /home/pablo/Documents/robotic_sim/2_wheeled/install/toycar3D/share/toycar3D/urdf/ray_scanner.xacro
-- Up-to-date: /home/pablo/Documents/robotic_sim/2_wheeled/install/toycar3D/share/toycar3D/worlds
-- Up-to-date: /home/pablo/Documents/robotic_sim/2_wheeled/install/toycar3D/share/toycar3D/worlds/world.world
-- Up-to-date: /home/pablo/Documents/robotic_sim/2_wheeled/install/toycar3D/share/ament_index/resource_index/package_run_dependencies/toycar3D
-- Up-to-date: /home/pablo/Documents/robotic_sim/2_wheeled/install/toycar3D/share/ament_index/resource_index/parent_prefix_path/toycar3D
-- Up-to-date: /home/pablo/Documents/robotic_sim/2_wheeled/install/toycar3D/share/toycar3D/environment/ament_prefix_path.sh
-- Up-to-date: /home/pablo/Documents/robotic_sim/2_wheeled/install/toycar3D/share/toycar3D/environment/ament_prefix_path.dsv
-- Up-to-date: /home/pablo/Documents/robotic_sim/2_wheeled/install/toycar3D/share/toycar3D/environment/path.sh
-- Up-to-date: /home/pablo/Documents/robotic_sim/2_wheeled/install/toycar3D/share/toycar3D/environment/path.dsv
-- Up-to-date: /home/pablo/Documents/robotic_sim/2_wheeled/install/toycar3D/share/toycar3D/local_setup.bash
-- Up-to-date: /home/pablo/Documents/robotic_sim/2_wheeled/install/toycar3D/share/toycar3D/local_setup.sh
-- Up-to-date: /home/pablo/Documents/robotic_sim/2_wheeled/install/toycar3D/share/toycar3D/local_setup.zsh
-- Up-to-date: /home/pablo/Documents/robotic_sim/2_wheeled/install/toycar3D/share/toycar3D/local_setup.dsv
-- Installing: /home/pablo/Documents/robotic_sim/2_wheeled/install/toycar3D/share/toycar3D/package.dsv
-- Up-to-date: /home/pablo/Documents/robotic_sim/2_wheeled/install/toycar3D/share/ament_index/resource_index/packages/toycar3D
-- Up-to-date: /home/pablo/Documents/robotic_sim/2_wheeled/install/toycar3D/share/toycar3D/cmake/toycar3DConfig.cmake
-- Up-to-date: /home/pablo/Documents/robotic_sim/2_wheeled/install/toycar3D/share/toycar3D/cmake/toycar3DConfig-version.cmake
-- Up-to-date: /home/pablo/Documents/robotic_sim/2_wheeled/install/toycar3D/share/toycar3D/package.xml
