[0.050s] Invoking command in '/home/pablo/Documents/robotic_sim/2_wheeled/build/toycar3D': CMAKE_PREFIX_PATH=${CMAKE_PREFIX_PATH}:/opt/ros/foxy /usr/bin/cmake --build /home/pablo/Documents/robotic_sim/2_wheeled/build/toycar3D -- -j12 -l12
[0.113s] Invoked command in '/home/pablo/Documents/robotic_sim/2_wheeled/build/toycar3D' returned '0': CMAKE_PREFIX_PATH=${CMAKE_PREFIX_PATH}:/opt/ros/foxy /usr/bin/cmake --build /home/pablo/Documents/robotic_sim/2_wheeled/build/toycar3D -- -j12 -l12
[0.145s] Invoking command in '/home/pablo/Documents/robotic_sim/2_wheeled/build/toycar3D': CMAKE_PREFIX_PATH=${CMAKE_PREFIX_PATH}:/opt/ros/foxy /usr/bin/cmake --install /home/pablo/Documents/robotic_sim/2_wheeled/build/toycar3D
[0.160s] -- Install configuration: ""
[0.160s] -- Up-to-date: /home/pablo/Documents/robotic_sim/2_wheeled/install/toycar3D/share/toycar3D/launch
[0.160s] -- Up-to-date: /home/pablo/Documents/robotic_sim/2_wheeled/install/toycar3D/share/toycar3D/launch/world.launch.py
[0.161s] -- Up-to-date: /home/pablo/Documents/robotic_sim/2_wheeled/install/toycar3D/share/toycar3D/launch/spawn.launch.py
[0.161s] -- Up-to-date: /home/pablo/Documents/robotic_sim/2_wheeled/install/toycar3D/share/toycar3D/meshes
[0.161s] -- Up-to-date: /home/pablo/Documents/robotic_sim/2_wheeled/install/toycar3D/share/toycar3D/meshes/low_part.stl
[0.161s] -- Up-to-date: /home/pablo/Documents/robotic_sim/2_wheeled/install/toycar3D/share/toycar3D/meshes/caster.stl
[0.161s] -- Up-to-date: /home/pablo/Documents/robotic_sim/2_wheeled/install/toycar3D/share/toycar3D/meshes/wheel.stl
[0.161s] -- Up-to-date: /home/pablo/Documents/robotic_sim/2_wheeled/install/toycar3D/share/toycar3D/urdf
[0.161s] -- Up-to-date: /home/pablo/Documents/robotic_sim/2_wheeled/install/toycar3D/share/toycar3D/urdf/3D_lidar.xacro
[0.161s] -- Up-to-date: /home/pablo/Documents/robotic_sim/2_wheeled/install/toycar3D/share/toycar3D/urdf/toy.urdf.xacro
[0.161s] -- Up-to-date: /home/pablo/Documents/robotic_sim/2_wheeled/install/toycar3D/share/toycar3D/urdf/gazebo.xacro
[0.161s] -- Up-to-date: /home/pablo/Documents/robotic_sim/2_wheeled/install/toycar3D/share/toycar3D/urdf/ray_scanner.xacro
[0.161s] -- Up-to-date: /home/pablo/Documents/robotic_sim/2_wheeled/install/toycar3D/share/toycar3D/worlds
[0.161s] -- Up-to-date: /home/pablo/Documents/robotic_sim/2_wheeled/install/toycar3D/share/toycar3D/worlds/world.world
[0.161s] -- Up-to-date: /home/pablo/Documents/robotic_sim/2_wheeled/install/toycar3D/share/ament_index/resource_index/package_run_dependencies/toycar3D
[0.161s] -- Up-to-date: /home/pablo/Documents/robotic_sim/2_wheeled/install/toycar3D/share/ament_index/resource_index/parent_prefix_path/toycar3D
[0.162s] -- Up-to-date: /home/pablo/Documents/robotic_sim/2_wheeled/install/toycar3D/share/toycar3D/environment/ament_prefix_path.sh
[0.162s] -- Up-to-date: /home/pablo/Documents/robotic_sim/2_wheeled/install/toycar3D/share/toycar3D/environment/ament_prefix_path.dsv
[0.163s] -- Up-to-date: /home/pablo/Documents/robotic_sim/2_wheeled/install/toycar3D/share/toycar3D/environment/path.sh
[0.163s] -- Up-to-date: /home/pablo/Documents/robotic_sim/2_wheeled/install/toycar3D/share/toycar3D/environment/path.dsv
[0.164s] -- Up-to-date: /home/pablo/Documents/robotic_sim/2_wheeled/install/toycar3D/share/toycar3D/local_setup.bash
[0.164s] -- Up-to-date: /home/pablo/Documents/robotic_sim/2_wheeled/install/toycar3D/share/toycar3D/local_setup.sh
[0.164s] -- Up-to-date: /home/pablo/Documents/robotic_sim/2_wheeled/install/toycar3D/share/toycar3D/local_setup.zsh
[0.164s] -- Up-to-date: /home/pablo/Documents/robotic_sim/2_wheeled/install/toycar3D/share/toycar3D/local_setup.dsv
[0.164s] -- Installing: /home/pablo/Documents/robotic_sim/2_wheeled/install/toycar3D/share/toycar3D/package.dsv
[0.164s] -- Up-to-date: /home/pablo/Documents/robotic_sim/2_wheeled/install/toycar3D/share/ament_index/resource_index/packages/toycar3D
[0.164s] -- Up-to-date: /home/pablo/Documents/robotic_sim/2_wheeled/install/toycar3D/share/toycar3D/cmake/toycar3DConfig.cmake
[0.164s] -- Up-to-date: /home/pablo/Documents/robotic_sim/2_wheeled/install/toycar3D/share/toycar3D/cmake/toycar3DConfig-version.cmake
[0.164s] -- Up-to-date: /home/pablo/Documents/robotic_sim/2_wheeled/install/toycar3D/share/toycar3D/package.xml
[0.210s] Invoked command in '/home/pablo/Documents/robotic_sim/2_wheeled/build/toycar3D' returned '0': CMAKE_PREFIX_PATH=${CMAKE_PREFIX_PATH}:/opt/ros/foxy /usr/bin/cmake --install /home/pablo/Documents/robotic_sim/2_wheeled/build/toycar3D
