[0.084s] Invoking command in '/home/pablo/Documents/robotic_sim/2_wheeled/build/map_generation': CMAKE_PREFIX_PATH=${CMAKE_PREFIX_PATH}:/opt/ros/foxy /usr/bin/cmake --build /home/pablo/Documents/robotic_sim/2_wheeled/build/map_generation -- -j12 -l12
[0.220s] [100%] Built target map_generation
[0.293s] Invoked command in '/home/pablo/Documents/robotic_sim/2_wheeled/build/map_generation' returned '0': CMAKE_PREFIX_PATH=${CMAKE_PREFIX_PATH}:/opt/ros/foxy /usr/bin/cmake --build /home/pablo/Documents/robotic_sim/2_wheeled/build/map_generation -- -j12 -l12
[0.367s] Invoking command in '/home/pablo/Documents/robotic_sim/2_wheeled/build/map_generation': CMAKE_PREFIX_PATH=${CMAKE_PREFIX_PATH}:/opt/ros/foxy /usr/bin/cmake --install /home/pablo/Documents/robotic_sim/2_wheeled/build/map_generation
[0.385s] -- Install configuration: ""
[0.385s] -- Up-to-date: /home/pablo/Documents/robotic_sim/2_wheeled/install/map_generation/lib/map_generation/map_generation
[0.385s] -- Up-to-date: /home/pablo/Documents/robotic_sim/2_wheeled/install/map_generation/share/map_generation
[0.388s] -- Up-to-date: /home/pablo/Documents/robotic_sim/2_wheeled/install/map_generation/share/ament_index/resource_index/package_run_dependencies/map_generation
[0.388s] -- Up-to-date: /home/pablo/Documents/robotic_sim/2_wheeled/install/map_generation/share/ament_index/resource_index/parent_prefix_path/map_generation
[0.388s] -- Up-to-date: /home/pablo/Documents/robotic_sim/2_wheeled/install/map_generation/share/map_generation/environment/ament_prefix_path.sh
[0.388s] -- Up-to-date: /home/pablo/Documents/robotic_sim/2_wheeled/install/map_generation/share/map_generation/environment/ament_prefix_path.dsv
[0.389s] -- Up-to-date: /home/pablo/Documents/robotic_sim/2_wheeled/install/map_generation/share/map_generation/environment/path.sh
[0.389s] -- Up-to-date: /home/pablo/Documents/robotic_sim/2_wheeled/install/map_generation/share/map_generation/environment/path.dsv
[0.389s] -- Up-to-date: /home/pablo/Documents/robotic_sim/2_wheeled/install/map_generation/share/map_generation/local_setup.bash
[0.389s] -- Up-to-date: /home/pablo/Documents/robotic_sim/2_wheeled/install/map_generation/share/map_generation/local_setup.sh
[0.389s] -- Up-to-date: /home/pablo/Documents/robotic_sim/2_wheeled/install/map_generation/share/map_generation/local_setup.zsh
[0.389s] -- Up-to-date: /home/pablo/Documents/robotic_sim/2_wheeled/install/map_generation/share/map_generation/local_setup.dsv
[0.390s] -- Installing: /home/pablo/Documents/robotic_sim/2_wheeled/install/map_generation/share/map_generation/package.dsv
[0.390s] -- Up-to-date: /home/pablo/Documents/robotic_sim/2_wheeled/install/map_generation/share/ament_index/resource_index/packages/map_generation
[0.390s] -- Up-to-date: /home/pablo/Documents/robotic_sim/2_wheeled/install/map_generation/share/map_generation/cmake/map_generationConfig.cmake
[0.390s] -- Up-to-date: /home/pablo/Documents/robotic_sim/2_wheeled/install/map_generation/share/map_generation/cmake/map_generationConfig-version.cmake
[0.394s] -- Up-to-date: /home/pablo/Documents/robotic_sim/2_wheeled/install/map_generation/share/map_generation/package.xml
[0.412s] Invoked command in '/home/pablo/Documents/robotic_sim/2_wheeled/build/map_generation' returned '0': CMAKE_PREFIX_PATH=${CMAKE_PREFIX_PATH}:/opt/ros/foxy /usr/bin/cmake --install /home/pablo/Documents/robotic_sim/2_wheeled/build/map_generation
