-- The C compiler identification is GNU 9.4.0
-- The CXX compiler identification is GNU 9.4.0
-- Check for working C compiler: /usr/bin/cc
-- Check for working C compiler: /usr/bin/cc -- works
-- Detecting C compiler ABI info
-- Detecting C compiler ABI info - done
-- Detecting C compile features
-- Detecting C compile features - done
-- Check for working CXX compiler: /usr/bin/c++
-- Check for working CXX compiler: /usr/bin/c++ -- works
-- Detecting CXX compiler ABI info
-- Detecting CXX compiler ABI info - done
-- Detecting CXX compile features
-- Detecting CXX compile features - done
-- Found ament_cmake: 0.9.9 (/opt/ros/foxy/share/ament_cmake/cmake)
-- Found PythonInterp: /usr/bin/python3 (found suitable version "3.8.10", minimum required is "3") 
-- Using PYTHON_EXECUTABLE: /usr/bin/python3
-- Found ament_lint_auto: 0.9.6 (/opt/ros/foxy/share/ament_lint_auto/cmake)
-- Added test 'copyright' to check source files copyright and LICENSE
-- Added test 'flake8' to check Python code syntax and style conventions
-- Added test 'lint_cmake' to check CMake code style
-- Added test 'pep257' to check Python code against some of the style conventions in PEP 257
-- Added test 'xmllint' to check XML markup files
-- Configuring done
-- Generating done
-- Build files have been written to: /home/pablo/Documents/robotic_sim/2_wheeled/build/apartment
-- Install configuration: ""
-- Installing: /home/pablo/Documents/robotic_sim/2_wheeled/install/apartment/share/apartment/launch
-- Installing: /home/pablo/Documents/robotic_sim/2_wheeled/install/apartment/share/apartment/launch/world.launch.py
-- Installing: /home/pablo/Documents/robotic_sim/2_wheeled/install/apartment/share/apartment/worlds
-- Installing: /home/pablo/Documents/robotic_sim/2_wheeled/install/apartment/share/apartment/worlds/apartment.world
-- Installing: /home/pablo/Documents/robotic_sim/2_wheeled/install/apartment/share/apartment/models
-- Installing: /home/pablo/Documents/robotic_sim/2_wheeled/install/apartment/share/apartment/models/desktop
-- Installing: /home/pablo/Documents/robotic_sim/2_wheeled/install/apartment/share/apartment/models/desktop/meshes
-- Installing: /home/pablo/Documents/robotic_sim/2_wheeled/install/apartment/share/apartment/models/desktop/meshes/desktop.stl
-- Installing: /home/pablo/Documents/robotic_sim/2_wheeled/install/apartment/share/apartment/models/desktop/model.sdf
-- Installing: /home/pablo/Documents/robotic_sim/2_wheeled/install/apartment/share/apartment/models/desktop/model.config
-- Installing: /home/pablo/Documents/robotic_sim/2_wheeled/install/apartment/share/apartment/models/living_room_table
-- Installing: /home/pablo/Documents/robotic_sim/2_wheeled/install/apartment/share/apartment/models/living_room_table/meshes
-- Installing: /home/pablo/Documents/robotic_sim/2_wheeled/install/apartment/share/apartment/models/living_room_table/meshes/table.stl
-- Installing: /home/pablo/Documents/robotic_sim/2_wheeled/install/apartment/share/apartment/models/living_room_table/model.sdf
-- Installing: /home/pablo/Documents/robotic_sim/2_wheeled/install/apartment/share/apartment/models/living_room_table/model.config
-- Installing: /home/pablo/Documents/robotic_sim/2_wheeled/install/apartment/share/apartment/models/apartment_p
-- Installing: /home/pablo/Documents/robotic_sim/2_wheeled/install/apartment/share/apartment/models/apartment_p/meshes
-- Installing: /home/pablo/Documents/robotic_sim/2_wheeled/install/apartment/share/apartment/models/apartment_p/meshes/desktop.stl
-- Installing: /home/pablo/Documents/robotic_sim/2_wheeled/install/apartment/share/apartment/models/apartment_p/meshes/apartment.stl
-- Installing: /home/pablo/Documents/robotic_sim/2_wheeled/install/apartment/share/apartment/models/apartment_p/model.sdf
-- Installing: /home/pablo/Documents/robotic_sim/2_wheeled/install/apartment/share/apartment/models/apartment_p/model.config
-- Installing: /home/pablo/Documents/robotic_sim/2_wheeled/install/apartment/share/ament_index/resource_index/package_run_dependencies/apartment
-- Installing: /home/pablo/Documents/robotic_sim/2_wheeled/install/apartment/share/ament_index/resource_index/parent_prefix_path/apartment
-- Installing: /home/pablo/Documents/robotic_sim/2_wheeled/install/apartment/share/apartment/environment/ament_prefix_path.sh
-- Installing: /home/pablo/Documents/robotic_sim/2_wheeled/install/apartment/share/apartment/environment/ament_prefix_path.dsv
-- Installing: /home/pablo/Documents/robotic_sim/2_wheeled/install/apartment/share/apartment/environment/path.sh
-- Installing: /home/pablo/Documents/robotic_sim/2_wheeled/install/apartment/share/apartment/environment/path.dsv
-- Installing: /home/pablo/Documents/robotic_sim/2_wheeled/install/apartment/share/apartment/local_setup.bash
-- Installing: /home/pablo/Documents/robotic_sim/2_wheeled/install/apartment/share/apartment/local_setup.sh
-- Installing: /home/pablo/Documents/robotic_sim/2_wheeled/install/apartment/share/apartment/local_setup.zsh
-- Installing: /home/pablo/Documents/robotic_sim/2_wheeled/install/apartment/share/apartment/local_setup.dsv
-- Installing: /home/pablo/Documents/robotic_sim/2_wheeled/install/apartment/share/apartment/package.dsv
-- Installing: /home/pablo/Documents/robotic_sim/2_wheeled/install/apartment/share/ament_index/resource_index/packages/apartment
-- Installing: /home/pablo/Documents/robotic_sim/2_wheeled/install/apartment/share/apartment/cmake/apartmentConfig.cmake
-- Installing: /home/pablo/Documents/robotic_sim/2_wheeled/install/apartment/share/apartment/cmake/apartmentConfig-version.cmake
-- Installing: /home/pablo/Documents/robotic_sim/2_wheeled/install/apartment/share/apartment/package.xml
