[0.129s] Invoking command in '/home/pablo/Documents/robotic_sim/2_wheeled/build/apartment': CMAKE_PREFIX_PATH=${CMAKE_PREFIX_PATH}:/opt/ros/foxy /usr/bin/cmake /home/pablo/Documents/robotic_sim/2_wheeled/src/apartment -DCMAKE_INSTALL_PREFIX=/home/pablo/Documents/robotic_sim/2_wheeled/install/apartment
[0.282s] -- The C compiler identification is GNU 9.4.0
[0.483s] -- The CXX compiler identification is GNU 9.4.0
[0.519s] -- Check for working C compiler: /usr/bin/cc
[0.654s] -- Check for working C compiler: /usr/bin/cc -- works
[0.655s] -- Detecting C compiler ABI info
[0.783s] -- Detecting C compiler ABI info - done
[0.798s] -- Detecting C compile features
[0.799s] -- Detecting C compile features - done
[0.802s] -- Check for working CXX compiler: /usr/bin/c++
[0.954s] -- Check for working CXX compiler: /usr/bin/c++ -- works
[0.955s] -- Detecting CXX compiler ABI info
[1.116s] -- Detecting CXX compiler ABI info - done
[1.132s] -- Detecting CXX compile features
[1.132s] -- Detecting CXX compile features - done
[1.153s] -- Found ament_cmake: 0.9.9 (/opt/ros/foxy/share/ament_cmake/cmake)
[1.234s] -- Found PythonInterp: /usr/bin/python3 (found suitable version "3.8.10", minimum required is "3") 
[1.235s] -- Using PYTHON_EXECUTABLE: /usr/bin/python3
[1.989s] -- Found ament_lint_auto: 0.9.6 (/opt/ros/foxy/share/ament_lint_auto/cmake)
[2.299s] -- Added test 'copyright' to check source files copyright and LICENSE
[2.305s] -- Added test 'flake8' to check Python code syntax and style conventions
[2.312s] -- Added test 'lint_cmake' to check CMake code style
[2.318s] -- Added test 'pep257' to check Python code against some of the style conventions in PEP 257
[2.340s] -- Added test 'xmllint' to check XML markup files
[2.352s] -- Configuring done
[2.356s] -- Generating done
[2.357s] -- Build files have been written to: /home/pablo/Documents/robotic_sim/2_wheeled/build/apartment
[2.369s] Invoked command in '/home/pablo/Documents/robotic_sim/2_wheeled/build/apartment' returned '0': CMAKE_PREFIX_PATH=${CMAKE_PREFIX_PATH}:/opt/ros/foxy /usr/bin/cmake /home/pablo/Documents/robotic_sim/2_wheeled/src/apartment -DCMAKE_INSTALL_PREFIX=/home/pablo/Documents/robotic_sim/2_wheeled/install/apartment
[2.379s] Invoking command in '/home/pablo/Documents/robotic_sim/2_wheeled/build/apartment': CMAKE_PREFIX_PATH=${CMAKE_PREFIX_PATH}:/opt/ros/foxy /usr/bin/cmake --build /home/pablo/Documents/robotic_sim/2_wheeled/build/apartment -- -j12 -l12
[2.562s] Invoked command in '/home/pablo/Documents/robotic_sim/2_wheeled/build/apartment' returned '0': CMAKE_PREFIX_PATH=${CMAKE_PREFIX_PATH}:/opt/ros/foxy /usr/bin/cmake --build /home/pablo/Documents/robotic_sim/2_wheeled/build/apartment -- -j12 -l12
[2.669s] Invoking command in '/home/pablo/Documents/robotic_sim/2_wheeled/build/apartment': CMAKE_PREFIX_PATH=${CMAKE_PREFIX_PATH}:/opt/ros/foxy /usr/bin/cmake --install /home/pablo/Documents/robotic_sim/2_wheeled/build/apartment
[2.680s] -- Install configuration: ""
[2.681s] -- Installing: /home/pablo/Documents/robotic_sim/2_wheeled/install/apartment/share/apartment/launch
[2.681s] -- Installing: /home/pablo/Documents/robotic_sim/2_wheeled/install/apartment/share/apartment/launch/world.launch.py
[2.681s] -- Installing: /home/pablo/Documents/robotic_sim/2_wheeled/install/apartment/share/apartment/worlds
[2.683s] -- Installing: /home/pablo/Documents/robotic_sim/2_wheeled/install/apartment/share/apartment/worlds/apartment.world
[2.684s] -- Installing: /home/pablo/Documents/robotic_sim/2_wheeled/install/apartment/share/apartment/models
[2.687s] -- Installing: /home/pablo/Documents/robotic_sim/2_wheeled/install/apartment/share/apartment/models/desktop
[2.687s] -- Installing: /home/pablo/Documents/robotic_sim/2_wheeled/install/apartment/share/apartment/models/desktop/meshes
[2.688s] -- Installing: /home/pablo/Documents/robotic_sim/2_wheeled/install/apartment/share/apartment/models/desktop/meshes/desktop.stl
[2.688s] -- Installing: /home/pablo/Documents/robotic_sim/2_wheeled/install/apartment/share/apartment/models/desktop/model.sdf
[2.688s] -- Installing: /home/pablo/Documents/robotic_sim/2_wheeled/install/apartment/share/apartment/models/desktop/model.config
[2.688s] -- Installing: /home/pablo/Documents/robotic_sim/2_wheeled/install/apartment/share/apartment/models/living_room_table
[2.692s] -- Installing: /home/pablo/Documents/robotic_sim/2_wheeled/install/apartment/share/apartment/models/living_room_table/meshes
[2.692s] -- Installing: /home/pablo/Documents/robotic_sim/2_wheeled/install/apartment/share/apartment/models/living_room_table/meshes/table.stl
[2.696s] -- Installing: /home/pablo/Documents/robotic_sim/2_wheeled/install/apartment/share/apartment/models/living_room_table/model.sdf
[2.697s] -- Installing: /home/pablo/Documents/robotic_sim/2_wheeled/install/apartment/share/apartment/models/living_room_table/model.config
[2.697s] -- Installing: /home/pablo/Documents/robotic_sim/2_wheeled/install/apartment/share/apartment/models/apartment_p
[2.698s] -- Installing: /home/pablo/Documents/robotic_sim/2_wheeled/install/apartment/share/apartment/models/apartment_p/meshes
[2.698s] -- Installing: /home/pablo/Documents/robotic_sim/2_wheeled/install/apartment/share/apartment/models/apartment_p/meshes/desktop.stl
[2.704s] -- Installing: /home/pablo/Documents/robotic_sim/2_wheeled/install/apartment/share/apartment/models/apartment_p/meshes/apartment.stl
[2.705s] -- Installing: /home/pablo/Documents/robotic_sim/2_wheeled/install/apartment/share/apartment/models/apartment_p/model.sdf
[2.705s] -- Installing: /home/pablo/Documents/robotic_sim/2_wheeled/install/apartment/share/apartment/models/apartment_p/model.config
[2.705s] -- Installing: /home/pablo/Documents/robotic_sim/2_wheeled/install/apartment/share/ament_index/resource_index/package_run_dependencies/apartment
[2.705s] -- Installing: /home/pablo/Documents/robotic_sim/2_wheeled/install/apartment/share/ament_index/resource_index/parent_prefix_path/apartment
[2.705s] -- Installing: /home/pablo/Documents/robotic_sim/2_wheeled/install/apartment/share/apartment/environment/ament_prefix_path.sh
[2.705s] -- Installing: /home/pablo/Documents/robotic_sim/2_wheeled/install/apartment/share/apartment/environment/ament_prefix_path.dsv
[2.705s] -- Installing: /home/pablo/Documents/robotic_sim/2_wheeled/install/apartment/share/apartment/environment/path.sh
[2.706s] -- Installing: /home/pablo/Documents/robotic_sim/2_wheeled/install/apartment/share/apartment/environment/path.dsv
[2.706s] -- Installing: /home/pablo/Documents/robotic_sim/2_wheeled/install/apartment/share/apartment/local_setup.bash
[2.706s] -- Installing: /home/pablo/Documents/robotic_sim/2_wheeled/install/apartment/share/apartment/local_setup.sh
[2.707s] -- Installing: /home/pablo/Documents/robotic_sim/2_wheeled/install/apartment/share/apartment/local_setup.zsh
[2.707s] -- Installing: /home/pablo/Documents/robotic_sim/2_wheeled/install/apartment/share/apartment/local_setup.dsv
[2.707s] -- Installing: /home/pablo/Documents/robotic_sim/2_wheeled/install/apartment/share/apartment/package.dsv
[2.708s] -- Installing: /home/pablo/Documents/robotic_sim/2_wheeled/install/apartment/share/ament_index/resource_index/packages/apartment
[2.709s] -- Installing: /home/pablo/Documents/robotic_sim/2_wheeled/install/apartment/share/apartment/cmake/apartmentConfig.cmake
[2.709s] -- Installing: /home/pablo/Documents/robotic_sim/2_wheeled/install/apartment/share/apartment/cmake/apartmentConfig-version.cmake
[2.709s] -- Installing: /home/pablo/Documents/robotic_sim/2_wheeled/install/apartment/share/apartment/package.xml
[2.763s] Invoked command in '/home/pablo/Documents/robotic_sim/2_wheeled/build/apartment' returned '0': CMAKE_PREFIX_PATH=${CMAKE_PREFIX_PATH}:/opt/ros/foxy /usr/bin/cmake --install /home/pablo/Documents/robotic_sim/2_wheeled/build/apartment
