-- The C compiler identification is GNU 9.4.0
-- The CXX compiler identification is GNU 9.4.0
-- Check for working C compiler: /usr/bin/cc
-- Check for working C compiler: /usr/bin/cc -- works
-- Detecting C compiler ABI info
-- Detecting C compiler ABI info - done
-- Detecting C compile features
-- Detecting C compile features - done
-- Check for working CXX compiler: /usr/bin/c++
-- Check for working CXX compiler: /usr/bin/c++ -- works
-- Detecting CXX compiler ABI info
-- Detecting CXX compiler ABI info - done
-- Detecting CXX compile features
-- Detecting CXX compile features - done
-- Found ament_cmake: 0.9.9 (/opt/ros/foxy/share/ament_cmake/cmake)
-- Found PythonInterp: /usr/bin/python3 (found suitable version "3.8.10", minimum required is "3") 
-- Using PYTHON_EXECUTABLE: /usr/bin/python3
-- Found ament_lint_auto: 0.9.6 (/opt/ros/foxy/share/ament_lint_auto/cmake)
WARNING: Package name "toycar3D" does not follow the naming conventions. It should start with a lower case letter and only contain lower case letters, digits, underscores, and dashes.
-- Added test 'copyright' to check source files copyright and LICENSE
-- Added test 'flake8' to check Python code syntax and style conventions
-- Added test 'lint_cmake' to check CMake code style
-- Added test 'pep257' to check Python code against some of the style conventions in PEP 257
-- Added test 'xmllint' to check XML markup files
-- Configuring done
-- Generating done
-- Build files have been written to: /home/pablo/Documents/robotic_sim/2_wheeled/build/toycar3D
-- Install configuration: ""
-- Installing: /home/pablo/Documents/robotic_sim/2_wheeled/install/toycar3D/share/toycar3D/launch
-- Installing: /home/pablo/Documents/robotic_sim/2_wheeled/install/toycar3D/share/toycar3D/launch/world.launch.py
-- Installing: /home/pablo/Documents/robotic_sim/2_wheeled/install/toycar3D/share/toycar3D/launch/spawn.launch.py
-- Installing: /home/pablo/Documents/robotic_sim/2_wheeled/install/toycar3D/share/toycar3D/meshes
-- Installing: /home/pablo/Documents/robotic_sim/2_wheeled/install/toycar3D/share/toycar3D/meshes/low_part.stl
-- Installing: /home/pablo/Documents/robotic_sim/2_wheeled/install/toycar3D/share/toycar3D/meshes/caster.stl
-- Installing: /home/pablo/Documents/robotic_sim/2_wheeled/install/toycar3D/share/toycar3D/meshes/wheel.stl
-- Installing: /home/pablo/Documents/robotic_sim/2_wheeled/install/toycar3D/share/toycar3D/urdf
-- Installing: /home/pablo/Documents/robotic_sim/2_wheeled/install/toycar3D/share/toycar3D/urdf/3D_lidar.xacro
-- Installing: /home/pablo/Documents/robotic_sim/2_wheeled/install/toycar3D/share/toycar3D/urdf/toy.urdf.xacro
-- Installing: /home/pablo/Documents/robotic_sim/2_wheeled/install/toycar3D/share/toycar3D/urdf/gazebo.xacro
-- Installing: /home/pablo/Documents/robotic_sim/2_wheeled/install/toycar3D/share/toycar3D/urdf/ray_scanner.xacro
-- Installing: /home/pablo/Documents/robotic_sim/2_wheeled/install/toycar3D/share/toycar3D/worlds
-- Installing: /home/pablo/Documents/robotic_sim/2_wheeled/install/toycar3D/share/toycar3D/worlds/world.world
-- Installing: /home/pablo/Documents/robotic_sim/2_wheeled/install/toycar3D/share/ament_index/resource_index/package_run_dependencies/toycar3D
-- Installing: /home/pablo/Documents/robotic_sim/2_wheeled/install/toycar3D/share/ament_index/resource_index/parent_prefix_path/toycar3D
-- Installing: /home/pablo/Documents/robotic_sim/2_wheeled/install/toycar3D/share/toycar3D/environment/ament_prefix_path.sh
-- Installing: /home/pablo/Documents/robotic_sim/2_wheeled/install/toycar3D/share/toycar3D/environment/ament_prefix_path.dsv
-- Installing: /home/pablo/Documents/robotic_sim/2_wheeled/install/toycar3D/share/toycar3D/environment/path.sh
-- Installing: /home/pablo/Documents/robotic_sim/2_wheeled/install/toycar3D/share/toycar3D/environment/path.dsv
-- Installing: /home/pablo/Documents/robotic_sim/2_wheeled/install/toycar3D/share/toycar3D/local_setup.bash
-- Installing: /home/pablo/Documents/robotic_sim/2_wheeled/install/toycar3D/share/toycar3D/local_setup.sh
-- Installing: /home/pablo/Documents/robotic_sim/2_wheeled/install/toycar3D/share/toycar3D/local_setup.zsh
-- Installing: /home/pablo/Documents/robotic_sim/2_wheeled/install/toycar3D/share/toycar3D/local_setup.dsv
-- Installing: /home/pablo/Documents/robotic_sim/2_wheeled/install/toycar3D/share/toycar3D/package.dsv
-- Installing: /home/pablo/Documents/robotic_sim/2_wheeled/install/toycar3D/share/ament_index/resource_index/packages/toycar3D
-- Installing: /home/pablo/Documents/robotic_sim/2_wheeled/install/toycar3D/share/toycar3D/cmake/toycar3DConfig.cmake
-- Installing: /home/pablo/Documents/robotic_sim/2_wheeled/install/toycar3D/share/toycar3D/cmake/toycar3DConfig-version.cmake
-- Installing: /home/pablo/Documents/robotic_sim/2_wheeled/install/toycar3D/share/toycar3D/package.xml
