[0.049s] Invoking command in '/home/pablo/Documents/robotic_sim/2_wheeled/build/toycar3D': CMAKE_PREFIX_PATH=${CMAKE_PREFIX_PATH}:/opt/ros/foxy /usr/bin/cmake /home/pablo/Documents/robotic_sim/2_wheeled/src/toycar3D -DCMAKE_INSTALL_PREFIX=/home/pablo/Documents/robotic_sim/2_wheeled/install/toycar3D
[0.163s] -- The C compiler identification is GNU 9.4.0
[0.309s] -- The CXX compiler identification is GNU 9.4.0
[0.324s] -- Check for working C compiler: /usr/bin/cc
[0.406s] -- Check for working C compiler: /usr/bin/cc -- works
[0.407s] -- Detecting C compiler ABI info
[0.508s] -- Detecting C compiler ABI info - done
[0.518s] -- Detecting C compile features
[0.519s] -- Detecting C compile features - done
[0.522s] -- Check for working CXX compiler: /usr/bin/c++
[0.609s] -- Check for working CXX compiler: /usr/bin/c++ -- works
[0.610s] -- Detecting CXX compiler ABI info
[0.690s] -- Detecting CXX compiler ABI info - done
[0.700s] -- Detecting CXX compile features
[0.700s] -- Detecting CXX compile features - done
[0.714s] -- Found ament_cmake: 0.9.9 (/opt/ros/foxy/share/ament_cmake/cmake)
[0.767s] -- Found PythonInterp: /usr/bin/python3 (found suitable version "3.8.10", minimum required is "3") 
[0.767s] -- Using PYTHON_EXECUTABLE: /usr/bin/python3
[1.208s] -- Found ament_lint_auto: 0.9.6 (/opt/ros/foxy/share/ament_lint_auto/cmake)
[1.249s] WARNING: Package name "toycar3D" does not follow the naming conventions. It should start with a lower case letter and only contain lower case letters, digits, underscores, and dashes.
[1.371s] -- Added test 'copyright' to check source files copyright and LICENSE
[1.375s] -- Added test 'flake8' to check Python code syntax and style conventions
[1.379s] -- Added test 'lint_cmake' to check CMake code style
[1.383s] -- Added test 'pep257' to check Python code against some of the style conventions in PEP 257
[1.387s] -- Added test 'xmllint' to check XML markup files
[1.394s] -- Configuring done
[1.396s] -- Generating done
[1.396s] -- Build files have been written to: /home/pablo/Documents/robotic_sim/2_wheeled/build/toycar3D
[1.401s] Invoked command in '/home/pablo/Documents/robotic_sim/2_wheeled/build/toycar3D' returned '0': CMAKE_PREFIX_PATH=${CMAKE_PREFIX_PATH}:/opt/ros/foxy /usr/bin/cmake /home/pablo/Documents/robotic_sim/2_wheeled/src/toycar3D -DCMAKE_INSTALL_PREFIX=/home/pablo/Documents/robotic_sim/2_wheeled/install/toycar3D
[1.403s] Invoking command in '/home/pablo/Documents/robotic_sim/2_wheeled/build/toycar3D': CMAKE_PREFIX_PATH=${CMAKE_PREFIX_PATH}:/opt/ros/foxy /usr/bin/cmake --build /home/pablo/Documents/robotic_sim/2_wheeled/build/toycar3D -- -j12 -l12
[1.442s] Invoked command in '/home/pablo/Documents/robotic_sim/2_wheeled/build/toycar3D' returned '0': CMAKE_PREFIX_PATH=${CMAKE_PREFIX_PATH}:/opt/ros/foxy /usr/bin/cmake --build /home/pablo/Documents/robotic_sim/2_wheeled/build/toycar3D -- -j12 -l12
[1.465s] Invoking command in '/home/pablo/Documents/robotic_sim/2_wheeled/build/toycar3D': CMAKE_PREFIX_PATH=${CMAKE_PREFIX_PATH}:/opt/ros/foxy /usr/bin/cmake --install /home/pablo/Documents/robotic_sim/2_wheeled/build/toycar3D
[1.476s] -- Install configuration: ""
[1.476s] -- Installing: /home/pablo/Documents/robotic_sim/2_wheeled/install/toycar3D/share/toycar3D/launch
[1.476s] -- Installing: /home/pablo/Documents/robotic_sim/2_wheeled/install/toycar3D/share/toycar3D/launch/world.launch.py
[1.477s] -- Installing: /home/pablo/Documents/robotic_sim/2_wheeled/install/toycar3D/share/toycar3D/launch/spawn.launch.py
[1.477s] -- Installing: /home/pablo/Documents/robotic_sim/2_wheeled/install/toycar3D/share/toycar3D/meshes
[1.477s] -- Installing: /home/pablo/Documents/robotic_sim/2_wheeled/install/toycar3D/share/toycar3D/meshes/low_part.stl
[1.477s] -- Installing: /home/pablo/Documents/robotic_sim/2_wheeled/install/toycar3D/share/toycar3D/meshes/caster.stl
[1.477s] -- Installing: /home/pablo/Documents/robotic_sim/2_wheeled/install/toycar3D/share/toycar3D/meshes/wheel.stl
[1.477s] -- Installing: /home/pablo/Documents/robotic_sim/2_wheeled/install/toycar3D/share/toycar3D/urdf
[1.477s] -- Installing: /home/pablo/Documents/robotic_sim/2_wheeled/install/toycar3D/share/toycar3D/urdf/3D_lidar.xacro
[1.477s] -- Installing: /home/pablo/Documents/robotic_sim/2_wheeled/install/toycar3D/share/toycar3D/urdf/toy.urdf.xacro
[1.477s] -- Installing: /home/pablo/Documents/robotic_sim/2_wheeled/install/toycar3D/share/toycar3D/urdf/gazebo.xacro
[1.478s] -- Installing: /home/pablo/Documents/robotic_sim/2_wheeled/install/toycar3D/share/toycar3D/urdf/ray_scanner.xacro
[1.478s] -- Installing: /home/pablo/Documents/robotic_sim/2_wheeled/install/toycar3D/share/toycar3D/worlds
[1.478s] -- Installing: /home/pablo/Documents/robotic_sim/2_wheeled/install/toycar3D/share/toycar3D/worlds/world.world
[1.478s] -- Installing: /home/pablo/Documents/robotic_sim/2_wheeled/install/toycar3D/share/ament_index/resource_index/package_run_dependencies/toycar3D
[1.478s] -- Installing: /home/pablo/Documents/robotic_sim/2_wheeled/install/toycar3D/share/ament_index/resource_index/parent_prefix_path/toycar3D
[1.478s] -- Installing: /home/pablo/Documents/robotic_sim/2_wheeled/install/toycar3D/share/toycar3D/environment/ament_prefix_path.sh
[1.478s] -- Installing: /home/pablo/Documents/robotic_sim/2_wheeled/install/toycar3D/share/toycar3D/environment/ament_prefix_path.dsv
[1.478s] -- Installing: /home/pablo/Documents/robotic_sim/2_wheeled/install/toycar3D/share/toycar3D/environment/path.sh
[1.478s] -- Installing: /home/pablo/Documents/robotic_sim/2_wheeled/install/toycar3D/share/toycar3D/environment/path.dsv
[1.479s] -- Installing: /home/pablo/Documents/robotic_sim/2_wheeled/install/toycar3D/share/toycar3D/local_setup.bash
[1.479s] -- Installing: /home/pablo/Documents/robotic_sim/2_wheeled/install/toycar3D/share/toycar3D/local_setup.sh
[1.479s] -- Installing: /home/pablo/Documents/robotic_sim/2_wheeled/install/toycar3D/share/toycar3D/local_setup.zsh
[1.479s] -- Installing: /home/pablo/Documents/robotic_sim/2_wheeled/install/toycar3D/share/toycar3D/local_setup.dsv
[1.479s] -- Installing: /home/pablo/Documents/robotic_sim/2_wheeled/install/toycar3D/share/toycar3D/package.dsv
[1.479s] -- Installing: /home/pablo/Documents/robotic_sim/2_wheeled/install/toycar3D/share/ament_index/resource_index/packages/toycar3D
[1.480s] -- Installing: /home/pablo/Documents/robotic_sim/2_wheeled/install/toycar3D/share/toycar3D/cmake/toycar3DConfig.cmake
[1.480s] -- Installing: /home/pablo/Documents/robotic_sim/2_wheeled/install/toycar3D/share/toycar3D/cmake/toycar3DConfig-version.cmake
[1.480s] -- Installing: /home/pablo/Documents/robotic_sim/2_wheeled/install/toycar3D/share/toycar3D/package.xml
[1.486s] Invoked command in '/home/pablo/Documents/robotic_sim/2_wheeled/build/toycar3D' returned '0': CMAKE_PREFIX_PATH=${CMAKE_PREFIX_PATH}:/opt/ros/foxy /usr/bin/cmake --install /home/pablo/Documents/robotic_sim/2_wheeled/build/toycar3D
