[0.078s] Invoking command in '/home/pablo/Documents/robotic_sim/2_wheeled/build/pid_controller': CMAKE_PREFIX_PATH=${CMAKE_PREFIX_PATH}:/opt/ros/foxy /usr/bin/cmake --build /home/pablo/Documents/robotic_sim/2_wheeled/build/pid_controller -- -j12 -l12
[0.207s] [100%] Built target pid
[0.275s] Invoked command in '/home/pablo/Documents/robotic_sim/2_wheeled/build/pid_controller' returned '0': CMAKE_PREFIX_PATH=${CMAKE_PREFIX_PATH}:/opt/ros/foxy /usr/bin/cmake --build /home/pablo/Documents/robotic_sim/2_wheeled/build/pid_controller -- -j12 -l12
[0.330s] Invoking command in '/home/pablo/Documents/robotic_sim/2_wheeled/build/pid_controller': CMAKE_PREFIX_PATH=${CMAKE_PREFIX_PATH}:/opt/ros/foxy /usr/bin/cmake --install /home/pablo/Documents/robotic_sim/2_wheeled/build/pid_controller
[0.363s] -- Install configuration: ""
[0.368s] -- Up-to-date: /home/pablo/Documents/robotic_sim/2_wheeled/install/pid_controller/lib/pid_controller/pid
[0.368s] -- Up-to-date: /home/pablo/Documents/robotic_sim/2_wheeled/install/pid_controller/share/pid_controller/launch
[0.368s] -- Up-to-date: /home/pablo/Documents/robotic_sim/2_wheeled/install/pid_controller/share/pid_controller/launch/pid.launch.py
[0.368s] -- Up-to-date: /home/pablo/Documents/robotic_sim/2_wheeled/install/pid_controller/share/ament_index/resource_index/package_run_dependencies/pid_controller
[0.368s] -- Up-to-date: /home/pablo/Documents/robotic_sim/2_wheeled/install/pid_controller/share/ament_index/resource_index/parent_prefix_path/pid_controller
[0.368s] -- Up-to-date: /home/pablo/Documents/robotic_sim/2_wheeled/install/pid_controller/share/pid_controller/environment/ament_prefix_path.sh
[0.368s] -- Up-to-date: /home/pablo/Documents/robotic_sim/2_wheeled/install/pid_controller/share/pid_controller/environment/ament_prefix_path.dsv
[0.369s] -- Up-to-date: /home/pablo/Documents/robotic_sim/2_wheeled/install/pid_controller/share/pid_controller/environment/path.sh
[0.369s] -- Up-to-date: /home/pablo/Documents/robotic_sim/2_wheeled/install/pid_controller/share/pid_controller/environment/path.dsv
[0.369s] -- Up-to-date: /home/pablo/Documents/robotic_sim/2_wheeled/install/pid_controller/share/pid_controller/local_setup.bash
[0.369s] -- Up-to-date: /home/pablo/Documents/robotic_sim/2_wheeled/install/pid_controller/share/pid_controller/local_setup.sh
[0.369s] -- Up-to-date: /home/pablo/Documents/robotic_sim/2_wheeled/install/pid_controller/share/pid_controller/local_setup.zsh
[0.369s] -- Up-to-date: /home/pablo/Documents/robotic_sim/2_wheeled/install/pid_controller/share/pid_controller/local_setup.dsv
[0.370s] -- Installing: /home/pablo/Documents/robotic_sim/2_wheeled/install/pid_controller/share/pid_controller/package.dsv
[0.370s] -- Up-to-date: /home/pablo/Documents/robotic_sim/2_wheeled/install/pid_controller/share/ament_index/resource_index/packages/pid_controller
[0.370s] -- Up-to-date: /home/pablo/Documents/robotic_sim/2_wheeled/install/pid_controller/share/pid_controller/cmake/pid_controllerConfig.cmake
[0.370s] -- Up-to-date: /home/pablo/Documents/robotic_sim/2_wheeled/install/pid_controller/share/pid_controller/cmake/pid_controllerConfig-version.cmake
[0.371s] -- Up-to-date: /home/pablo/Documents/robotic_sim/2_wheeled/install/pid_controller/share/pid_controller/package.xml
[0.371s] Invoked command in '/home/pablo/Documents/robotic_sim/2_wheeled/build/pid_controller' returned '0': CMAKE_PREFIX_PATH=${CMAKE_PREFIX_PATH}:/opt/ros/foxy /usr/bin/cmake --install /home/pablo/Documents/robotic_sim/2_wheeled/build/pid_controller
