[0.413s] DEBUG:colcon:Command line arguments: ['/usr/bin/colcon', 'build']
[0.413s] DEBUG:colcon:Parsed command line arguments: Namespace(allow_overriding=[], ament_cmake_args=None, base_paths=['.'], build_base='build', catkin_cmake_args=None, catkin_skip_building_tests=False, cmake_args=None, cmake_clean_cache=False, cmake_clean_first=False, cmake_force_configure=False, cmake_target=None, cmake_target_skip_unavailable=False, continue_on_error=False, event_handlers=None, executor='parallel', ignore_user_meta=False, install_base='install', log_base=None, log_level=None, main=<bound method BuildVerb.main of <colcon_core.verb.build.BuildVerb object at 0x7f1f8436a4f0>>, merge_install=False, metas=['./colcon.meta'], mixin=None, mixin_files=None, mixin_verb=('build',), packages_above=None, packages_above_and_dependencies=None, packages_above_depth=None, packages_end=None, packages_ignore=None, packages_ignore_regex=None, packages_select=None, packages_select_build_failed=False, packages_select_by_dep=None, packages_select_regex=None, packages_select_test_failures=False, packages_skip=None, packages_skip_build_finished=False, packages_skip_by_dep=None, packages_skip_regex=None, packages_skip_test_passed=False, packages_skip_up_to=None, packages_start=None, packages_up_to=None, packages_up_to_regex=None, parallel_workers=12, paths=None, symlink_install=False, test_result_base=None, verb_extension=<colcon_core.verb.build.BuildVerb object at 0x7f1f8436a4f0>, verb_name='build', verb_parser=<colcon_mixin.mixin.mixin_argument.MixinArgumentDecorator object at 0x7f1f84043be0>)
[0.452s] Level 1:colcon.colcon_core.package_discovery:discover_packages(colcon_meta) check parameters
[0.452s] Level 1:colcon.colcon_core.package_discovery:discover_packages(recursive) check parameters
[0.452s] Level 1:colcon.colcon_core.package_discovery:discover_packages(ignore) check parameters
[0.452s] Level 1:colcon.colcon_core.package_discovery:discover_packages(path) check parameters
[0.452s] Level 1:colcon.colcon_core.package_discovery:discover_packages(colcon_meta) discover
[0.452s] Level 1:colcon.colcon_core.package_discovery:discover_packages(recursive) discover
[0.452s] INFO:colcon.colcon_core.package_discovery:Crawling recursively for packages in '/home/pablo/Documents/robotic_sim/2_wheeled'
[0.452s] Level 1:colcon.colcon_core.package_identification:_identify(.) by extensions ['ignore', 'ignore_ament_install']
[0.453s] Level 1:colcon.colcon_core.package_identification:_identify(.) by extension 'ignore'
[0.453s] Level 1:colcon.colcon_core.package_identification:_identify(.) by extension 'ignore_ament_install'
[0.453s] Level 1:colcon.colcon_core.package_identification:_identify(.) by extensions ['colcon_pkg']
[0.453s] Level 1:colcon.colcon_core.package_identification:_identify(.) by extension 'colcon_pkg'
[0.453s] Level 1:colcon.colcon_core.package_identification:_identify(.) by extensions ['colcon_meta']
[0.453s] Level 1:colcon.colcon_core.package_identification:_identify(.) by extension 'colcon_meta'
[0.453s] Level 1:colcon.colcon_core.package_identification:_identify(.) by extensions ['ros']
[0.453s] Level 1:colcon.colcon_core.package_identification:_identify(.) by extension 'ros'
[0.464s] Level 1:colcon.colcon_core.package_identification:_identify(.) by extensions ['cmake', 'python']
[0.464s] Level 1:colcon.colcon_core.package_identification:_identify(.) by extension 'cmake'
[0.464s] Level 1:colcon.colcon_core.package_identification:_identify(.) by extension 'python'
[0.464s] Level 1:colcon.colcon_core.package_identification:_identify(.) by extensions ['python_setup_py']
[0.464s] Level 1:colcon.colcon_core.package_identification:_identify(.) by extension 'python_setup_py'
[0.464s] Level 1:colcon.colcon_core.package_identification:_identify(build) by extensions ['ignore', 'ignore_ament_install']
[0.464s] Level 1:colcon.colcon_core.package_identification:_identify(build) by extension 'ignore'
[0.464s] Level 1:colcon.colcon_core.package_identification:_identify(build) ignored
[0.464s] Level 1:colcon.colcon_core.package_identification:_identify(install) by extensions ['ignore', 'ignore_ament_install']
[0.465s] Level 1:colcon.colcon_core.package_identification:_identify(install) by extension 'ignore'
[0.465s] Level 1:colcon.colcon_core.package_identification:_identify(install) ignored
[0.465s] Level 1:colcon.colcon_core.package_identification:_identify(log) by extensions ['ignore', 'ignore_ament_install']
[0.465s] Level 1:colcon.colcon_core.package_identification:_identify(log) by extension 'ignore'
[0.465s] Level 1:colcon.colcon_core.package_identification:_identify(log) ignored
[0.465s] Level 1:colcon.colcon_core.package_identification:_identify(src) by extensions ['ignore', 'ignore_ament_install']
[0.465s] Level 1:colcon.colcon_core.package_identification:_identify(src) by extension 'ignore'
[0.465s] Level 1:colcon.colcon_core.package_identification:_identify(src) by extension 'ignore_ament_install'
[0.465s] Level 1:colcon.colcon_core.package_identification:_identify(src) by extensions ['colcon_pkg']
[0.465s] Level 1:colcon.colcon_core.package_identification:_identify(src) by extension 'colcon_pkg'
[0.465s] Level 1:colcon.colcon_core.package_identification:_identify(src) by extensions ['colcon_meta']
[0.465s] Level 1:colcon.colcon_core.package_identification:_identify(src) by extension 'colcon_meta'
[0.465s] Level 1:colcon.colcon_core.package_identification:_identify(src) by extensions ['ros']
[0.465s] Level 1:colcon.colcon_core.package_identification:_identify(src) by extension 'ros'
[0.465s] Level 1:colcon.colcon_core.package_identification:_identify(src) by extensions ['cmake', 'python']
[0.465s] Level 1:colcon.colcon_core.package_identification:_identify(src) by extension 'cmake'
[0.465s] Level 1:colcon.colcon_core.package_identification:_identify(src) by extension 'python'
[0.465s] Level 1:colcon.colcon_core.package_identification:_identify(src) by extensions ['python_setup_py']
[0.465s] Level 1:colcon.colcon_core.package_identification:_identify(src) by extension 'python_setup_py'
[0.466s] Level 1:colcon.colcon_core.package_identification:_identify(src/apartment) by extensions ['ignore', 'ignore_ament_install']
[0.466s] Level 1:colcon.colcon_core.package_identification:_identify(src/apartment) by extension 'ignore'
[0.466s] Level 1:colcon.colcon_core.package_identification:_identify(src/apartment) by extension 'ignore_ament_install'
[0.466s] Level 1:colcon.colcon_core.package_identification:_identify(src/apartment) by extensions ['colcon_pkg']
[0.466s] Level 1:colcon.colcon_core.package_identification:_identify(src/apartment) by extension 'colcon_pkg'
[0.466s] Level 1:colcon.colcon_core.package_identification:_identify(src/apartment) by extensions ['colcon_meta']
[0.466s] Level 1:colcon.colcon_core.package_identification:_identify(src/apartment) by extension 'colcon_meta'
[0.466s] Level 1:colcon.colcon_core.package_identification:_identify(src/apartment) by extensions ['ros']
[0.466s] Level 1:colcon.colcon_core.package_identification:_identify(src/apartment) by extension 'ros'
[0.468s] DEBUG:colcon.colcon_core.package_identification:Package 'src/apartment' with type 'ros.ament_cmake' and name 'apartment'
[0.468s] Level 1:colcon.colcon_core.package_identification:_identify(src/map_generation) by extensions ['ignore', 'ignore_ament_install']
[0.468s] Level 1:colcon.colcon_core.package_identification:_identify(src/map_generation) by extension 'ignore'
[0.468s] Level 1:colcon.colcon_core.package_identification:_identify(src/map_generation) by extension 'ignore_ament_install'
[0.468s] Level 1:colcon.colcon_core.package_identification:_identify(src/map_generation) by extensions ['colcon_pkg']
[0.468s] Level 1:colcon.colcon_core.package_identification:_identify(src/map_generation) by extension 'colcon_pkg'
[0.468s] Level 1:colcon.colcon_core.package_identification:_identify(src/map_generation) by extensions ['colcon_meta']
[0.468s] Level 1:colcon.colcon_core.package_identification:_identify(src/map_generation) by extension 'colcon_meta'
[0.469s] Level 1:colcon.colcon_core.package_identification:_identify(src/map_generation) by extensions ['ros']
[0.469s] Level 1:colcon.colcon_core.package_identification:_identify(src/map_generation) by extension 'ros'
[0.469s] DEBUG:colcon.colcon_core.package_identification:Package 'src/map_generation' with type 'ros.ament_cmake' and name 'map_generation'
[0.470s] Level 1:colcon.colcon_core.package_identification:_identify(src/pid_controller) by extensions ['ignore', 'ignore_ament_install']
[0.470s] Level 1:colcon.colcon_core.package_identification:_identify(src/pid_controller) by extension 'ignore'
[0.470s] Level 1:colcon.colcon_core.package_identification:_identify(src/pid_controller) by extension 'ignore_ament_install'
[0.470s] Level 1:colcon.colcon_core.package_identification:_identify(src/pid_controller) by extensions ['colcon_pkg']
[0.470s] Level 1:colcon.colcon_core.package_identification:_identify(src/pid_controller) by extension 'colcon_pkg'
[0.470s] Level 1:colcon.colcon_core.package_identification:_identify(src/pid_controller) by extensions ['colcon_meta']
[0.470s] Level 1:colcon.colcon_core.package_identification:_identify(src/pid_controller) by extension 'colcon_meta'
[0.470s] Level 1:colcon.colcon_core.package_identification:_identify(src/pid_controller) by extensions ['ros']
[0.470s] Level 1:colcon.colcon_core.package_identification:_identify(src/pid_controller) by extension 'ros'
[0.471s] DEBUG:colcon.colcon_core.package_identification:Package 'src/pid_controller' with type 'ros.ament_cmake' and name 'pid_controller'
[0.471s] Level 1:colcon.colcon_core.package_identification:_identify(src/send_poses) by extensions ['ignore', 'ignore_ament_install']
[0.471s] Level 1:colcon.colcon_core.package_identification:_identify(src/send_poses) by extension 'ignore'
[0.471s] Level 1:colcon.colcon_core.package_identification:_identify(src/send_poses) by extension 'ignore_ament_install'
[0.471s] Level 1:colcon.colcon_core.package_identification:_identify(src/send_poses) by extensions ['colcon_pkg']
[0.471s] Level 1:colcon.colcon_core.package_identification:_identify(src/send_poses) by extension 'colcon_pkg'
[0.471s] Level 1:colcon.colcon_core.package_identification:_identify(src/send_poses) by extensions ['colcon_meta']
[0.471s] Level 1:colcon.colcon_core.package_identification:_identify(src/send_poses) by extension 'colcon_meta'
[0.471s] Level 1:colcon.colcon_core.package_identification:_identify(src/send_poses) by extensions ['ros']
[0.471s] Level 1:colcon.colcon_core.package_identification:_identify(src/send_poses) by extension 'ros'
[0.472s] DEBUG:colcon.colcon_core.package_identification:Package 'src/send_poses' with type 'ros.ament_cmake' and name 'send_poses'
[0.472s] Level 1:colcon.colcon_core.package_identification:_identify(src/toycar2D) by extensions ['ignore', 'ignore_ament_install']
[0.472s] Level 1:colcon.colcon_core.package_identification:_identify(src/toycar2D) by extension 'ignore'
[0.472s] Level 1:colcon.colcon_core.package_identification:_identify(src/toycar2D) by extension 'ignore_ament_install'
[0.472s] Level 1:colcon.colcon_core.package_identification:_identify(src/toycar2D) by extensions ['colcon_pkg']
[0.472s] Level 1:colcon.colcon_core.package_identification:_identify(src/toycar2D) by extension 'colcon_pkg'
[0.472s] Level 1:colcon.colcon_core.package_identification:_identify(src/toycar2D) by extensions ['colcon_meta']
[0.472s] Level 1:colcon.colcon_core.package_identification:_identify(src/toycar2D) by extension 'colcon_meta'
[0.472s] Level 1:colcon.colcon_core.package_identification:_identify(src/toycar2D) by extensions ['ros']
[0.472s] Level 1:colcon.colcon_core.package_identification:_identify(src/toycar2D) by extension 'ros'
[0.472s] DEBUG:colcon.colcon_core.package_identification:Package 'src/toycar2D' with type 'ros.ament_cmake' and name 'toycar2D'
[0.473s] Level 1:colcon.colcon_core.package_identification:_identify(src/toycar3D) by extensions ['ignore', 'ignore_ament_install']
[0.473s] Level 1:colcon.colcon_core.package_identification:_identify(src/toycar3D) by extension 'ignore'
[0.473s] Level 1:colcon.colcon_core.package_identification:_identify(src/toycar3D) by extension 'ignore_ament_install'
[0.473s] Level 1:colcon.colcon_core.package_identification:_identify(src/toycar3D) by extensions ['colcon_pkg']
[0.473s] Level 1:colcon.colcon_core.package_identification:_identify(src/toycar3D) by extension 'colcon_pkg'
[0.473s] Level 1:colcon.colcon_core.package_identification:_identify(src/toycar3D) by extensions ['colcon_meta']
[0.473s] Level 1:colcon.colcon_core.package_identification:_identify(src/toycar3D) by extension 'colcon_meta'
[0.473s] Level 1:colcon.colcon_core.package_identification:_identify(src/toycar3D) by extensions ['ros']
[0.473s] Level 1:colcon.colcon_core.package_identification:_identify(src/toycar3D) by extension 'ros'
[0.473s] DEBUG:colcon.colcon_core.package_identification:Package 'src/toycar3D' with type 'ros.ament_cmake' and name 'toycar3D'
[0.473s] Level 1:colcon.colcon_core.package_discovery:discover_packages(recursive) using defaults
[0.473s] Level 1:colcon.colcon_core.package_discovery:discover_packages(ignore) discover
[0.474s] Level 1:colcon.colcon_core.package_discovery:discover_packages(ignore) using defaults
[0.474s] Level 1:colcon.colcon_core.package_discovery:discover_packages(path) discover
[0.474s] Level 1:colcon.colcon_core.package_discovery:discover_packages(path) using defaults
[0.500s] Level 1:colcon.colcon_core.package_discovery:discover_packages(prefix_path) check parameters
[0.500s] Level 1:colcon.colcon_core.package_discovery:discover_packages(prefix_path) discover
[0.506s] DEBUG:colcon.colcon_installed_package_information.package_discovery:Found 6 installed packages in /home/pablo/Documents/robotic_sim/2_wheeled/install
[0.508s] DEBUG:colcon.colcon_installed_package_information.package_discovery:Found 298 installed packages in /opt/ros/foxy
[0.509s] Level 1:colcon.colcon_core.package_discovery:discover_packages(prefix_path) using defaults
[0.571s] Level 5:colcon.colcon_core.verb:set package 'apartment' build argument 'cmake_args' from command line to 'None'
[0.571s] Level 5:colcon.colcon_core.verb:set package 'apartment' build argument 'cmake_target' from command line to 'None'
[0.572s] Level 5:colcon.colcon_core.verb:set package 'apartment' build argument 'cmake_target_skip_unavailable' from command line to 'False'
[0.572s] Level 5:colcon.colcon_core.verb:set package 'apartment' build argument 'cmake_clean_cache' from command line to 'False'
[0.572s] Level 5:colcon.colcon_core.verb:set package 'apartment' build argument 'cmake_clean_first' from command line to 'False'
[0.572s] Level 5:colcon.colcon_core.verb:set package 'apartment' build argument 'cmake_force_configure' from command line to 'False'
[0.572s] Level 5:colcon.colcon_core.verb:set package 'apartment' build argument 'ament_cmake_args' from command line to 'None'
[0.572s] Level 5:colcon.colcon_core.verb:set package 'apartment' build argument 'catkin_cmake_args' from command line to 'None'
[0.572s] Level 5:colcon.colcon_core.verb:set package 'apartment' build argument 'catkin_skip_building_tests' from command line to 'False'
[0.572s] DEBUG:colcon.colcon_core.verb:Building package 'apartment' with the following arguments: {'ament_cmake_args': None, 'build_base': '/home/pablo/Documents/robotic_sim/2_wheeled/build/apartment', 'catkin_cmake_args': None, 'catkin_skip_building_tests': False, 'cmake_args': None, 'cmake_clean_cache': False, 'cmake_clean_first': False, 'cmake_force_configure': False, 'cmake_target': None, 'cmake_target_skip_unavailable': False, 'install_base': '/home/pablo/Documents/robotic_sim/2_wheeled/install/apartment', 'merge_install': False, 'path': '/home/pablo/Documents/robotic_sim/2_wheeled/src/apartment', 'symlink_install': False, 'test_result_base': None}
[0.573s] Level 5:colcon.colcon_core.verb:set package 'map_generation' build argument 'cmake_args' from command line to 'None'
[0.573s] Level 5:colcon.colcon_core.verb:set package 'map_generation' build argument 'cmake_target' from command line to 'None'
[0.573s] Level 5:colcon.colcon_core.verb:set package 'map_generation' build argument 'cmake_target_skip_unavailable' from command line to 'False'
[0.573s] Level 5:colcon.colcon_core.verb:set package 'map_generation' build argument 'cmake_clean_cache' from command line to 'False'
[0.573s] Level 5:colcon.colcon_core.verb:set package 'map_generation' build argument 'cmake_clean_first' from command line to 'False'
[0.573s] Level 5:colcon.colcon_core.verb:set package 'map_generation' build argument 'cmake_force_configure' from command line to 'False'
[0.573s] Level 5:colcon.colcon_core.verb:set package 'map_generation' build argument 'ament_cmake_args' from command line to 'None'
[0.573s] Level 5:colcon.colcon_core.verb:set package 'map_generation' build argument 'catkin_cmake_args' from command line to 'None'
[0.573s] Level 5:colcon.colcon_core.verb:set package 'map_generation' build argument 'catkin_skip_building_tests' from command line to 'False'
[0.573s] DEBUG:colcon.colcon_core.verb:Building package 'map_generation' with the following arguments: {'ament_cmake_args': None, 'build_base': '/home/pablo/Documents/robotic_sim/2_wheeled/build/map_generation', 'catkin_cmake_args': None, 'catkin_skip_building_tests': False, 'cmake_args': None, 'cmake_clean_cache': False, 'cmake_clean_first': False, 'cmake_force_configure': False, 'cmake_target': None, 'cmake_target_skip_unavailable': False, 'install_base': '/home/pablo/Documents/robotic_sim/2_wheeled/install/map_generation', 'merge_install': False, 'path': '/home/pablo/Documents/robotic_sim/2_wheeled/src/map_generation', 'symlink_install': False, 'test_result_base': None}
[0.575s] Level 5:colcon.colcon_core.verb:set package 'pid_controller' build argument 'cmake_args' from command line to 'None'
[0.575s] Level 5:colcon.colcon_core.verb:set package 'pid_controller' build argument 'cmake_target' from command line to 'None'
[0.575s] Level 5:colcon.colcon_core.verb:set package 'pid_controller' build argument 'cmake_target_skip_unavailable' from command line to 'False'
[0.575s] Level 5:colcon.colcon_core.verb:set package 'pid_controller' build argument 'cmake_clean_cache' from command line to 'False'
[0.575s] Level 5:colcon.colcon_core.verb:set package 'pid_controller' build argument 'cmake_clean_first' from command line to 'False'
[0.575s] Level 5:colcon.colcon_core.verb:set package 'pid_controller' build argument 'cmake_force_configure' from command line to 'False'
[0.575s] Level 5:colcon.colcon_core.verb:set package 'pid_controller' build argument 'ament_cmake_args' from command line to 'None'
[0.575s] Level 5:colcon.colcon_core.verb:set package 'pid_controller' build argument 'catkin_cmake_args' from command line to 'None'
[0.575s] Level 5:colcon.colcon_core.verb:set package 'pid_controller' build argument 'catkin_skip_building_tests' from command line to 'False'
[0.575s] DEBUG:colcon.colcon_core.verb:Building package 'pid_controller' with the following arguments: {'ament_cmake_args': None, 'build_base': '/home/pablo/Documents/robotic_sim/2_wheeled/build/pid_controller', 'catkin_cmake_args': None, 'catkin_skip_building_tests': False, 'cmake_args': None, 'cmake_clean_cache': False, 'cmake_clean_first': False, 'cmake_force_configure': False, 'cmake_target': None, 'cmake_target_skip_unavailable': False, 'install_base': '/home/pablo/Documents/robotic_sim/2_wheeled/install/pid_controller', 'merge_install': False, 'path': '/home/pablo/Documents/robotic_sim/2_wheeled/src/pid_controller', 'symlink_install': False, 'test_result_base': None}
[0.576s] Level 5:colcon.colcon_core.verb:set package 'send_poses' build argument 'cmake_args' from command line to 'None'
[0.577s] Level 5:colcon.colcon_core.verb:set package 'send_poses' build argument 'cmake_target' from command line to 'None'
[0.577s] Level 5:colcon.colcon_core.verb:set package 'send_poses' build argument 'cmake_target_skip_unavailable' from command line to 'False'
[0.577s] Level 5:colcon.colcon_core.verb:set package 'send_poses' build argument 'cmake_clean_cache' from command line to 'False'
[0.577s] Level 5:colcon.colcon_core.verb:set package 'send_poses' build argument 'cmake_clean_first' from command line to 'False'
[0.577s] Level 5:colcon.colcon_core.verb:set package 'send_poses' build argument 'cmake_force_configure' from command line to 'False'
[0.577s] Level 5:colcon.colcon_core.verb:set package 'send_poses' build argument 'ament_cmake_args' from command line to 'None'
[0.577s] Level 5:colcon.colcon_core.verb:set package 'send_poses' build argument 'catkin_cmake_args' from command line to 'None'
[0.577s] Level 5:colcon.colcon_core.verb:set package 'send_poses' build argument 'catkin_skip_building_tests' from command line to 'False'
[0.577s] DEBUG:colcon.colcon_core.verb:Building package 'send_poses' with the following arguments: {'ament_cmake_args': None, 'build_base': '/home/pablo/Documents/robotic_sim/2_wheeled/build/send_poses', 'catkin_cmake_args': None, 'catkin_skip_building_tests': False, 'cmake_args': None, 'cmake_clean_cache': False, 'cmake_clean_first': False, 'cmake_force_configure': False, 'cmake_target': None, 'cmake_target_skip_unavailable': False, 'install_base': '/home/pablo/Documents/robotic_sim/2_wheeled/install/send_poses', 'merge_install': False, 'path': '/home/pablo/Documents/robotic_sim/2_wheeled/src/send_poses', 'symlink_install': False, 'test_result_base': None}
[0.578s] Level 5:colcon.colcon_core.verb:set package 'toycar2D' build argument 'cmake_args' from command line to 'None'
[0.578s] Level 5:colcon.colcon_core.verb:set package 'toycar2D' build argument 'cmake_target' from command line to 'None'
[0.578s] Level 5:colcon.colcon_core.verb:set package 'toycar2D' build argument 'cmake_target_skip_unavailable' from command line to 'False'
[0.578s] Level 5:colcon.colcon_core.verb:set package 'toycar2D' build argument 'cmake_clean_cache' from command line to 'False'
[0.578s] Level 5:colcon.colcon_core.verb:set package 'toycar2D' build argument 'cmake_clean_first' from command line to 'False'
[0.578s] Level 5:colcon.colcon_core.verb:set package 'toycar2D' build argument 'cmake_force_configure' from command line to 'False'
[0.578s] Level 5:colcon.colcon_core.verb:set package 'toycar2D' build argument 'ament_cmake_args' from command line to 'None'
[0.578s] Level 5:colcon.colcon_core.verb:set package 'toycar2D' build argument 'catkin_cmake_args' from command line to 'None'
[0.578s] Level 5:colcon.colcon_core.verb:set package 'toycar2D' build argument 'catkin_skip_building_tests' from command line to 'False'
[0.578s] DEBUG:colcon.colcon_core.verb:Building package 'toycar2D' with the following arguments: {'ament_cmake_args': None, 'build_base': '/home/pablo/Documents/robotic_sim/2_wheeled/build/toycar2D', 'catkin_cmake_args': None, 'catkin_skip_building_tests': False, 'cmake_args': None, 'cmake_clean_cache': False, 'cmake_clean_first': False, 'cmake_force_configure': False, 'cmake_target': None, 'cmake_target_skip_unavailable': False, 'install_base': '/home/pablo/Documents/robotic_sim/2_wheeled/install/toycar2D', 'merge_install': False, 'path': '/home/pablo/Documents/robotic_sim/2_wheeled/src/toycar2D', 'symlink_install': False, 'test_result_base': None}
[0.580s] Level 5:colcon.colcon_core.verb:set package 'toycar3D' build argument 'cmake_args' from command line to 'None'
[0.580s] Level 5:colcon.colcon_core.verb:set package 'toycar3D' build argument 'cmake_target' from command line to 'None'
[0.580s] Level 5:colcon.colcon_core.verb:set package 'toycar3D' build argument 'cmake_target_skip_unavailable' from command line to 'False'
[0.580s] Level 5:colcon.colcon_core.verb:set package 'toycar3D' build argument 'cmake_clean_cache' from command line to 'False'
[0.580s] Level 5:colcon.colcon_core.verb:set package 'toycar3D' build argument 'cmake_clean_first' from command line to 'False'
[0.580s] Level 5:colcon.colcon_core.verb:set package 'toycar3D' build argument 'cmake_force_configure' from command line to 'False'
[0.580s] Level 5:colcon.colcon_core.verb:set package 'toycar3D' build argument 'ament_cmake_args' from command line to 'None'
[0.580s] Level 5:colcon.colcon_core.verb:set package 'toycar3D' build argument 'catkin_cmake_args' from command line to 'None'
[0.580s] Level 5:colcon.colcon_core.verb:set package 'toycar3D' build argument 'catkin_skip_building_tests' from command line to 'False'
[0.580s] DEBUG:colcon.colcon_core.verb:Building package 'toycar3D' with the following arguments: {'ament_cmake_args': None, 'build_base': '/home/pablo/Documents/robotic_sim/2_wheeled/build/toycar3D', 'catkin_cmake_args': None, 'catkin_skip_building_tests': False, 'cmake_args': None, 'cmake_clean_cache': False, 'cmake_clean_first': False, 'cmake_force_configure': False, 'cmake_target': None, 'cmake_target_skip_unavailable': False, 'install_base': '/home/pablo/Documents/robotic_sim/2_wheeled/install/toycar3D', 'merge_install': False, 'path': '/home/pablo/Documents/robotic_sim/2_wheeled/src/toycar3D', 'symlink_install': False, 'test_result_base': None}
[0.581s] INFO:colcon.colcon_core.executor:Executing jobs using 'parallel' executor
[0.588s] DEBUG:colcon.colcon_parallel_executor.executor.parallel:run_until_complete
[0.588s] INFO:colcon.colcon_ros.task.ament_cmake.build:Building ROS package in '/home/pablo/Documents/robotic_sim/2_wheeled/src/apartment' with build type 'ament_cmake'
[0.588s] INFO:colcon.colcon_cmake.task.cmake.build:Building CMake package in '/home/pablo/Documents/robotic_sim/2_wheeled/src/apartment'
[0.594s] INFO:colcon.colcon_core.plugin_system:Skipping extension 'colcon_core.shell.bat': Not used on non-Windows systems
[0.594s] INFO:colcon.colcon_core.shell:Skip shell extension 'powershell' for command environment: Not usable outside of PowerShell
[0.594s] DEBUG:colcon.colcon_core.shell:Skip shell extension 'dsv' for command environment
[0.602s] INFO:colcon.colcon_ros.task.ament_cmake.build:Building ROS package in '/home/pablo/Documents/robotic_sim/2_wheeled/src/map_generation' with build type 'ament_cmake'
[0.603s] INFO:colcon.colcon_cmake.task.cmake.build:Building CMake package in '/home/pablo/Documents/robotic_sim/2_wheeled/src/map_generation'
[0.605s] INFO:colcon.colcon_core.shell:Skip shell extension 'powershell' for command environment: Not usable outside of PowerShell
[0.606s] DEBUG:colcon.colcon_core.shell:Skip shell extension 'dsv' for command environment
[0.615s] INFO:colcon.colcon_ros.task.ament_cmake.build:Building ROS package in '/home/pablo/Documents/robotic_sim/2_wheeled/src/pid_controller' with build type 'ament_cmake'
[0.616s] INFO:colcon.colcon_cmake.task.cmake.build:Building CMake package in '/home/pablo/Documents/robotic_sim/2_wheeled/src/pid_controller'
[0.619s] INFO:colcon.colcon_core.shell:Skip shell extension 'powershell' for command environment: Not usable outside of PowerShell
[0.619s] DEBUG:colcon.colcon_core.shell:Skip shell extension 'dsv' for command environment
[0.629s] INFO:colcon.colcon_ros.task.ament_cmake.build:Building ROS package in '/home/pablo/Documents/robotic_sim/2_wheeled/src/send_poses' with build type 'ament_cmake'
[0.629s] INFO:colcon.colcon_cmake.task.cmake.build:Building CMake package in '/home/pablo/Documents/robotic_sim/2_wheeled/src/send_poses'
[0.632s] INFO:colcon.colcon_core.shell:Skip shell extension 'powershell' for command environment: Not usable outside of PowerShell
[0.632s] DEBUG:colcon.colcon_core.shell:Skip shell extension 'dsv' for command environment
[0.641s] INFO:colcon.colcon_ros.task.ament_cmake.build:Building ROS package in '/home/pablo/Documents/robotic_sim/2_wheeled/src/toycar2D' with build type 'ament_cmake'
[0.641s] INFO:colcon.colcon_cmake.task.cmake.build:Building CMake package in '/home/pablo/Documents/robotic_sim/2_wheeled/src/toycar2D'
[0.644s] INFO:colcon.colcon_core.shell:Skip shell extension 'powershell' for command environment: Not usable outside of PowerShell
[0.644s] DEBUG:colcon.colcon_core.shell:Skip shell extension 'dsv' for command environment
[0.653s] INFO:colcon.colcon_ros.task.ament_cmake.build:Building ROS package in '/home/pablo/Documents/robotic_sim/2_wheeled/src/toycar3D' with build type 'ament_cmake'
[0.653s] INFO:colcon.colcon_cmake.task.cmake.build:Building CMake package in '/home/pablo/Documents/robotic_sim/2_wheeled/src/toycar3D'
[0.657s] INFO:colcon.colcon_core.shell:Skip shell extension 'powershell' for command environment: Not usable outside of PowerShell
[0.657s] DEBUG:colcon.colcon_core.shell:Skip shell extension 'dsv' for command environment
[0.675s] DEBUG:colcon.colcon_core.event_handler.log_command:Invoking command in '/home/pablo/Documents/robotic_sim/2_wheeled/build/apartment': CMAKE_PREFIX_PATH=${CMAKE_PREFIX_PATH}:/opt/ros/foxy /usr/bin/cmake --build /home/pablo/Documents/robotic_sim/2_wheeled/build/apartment -- -j12 -l12
[0.681s] DEBUG:colcon.colcon_core.event_handler.log_command:Invoking command in '/home/pablo/Documents/robotic_sim/2_wheeled/build/map_generation': CMAKE_PREFIX_PATH=${CMAKE_PREFIX_PATH}:/opt/ros/foxy /usr/bin/cmake --build /home/pablo/Documents/robotic_sim/2_wheeled/build/map_generation -- -j12 -l12
[0.686s] DEBUG:colcon.colcon_core.event_handler.log_command:Invoking command in '/home/pablo/Documents/robotic_sim/2_wheeled/build/pid_controller': CMAKE_PREFIX_PATH=${CMAKE_PREFIX_PATH}:/opt/ros/foxy /usr/bin/cmake --build /home/pablo/Documents/robotic_sim/2_wheeled/build/pid_controller -- -j12 -l12
[0.691s] DEBUG:colcon.colcon_core.event_handler.log_command:Invoking command in '/home/pablo/Documents/robotic_sim/2_wheeled/build/send_poses': CMAKE_PREFIX_PATH=${CMAKE_PREFIX_PATH}:/opt/ros/foxy /usr/bin/cmake --build /home/pablo/Documents/robotic_sim/2_wheeled/build/send_poses -- -j12 -l12
[0.696s] DEBUG:colcon.colcon_core.event_handler.log_command:Invoking command in '/home/pablo/Documents/robotic_sim/2_wheeled/build/toycar2D': CMAKE_PREFIX_PATH=${CMAKE_PREFIX_PATH}:/opt/ros/foxy /usr/bin/cmake --build /home/pablo/Documents/robotic_sim/2_wheeled/build/toycar2D -- -j12 -l12
[0.702s] DEBUG:colcon.colcon_core.event_handler.log_command:Invoking command in '/home/pablo/Documents/robotic_sim/2_wheeled/build/toycar3D': CMAKE_PREFIX_PATH=${CMAKE_PREFIX_PATH}:/opt/ros/foxy /usr/bin/cmake /home/pablo/Documents/robotic_sim/2_wheeled/src/toycar3D -DCMAKE_INSTALL_PREFIX=/home/pablo/Documents/robotic_sim/2_wheeled/install/toycar3D
[0.746s] DEBUG:colcon.colcon_core.event_handler.log_command:Invoked command in '/home/pablo/Documents/robotic_sim/2_wheeled/build/apartment' returned '0': CMAKE_PREFIX_PATH=${CMAKE_PREFIX_PATH}:/opt/ros/foxy /usr/bin/cmake --build /home/pablo/Documents/robotic_sim/2_wheeled/build/apartment -- -j12 -l12
[0.755s] DEBUG:colcon.colcon_core.event_handler.log_command:Invoked command in '/home/pablo/Documents/robotic_sim/2_wheeled/build/toycar2D' returned '0': CMAKE_PREFIX_PATH=${CMAKE_PREFIX_PATH}:/opt/ros/foxy /usr/bin/cmake --build /home/pablo/Documents/robotic_sim/2_wheeled/build/toycar2D -- -j12 -l12
[0.814s] DEBUG:colcon.colcon_core.event_handler.log_command:Invoking command in '/home/pablo/Documents/robotic_sim/2_wheeled/build/apartment': CMAKE_PREFIX_PATH=${CMAKE_PREFIX_PATH}:/opt/ros/foxy /usr/bin/cmake --install /home/pablo/Documents/robotic_sim/2_wheeled/build/apartment
[0.824s] DEBUG:colcon.colcon_core.event_handler.log_command:Invoked command in '/home/pablo/Documents/robotic_sim/2_wheeled/build/send_poses' returned '0': CMAKE_PREFIX_PATH=${CMAKE_PREFIX_PATH}:/opt/ros/foxy /usr/bin/cmake --build /home/pablo/Documents/robotic_sim/2_wheeled/build/send_poses -- -j12 -l12
[0.832s] DEBUG:colcon.colcon_core.event_handler.log_command:Invoked command in '/home/pablo/Documents/robotic_sim/2_wheeled/build/map_generation' returned '0': CMAKE_PREFIX_PATH=${CMAKE_PREFIX_PATH}:/opt/ros/foxy /usr/bin/cmake --build /home/pablo/Documents/robotic_sim/2_wheeled/build/map_generation -- -j12 -l12
[0.851s] DEBUG:colcon.colcon_core.event_handler.log_command:Invoking command in '/home/pablo/Documents/robotic_sim/2_wheeled/build/toycar2D': CMAKE_PREFIX_PATH=${CMAKE_PREFIX_PATH}:/opt/ros/foxy /usr/bin/cmake --install /home/pablo/Documents/robotic_sim/2_wheeled/build/toycar2D
[0.859s] DEBUG:colcon.colcon_core.event_handler.log_command:Invoked command in '/home/pablo/Documents/robotic_sim/2_wheeled/build/pid_controller' returned '0': CMAKE_PREFIX_PATH=${CMAKE_PREFIX_PATH}:/opt/ros/foxy /usr/bin/cmake --build /home/pablo/Documents/robotic_sim/2_wheeled/build/pid_controller -- -j12 -l12
[0.861s] Level 1:colcon.colcon_core.environment:create_environment_scripts_only(apartment)
[0.869s] DEBUG:colcon.colcon_core.event_handler.log_command:Invoked command in '/home/pablo/Documents/robotic_sim/2_wheeled/build/apartment' returned '0': CMAKE_PREFIX_PATH=${CMAKE_PREFIX_PATH}:/opt/ros/foxy /usr/bin/cmake --install /home/pablo/Documents/robotic_sim/2_wheeled/build/apartment
[0.889s] Level 1:colcon.colcon_core.environment:checking '/home/pablo/Documents/robotic_sim/2_wheeled/install/apartment' for CMake module files
[0.893s] Level 1:colcon.colcon_core.environment:checking '/home/pablo/Documents/robotic_sim/2_wheeled/install/apartment' for CMake config files
[0.894s] Level 1:colcon.colcon_core.shell:create_environment_hook('apartment', 'cmake_prefix_path')
[0.900s] INFO:colcon.colcon_core.shell:Creating environment hook '/home/pablo/Documents/robotic_sim/2_wheeled/install/apartment/share/apartment/hook/cmake_prefix_path.ps1'
[0.901s] INFO:colcon.colcon_core.shell:Creating environment descriptor '/home/pablo/Documents/robotic_sim/2_wheeled/install/apartment/share/apartment/hook/cmake_prefix_path.dsv'
[0.902s] INFO:colcon.colcon_core.shell:Creating environment hook '/home/pablo/Documents/robotic_sim/2_wheeled/install/apartment/share/apartment/hook/cmake_prefix_path.sh'
[0.903s] Level 1:colcon.colcon_core.environment:checking '/home/pablo/Documents/robotic_sim/2_wheeled/install/apartment/bin'
[0.903s] Level 1:colcon.colcon_core.environment:checking '/home/pablo/Documents/robotic_sim/2_wheeled/install/apartment/lib/pkgconfig/apartment.pc'
[0.904s] Level 1:colcon.colcon_core.environment:checking '/home/pablo/Documents/robotic_sim/2_wheeled/install/apartment/lib/python3.8/site-packages'
[0.904s] Level 1:colcon.colcon_core.environment:checking '/home/pablo/Documents/robotic_sim/2_wheeled/install/apartment/bin'
[0.909s] INFO:colcon.colcon_core.shell:Creating package script '/home/pablo/Documents/robotic_sim/2_wheeled/install/apartment/share/apartment/package.ps1'
[0.911s] INFO:colcon.colcon_core.shell:Creating package descriptor '/home/pablo/Documents/robotic_sim/2_wheeled/install/apartment/share/apartment/package.dsv'
[0.912s] INFO:colcon.colcon_core.shell:Creating package script '/home/pablo/Documents/robotic_sim/2_wheeled/install/apartment/share/apartment/package.sh'
[0.914s] INFO:colcon.colcon_core.shell:Creating package script '/home/pablo/Documents/robotic_sim/2_wheeled/install/apartment/share/apartment/package.bash'
[0.915s] INFO:colcon.colcon_core.shell:Creating package script '/home/pablo/Documents/robotic_sim/2_wheeled/install/apartment/share/apartment/package.zsh'
[0.916s] Level 1:colcon.colcon_core.environment:create_file_with_runtime_dependencies(/home/pablo/Documents/robotic_sim/2_wheeled/install/apartment/share/colcon-core/packages/apartment)
[0.932s] DEBUG:colcon.colcon_core.event_handler.log_command:Invoking command in '/home/pablo/Documents/robotic_sim/2_wheeled/build/send_poses': CMAKE_PREFIX_PATH=${CMAKE_PREFIX_PATH}:/opt/ros/foxy /usr/bin/cmake --install /home/pablo/Documents/robotic_sim/2_wheeled/build/send_poses
[0.941s] DEBUG:colcon.colcon_core.event_handler.log_command:Invoking command in '/home/pablo/Documents/robotic_sim/2_wheeled/build/map_generation': CMAKE_PREFIX_PATH=${CMAKE_PREFIX_PATH}:/opt/ros/foxy /usr/bin/cmake --install /home/pablo/Documents/robotic_sim/2_wheeled/build/map_generation
[0.951s] DEBUG:colcon.colcon_core.event_handler.log_command:Invoking command in '/home/pablo/Documents/robotic_sim/2_wheeled/build/pid_controller': CMAKE_PREFIX_PATH=${CMAKE_PREFIX_PATH}:/opt/ros/foxy /usr/bin/cmake --install /home/pablo/Documents/robotic_sim/2_wheeled/build/pid_controller
[0.954s] Level 1:colcon.colcon_core.environment:create_environment_scripts_only(toycar2D)
[0.959s] Level 1:colcon.colcon_core.environment:checking '/home/pablo/Documents/robotic_sim/2_wheeled/install/toycar2D' for CMake module files
[0.962s] DEBUG:colcon.colcon_core.event_handler.log_command:Invoked command in '/home/pablo/Documents/robotic_sim/2_wheeled/build/toycar2D' returned '0': CMAKE_PREFIX_PATH=${CMAKE_PREFIX_PATH}:/opt/ros/foxy /usr/bin/cmake --install /home/pablo/Documents/robotic_sim/2_wheeled/build/toycar2D
[0.964s] Level 1:colcon.colcon_core.environment:checking '/home/pablo/Documents/robotic_sim/2_wheeled/install/toycar2D' for CMake config files
[0.964s] Level 1:colcon.colcon_core.shell:create_environment_hook('toycar2D', 'cmake_prefix_path')
[0.967s] INFO:colcon.colcon_core.shell:Creating environment hook '/home/pablo/Documents/robotic_sim/2_wheeled/install/toycar2D/share/toycar2D/hook/cmake_prefix_path.ps1'
[0.968s] INFO:colcon.colcon_core.shell:Creating environment descriptor '/home/pablo/Documents/robotic_sim/2_wheeled/install/toycar2D/share/toycar2D/hook/cmake_prefix_path.dsv'
[0.968s] INFO:colcon.colcon_core.shell:Creating environment hook '/home/pablo/Documents/robotic_sim/2_wheeled/install/toycar2D/share/toycar2D/hook/cmake_prefix_path.sh'
[0.969s] Level 1:colcon.colcon_core.environment:checking '/home/pablo/Documents/robotic_sim/2_wheeled/install/toycar2D/bin'
[0.969s] Level 1:colcon.colcon_core.environment:checking '/home/pablo/Documents/robotic_sim/2_wheeled/install/toycar2D/lib/pkgconfig/toycar2D.pc'
[0.969s] Level 1:colcon.colcon_core.environment:checking '/home/pablo/Documents/robotic_sim/2_wheeled/install/toycar2D/lib/python3.8/site-packages'
[0.969s] Level 1:colcon.colcon_core.environment:checking '/home/pablo/Documents/robotic_sim/2_wheeled/install/toycar2D/bin'
[0.972s] INFO:colcon.colcon_core.shell:Creating package script '/home/pablo/Documents/robotic_sim/2_wheeled/install/toycar2D/share/toycar2D/package.ps1'
[0.973s] INFO:colcon.colcon_core.shell:Creating package descriptor '/home/pablo/Documents/robotic_sim/2_wheeled/install/toycar2D/share/toycar2D/package.dsv'
[0.973s] INFO:colcon.colcon_core.shell:Creating package script '/home/pablo/Documents/robotic_sim/2_wheeled/install/toycar2D/share/toycar2D/package.sh'
[0.974s] INFO:colcon.colcon_core.shell:Creating package script '/home/pablo/Documents/robotic_sim/2_wheeled/install/toycar2D/share/toycar2D/package.bash'
[0.974s] INFO:colcon.colcon_core.shell:Creating package script '/home/pablo/Documents/robotic_sim/2_wheeled/install/toycar2D/share/toycar2D/package.zsh'
[0.974s] Level 1:colcon.colcon_core.environment:create_file_with_runtime_dependencies(/home/pablo/Documents/robotic_sim/2_wheeled/install/toycar2D/share/colcon-core/packages/toycar2D)
[0.982s] Level 1:colcon.colcon_core.environment:create_environment_scripts_only(send_poses)
[0.986s] Level 1:colcon.colcon_core.environment:checking '/home/pablo/Documents/robotic_sim/2_wheeled/install/send_poses' for CMake module files
[0.988s] Level 1:colcon.colcon_core.environment:checking '/home/pablo/Documents/robotic_sim/2_wheeled/install/send_poses' for CMake config files
[0.989s] Level 1:colcon.colcon_core.shell:create_environment_hook('send_poses', 'cmake_prefix_path')
[0.993s] INFO:colcon.colcon_core.shell:Creating environment hook '/home/pablo/Documents/robotic_sim/2_wheeled/install/send_poses/share/send_poses/hook/cmake_prefix_path.ps1'
[0.994s] INFO:colcon.colcon_core.shell:Creating environment descriptor '/home/pablo/Documents/robotic_sim/2_wheeled/install/send_poses/share/send_poses/hook/cmake_prefix_path.dsv'
[0.995s] INFO:colcon.colcon_core.shell:Creating environment hook '/home/pablo/Documents/robotic_sim/2_wheeled/install/send_poses/share/send_poses/hook/cmake_prefix_path.sh'
[0.996s] Level 1:colcon.colcon_core.environment:checking '/home/pablo/Documents/robotic_sim/2_wheeled/install/send_poses/lib'
[0.997s] Level 1:colcon.colcon_core.environment:checking '/home/pablo/Documents/robotic_sim/2_wheeled/install/send_poses/bin'
[0.997s] Level 1:colcon.colcon_core.environment:checking '/home/pablo/Documents/robotic_sim/2_wheeled/install/send_poses/lib/pkgconfig/send_poses.pc'
[0.998s] Level 1:colcon.colcon_core.environment:checking '/home/pablo/Documents/robotic_sim/2_wheeled/install/send_poses/lib/python3.8/site-packages'
[0.998s] Level 1:colcon.colcon_core.environment:checking '/home/pablo/Documents/robotic_sim/2_wheeled/install/send_poses/bin'
[1.001s] INFO:colcon.colcon_core.shell:Creating package script '/home/pablo/Documents/robotic_sim/2_wheeled/install/send_poses/share/send_poses/package.ps1'
[1.002s] INFO:colcon.colcon_core.shell:Creating package descriptor '/home/pablo/Documents/robotic_sim/2_wheeled/install/send_poses/share/send_poses/package.dsv'
[1.003s] DEBUG:colcon.colcon_core.event_handler.log_command:Invoked command in '/home/pablo/Documents/robotic_sim/2_wheeled/build/send_poses' returned '0': CMAKE_PREFIX_PATH=${CMAKE_PREFIX_PATH}:/opt/ros/foxy /usr/bin/cmake --install /home/pablo/Documents/robotic_sim/2_wheeled/build/send_poses
[1.003s] INFO:colcon.colcon_core.shell:Creating package script '/home/pablo/Documents/robotic_sim/2_wheeled/install/send_poses/share/send_poses/package.sh'
[1.003s] INFO:colcon.colcon_core.shell:Creating package script '/home/pablo/Documents/robotic_sim/2_wheeled/install/send_poses/share/send_poses/package.bash'
[1.003s] INFO:colcon.colcon_core.shell:Creating package script '/home/pablo/Documents/robotic_sim/2_wheeled/install/send_poses/share/send_poses/package.zsh'
[1.004s] Level 1:colcon.colcon_core.environment:create_file_with_runtime_dependencies(/home/pablo/Documents/robotic_sim/2_wheeled/install/send_poses/share/colcon-core/packages/send_poses)
[1.015s] Level 1:colcon.colcon_core.environment:create_environment_scripts_only(apartment)
[1.021s] Level 1:colcon.colcon_core.environment:checking '/home/pablo/Documents/robotic_sim/2_wheeled/install/apartment' for CMake module files
[1.022s] Level 1:colcon.colcon_core.environment:checking '/home/pablo/Documents/robotic_sim/2_wheeled/install/apartment' for CMake config files
[1.023s] Level 1:colcon.colcon_core.shell:create_environment_hook('apartment', 'cmake_prefix_path')
[1.026s] INFO:colcon.colcon_core.shell:Creating environment hook '/home/pablo/Documents/robotic_sim/2_wheeled/install/apartment/share/apartment/hook/cmake_prefix_path.ps1'
[1.027s] INFO:colcon.colcon_core.shell:Creating environment descriptor '/home/pablo/Documents/robotic_sim/2_wheeled/install/apartment/share/apartment/hook/cmake_prefix_path.dsv'
[1.027s] INFO:colcon.colcon_core.shell:Creating environment hook '/home/pablo/Documents/robotic_sim/2_wheeled/install/apartment/share/apartment/hook/cmake_prefix_path.sh'
[1.028s] Level 1:colcon.colcon_core.environment:checking '/home/pablo/Documents/robotic_sim/2_wheeled/install/apartment/bin'
[1.029s] Level 1:colcon.colcon_core.environment:checking '/home/pablo/Documents/robotic_sim/2_wheeled/install/apartment/lib/pkgconfig/apartment.pc'
[1.029s] Level 1:colcon.colcon_core.environment:checking '/home/pablo/Documents/robotic_sim/2_wheeled/install/apartment/lib/python3.8/site-packages'
[1.029s] Level 1:colcon.colcon_core.environment:checking '/home/pablo/Documents/robotic_sim/2_wheeled/install/apartment/bin'
[1.034s] INFO:colcon.colcon_core.shell:Creating package script '/home/pablo/Documents/robotic_sim/2_wheeled/install/apartment/share/apartment/package.ps1'
[1.035s] INFO:colcon.colcon_core.shell:Creating package descriptor '/home/pablo/Documents/robotic_sim/2_wheeled/install/apartment/share/apartment/package.dsv'
[1.036s] INFO:colcon.colcon_core.shell:Creating package script '/home/pablo/Documents/robotic_sim/2_wheeled/install/apartment/share/apartment/package.sh'
[1.037s] INFO:colcon.colcon_core.shell:Creating package script '/home/pablo/Documents/robotic_sim/2_wheeled/install/apartment/share/apartment/package.bash'
[1.037s] INFO:colcon.colcon_core.shell:Creating package script '/home/pablo/Documents/robotic_sim/2_wheeled/install/apartment/share/apartment/package.zsh'
[1.038s] Level 1:colcon.colcon_core.environment:create_file_with_runtime_dependencies(/home/pablo/Documents/robotic_sim/2_wheeled/install/apartment/share/colcon-core/packages/apartment)
[1.038s] Level 1:colcon.colcon_core.environment:create_environment_scripts_only(map_generation)
[1.043s] Level 1:colcon.colcon_core.environment:checking '/home/pablo/Documents/robotic_sim/2_wheeled/install/map_generation' for CMake module files
[1.044s] DEBUG:colcon.colcon_core.event_handler.log_command:Invoked command in '/home/pablo/Documents/robotic_sim/2_wheeled/build/map_generation' returned '0': CMAKE_PREFIX_PATH=${CMAKE_PREFIX_PATH}:/opt/ros/foxy /usr/bin/cmake --install /home/pablo/Documents/robotic_sim/2_wheeled/build/map_generation
[1.044s] Level 1:colcon.colcon_core.environment:checking '/home/pablo/Documents/robotic_sim/2_wheeled/install/map_generation' for CMake config files
[1.044s] Level 1:colcon.colcon_core.shell:create_environment_hook('map_generation', 'cmake_prefix_path')
[1.048s] INFO:colcon.colcon_core.shell:Creating environment hook '/home/pablo/Documents/robotic_sim/2_wheeled/install/map_generation/share/map_generation/hook/cmake_prefix_path.ps1'
[1.048s] INFO:colcon.colcon_core.shell:Creating environment descriptor '/home/pablo/Documents/robotic_sim/2_wheeled/install/map_generation/share/map_generation/hook/cmake_prefix_path.dsv'
[1.049s] INFO:colcon.colcon_core.shell:Creating environment hook '/home/pablo/Documents/robotic_sim/2_wheeled/install/map_generation/share/map_generation/hook/cmake_prefix_path.sh'
[1.050s] Level 1:colcon.colcon_core.environment:checking '/home/pablo/Documents/robotic_sim/2_wheeled/install/map_generation/lib'
[1.050s] Level 1:colcon.colcon_core.environment:checking '/home/pablo/Documents/robotic_sim/2_wheeled/install/map_generation/bin'
[1.050s] Level 1:colcon.colcon_core.environment:checking '/home/pablo/Documents/robotic_sim/2_wheeled/install/map_generation/lib/pkgconfig/map_generation.pc'
[1.050s] Level 1:colcon.colcon_core.environment:checking '/home/pablo/Documents/robotic_sim/2_wheeled/install/map_generation/lib/python3.8/site-packages'
[1.050s] Level 1:colcon.colcon_core.environment:checking '/home/pablo/Documents/robotic_sim/2_wheeled/install/map_generation/bin'
[1.053s] INFO:colcon.colcon_core.shell:Creating package script '/home/pablo/Documents/robotic_sim/2_wheeled/install/map_generation/share/map_generation/package.ps1'
[1.054s] INFO:colcon.colcon_core.shell:Creating package descriptor '/home/pablo/Documents/robotic_sim/2_wheeled/install/map_generation/share/map_generation/package.dsv'
[1.054s] INFO:colcon.colcon_core.shell:Creating package script '/home/pablo/Documents/robotic_sim/2_wheeled/install/map_generation/share/map_generation/package.sh'
[1.054s] INFO:colcon.colcon_core.shell:Creating package script '/home/pablo/Documents/robotic_sim/2_wheeled/install/map_generation/share/map_generation/package.bash'
[1.055s] INFO:colcon.colcon_core.shell:Creating package script '/home/pablo/Documents/robotic_sim/2_wheeled/install/map_generation/share/map_generation/package.zsh'
[1.055s] Level 1:colcon.colcon_core.environment:create_file_with_runtime_dependencies(/home/pablo/Documents/robotic_sim/2_wheeled/install/map_generation/share/colcon-core/packages/map_generation)
[1.061s] Level 1:colcon.colcon_core.environment:create_environment_scripts_only(pid_controller)
[1.070s] Level 1:colcon.colcon_core.environment:checking '/home/pablo/Documents/robotic_sim/2_wheeled/install/pid_controller' for CMake module files
[1.071s] DEBUG:colcon.colcon_core.event_handler.log_command:Invoked command in '/home/pablo/Documents/robotic_sim/2_wheeled/build/pid_controller' returned '0': CMAKE_PREFIX_PATH=${CMAKE_PREFIX_PATH}:/opt/ros/foxy /usr/bin/cmake --install /home/pablo/Documents/robotic_sim/2_wheeled/build/pid_controller
[1.072s] Level 1:colcon.colcon_core.environment:checking '/home/pablo/Documents/robotic_sim/2_wheeled/install/pid_controller' for CMake config files
[1.072s] Level 1:colcon.colcon_core.shell:create_environment_hook('pid_controller', 'cmake_prefix_path')
[1.077s] INFO:colcon.colcon_core.shell:Creating environment hook '/home/pablo/Documents/robotic_sim/2_wheeled/install/pid_controller/share/pid_controller/hook/cmake_prefix_path.ps1'
[1.078s] INFO:colcon.colcon_core.shell:Creating environment descriptor '/home/pablo/Documents/robotic_sim/2_wheeled/install/pid_controller/share/pid_controller/hook/cmake_prefix_path.dsv'
[1.081s] INFO:colcon.colcon_core.shell:Creating environment hook '/home/pablo/Documents/robotic_sim/2_wheeled/install/pid_controller/share/pid_controller/hook/cmake_prefix_path.sh'
[1.082s] Level 1:colcon.colcon_core.environment:checking '/home/pablo/Documents/robotic_sim/2_wheeled/install/pid_controller/lib'
[1.082s] Level 1:colcon.colcon_core.environment:checking '/home/pablo/Documents/robotic_sim/2_wheeled/install/pid_controller/bin'
[1.083s] Level 1:colcon.colcon_core.environment:checking '/home/pablo/Documents/robotic_sim/2_wheeled/install/pid_controller/lib/pkgconfig/pid_controller.pc'
[1.083s] Level 1:colcon.colcon_core.environment:checking '/home/pablo/Documents/robotic_sim/2_wheeled/install/pid_controller/lib/python3.8/site-packages'
[1.083s] Level 1:colcon.colcon_core.environment:checking '/home/pablo/Documents/robotic_sim/2_wheeled/install/pid_controller/bin'
[1.087s] INFO:colcon.colcon_core.shell:Creating package script '/home/pablo/Documents/robotic_sim/2_wheeled/install/pid_controller/share/pid_controller/package.ps1'
[1.088s] INFO:colcon.colcon_core.shell:Creating package descriptor '/home/pablo/Documents/robotic_sim/2_wheeled/install/pid_controller/share/pid_controller/package.dsv'
[1.089s] INFO:colcon.colcon_core.shell:Creating package script '/home/pablo/Documents/robotic_sim/2_wheeled/install/pid_controller/share/pid_controller/package.sh'
[1.089s] INFO:colcon.colcon_core.shell:Creating package script '/home/pablo/Documents/robotic_sim/2_wheeled/install/pid_controller/share/pid_controller/package.bash'
[1.090s] INFO:colcon.colcon_core.shell:Creating package script '/home/pablo/Documents/robotic_sim/2_wheeled/install/pid_controller/share/pid_controller/package.zsh'
[1.090s] Level 1:colcon.colcon_core.environment:create_file_with_runtime_dependencies(/home/pablo/Documents/robotic_sim/2_wheeled/install/pid_controller/share/colcon-core/packages/pid_controller)
[1.103s] Level 1:colcon.colcon_core.environment:create_environment_scripts_only(toycar2D)
[1.109s] Level 1:colcon.colcon_core.environment:checking '/home/pablo/Documents/robotic_sim/2_wheeled/install/toycar2D' for CMake module files
[1.110s] Level 1:colcon.colcon_core.environment:checking '/home/pablo/Documents/robotic_sim/2_wheeled/install/toycar2D' for CMake config files
[1.112s] Level 1:colcon.colcon_core.shell:create_environment_hook('toycar2D', 'cmake_prefix_path')
[1.115s] INFO:colcon.colcon_core.shell:Creating environment hook '/home/pablo/Documents/robotic_sim/2_wheeled/install/toycar2D/share/toycar2D/hook/cmake_prefix_path.ps1'
[1.115s] INFO:colcon.colcon_core.shell:Creating environment descriptor '/home/pablo/Documents/robotic_sim/2_wheeled/install/toycar2D/share/toycar2D/hook/cmake_prefix_path.dsv'
[1.116s] INFO:colcon.colcon_core.shell:Creating environment hook '/home/pablo/Documents/robotic_sim/2_wheeled/install/toycar2D/share/toycar2D/hook/cmake_prefix_path.sh'
[1.116s] Level 1:colcon.colcon_core.environment:checking '/home/pablo/Documents/robotic_sim/2_wheeled/install/toycar2D/bin'
[1.117s] Level 1:colcon.colcon_core.environment:checking '/home/pablo/Documents/robotic_sim/2_wheeled/install/toycar2D/lib/pkgconfig/toycar2D.pc'
[1.117s] Level 1:colcon.colcon_core.environment:checking '/home/pablo/Documents/robotic_sim/2_wheeled/install/toycar2D/lib/python3.8/site-packages'
[1.117s] Level 1:colcon.colcon_core.environment:checking '/home/pablo/Documents/robotic_sim/2_wheeled/install/toycar2D/bin'
[1.121s] INFO:colcon.colcon_core.shell:Creating package script '/home/pablo/Documents/robotic_sim/2_wheeled/install/toycar2D/share/toycar2D/package.ps1'
[1.122s] INFO:colcon.colcon_core.shell:Creating package descriptor '/home/pablo/Documents/robotic_sim/2_wheeled/install/toycar2D/share/toycar2D/package.dsv'
[1.123s] INFO:colcon.colcon_core.shell:Creating package script '/home/pablo/Documents/robotic_sim/2_wheeled/install/toycar2D/share/toycar2D/package.sh'
[1.123s] INFO:colcon.colcon_core.shell:Creating package script '/home/pablo/Documents/robotic_sim/2_wheeled/install/toycar2D/share/toycar2D/package.bash'
[1.123s] INFO:colcon.colcon_core.shell:Creating package script '/home/pablo/Documents/robotic_sim/2_wheeled/install/toycar2D/share/toycar2D/package.zsh'
[1.124s] Level 1:colcon.colcon_core.environment:create_file_with_runtime_dependencies(/home/pablo/Documents/robotic_sim/2_wheeled/install/toycar2D/share/colcon-core/packages/toycar2D)
[1.131s] Level 1:colcon.colcon_core.environment:create_environment_scripts_only(send_poses)
[1.138s] Level 1:colcon.colcon_core.environment:checking '/home/pablo/Documents/robotic_sim/2_wheeled/install/send_poses' for CMake module files
[1.140s] Level 1:colcon.colcon_core.environment:checking '/home/pablo/Documents/robotic_sim/2_wheeled/install/send_poses' for CMake config files
[1.140s] Level 1:colcon.colcon_core.shell:create_environment_hook('send_poses', 'cmake_prefix_path')
[1.145s] INFO:colcon.colcon_core.shell:Creating environment hook '/home/pablo/Documents/robotic_sim/2_wheeled/install/send_poses/share/send_poses/hook/cmake_prefix_path.ps1'
[1.146s] INFO:colcon.colcon_core.shell:Creating environment descriptor '/home/pablo/Documents/robotic_sim/2_wheeled/install/send_poses/share/send_poses/hook/cmake_prefix_path.dsv'
[1.146s] INFO:colcon.colcon_core.shell:Creating environment hook '/home/pablo/Documents/robotic_sim/2_wheeled/install/send_poses/share/send_poses/hook/cmake_prefix_path.sh'
[1.146s] Level 1:colcon.colcon_core.environment:checking '/home/pablo/Documents/robotic_sim/2_wheeled/install/send_poses/lib'
[1.147s] Level 1:colcon.colcon_core.environment:checking '/home/pablo/Documents/robotic_sim/2_wheeled/install/send_poses/bin'
[1.147s] Level 1:colcon.colcon_core.environment:checking '/home/pablo/Documents/robotic_sim/2_wheeled/install/send_poses/lib/pkgconfig/send_poses.pc'
[1.147s] Level 1:colcon.colcon_core.environment:checking '/home/pablo/Documents/robotic_sim/2_wheeled/install/send_poses/lib/python3.8/site-packages'
[1.147s] Level 1:colcon.colcon_core.environment:checking '/home/pablo/Documents/robotic_sim/2_wheeled/install/send_poses/bin'
[1.150s] INFO:colcon.colcon_core.shell:Creating package script '/home/pablo/Documents/robotic_sim/2_wheeled/install/send_poses/share/send_poses/package.ps1'
[1.151s] INFO:colcon.colcon_core.shell:Creating package descriptor '/home/pablo/Documents/robotic_sim/2_wheeled/install/send_poses/share/send_poses/package.dsv'
[1.152s] INFO:colcon.colcon_core.shell:Creating package script '/home/pablo/Documents/robotic_sim/2_wheeled/install/send_poses/share/send_poses/package.sh'
[1.152s] INFO:colcon.colcon_core.shell:Creating package script '/home/pablo/Documents/robotic_sim/2_wheeled/install/send_poses/share/send_poses/package.bash'
[1.152s] INFO:colcon.colcon_core.shell:Creating package script '/home/pablo/Documents/robotic_sim/2_wheeled/install/send_poses/share/send_poses/package.zsh'
[1.153s] Level 1:colcon.colcon_core.environment:create_file_with_runtime_dependencies(/home/pablo/Documents/robotic_sim/2_wheeled/install/send_poses/share/colcon-core/packages/send_poses)
[1.156s] Level 1:colcon.colcon_core.environment:create_environment_scripts_only(map_generation)
[1.160s] Level 1:colcon.colcon_core.environment:checking '/home/pablo/Documents/robotic_sim/2_wheeled/install/map_generation' for CMake module files
[1.161s] Level 1:colcon.colcon_core.environment:checking '/home/pablo/Documents/robotic_sim/2_wheeled/install/map_generation' for CMake config files
[1.162s] Level 1:colcon.colcon_core.shell:create_environment_hook('map_generation', 'cmake_prefix_path')
[1.166s] INFO:colcon.colcon_core.shell:Creating environment hook '/home/pablo/Documents/robotic_sim/2_wheeled/install/map_generation/share/map_generation/hook/cmake_prefix_path.ps1'
[1.166s] INFO:colcon.colcon_core.shell:Creating environment descriptor '/home/pablo/Documents/robotic_sim/2_wheeled/install/map_generation/share/map_generation/hook/cmake_prefix_path.dsv'
[1.167s] INFO:colcon.colcon_core.shell:Creating environment hook '/home/pablo/Documents/robotic_sim/2_wheeled/install/map_generation/share/map_generation/hook/cmake_prefix_path.sh'
[1.167s] Level 1:colcon.colcon_core.environment:checking '/home/pablo/Documents/robotic_sim/2_wheeled/install/map_generation/lib'
[1.167s] Level 1:colcon.colcon_core.environment:checking '/home/pablo/Documents/robotic_sim/2_wheeled/install/map_generation/bin'
[1.167s] Level 1:colcon.colcon_core.environment:checking '/home/pablo/Documents/robotic_sim/2_wheeled/install/map_generation/lib/pkgconfig/map_generation.pc'
[1.168s] Level 1:colcon.colcon_core.environment:checking '/home/pablo/Documents/robotic_sim/2_wheeled/install/map_generation/lib/python3.8/site-packages'
[1.168s] Level 1:colcon.colcon_core.environment:checking '/home/pablo/Documents/robotic_sim/2_wheeled/install/map_generation/bin'
[1.171s] INFO:colcon.colcon_core.shell:Creating package script '/home/pablo/Documents/robotic_sim/2_wheeled/install/map_generation/share/map_generation/package.ps1'
[1.174s] INFO:colcon.colcon_core.shell:Creating package descriptor '/home/pablo/Documents/robotic_sim/2_wheeled/install/map_generation/share/map_generation/package.dsv'
[1.175s] INFO:colcon.colcon_core.shell:Creating package script '/home/pablo/Documents/robotic_sim/2_wheeled/install/map_generation/share/map_generation/package.sh'
[1.176s] INFO:colcon.colcon_core.shell:Creating package script '/home/pablo/Documents/robotic_sim/2_wheeled/install/map_generation/share/map_generation/package.bash'
[1.176s] INFO:colcon.colcon_core.shell:Creating package script '/home/pablo/Documents/robotic_sim/2_wheeled/install/map_generation/share/map_generation/package.zsh'
[1.177s] Level 1:colcon.colcon_core.environment:create_file_with_runtime_dependencies(/home/pablo/Documents/robotic_sim/2_wheeled/install/map_generation/share/colcon-core/packages/map_generation)
[1.182s] Level 1:colcon.colcon_core.environment:create_environment_scripts_only(pid_controller)
[1.187s] Level 1:colcon.colcon_core.environment:checking '/home/pablo/Documents/robotic_sim/2_wheeled/install/pid_controller' for CMake module files
[1.188s] Level 1:colcon.colcon_core.environment:checking '/home/pablo/Documents/robotic_sim/2_wheeled/install/pid_controller' for CMake config files
[1.188s] Level 1:colcon.colcon_core.shell:create_environment_hook('pid_controller', 'cmake_prefix_path')
[1.192s] INFO:colcon.colcon_core.shell:Creating environment hook '/home/pablo/Documents/robotic_sim/2_wheeled/install/pid_controller/share/pid_controller/hook/cmake_prefix_path.ps1'
[1.193s] INFO:colcon.colcon_core.shell:Creating environment descriptor '/home/pablo/Documents/robotic_sim/2_wheeled/install/pid_controller/share/pid_controller/hook/cmake_prefix_path.dsv'
[1.193s] INFO:colcon.colcon_core.shell:Creating environment hook '/home/pablo/Documents/robotic_sim/2_wheeled/install/pid_controller/share/pid_controller/hook/cmake_prefix_path.sh'
[1.194s] Level 1:colcon.colcon_core.environment:checking '/home/pablo/Documents/robotic_sim/2_wheeled/install/pid_controller/lib'
[1.194s] Level 1:colcon.colcon_core.environment:checking '/home/pablo/Documents/robotic_sim/2_wheeled/install/pid_controller/bin'
[1.194s] Level 1:colcon.colcon_core.environment:checking '/home/pablo/Documents/robotic_sim/2_wheeled/install/pid_controller/lib/pkgconfig/pid_controller.pc'
[1.194s] Level 1:colcon.colcon_core.environment:checking '/home/pablo/Documents/robotic_sim/2_wheeled/install/pid_controller/lib/python3.8/site-packages'
[1.194s] Level 1:colcon.colcon_core.environment:checking '/home/pablo/Documents/robotic_sim/2_wheeled/install/pid_controller/bin'
[1.198s] INFO:colcon.colcon_core.shell:Creating package script '/home/pablo/Documents/robotic_sim/2_wheeled/install/pid_controller/share/pid_controller/package.ps1'
[1.199s] INFO:colcon.colcon_core.shell:Creating package descriptor '/home/pablo/Documents/robotic_sim/2_wheeled/install/pid_controller/share/pid_controller/package.dsv'
[1.199s] INFO:colcon.colcon_core.shell:Creating package script '/home/pablo/Documents/robotic_sim/2_wheeled/install/pid_controller/share/pid_controller/package.sh'
[1.200s] INFO:colcon.colcon_core.shell:Creating package script '/home/pablo/Documents/robotic_sim/2_wheeled/install/pid_controller/share/pid_controller/package.bash'
[1.200s] INFO:colcon.colcon_core.shell:Creating package script '/home/pablo/Documents/robotic_sim/2_wheeled/install/pid_controller/share/pid_controller/package.zsh'
[1.200s] Level 1:colcon.colcon_core.environment:create_file_with_runtime_dependencies(/home/pablo/Documents/robotic_sim/2_wheeled/install/pid_controller/share/colcon-core/packages/pid_controller)
[2.054s] DEBUG:colcon.colcon_core.event_handler.log_command:Invoked command in '/home/pablo/Documents/robotic_sim/2_wheeled/build/toycar3D' returned '0': CMAKE_PREFIX_PATH=${CMAKE_PREFIX_PATH}:/opt/ros/foxy /usr/bin/cmake /home/pablo/Documents/robotic_sim/2_wheeled/src/toycar3D -DCMAKE_INSTALL_PREFIX=/home/pablo/Documents/robotic_sim/2_wheeled/install/toycar3D
[2.056s] DEBUG:colcon.colcon_core.event_handler.log_command:Invoking command in '/home/pablo/Documents/robotic_sim/2_wheeled/build/toycar3D': CMAKE_PREFIX_PATH=${CMAKE_PREFIX_PATH}:/opt/ros/foxy /usr/bin/cmake --build /home/pablo/Documents/robotic_sim/2_wheeled/build/toycar3D -- -j12 -l12
[2.096s] DEBUG:colcon.colcon_core.event_handler.log_command:Invoked command in '/home/pablo/Documents/robotic_sim/2_wheeled/build/toycar3D' returned '0': CMAKE_PREFIX_PATH=${CMAKE_PREFIX_PATH}:/opt/ros/foxy /usr/bin/cmake --build /home/pablo/Documents/robotic_sim/2_wheeled/build/toycar3D -- -j12 -l12
[2.119s] DEBUG:colcon.colcon_core.event_handler.log_command:Invoking command in '/home/pablo/Documents/robotic_sim/2_wheeled/build/toycar3D': CMAKE_PREFIX_PATH=${CMAKE_PREFIX_PATH}:/opt/ros/foxy /usr/bin/cmake --install /home/pablo/Documents/robotic_sim/2_wheeled/build/toycar3D
[2.135s] Level 1:colcon.colcon_core.environment:create_environment_scripts_only(toycar3D)
[2.139s] Level 1:colcon.colcon_core.environment:checking '/home/pablo/Documents/robotic_sim/2_wheeled/install/toycar3D' for CMake module files
[2.140s] DEBUG:colcon.colcon_core.event_handler.log_command:Invoked command in '/home/pablo/Documents/robotic_sim/2_wheeled/build/toycar3D' returned '0': CMAKE_PREFIX_PATH=${CMAKE_PREFIX_PATH}:/opt/ros/foxy /usr/bin/cmake --install /home/pablo/Documents/robotic_sim/2_wheeled/build/toycar3D
[2.140s] Level 1:colcon.colcon_core.environment:checking '/home/pablo/Documents/robotic_sim/2_wheeled/install/toycar3D' for CMake config files
[2.140s] Level 1:colcon.colcon_core.shell:create_environment_hook('toycar3D', 'cmake_prefix_path')
[2.143s] INFO:colcon.colcon_core.shell:Creating environment hook '/home/pablo/Documents/robotic_sim/2_wheeled/install/toycar3D/share/toycar3D/hook/cmake_prefix_path.ps1'
[2.144s] INFO:colcon.colcon_core.shell:Creating environment descriptor '/home/pablo/Documents/robotic_sim/2_wheeled/install/toycar3D/share/toycar3D/hook/cmake_prefix_path.dsv'
[2.144s] INFO:colcon.colcon_core.shell:Creating environment hook '/home/pablo/Documents/robotic_sim/2_wheeled/install/toycar3D/share/toycar3D/hook/cmake_prefix_path.sh'
[2.144s] Level 1:colcon.colcon_core.environment:checking '/home/pablo/Documents/robotic_sim/2_wheeled/install/toycar3D/bin'
[2.144s] Level 1:colcon.colcon_core.environment:checking '/home/pablo/Documents/robotic_sim/2_wheeled/install/toycar3D/lib/pkgconfig/toycar3D.pc'
[2.145s] Level 1:colcon.colcon_core.environment:checking '/home/pablo/Documents/robotic_sim/2_wheeled/install/toycar3D/lib/python3.8/site-packages'
[2.145s] Level 1:colcon.colcon_core.environment:checking '/home/pablo/Documents/robotic_sim/2_wheeled/install/toycar3D/bin'
[2.147s] INFO:colcon.colcon_core.shell:Creating package script '/home/pablo/Documents/robotic_sim/2_wheeled/install/toycar3D/share/toycar3D/package.ps1'
[2.148s] INFO:colcon.colcon_core.shell:Creating package descriptor '/home/pablo/Documents/robotic_sim/2_wheeled/install/toycar3D/share/toycar3D/package.dsv'
[2.148s] INFO:colcon.colcon_core.shell:Creating package script '/home/pablo/Documents/robotic_sim/2_wheeled/install/toycar3D/share/toycar3D/package.sh'
[2.149s] INFO:colcon.colcon_core.shell:Creating package script '/home/pablo/Documents/robotic_sim/2_wheeled/install/toycar3D/share/toycar3D/package.bash'
[2.149s] INFO:colcon.colcon_core.shell:Creating package script '/home/pablo/Documents/robotic_sim/2_wheeled/install/toycar3D/share/toycar3D/package.zsh'
[2.149s] Level 1:colcon.colcon_core.environment:create_file_with_runtime_dependencies(/home/pablo/Documents/robotic_sim/2_wheeled/install/toycar3D/share/colcon-core/packages/toycar3D)
[2.170s] Level 1:colcon.colcon_core.environment:create_environment_scripts_only(toycar3D)
[2.173s] Level 1:colcon.colcon_core.environment:checking '/home/pablo/Documents/robotic_sim/2_wheeled/install/toycar3D' for CMake module files
[2.174s] Level 1:colcon.colcon_core.environment:checking '/home/pablo/Documents/robotic_sim/2_wheeled/install/toycar3D' for CMake config files
[2.174s] Level 1:colcon.colcon_core.shell:create_environment_hook('toycar3D', 'cmake_prefix_path')
[2.176s] INFO:colcon.colcon_core.shell:Creating environment hook '/home/pablo/Documents/robotic_sim/2_wheeled/install/toycar3D/share/toycar3D/hook/cmake_prefix_path.ps1'
[2.177s] INFO:colcon.colcon_core.shell:Creating environment descriptor '/home/pablo/Documents/robotic_sim/2_wheeled/install/toycar3D/share/toycar3D/hook/cmake_prefix_path.dsv'
[2.178s] INFO:colcon.colcon_core.shell:Creating environment hook '/home/pablo/Documents/robotic_sim/2_wheeled/install/toycar3D/share/toycar3D/hook/cmake_prefix_path.sh'
[2.178s] Level 1:colcon.colcon_core.environment:checking '/home/pablo/Documents/robotic_sim/2_wheeled/install/toycar3D/bin'
[2.178s] Level 1:colcon.colcon_core.environment:checking '/home/pablo/Documents/robotic_sim/2_wheeled/install/toycar3D/lib/pkgconfig/toycar3D.pc'
[2.178s] Level 1:colcon.colcon_core.environment:checking '/home/pablo/Documents/robotic_sim/2_wheeled/install/toycar3D/lib/python3.8/site-packages'
[2.178s] Level 1:colcon.colcon_core.environment:checking '/home/pablo/Documents/robotic_sim/2_wheeled/install/toycar3D/bin'
[2.181s] INFO:colcon.colcon_core.shell:Creating package script '/home/pablo/Documents/robotic_sim/2_wheeled/install/toycar3D/share/toycar3D/package.ps1'
[2.181s] INFO:colcon.colcon_core.shell:Creating package descriptor '/home/pablo/Documents/robotic_sim/2_wheeled/install/toycar3D/share/toycar3D/package.dsv'
[2.182s] INFO:colcon.colcon_core.shell:Creating package script '/home/pablo/Documents/robotic_sim/2_wheeled/install/toycar3D/share/toycar3D/package.sh'
[2.182s] INFO:colcon.colcon_core.shell:Creating package script '/home/pablo/Documents/robotic_sim/2_wheeled/install/toycar3D/share/toycar3D/package.bash'
[2.182s] INFO:colcon.colcon_core.shell:Creating package script '/home/pablo/Documents/robotic_sim/2_wheeled/install/toycar3D/share/toycar3D/package.zsh'
[2.183s] Level 1:colcon.colcon_core.environment:create_file_with_runtime_dependencies(/home/pablo/Documents/robotic_sim/2_wheeled/install/toycar3D/share/colcon-core/packages/toycar3D)
[2.183s] DEBUG:colcon.colcon_parallel_executor.executor.parallel:closing loop
[2.183s] DEBUG:colcon.colcon_parallel_executor.executor.parallel:loop closed
[2.183s] DEBUG:colcon.colcon_parallel_executor.executor.parallel:run_until_complete finished with '0'
[2.184s] DEBUG:colcon.colcon_core.event_reactor:joining thread
[2.191s] INFO:colcon.colcon_core.plugin_system:Skipping extension 'colcon_notification.desktop_notification.terminal_notifier': Not used on non-Darwin systems
[2.191s] INFO:colcon.colcon_core.plugin_system:Skipping extension 'colcon_notification.desktop_notification.win32': Not used on non-Windows systems
[2.191s] INFO:colcon.colcon_notification.desktop_notification:Sending desktop notification using 'notify2'
[2.202s] DEBUG:colcon.colcon_core.event_reactor:joined thread
[2.205s] INFO:colcon.colcon_core.shell:Creating prefix script '/home/pablo/Documents/robotic_sim/2_wheeled/install/local_setup.ps1'
[2.206s] INFO:colcon.colcon_core.shell:Creating prefix util module '/home/pablo/Documents/robotic_sim/2_wheeled/install/_local_setup_util_ps1.py'
[2.207s] INFO:colcon.colcon_core.shell:Creating prefix chain script '/home/pablo/Documents/robotic_sim/2_wheeled/install/setup.ps1'
[2.211s] INFO:colcon.colcon_core.shell:Creating prefix script '/home/pablo/Documents/robotic_sim/2_wheeled/install/local_setup.sh'
[2.211s] INFO:colcon.colcon_core.shell:Creating prefix util module '/home/pablo/Documents/robotic_sim/2_wheeled/install/_local_setup_util_sh.py'
[2.212s] INFO:colcon.colcon_core.shell:Creating prefix chain script '/home/pablo/Documents/robotic_sim/2_wheeled/install/setup.sh'
[2.216s] INFO:colcon.colcon_core.shell:Creating prefix script '/home/pablo/Documents/robotic_sim/2_wheeled/install/local_setup.bash'
[2.216s] INFO:colcon.colcon_core.shell:Creating prefix chain script '/home/pablo/Documents/robotic_sim/2_wheeled/install/setup.bash'
[2.220s] INFO:colcon.colcon_core.shell:Creating prefix script '/home/pablo/Documents/robotic_sim/2_wheeled/install/local_setup.zsh'
[2.220s] INFO:colcon.colcon_core.shell:Creating prefix chain script '/home/pablo/Documents/robotic_sim/2_wheeled/install/setup.zsh'
