-- Install configuration: ""
-- Up-to-date: /home/pablo/Documents/robotic_sim/2_wheeled/install/toycar2D/share/toycar2D/launch
-- Up-to-date: /home/pablo/Documents/robotic_sim/2_wheeled/install/toycar2D/share/toycar2D/launch/world.launch.py
-- Up-to-date: /home/pablo/Documents/robotic_sim/2_wheeled/install/toycar2D/share/toycar2D/launch/spawn.launch.py
-- Up-to-date: /home/pablo/Documents/robotic_sim/2_wheeled/install/toycar2D/share/toycar2D/meshes
-- Up-to-date: /home/pablo/Documents/robotic_sim/2_wheeled/install/toycar2D/share/toycar2D/meshes/low_part.stl
-- Up-to-date: /home/pablo/Documents/robotic_sim/2_wheeled/install/toycar2D/share/toycar2D/meshes/caster.stl
-- Up-to-date: /home/pablo/Documents/robotic_sim/2_wheeled/install/toycar2D/share/toycar2D/meshes/wheel.stl
-- Up-to-date: /home/pablo/Documents/robotic_sim/2_wheeled/install/toycar2D/share/toycar2D/urdf
-- Up-to-date: /home/pablo/Documents/robotic_sim/2_wheeled/install/toycar2D/share/toycar2D/urdf/toy.urdf.xacro
-- Up-to-date: /home/pablo/Documents/robotic_sim/2_wheeled/install/toycar2D/share/toycar2D/urdf/gazebo.xacro
-- Up-to-date: /home/pablo/Documents/robotic_sim/2_wheeled/install/toycar2D/share/toycar2D/urdf/ray_scanner.xacro
-- Up-to-date: /home/pablo/Documents/robotic_sim/2_wheeled/install/toycar2D/share/toycar2D/worlds
-- Up-to-date: /home/pablo/Documents/robotic_sim/2_wheeled/install/toycar2D/share/toycar2D/worlds/world.world
-- Up-to-date: /home/pablo/Documents/robotic_sim/2_wheeled/install/toycar2D/share/ament_index/resource_index/package_run_dependencies/toycar2D
-- Up-to-date: /home/pablo/Documents/robotic_sim/2_wheeled/install/toycar2D/share/ament_index/resource_index/parent_prefix_path/toycar2D
-- Up-to-date: /home/pablo/Documents/robotic_sim/2_wheeled/install/toycar2D/share/toycar2D/environment/ament_prefix_path.sh
-- Up-to-date: /home/pablo/Documents/robotic_sim/2_wheeled/install/toycar2D/share/toycar2D/environment/ament_prefix_path.dsv
-- Up-to-date: /home/pablo/Documents/robotic_sim/2_wheeled/install/toycar2D/share/toycar2D/environment/path.sh
-- Up-to-date: /home/pablo/Documents/robotic_sim/2_wheeled/install/toycar2D/share/toycar2D/environment/path.dsv
-- Up-to-date: /home/pablo/Documents/robotic_sim/2_wheeled/install/toycar2D/share/toycar2D/local_setup.bash
-- Up-to-date: /home/pablo/Documents/robotic_sim/2_wheeled/install/toycar2D/share/toycar2D/local_setup.sh
-- Up-to-date: /home/pablo/Documents/robotic_sim/2_wheeled/install/toycar2D/share/toycar2D/local_setup.zsh
-- Up-to-date: /home/pablo/Documents/robotic_sim/2_wheeled/install/toycar2D/share/toycar2D/local_setup.dsv
-- Installing: /home/pablo/Documents/robotic_sim/2_wheeled/install/toycar2D/share/toycar2D/package.dsv
-- Up-to-date: /home/pablo/Documents/robotic_sim/2_wheeled/install/toycar2D/share/ament_index/resource_index/packages/toycar2D
-- Up-to-date: /home/pablo/Documents/robotic_sim/2_wheeled/install/toycar2D/share/toycar2D/cmake/toycar2DConfig.cmake
-- Up-to-date: /home/pablo/Documents/robotic_sim/2_wheeled/install/toycar2D/share/toycar2D/cmake/toycar2DConfig-version.cmake
-- Up-to-date: /home/pablo/Documents/robotic_sim/2_wheeled/install/toycar2D/share/toycar2D/package.xml
