[0.449s] DEBUG:colcon:Command line arguments: ['/usr/bin/colcon', 'build']
[0.449s] DEBUG:colcon:Parsed command line arguments: Namespace(allow_overriding=[], ament_cmake_args=None, base_paths=['.'], build_base='build', catkin_cmake_args=None, catkin_skip_building_tests=False, cmake_args=None, cmake_clean_cache=False, cmake_clean_first=False, cmake_force_configure=False, cmake_target=None, cmake_target_skip_unavailable=False, continue_on_error=False, event_handlers=None, executor='parallel', ignore_user_meta=False, install_base='install', log_base=None, log_level=None, main=<bound method BuildVerb.main of <colcon_core.verb.build.BuildVerb object at 0x7f68511a83a0>>, merge_install=False, metas=['./colcon.meta'], mixin=None, mixin_files=None, mixin_verb=('build',), packages_above=None, packages_above_and_dependencies=None, packages_above_depth=None, packages_end=None, packages_ignore=None, packages_ignore_regex=None, packages_select=None, packages_select_build_failed=False, packages_select_by_dep=None, packages_select_regex=None, packages_select_test_failures=False, packages_skip=None, packages_skip_build_finished=False, packages_skip_by_dep=None, packages_skip_regex=None, packages_skip_test_passed=False, packages_skip_up_to=None, packages_start=None, packages_up_to=None, packages_up_to_regex=None, parallel_workers=12, paths=None, symlink_install=False, test_result_base=None, verb_extension=<colcon_core.verb.build.BuildVerb object at 0x7f68511a83a0>, verb_name='build', verb_parser=<colcon_mixin.mixin.mixin_argument.MixinArgumentDecorator object at 0x7f6850e70d30>)
[0.474s] Level 1:colcon.colcon_core.package_discovery:discover_packages(colcon_meta) check parameters
[0.474s] Level 1:colcon.colcon_core.package_discovery:discover_packages(recursive) check parameters
[0.474s] Level 1:colcon.colcon_core.package_discovery:discover_packages(ignore) check parameters
[0.474s] Level 1:colcon.colcon_core.package_discovery:discover_packages(path) check parameters
[0.474s] Level 1:colcon.colcon_core.package_discovery:discover_packages(colcon_meta) discover
[0.474s] Level 1:colcon.colcon_core.package_discovery:discover_packages(recursive) discover
[0.474s] INFO:colcon.colcon_core.package_discovery:Crawling recursively for packages in '/home/pablo/Documents/robotic_sim/2_wheeled'
[0.475s] Level 1:colcon.colcon_core.package_identification:_identify(.) by extensions ['ignore', 'ignore_ament_install']
[0.475s] Level 1:colcon.colcon_core.package_identification:_identify(.) by extension 'ignore'
[0.475s] Level 1:colcon.colcon_core.package_identification:_identify(.) by extension 'ignore_ament_install'
[0.475s] Level 1:colcon.colcon_core.package_identification:_identify(.) by extensions ['colcon_pkg']
[0.475s] Level 1:colcon.colcon_core.package_identification:_identify(.) by extension 'colcon_pkg'
[0.475s] Level 1:colcon.colcon_core.package_identification:_identify(.) by extensions ['colcon_meta']
[0.475s] Level 1:colcon.colcon_core.package_identification:_identify(.) by extension 'colcon_meta'
[0.475s] Level 1:colcon.colcon_core.package_identification:_identify(.) by extensions ['ros']
[0.475s] Level 1:colcon.colcon_core.package_identification:_identify(.) by extension 'ros'
[0.485s] Level 1:colcon.colcon_core.package_identification:_identify(.) by extensions ['cmake', 'python']
[0.485s] Level 1:colcon.colcon_core.package_identification:_identify(.) by extension 'cmake'
[0.485s] Level 1:colcon.colcon_core.package_identification:_identify(.) by extension 'python'
[0.485s] Level 1:colcon.colcon_core.package_identification:_identify(.) by extensions ['python_setup_py']
[0.485s] Level 1:colcon.colcon_core.package_identification:_identify(.) by extension 'python_setup_py'
[0.485s] Level 1:colcon.colcon_core.package_identification:_identify(build) by extensions ['ignore', 'ignore_ament_install']
[0.485s] Level 1:colcon.colcon_core.package_identification:_identify(build) by extension 'ignore'
[0.485s] Level 1:colcon.colcon_core.package_identification:_identify(build) ignored
[0.485s] Level 1:colcon.colcon_core.package_identification:_identify(install) by extensions ['ignore', 'ignore_ament_install']
[0.485s] Level 1:colcon.colcon_core.package_identification:_identify(install) by extension 'ignore'
[0.485s] Level 1:colcon.colcon_core.package_identification:_identify(install) ignored
[0.486s] Level 1:colcon.colcon_core.package_identification:_identify(log) by extensions ['ignore', 'ignore_ament_install']
[0.486s] Level 1:colcon.colcon_core.package_identification:_identify(log) by extension 'ignore'
[0.486s] Level 1:colcon.colcon_core.package_identification:_identify(log) ignored
[0.486s] Level 1:colcon.colcon_core.package_identification:_identify(src) by extensions ['ignore', 'ignore_ament_install']
[0.486s] Level 1:colcon.colcon_core.package_identification:_identify(src) by extension 'ignore'
[0.486s] Level 1:colcon.colcon_core.package_identification:_identify(src) by extension 'ignore_ament_install'
[0.486s] Level 1:colcon.colcon_core.package_identification:_identify(src) by extensions ['colcon_pkg']
[0.486s] Level 1:colcon.colcon_core.package_identification:_identify(src) by extension 'colcon_pkg'
[0.486s] Level 1:colcon.colcon_core.package_identification:_identify(src) by extensions ['colcon_meta']
[0.486s] Level 1:colcon.colcon_core.package_identification:_identify(src) by extension 'colcon_meta'
[0.486s] Level 1:colcon.colcon_core.package_identification:_identify(src) by extensions ['ros']
[0.486s] Level 1:colcon.colcon_core.package_identification:_identify(src) by extension 'ros'
[0.486s] Level 1:colcon.colcon_core.package_identification:_identify(src) by extensions ['cmake', 'python']
[0.486s] Level 1:colcon.colcon_core.package_identification:_identify(src) by extension 'cmake'
[0.486s] Level 1:colcon.colcon_core.package_identification:_identify(src) by extension 'python'
[0.486s] Level 1:colcon.colcon_core.package_identification:_identify(src) by extensions ['python_setup_py']
[0.486s] Level 1:colcon.colcon_core.package_identification:_identify(src) by extension 'python_setup_py'
[0.486s] Level 1:colcon.colcon_core.package_identification:_identify(src/apartment) by extensions ['ignore', 'ignore_ament_install']
[0.486s] Level 1:colcon.colcon_core.package_identification:_identify(src/apartment) by extension 'ignore'
[0.486s] Level 1:colcon.colcon_core.package_identification:_identify(src/apartment) by extension 'ignore_ament_install'
[0.486s] Level 1:colcon.colcon_core.package_identification:_identify(src/apartment) by extensions ['colcon_pkg']
[0.486s] Level 1:colcon.colcon_core.package_identification:_identify(src/apartment) by extension 'colcon_pkg'
[0.487s] Level 1:colcon.colcon_core.package_identification:_identify(src/apartment) by extensions ['colcon_meta']
[0.487s] Level 1:colcon.colcon_core.package_identification:_identify(src/apartment) by extension 'colcon_meta'
[0.487s] Level 1:colcon.colcon_core.package_identification:_identify(src/apartment) by extensions ['ros']
[0.487s] Level 1:colcon.colcon_core.package_identification:_identify(src/apartment) by extension 'ros'
[0.489s] DEBUG:colcon.colcon_core.package_identification:Package 'src/apartment' with type 'ros.ament_cmake' and name 'apartment'
[0.489s] Level 1:colcon.colcon_core.package_identification:_identify(src/map_generation) by extensions ['ignore', 'ignore_ament_install']
[0.489s] Level 1:colcon.colcon_core.package_identification:_identify(src/map_generation) by extension 'ignore'
[0.489s] Level 1:colcon.colcon_core.package_identification:_identify(src/map_generation) by extension 'ignore_ament_install'
[0.489s] Level 1:colcon.colcon_core.package_identification:_identify(src/map_generation) by extensions ['colcon_pkg']
[0.489s] Level 1:colcon.colcon_core.package_identification:_identify(src/map_generation) by extension 'colcon_pkg'
[0.489s] Level 1:colcon.colcon_core.package_identification:_identify(src/map_generation) by extensions ['colcon_meta']
[0.489s] Level 1:colcon.colcon_core.package_identification:_identify(src/map_generation) by extension 'colcon_meta'
[0.489s] Level 1:colcon.colcon_core.package_identification:_identify(src/map_generation) by extensions ['ros']
[0.489s] Level 1:colcon.colcon_core.package_identification:_identify(src/map_generation) by extension 'ros'
[0.490s] DEBUG:colcon.colcon_core.package_identification:Package 'src/map_generation' with type 'ros.ament_cmake' and name 'map_generation'
[0.490s] Level 1:colcon.colcon_core.package_identification:_identify(src/pid_controller) by extensions ['ignore', 'ignore_ament_install']
[0.490s] Level 1:colcon.colcon_core.package_identification:_identify(src/pid_controller) by extension 'ignore'
[0.490s] Level 1:colcon.colcon_core.package_identification:_identify(src/pid_controller) by extension 'ignore_ament_install'
[0.490s] Level 1:colcon.colcon_core.package_identification:_identify(src/pid_controller) by extensions ['colcon_pkg']
[0.490s] Level 1:colcon.colcon_core.package_identification:_identify(src/pid_controller) by extension 'colcon_pkg'
[0.490s] Level 1:colcon.colcon_core.package_identification:_identify(src/pid_controller) by extensions ['colcon_meta']
[0.490s] Level 1:colcon.colcon_core.package_identification:_identify(src/pid_controller) by extension 'colcon_meta'
[0.490s] Level 1:colcon.colcon_core.package_identification:_identify(src/pid_controller) by extensions ['ros']
[0.490s] Level 1:colcon.colcon_core.package_identification:_identify(src/pid_controller) by extension 'ros'
[0.491s] DEBUG:colcon.colcon_core.package_identification:Package 'src/pid_controller' with type 'ros.ament_cmake' and name 'pid_controller'
[0.491s] Level 1:colcon.colcon_core.package_identification:_identify(src/send_poses) by extensions ['ignore', 'ignore_ament_install']
[0.491s] Level 1:colcon.colcon_core.package_identification:_identify(src/send_poses) by extension 'ignore'
[0.491s] Level 1:colcon.colcon_core.package_identification:_identify(src/send_poses) by extension 'ignore_ament_install'
[0.491s] Level 1:colcon.colcon_core.package_identification:_identify(src/send_poses) by extensions ['colcon_pkg']
[0.491s] Level 1:colcon.colcon_core.package_identification:_identify(src/send_poses) by extension 'colcon_pkg'
[0.491s] Level 1:colcon.colcon_core.package_identification:_identify(src/send_poses) by extensions ['colcon_meta']
[0.491s] Level 1:colcon.colcon_core.package_identification:_identify(src/send_poses) by extension 'colcon_meta'
[0.491s] Level 1:colcon.colcon_core.package_identification:_identify(src/send_poses) by extensions ['ros']
[0.491s] Level 1:colcon.colcon_core.package_identification:_identify(src/send_poses) by extension 'ros'
[0.492s] DEBUG:colcon.colcon_core.package_identification:Package 'src/send_poses' with type 'ros.ament_cmake' and name 'send_poses'
[0.492s] Level 1:colcon.colcon_core.package_identification:_identify(src/toycar2D) by extensions ['ignore', 'ignore_ament_install']
[0.492s] Level 1:colcon.colcon_core.package_identification:_identify(src/toycar2D) by extension 'ignore'
[0.492s] Level 1:colcon.colcon_core.package_identification:_identify(src/toycar2D) by extension 'ignore_ament_install'
[0.492s] Level 1:colcon.colcon_core.package_identification:_identify(src/toycar2D) by extensions ['colcon_pkg']
[0.492s] Level 1:colcon.colcon_core.package_identification:_identify(src/toycar2D) by extension 'colcon_pkg'
[0.492s] Level 1:colcon.colcon_core.package_identification:_identify(src/toycar2D) by extensions ['colcon_meta']
[0.492s] Level 1:colcon.colcon_core.package_identification:_identify(src/toycar2D) by extension 'colcon_meta'
[0.492s] Level 1:colcon.colcon_core.package_identification:_identify(src/toycar2D) by extensions ['ros']
[0.492s] Level 1:colcon.colcon_core.package_identification:_identify(src/toycar2D) by extension 'ros'
[0.492s] DEBUG:colcon.colcon_core.package_identification:Package 'src/toycar2D' with type 'ros.ament_cmake' and name 'toycar2D'
[0.493s] Level 1:colcon.colcon_core.package_identification:_identify(src/toycar3D) by extensions ['ignore', 'ignore_ament_install']
[0.493s] Level 1:colcon.colcon_core.package_identification:_identify(src/toycar3D) by extension 'ignore'
[0.493s] Level 1:colcon.colcon_core.package_identification:_identify(src/toycar3D) by extension 'ignore_ament_install'
[0.493s] Level 1:colcon.colcon_core.package_identification:_identify(src/toycar3D) by extensions ['colcon_pkg']
[0.493s] Level 1:colcon.colcon_core.package_identification:_identify(src/toycar3D) by extension 'colcon_pkg'
[0.493s] Level 1:colcon.colcon_core.package_identification:_identify(src/toycar3D) by extensions ['colcon_meta']
[0.493s] Level 1:colcon.colcon_core.package_identification:_identify(src/toycar3D) by extension 'colcon_meta'
[0.493s] Level 1:colcon.colcon_core.package_identification:_identify(src/toycar3D) by extensions ['ros']
[0.493s] Level 1:colcon.colcon_core.package_identification:_identify(src/toycar3D) by extension 'ros'
[0.493s] DEBUG:colcon.colcon_core.package_identification:Package 'src/toycar3D' with type 'ros.ament_cmake' and name 'toycar'
[0.493s] Level 1:colcon.colcon_core.package_discovery:discover_packages(recursive) using defaults
[0.493s] Level 1:colcon.colcon_core.package_discovery:discover_packages(ignore) discover
[0.493s] Level 1:colcon.colcon_core.package_discovery:discover_packages(ignore) using defaults
[0.493s] Level 1:colcon.colcon_core.package_discovery:discover_packages(path) discover
[0.493s] Level 1:colcon.colcon_core.package_discovery:discover_packages(path) using defaults
[0.529s] Level 1:colcon.colcon_core.package_discovery:discover_packages(prefix_path) check parameters
[0.529s] Level 1:colcon.colcon_core.package_discovery:discover_packages(prefix_path) discover
[0.531s] WARNING:colcon.colcon_ros.prefix_path.ament:The path '/home/pablo/Documents/robotic_sim/2_wheeled/install/toycar' in the environment variable AMENT_PREFIX_PATH doesn't exist
[0.531s] WARNING:colcon.colcon_ros.prefix_path.ament:The path '/home/pablo/Documents/robotic_sim/2_wheeled/install/send_poses' in the environment variable AMENT_PREFIX_PATH doesn't exist
[0.531s] WARNING:colcon.colcon_ros.prefix_path.ament:The path '/home/pablo/Documents/robotic_sim/2_wheeled/install/pid_controller' in the environment variable AMENT_PREFIX_PATH doesn't exist
[0.531s] WARNING:colcon.colcon_ros.prefix_path.ament:The path '/home/pablo/Documents/robotic_sim/2_wheeled/install/map_generation' in the environment variable AMENT_PREFIX_PATH doesn't exist
[0.531s] WARNING:colcon.colcon_ros.prefix_path.ament:The path '/home/pablo/Documents/robotic_sim/2_wheeled/install/apartment' in the environment variable AMENT_PREFIX_PATH doesn't exist
[0.531s] WARNING:colcon.colcon_ros.prefix_path.catkin:The path '/home/pablo/Documents/robotic_sim/2_wheeled/install/toycar' in the environment variable CMAKE_PREFIX_PATH doesn't exist
[0.531s] WARNING:colcon.colcon_ros.prefix_path.catkin:The path '/home/pablo/Documents/robotic_sim/2_wheeled/install/send_poses' in the environment variable CMAKE_PREFIX_PATH doesn't exist
[0.532s] WARNING:colcon.colcon_ros.prefix_path.catkin:The path '/home/pablo/Documents/robotic_sim/2_wheeled/install/pid_controller' in the environment variable CMAKE_PREFIX_PATH doesn't exist
[0.532s] WARNING:colcon.colcon_ros.prefix_path.catkin:The path '/home/pablo/Documents/robotic_sim/2_wheeled/install/map_generation' in the environment variable CMAKE_PREFIX_PATH doesn't exist
[0.532s] WARNING:colcon.colcon_ros.prefix_path.catkin:The path '/home/pablo/Documents/robotic_sim/2_wheeled/install/apartment' in the environment variable CMAKE_PREFIX_PATH doesn't exist
[0.534s] DEBUG:colcon.colcon_installed_package_information.package_discovery:Found 0 installed packages in /home/pablo/Documents/robotic_sim/2_wheeled/install
[0.536s] DEBUG:colcon.colcon_installed_package_information.package_discovery:Found 298 installed packages in /opt/ros/foxy
[0.538s] Level 1:colcon.colcon_core.package_discovery:discover_packages(prefix_path) using defaults
[0.615s] Level 5:colcon.colcon_core.verb:set package 'apartment' build argument 'cmake_args' from command line to 'None'
[0.615s] Level 5:colcon.colcon_core.verb:set package 'apartment' build argument 'cmake_target' from command line to 'None'
[0.615s] Level 5:colcon.colcon_core.verb:set package 'apartment' build argument 'cmake_target_skip_unavailable' from command line to 'False'
[0.615s] Level 5:colcon.colcon_core.verb:set package 'apartment' build argument 'cmake_clean_cache' from command line to 'False'
[0.615s] Level 5:colcon.colcon_core.verb:set package 'apartment' build argument 'cmake_clean_first' from command line to 'False'
[0.615s] Level 5:colcon.colcon_core.verb:set package 'apartment' build argument 'cmake_force_configure' from command line to 'False'
[0.616s] Level 5:colcon.colcon_core.verb:set package 'apartment' build argument 'ament_cmake_args' from command line to 'None'
[0.616s] Level 5:colcon.colcon_core.verb:set package 'apartment' build argument 'catkin_cmake_args' from command line to 'None'
[0.616s] Level 5:colcon.colcon_core.verb:set package 'apartment' build argument 'catkin_skip_building_tests' from command line to 'False'
[0.616s] DEBUG:colcon.colcon_core.verb:Building package 'apartment' with the following arguments: {'ament_cmake_args': None, 'build_base': '/home/pablo/Documents/robotic_sim/2_wheeled/build/apartment', 'catkin_cmake_args': None, 'catkin_skip_building_tests': False, 'cmake_args': None, 'cmake_clean_cache': False, 'cmake_clean_first': False, 'cmake_force_configure': False, 'cmake_target': None, 'cmake_target_skip_unavailable': False, 'install_base': '/home/pablo/Documents/robotic_sim/2_wheeled/install/apartment', 'merge_install': False, 'path': '/home/pablo/Documents/robotic_sim/2_wheeled/src/apartment', 'symlink_install': False, 'test_result_base': None}
[0.617s] Level 5:colcon.colcon_core.verb:set package 'map_generation' build argument 'cmake_args' from command line to 'None'
[0.617s] Level 5:colcon.colcon_core.verb:set package 'map_generation' build argument 'cmake_target' from command line to 'None'
[0.618s] Level 5:colcon.colcon_core.verb:set package 'map_generation' build argument 'cmake_target_skip_unavailable' from command line to 'False'
[0.618s] Level 5:colcon.colcon_core.verb:set package 'map_generation' build argument 'cmake_clean_cache' from command line to 'False'
[0.618s] Level 5:colcon.colcon_core.verb:set package 'map_generation' build argument 'cmake_clean_first' from command line to 'False'
[0.618s] Level 5:colcon.colcon_core.verb:set package 'map_generation' build argument 'cmake_force_configure' from command line to 'False'
[0.618s] Level 5:colcon.colcon_core.verb:set package 'map_generation' build argument 'ament_cmake_args' from command line to 'None'
[0.618s] Level 5:colcon.colcon_core.verb:set package 'map_generation' build argument 'catkin_cmake_args' from command line to 'None'
[0.618s] Level 5:colcon.colcon_core.verb:set package 'map_generation' build argument 'catkin_skip_building_tests' from command line to 'False'
[0.618s] DEBUG:colcon.colcon_core.verb:Building package 'map_generation' with the following arguments: {'ament_cmake_args': None, 'build_base': '/home/pablo/Documents/robotic_sim/2_wheeled/build/map_generation', 'catkin_cmake_args': None, 'catkin_skip_building_tests': False, 'cmake_args': None, 'cmake_clean_cache': False, 'cmake_clean_first': False, 'cmake_force_configure': False, 'cmake_target': None, 'cmake_target_skip_unavailable': False, 'install_base': '/home/pablo/Documents/robotic_sim/2_wheeled/install/map_generation', 'merge_install': False, 'path': '/home/pablo/Documents/robotic_sim/2_wheeled/src/map_generation', 'symlink_install': False, 'test_result_base': None}
[0.620s] Level 5:colcon.colcon_core.verb:set package 'pid_controller' build argument 'cmake_args' from command line to 'None'
[0.620s] Level 5:colcon.colcon_core.verb:set package 'pid_controller' build argument 'cmake_target' from command line to 'None'
[0.620s] Level 5:colcon.colcon_core.verb:set package 'pid_controller' build argument 'cmake_target_skip_unavailable' from command line to 'False'
[0.621s] Level 5:colcon.colcon_core.verb:set package 'pid_controller' build argument 'cmake_clean_cache' from command line to 'False'
[0.621s] Level 5:colcon.colcon_core.verb:set package 'pid_controller' build argument 'cmake_clean_first' from command line to 'False'
[0.621s] Level 5:colcon.colcon_core.verb:set package 'pid_controller' build argument 'cmake_force_configure' from command line to 'False'
[0.621s] Level 5:colcon.colcon_core.verb:set package 'pid_controller' build argument 'ament_cmake_args' from command line to 'None'
[0.621s] Level 5:colcon.colcon_core.verb:set package 'pid_controller' build argument 'catkin_cmake_args' from command line to 'None'
[0.621s] Level 5:colcon.colcon_core.verb:set package 'pid_controller' build argument 'catkin_skip_building_tests' from command line to 'False'
[0.621s] DEBUG:colcon.colcon_core.verb:Building package 'pid_controller' with the following arguments: {'ament_cmake_args': None, 'build_base': '/home/pablo/Documents/robotic_sim/2_wheeled/build/pid_controller', 'catkin_cmake_args': None, 'catkin_skip_building_tests': False, 'cmake_args': None, 'cmake_clean_cache': False, 'cmake_clean_first': False, 'cmake_force_configure': False, 'cmake_target': None, 'cmake_target_skip_unavailable': False, 'install_base': '/home/pablo/Documents/robotic_sim/2_wheeled/install/pid_controller', 'merge_install': False, 'path': '/home/pablo/Documents/robotic_sim/2_wheeled/src/pid_controller', 'symlink_install': False, 'test_result_base': None}
[0.623s] Level 5:colcon.colcon_core.verb:set package 'send_poses' build argument 'cmake_args' from command line to 'None'
[0.623s] Level 5:colcon.colcon_core.verb:set package 'send_poses' build argument 'cmake_target' from command line to 'None'
[0.623s] Level 5:colcon.colcon_core.verb:set package 'send_poses' build argument 'cmake_target_skip_unavailable' from command line to 'False'
[0.623s] Level 5:colcon.colcon_core.verb:set package 'send_poses' build argument 'cmake_clean_cache' from command line to 'False'
[0.623s] Level 5:colcon.colcon_core.verb:set package 'send_poses' build argument 'cmake_clean_first' from command line to 'False'
[0.623s] Level 5:colcon.colcon_core.verb:set package 'send_poses' build argument 'cmake_force_configure' from command line to 'False'
[0.623s] Level 5:colcon.colcon_core.verb:set package 'send_poses' build argument 'ament_cmake_args' from command line to 'None'
[0.623s] Level 5:colcon.colcon_core.verb:set package 'send_poses' build argument 'catkin_cmake_args' from command line to 'None'
[0.624s] Level 5:colcon.colcon_core.verb:set package 'send_poses' build argument 'catkin_skip_building_tests' from command line to 'False'
[0.624s] DEBUG:colcon.colcon_core.verb:Building package 'send_poses' with the following arguments: {'ament_cmake_args': None, 'build_base': '/home/pablo/Documents/robotic_sim/2_wheeled/build/send_poses', 'catkin_cmake_args': None, 'catkin_skip_building_tests': False, 'cmake_args': None, 'cmake_clean_cache': False, 'cmake_clean_first': False, 'cmake_force_configure': False, 'cmake_target': None, 'cmake_target_skip_unavailable': False, 'install_base': '/home/pablo/Documents/robotic_sim/2_wheeled/install/send_poses', 'merge_install': False, 'path': '/home/pablo/Documents/robotic_sim/2_wheeled/src/send_poses', 'symlink_install': False, 'test_result_base': None}
[0.625s] Level 5:colcon.colcon_core.verb:set package 'toycar' build argument 'cmake_args' from command line to 'None'
[0.626s] Level 5:colcon.colcon_core.verb:set package 'toycar' build argument 'cmake_target' from command line to 'None'
[0.626s] Level 5:colcon.colcon_core.verb:set package 'toycar' build argument 'cmake_target_skip_unavailable' from command line to 'False'
[0.626s] Level 5:colcon.colcon_core.verb:set package 'toycar' build argument 'cmake_clean_cache' from command line to 'False'
[0.626s] Level 5:colcon.colcon_core.verb:set package 'toycar' build argument 'cmake_clean_first' from command line to 'False'
[0.626s] Level 5:colcon.colcon_core.verb:set package 'toycar' build argument 'cmake_force_configure' from command line to 'False'
[0.626s] Level 5:colcon.colcon_core.verb:set package 'toycar' build argument 'ament_cmake_args' from command line to 'None'
[0.626s] Level 5:colcon.colcon_core.verb:set package 'toycar' build argument 'catkin_cmake_args' from command line to 'None'
[0.626s] Level 5:colcon.colcon_core.verb:set package 'toycar' build argument 'catkin_skip_building_tests' from command line to 'False'
[0.626s] DEBUG:colcon.colcon_core.verb:Building package 'toycar' with the following arguments: {'ament_cmake_args': None, 'build_base': '/home/pablo/Documents/robotic_sim/2_wheeled/build/toycar', 'catkin_cmake_args': None, 'catkin_skip_building_tests': False, 'cmake_args': None, 'cmake_clean_cache': False, 'cmake_clean_first': False, 'cmake_force_configure': False, 'cmake_target': None, 'cmake_target_skip_unavailable': False, 'install_base': '/home/pablo/Documents/robotic_sim/2_wheeled/install/toycar', 'merge_install': False, 'path': '/home/pablo/Documents/robotic_sim/2_wheeled/src/toycar3D', 'symlink_install': False, 'test_result_base': None}
[0.628s] Level 5:colcon.colcon_core.verb:set package 'toycar2D' build argument 'cmake_args' from command line to 'None'
[0.628s] Level 5:colcon.colcon_core.verb:set package 'toycar2D' build argument 'cmake_target' from command line to 'None'
[0.628s] Level 5:colcon.colcon_core.verb:set package 'toycar2D' build argument 'cmake_target_skip_unavailable' from command line to 'False'
[0.628s] Level 5:colcon.colcon_core.verb:set package 'toycar2D' build argument 'cmake_clean_cache' from command line to 'False'
[0.628s] Level 5:colcon.colcon_core.verb:set package 'toycar2D' build argument 'cmake_clean_first' from command line to 'False'
[0.628s] Level 5:colcon.colcon_core.verb:set package 'toycar2D' build argument 'cmake_force_configure' from command line to 'False'
[0.628s] Level 5:colcon.colcon_core.verb:set package 'toycar2D' build argument 'ament_cmake_args' from command line to 'None'
[0.628s] Level 5:colcon.colcon_core.verb:set package 'toycar2D' build argument 'catkin_cmake_args' from command line to 'None'
[0.628s] Level 5:colcon.colcon_core.verb:set package 'toycar2D' build argument 'catkin_skip_building_tests' from command line to 'False'
[0.628s] DEBUG:colcon.colcon_core.verb:Building package 'toycar2D' with the following arguments: {'ament_cmake_args': None, 'build_base': '/home/pablo/Documents/robotic_sim/2_wheeled/build/toycar2D', 'catkin_cmake_args': None, 'catkin_skip_building_tests': False, 'cmake_args': None, 'cmake_clean_cache': False, 'cmake_clean_first': False, 'cmake_force_configure': False, 'cmake_target': None, 'cmake_target_skip_unavailable': False, 'install_base': '/home/pablo/Documents/robotic_sim/2_wheeled/install/toycar2D', 'merge_install': False, 'path': '/home/pablo/Documents/robotic_sim/2_wheeled/src/toycar2D', 'symlink_install': False, 'test_result_base': None}
[0.630s] INFO:colcon.colcon_core.executor:Executing jobs using 'parallel' executor
[0.639s] DEBUG:colcon.colcon_parallel_executor.executor.parallel:run_until_complete
[0.639s] INFO:colcon.colcon_ros.task.ament_cmake.build:Building ROS package in '/home/pablo/Documents/robotic_sim/2_wheeled/src/apartment' with build type 'ament_cmake'
[0.639s] INFO:colcon.colcon_cmake.task.cmake.build:Building CMake package in '/home/pablo/Documents/robotic_sim/2_wheeled/src/apartment'
[0.646s] INFO:colcon.colcon_core.plugin_system:Skipping extension 'colcon_core.shell.bat': Not used on non-Windows systems
[0.647s] INFO:colcon.colcon_core.shell:Skip shell extension 'powershell' for command environment: Not usable outside of PowerShell
[0.647s] DEBUG:colcon.colcon_core.shell:Skip shell extension 'dsv' for command environment
[0.661s] INFO:colcon.colcon_ros.task.ament_cmake.build:Building ROS package in '/home/pablo/Documents/robotic_sim/2_wheeled/src/map_generation' with build type 'ament_cmake'
[0.661s] INFO:colcon.colcon_cmake.task.cmake.build:Building CMake package in '/home/pablo/Documents/robotic_sim/2_wheeled/src/map_generation'
[0.665s] INFO:colcon.colcon_core.shell:Skip shell extension 'powershell' for command environment: Not usable outside of PowerShell
[0.666s] DEBUG:colcon.colcon_core.shell:Skip shell extension 'dsv' for command environment
[0.680s] INFO:colcon.colcon_ros.task.ament_cmake.build:Building ROS package in '/home/pablo/Documents/robotic_sim/2_wheeled/src/pid_controller' with build type 'ament_cmake'
[0.681s] INFO:colcon.colcon_cmake.task.cmake.build:Building CMake package in '/home/pablo/Documents/robotic_sim/2_wheeled/src/pid_controller'
[0.685s] INFO:colcon.colcon_core.shell:Skip shell extension 'powershell' for command environment: Not usable outside of PowerShell
[0.686s] DEBUG:colcon.colcon_core.shell:Skip shell extension 'dsv' for command environment
[0.699s] INFO:colcon.colcon_ros.task.ament_cmake.build:Building ROS package in '/home/pablo/Documents/robotic_sim/2_wheeled/src/send_poses' with build type 'ament_cmake'
[0.700s] INFO:colcon.colcon_cmake.task.cmake.build:Building CMake package in '/home/pablo/Documents/robotic_sim/2_wheeled/src/send_poses'
[0.703s] INFO:colcon.colcon_core.shell:Skip shell extension 'powershell' for command environment: Not usable outside of PowerShell
[0.704s] DEBUG:colcon.colcon_core.shell:Skip shell extension 'dsv' for command environment
[0.717s] INFO:colcon.colcon_ros.task.ament_cmake.build:Building ROS package in '/home/pablo/Documents/robotic_sim/2_wheeled/src/toycar3D' with build type 'ament_cmake'
[0.718s] INFO:colcon.colcon_cmake.task.cmake.build:Building CMake package in '/home/pablo/Documents/robotic_sim/2_wheeled/src/toycar3D'
[0.722s] INFO:colcon.colcon_core.shell:Skip shell extension 'powershell' for command environment: Not usable outside of PowerShell
[0.722s] DEBUG:colcon.colcon_core.shell:Skip shell extension 'dsv' for command environment
[0.738s] INFO:colcon.colcon_ros.task.ament_cmake.build:Building ROS package in '/home/pablo/Documents/robotic_sim/2_wheeled/src/toycar2D' with build type 'ament_cmake'
[0.738s] INFO:colcon.colcon_cmake.task.cmake.build:Building CMake package in '/home/pablo/Documents/robotic_sim/2_wheeled/src/toycar2D'
[0.742s] INFO:colcon.colcon_core.shell:Skip shell extension 'powershell' for command environment: Not usable outside of PowerShell
[0.742s] DEBUG:colcon.colcon_core.shell:Skip shell extension 'dsv' for command environment
[0.770s] DEBUG:colcon.colcon_core.event_handler.log_command:Invoking command in '/home/pablo/Documents/robotic_sim/2_wheeled/build/apartment': CMAKE_PREFIX_PATH=${CMAKE_PREFIX_PATH}:/opt/ros/foxy /usr/bin/cmake /home/pablo/Documents/robotic_sim/2_wheeled/src/apartment -DCMAKE_INSTALL_PREFIX=/home/pablo/Documents/robotic_sim/2_wheeled/install/apartment
[0.780s] DEBUG:colcon.colcon_core.event_handler.log_command:Invoking command in '/home/pablo/Documents/robotic_sim/2_wheeled/build/map_generation': CMAKE_PREFIX_PATH=${CMAKE_PREFIX_PATH}:/opt/ros/foxy /usr/bin/cmake /home/pablo/Documents/robotic_sim/2_wheeled/src/map_generation -DCMAKE_INSTALL_PREFIX=/home/pablo/Documents/robotic_sim/2_wheeled/install/map_generation
[0.801s] DEBUG:colcon.colcon_core.event_handler.log_command:Invoking command in '/home/pablo/Documents/robotic_sim/2_wheeled/build/pid_controller': CMAKE_PREFIX_PATH=${CMAKE_PREFIX_PATH}:/opt/ros/foxy /usr/bin/cmake /home/pablo/Documents/robotic_sim/2_wheeled/src/pid_controller -DCMAKE_INSTALL_PREFIX=/home/pablo/Documents/robotic_sim/2_wheeled/install/pid_controller
[0.815s] DEBUG:colcon.colcon_core.event_handler.log_command:Invoking command in '/home/pablo/Documents/robotic_sim/2_wheeled/build/send_poses': CMAKE_PREFIX_PATH=${CMAKE_PREFIX_PATH}:/opt/ros/foxy /usr/bin/cmake /home/pablo/Documents/robotic_sim/2_wheeled/src/send_poses -DCMAKE_INSTALL_PREFIX=/home/pablo/Documents/robotic_sim/2_wheeled/install/send_poses
[0.830s] DEBUG:colcon.colcon_core.event_handler.log_command:Invoking command in '/home/pablo/Documents/robotic_sim/2_wheeled/build/toycar': CMAKE_PREFIX_PATH=${CMAKE_PREFIX_PATH}:/opt/ros/foxy /usr/bin/cmake /home/pablo/Documents/robotic_sim/2_wheeled/src/toycar3D -DCMAKE_INSTALL_PREFIX=/home/pablo/Documents/robotic_sim/2_wheeled/install/toycar
[0.846s] DEBUG:colcon.colcon_core.event_handler.log_command:Invoking command in '/home/pablo/Documents/robotic_sim/2_wheeled/build/toycar2D': CMAKE_PREFIX_PATH=${CMAKE_PREFIX_PATH}:/opt/ros/foxy /usr/bin/cmake /home/pablo/Documents/robotic_sim/2_wheeled/src/toycar2D -DCMAKE_INSTALL_PREFIX=/home/pablo/Documents/robotic_sim/2_wheeled/install/toycar2D
[3.010s] DEBUG:colcon.colcon_core.event_handler.log_command:Invoked command in '/home/pablo/Documents/robotic_sim/2_wheeled/build/apartment' returned '0': CMAKE_PREFIX_PATH=${CMAKE_PREFIX_PATH}:/opt/ros/foxy /usr/bin/cmake /home/pablo/Documents/robotic_sim/2_wheeled/src/apartment -DCMAKE_INSTALL_PREFIX=/home/pablo/Documents/robotic_sim/2_wheeled/install/apartment
[3.021s] DEBUG:colcon.colcon_core.event_handler.log_command:Invoking command in '/home/pablo/Documents/robotic_sim/2_wheeled/build/apartment': CMAKE_PREFIX_PATH=${CMAKE_PREFIX_PATH}:/opt/ros/foxy /usr/bin/cmake --build /home/pablo/Documents/robotic_sim/2_wheeled/build/apartment -- -j12 -l12
[3.036s] DEBUG:colcon.colcon_core.event_handler.log_command:Invoked command in '/home/pablo/Documents/robotic_sim/2_wheeled/build/toycar2D' returned '0': CMAKE_PREFIX_PATH=${CMAKE_PREFIX_PATH}:/opt/ros/foxy /usr/bin/cmake /home/pablo/Documents/robotic_sim/2_wheeled/src/toycar2D -DCMAKE_INSTALL_PREFIX=/home/pablo/Documents/robotic_sim/2_wheeled/install/toycar2D
[3.039s] DEBUG:colcon.colcon_core.event_handler.log_command:Invoking command in '/home/pablo/Documents/robotic_sim/2_wheeled/build/toycar2D': CMAKE_PREFIX_PATH=${CMAKE_PREFIX_PATH}:/opt/ros/foxy /usr/bin/cmake --build /home/pablo/Documents/robotic_sim/2_wheeled/build/toycar2D -- -j12 -l12
[3.144s] DEBUG:colcon.colcon_core.event_handler.log_command:Invoked command in '/home/pablo/Documents/robotic_sim/2_wheeled/build/toycar' returned '0': CMAKE_PREFIX_PATH=${CMAKE_PREFIX_PATH}:/opt/ros/foxy /usr/bin/cmake /home/pablo/Documents/robotic_sim/2_wheeled/src/toycar3D -DCMAKE_INSTALL_PREFIX=/home/pablo/Documents/robotic_sim/2_wheeled/install/toycar
[3.145s] DEBUG:colcon.colcon_core.event_handler.log_command:Invoking command in '/home/pablo/Documents/robotic_sim/2_wheeled/build/toycar': CMAKE_PREFIX_PATH=${CMAKE_PREFIX_PATH}:/opt/ros/foxy /usr/bin/cmake --build /home/pablo/Documents/robotic_sim/2_wheeled/build/toycar -- -j12 -l12
[3.154s] DEBUG:colcon.colcon_core.event_handler.log_command:Invoked command in '/home/pablo/Documents/robotic_sim/2_wheeled/build/toycar2D' returned '0': CMAKE_PREFIX_PATH=${CMAKE_PREFIX_PATH}:/opt/ros/foxy /usr/bin/cmake --build /home/pablo/Documents/robotic_sim/2_wheeled/build/toycar2D -- -j12 -l12
[3.203s] DEBUG:colcon.colcon_core.event_handler.log_command:Invoked command in '/home/pablo/Documents/robotic_sim/2_wheeled/build/apartment' returned '0': CMAKE_PREFIX_PATH=${CMAKE_PREFIX_PATH}:/opt/ros/foxy /usr/bin/cmake --build /home/pablo/Documents/robotic_sim/2_wheeled/build/apartment -- -j12 -l12
[3.269s] DEBUG:colcon.colcon_core.event_handler.log_command:Invoking command in '/home/pablo/Documents/robotic_sim/2_wheeled/build/toycar2D': CMAKE_PREFIX_PATH=${CMAKE_PREFIX_PATH}:/opt/ros/foxy /usr/bin/cmake --install /home/pablo/Documents/robotic_sim/2_wheeled/build/toycar2D
[3.285s] DEBUG:colcon.colcon_core.event_handler.log_command:Invoked command in '/home/pablo/Documents/robotic_sim/2_wheeled/build/toycar' returned '0': CMAKE_PREFIX_PATH=${CMAKE_PREFIX_PATH}:/opt/ros/foxy /usr/bin/cmake --build /home/pablo/Documents/robotic_sim/2_wheeled/build/toycar -- -j12 -l12
[3.311s] DEBUG:colcon.colcon_core.event_handler.log_command:Invoking command in '/home/pablo/Documents/robotic_sim/2_wheeled/build/apartment': CMAKE_PREFIX_PATH=${CMAKE_PREFIX_PATH}:/opt/ros/foxy /usr/bin/cmake --install /home/pablo/Documents/robotic_sim/2_wheeled/build/apartment
[3.316s] Level 1:colcon.colcon_core.environment:create_environment_scripts_only(toycar2D)
[3.320s] DEBUG:colcon.colcon_core.event_handler.log_command:Invoked command in '/home/pablo/Documents/robotic_sim/2_wheeled/build/toycar2D' returned '0': CMAKE_PREFIX_PATH=${CMAKE_PREFIX_PATH}:/opt/ros/foxy /usr/bin/cmake --install /home/pablo/Documents/robotic_sim/2_wheeled/build/toycar2D
[3.339s] Level 1:colcon.colcon_core.environment:checking '/home/pablo/Documents/robotic_sim/2_wheeled/install/toycar2D' for CMake module files
[3.340s] Level 1:colcon.colcon_core.environment:checking '/home/pablo/Documents/robotic_sim/2_wheeled/install/toycar2D' for CMake config files
[3.340s] Level 1:colcon.colcon_core.shell:create_environment_hook('toycar2D', 'cmake_prefix_path')
[3.344s] INFO:colcon.colcon_core.shell:Creating environment hook '/home/pablo/Documents/robotic_sim/2_wheeled/install/toycar2D/share/toycar2D/hook/cmake_prefix_path.ps1'
[3.346s] INFO:colcon.colcon_core.shell:Creating environment descriptor '/home/pablo/Documents/robotic_sim/2_wheeled/install/toycar2D/share/toycar2D/hook/cmake_prefix_path.dsv'
[3.348s] INFO:colcon.colcon_core.shell:Creating environment hook '/home/pablo/Documents/robotic_sim/2_wheeled/install/toycar2D/share/toycar2D/hook/cmake_prefix_path.sh'
[3.351s] Level 1:colcon.colcon_core.environment:checking '/home/pablo/Documents/robotic_sim/2_wheeled/install/toycar2D/bin'
[3.354s] Level 1:colcon.colcon_core.environment:checking '/home/pablo/Documents/robotic_sim/2_wheeled/install/toycar2D/lib/pkgconfig/toycar2D.pc'
[3.354s] Level 1:colcon.colcon_core.environment:checking '/home/pablo/Documents/robotic_sim/2_wheeled/install/toycar2D/lib/python3.8/site-packages'
[3.354s] Level 1:colcon.colcon_core.environment:checking '/home/pablo/Documents/robotic_sim/2_wheeled/install/toycar2D/bin'
[3.358s] INFO:colcon.colcon_core.shell:Creating package script '/home/pablo/Documents/robotic_sim/2_wheeled/install/toycar2D/share/toycar2D/package.ps1'
[3.361s] INFO:colcon.colcon_core.shell:Creating package descriptor '/home/pablo/Documents/robotic_sim/2_wheeled/install/toycar2D/share/toycar2D/package.dsv'
[3.362s] INFO:colcon.colcon_core.shell:Creating package script '/home/pablo/Documents/robotic_sim/2_wheeled/install/toycar2D/share/toycar2D/package.sh'
[3.364s] INFO:colcon.colcon_core.shell:Creating package script '/home/pablo/Documents/robotic_sim/2_wheeled/install/toycar2D/share/toycar2D/package.bash'
[3.365s] INFO:colcon.colcon_core.shell:Creating package script '/home/pablo/Documents/robotic_sim/2_wheeled/install/toycar2D/share/toycar2D/package.zsh'
[3.366s] Level 1:colcon.colcon_core.environment:create_file_with_runtime_dependencies(/home/pablo/Documents/robotic_sim/2_wheeled/install/toycar2D/share/colcon-core/packages/toycar2D)
[3.384s] Level 1:colcon.colcon_core.environment:create_environment_scripts_only(apartment)
[3.393s] Level 1:colcon.colcon_core.environment:checking '/home/pablo/Documents/robotic_sim/2_wheeled/install/apartment' for CMake module files
[3.395s] Level 1:colcon.colcon_core.environment:checking '/home/pablo/Documents/robotic_sim/2_wheeled/install/apartment' for CMake config files
[3.396s] Level 1:colcon.colcon_core.shell:create_environment_hook('apartment', 'cmake_prefix_path')
[3.403s] INFO:colcon.colcon_core.shell:Creating environment hook '/home/pablo/Documents/robotic_sim/2_wheeled/install/apartment/share/apartment/hook/cmake_prefix_path.ps1'
[3.404s] DEBUG:colcon.colcon_core.event_handler.log_command:Invoked command in '/home/pablo/Documents/robotic_sim/2_wheeled/build/apartment' returned '0': CMAKE_PREFIX_PATH=${CMAKE_PREFIX_PATH}:/opt/ros/foxy /usr/bin/cmake --install /home/pablo/Documents/robotic_sim/2_wheeled/build/apartment
[3.405s] INFO:colcon.colcon_core.shell:Creating environment descriptor '/home/pablo/Documents/robotic_sim/2_wheeled/install/apartment/share/apartment/hook/cmake_prefix_path.dsv'
[3.406s] INFO:colcon.colcon_core.shell:Creating environment hook '/home/pablo/Documents/robotic_sim/2_wheeled/install/apartment/share/apartment/hook/cmake_prefix_path.sh'
[3.407s] Level 1:colcon.colcon_core.environment:checking '/home/pablo/Documents/robotic_sim/2_wheeled/install/apartment/bin'
[3.407s] Level 1:colcon.colcon_core.environment:checking '/home/pablo/Documents/robotic_sim/2_wheeled/install/apartment/lib/pkgconfig/apartment.pc'
[3.408s] Level 1:colcon.colcon_core.environment:checking '/home/pablo/Documents/robotic_sim/2_wheeled/install/apartment/lib/python3.8/site-packages'
[3.408s] Level 1:colcon.colcon_core.environment:checking '/home/pablo/Documents/robotic_sim/2_wheeled/install/apartment/bin'
[3.413s] INFO:colcon.colcon_core.shell:Creating package script '/home/pablo/Documents/robotic_sim/2_wheeled/install/apartment/share/apartment/package.ps1'
[3.414s] INFO:colcon.colcon_core.shell:Creating package descriptor '/home/pablo/Documents/robotic_sim/2_wheeled/install/apartment/share/apartment/package.dsv'
[3.415s] INFO:colcon.colcon_core.shell:Creating package script '/home/pablo/Documents/robotic_sim/2_wheeled/install/apartment/share/apartment/package.sh'
[3.415s] INFO:colcon.colcon_core.shell:Creating package script '/home/pablo/Documents/robotic_sim/2_wheeled/install/apartment/share/apartment/package.bash'
[3.416s] INFO:colcon.colcon_core.shell:Creating package script '/home/pablo/Documents/robotic_sim/2_wheeled/install/apartment/share/apartment/package.zsh'
[3.416s] Level 1:colcon.colcon_core.environment:create_file_with_runtime_dependencies(/home/pablo/Documents/robotic_sim/2_wheeled/install/apartment/share/colcon-core/packages/apartment)
[3.432s] DEBUG:colcon.colcon_core.event_handler.log_command:Invoking command in '/home/pablo/Documents/robotic_sim/2_wheeled/build/toycar': CMAKE_PREFIX_PATH=${CMAKE_PREFIX_PATH}:/opt/ros/foxy /usr/bin/cmake --install /home/pablo/Documents/robotic_sim/2_wheeled/build/toycar
[3.452s] Level 1:colcon.colcon_core.environment:create_environment_scripts_only(toycar2D)
[3.459s] Level 1:colcon.colcon_core.environment:checking '/home/pablo/Documents/robotic_sim/2_wheeled/install/toycar2D' for CMake module files
[3.462s] Level 1:colcon.colcon_core.environment:checking '/home/pablo/Documents/robotic_sim/2_wheeled/install/toycar2D' for CMake config files
[3.463s] Level 1:colcon.colcon_core.shell:create_environment_hook('toycar2D', 'cmake_prefix_path')
[3.470s] INFO:colcon.colcon_core.shell:Creating environment hook '/home/pablo/Documents/robotic_sim/2_wheeled/install/toycar2D/share/toycar2D/hook/cmake_prefix_path.ps1'
[3.479s] INFO:colcon.colcon_core.shell:Creating environment descriptor '/home/pablo/Documents/robotic_sim/2_wheeled/install/toycar2D/share/toycar2D/hook/cmake_prefix_path.dsv'
[3.480s] INFO:colcon.colcon_core.shell:Creating environment hook '/home/pablo/Documents/robotic_sim/2_wheeled/install/toycar2D/share/toycar2D/hook/cmake_prefix_path.sh'
[3.482s] Level 1:colcon.colcon_core.environment:checking '/home/pablo/Documents/robotic_sim/2_wheeled/install/toycar2D/bin'
[3.486s] Level 1:colcon.colcon_core.environment:checking '/home/pablo/Documents/robotic_sim/2_wheeled/install/toycar2D/lib/pkgconfig/toycar2D.pc'
[3.486s] Level 1:colcon.colcon_core.environment:checking '/home/pablo/Documents/robotic_sim/2_wheeled/install/toycar2D/lib/python3.8/site-packages'
[3.487s] Level 1:colcon.colcon_core.environment:checking '/home/pablo/Documents/robotic_sim/2_wheeled/install/toycar2D/bin'
[3.495s] INFO:colcon.colcon_core.shell:Creating package script '/home/pablo/Documents/robotic_sim/2_wheeled/install/toycar2D/share/toycar2D/package.ps1'
[3.496s] INFO:colcon.colcon_core.shell:Creating package descriptor '/home/pablo/Documents/robotic_sim/2_wheeled/install/toycar2D/share/toycar2D/package.dsv'
[3.497s] INFO:colcon.colcon_core.shell:Creating package script '/home/pablo/Documents/robotic_sim/2_wheeled/install/toycar2D/share/toycar2D/package.sh'
[3.498s] INFO:colcon.colcon_core.shell:Creating package script '/home/pablo/Documents/robotic_sim/2_wheeled/install/toycar2D/share/toycar2D/package.bash'
[3.498s] INFO:colcon.colcon_core.shell:Creating package script '/home/pablo/Documents/robotic_sim/2_wheeled/install/toycar2D/share/toycar2D/package.zsh'
[3.499s] Level 1:colcon.colcon_core.environment:create_file_with_runtime_dependencies(/home/pablo/Documents/robotic_sim/2_wheeled/install/toycar2D/share/colcon-core/packages/toycar2D)
[3.502s] Level 1:colcon.colcon_core.environment:create_environment_scripts_only(toycar)
[3.507s] Level 1:colcon.colcon_core.environment:checking '/home/pablo/Documents/robotic_sim/2_wheeled/install/toycar' for CMake module files
[3.509s] DEBUG:colcon.colcon_core.event_handler.log_command:Invoked command in '/home/pablo/Documents/robotic_sim/2_wheeled/build/toycar' returned '0': CMAKE_PREFIX_PATH=${CMAKE_PREFIX_PATH}:/opt/ros/foxy /usr/bin/cmake --install /home/pablo/Documents/robotic_sim/2_wheeled/build/toycar
[3.510s] Level 1:colcon.colcon_core.environment:checking '/home/pablo/Documents/robotic_sim/2_wheeled/install/toycar' for CMake config files
[3.511s] Level 1:colcon.colcon_core.shell:create_environment_hook('toycar', 'cmake_prefix_path')
[3.516s] INFO:colcon.colcon_core.shell:Creating environment hook '/home/pablo/Documents/robotic_sim/2_wheeled/install/toycar/share/toycar/hook/cmake_prefix_path.ps1'
[3.518s] INFO:colcon.colcon_core.shell:Creating environment descriptor '/home/pablo/Documents/robotic_sim/2_wheeled/install/toycar/share/toycar/hook/cmake_prefix_path.dsv'
[3.519s] INFO:colcon.colcon_core.shell:Creating environment hook '/home/pablo/Documents/robotic_sim/2_wheeled/install/toycar/share/toycar/hook/cmake_prefix_path.sh'
[3.520s] Level 1:colcon.colcon_core.environment:checking '/home/pablo/Documents/robotic_sim/2_wheeled/install/toycar/bin'
[3.521s] Level 1:colcon.colcon_core.environment:checking '/home/pablo/Documents/robotic_sim/2_wheeled/install/toycar/lib/pkgconfig/toycar.pc'
[3.521s] Level 1:colcon.colcon_core.environment:checking '/home/pablo/Documents/robotic_sim/2_wheeled/install/toycar/lib/python3.8/site-packages'
[3.521s] Level 1:colcon.colcon_core.environment:checking '/home/pablo/Documents/robotic_sim/2_wheeled/install/toycar/bin'
[3.529s] INFO:colcon.colcon_core.shell:Creating package script '/home/pablo/Documents/robotic_sim/2_wheeled/install/toycar/share/toycar/package.ps1'
[3.531s] INFO:colcon.colcon_core.shell:Creating package descriptor '/home/pablo/Documents/robotic_sim/2_wheeled/install/toycar/share/toycar/package.dsv'
[3.532s] INFO:colcon.colcon_core.shell:Creating package script '/home/pablo/Documents/robotic_sim/2_wheeled/install/toycar/share/toycar/package.sh'
[3.532s] INFO:colcon.colcon_core.shell:Creating package script '/home/pablo/Documents/robotic_sim/2_wheeled/install/toycar/share/toycar/package.bash'
[3.533s] INFO:colcon.colcon_core.shell:Creating package script '/home/pablo/Documents/robotic_sim/2_wheeled/install/toycar/share/toycar/package.zsh'
[3.533s] Level 1:colcon.colcon_core.environment:create_file_with_runtime_dependencies(/home/pablo/Documents/robotic_sim/2_wheeled/install/toycar/share/colcon-core/packages/toycar)
[3.605s] Level 1:colcon.colcon_core.environment:create_environment_scripts_only(apartment)
[3.633s] Level 1:colcon.colcon_core.environment:checking '/home/pablo/Documents/robotic_sim/2_wheeled/install/apartment' for CMake module files
[3.634s] Level 1:colcon.colcon_core.environment:checking '/home/pablo/Documents/robotic_sim/2_wheeled/install/apartment' for CMake config files
[3.668s] Level 1:colcon.colcon_core.shell:create_environment_hook('apartment', 'cmake_prefix_path')
[3.675s] INFO:colcon.colcon_core.shell:Creating environment hook '/home/pablo/Documents/robotic_sim/2_wheeled/install/apartment/share/apartment/hook/cmake_prefix_path.ps1'
[3.676s] INFO:colcon.colcon_core.shell:Creating environment descriptor '/home/pablo/Documents/robotic_sim/2_wheeled/install/apartment/share/apartment/hook/cmake_prefix_path.dsv'
[3.677s] INFO:colcon.colcon_core.shell:Creating environment hook '/home/pablo/Documents/robotic_sim/2_wheeled/install/apartment/share/apartment/hook/cmake_prefix_path.sh'
[3.678s] Level 1:colcon.colcon_core.environment:checking '/home/pablo/Documents/robotic_sim/2_wheeled/install/apartment/bin'
[3.678s] Level 1:colcon.colcon_core.environment:checking '/home/pablo/Documents/robotic_sim/2_wheeled/install/apartment/lib/pkgconfig/apartment.pc'
[3.679s] Level 1:colcon.colcon_core.environment:checking '/home/pablo/Documents/robotic_sim/2_wheeled/install/apartment/lib/python3.8/site-packages'
[3.679s] Level 1:colcon.colcon_core.environment:checking '/home/pablo/Documents/robotic_sim/2_wheeled/install/apartment/bin'
[3.686s] INFO:colcon.colcon_core.shell:Creating package script '/home/pablo/Documents/robotic_sim/2_wheeled/install/apartment/share/apartment/package.ps1'
[3.688s] INFO:colcon.colcon_core.shell:Creating package descriptor '/home/pablo/Documents/robotic_sim/2_wheeled/install/apartment/share/apartment/package.dsv'
[3.689s] INFO:colcon.colcon_core.shell:Creating package script '/home/pablo/Documents/robotic_sim/2_wheeled/install/apartment/share/apartment/package.sh'
[3.690s] INFO:colcon.colcon_core.shell:Creating package script '/home/pablo/Documents/robotic_sim/2_wheeled/install/apartment/share/apartment/package.bash'
[3.691s] INFO:colcon.colcon_core.shell:Creating package script '/home/pablo/Documents/robotic_sim/2_wheeled/install/apartment/share/apartment/package.zsh'
[3.692s] Level 1:colcon.colcon_core.environment:create_file_with_runtime_dependencies(/home/pablo/Documents/robotic_sim/2_wheeled/install/apartment/share/colcon-core/packages/apartment)
[3.699s] Level 1:colcon.colcon_core.environment:create_environment_scripts_only(toycar)
[3.706s] Level 1:colcon.colcon_core.environment:checking '/home/pablo/Documents/robotic_sim/2_wheeled/install/toycar' for CMake module files
[3.708s] Level 1:colcon.colcon_core.environment:checking '/home/pablo/Documents/robotic_sim/2_wheeled/install/toycar' for CMake config files
[3.708s] Level 1:colcon.colcon_core.shell:create_environment_hook('toycar', 'cmake_prefix_path')
[3.714s] INFO:colcon.colcon_core.shell:Creating environment hook '/home/pablo/Documents/robotic_sim/2_wheeled/install/toycar/share/toycar/hook/cmake_prefix_path.ps1'
[3.715s] INFO:colcon.colcon_core.shell:Creating environment descriptor '/home/pablo/Documents/robotic_sim/2_wheeled/install/toycar/share/toycar/hook/cmake_prefix_path.dsv'
[3.716s] INFO:colcon.colcon_core.shell:Creating environment hook '/home/pablo/Documents/robotic_sim/2_wheeled/install/toycar/share/toycar/hook/cmake_prefix_path.sh'
[3.717s] Level 1:colcon.colcon_core.environment:checking '/home/pablo/Documents/robotic_sim/2_wheeled/install/toycar/bin'
[3.717s] Level 1:colcon.colcon_core.environment:checking '/home/pablo/Documents/robotic_sim/2_wheeled/install/toycar/lib/pkgconfig/toycar.pc'
[3.718s] Level 1:colcon.colcon_core.environment:checking '/home/pablo/Documents/robotic_sim/2_wheeled/install/toycar/lib/python3.8/site-packages'
[3.718s] Level 1:colcon.colcon_core.environment:checking '/home/pablo/Documents/robotic_sim/2_wheeled/install/toycar/bin'
[3.724s] INFO:colcon.colcon_core.shell:Creating package script '/home/pablo/Documents/robotic_sim/2_wheeled/install/toycar/share/toycar/package.ps1'
[3.728s] INFO:colcon.colcon_core.shell:Creating package descriptor '/home/pablo/Documents/robotic_sim/2_wheeled/install/toycar/share/toycar/package.dsv'
[3.729s] INFO:colcon.colcon_core.shell:Creating package script '/home/pablo/Documents/robotic_sim/2_wheeled/install/toycar/share/toycar/package.sh'
[3.731s] INFO:colcon.colcon_core.shell:Creating package script '/home/pablo/Documents/robotic_sim/2_wheeled/install/toycar/share/toycar/package.bash'
[3.731s] INFO:colcon.colcon_core.shell:Creating package script '/home/pablo/Documents/robotic_sim/2_wheeled/install/toycar/share/toycar/package.zsh'
[3.732s] Level 1:colcon.colcon_core.environment:create_file_with_runtime_dependencies(/home/pablo/Documents/robotic_sim/2_wheeled/install/toycar/share/colcon-core/packages/toycar)
[5.284s] DEBUG:colcon.colcon_core.event_handler.log_command:Invoked command in '/home/pablo/Documents/robotic_sim/2_wheeled/build/pid_controller' returned '0': CMAKE_PREFIX_PATH=${CMAKE_PREFIX_PATH}:/opt/ros/foxy /usr/bin/cmake /home/pablo/Documents/robotic_sim/2_wheeled/src/pid_controller -DCMAKE_INSTALL_PREFIX=/home/pablo/Documents/robotic_sim/2_wheeled/install/pid_controller
[5.287s] DEBUG:colcon.colcon_core.event_handler.log_command:Invoking command in '/home/pablo/Documents/robotic_sim/2_wheeled/build/pid_controller': CMAKE_PREFIX_PATH=${CMAKE_PREFIX_PATH}:/opt/ros/foxy /usr/bin/cmake --build /home/pablo/Documents/robotic_sim/2_wheeled/build/pid_controller -- -j12 -l12
[5.290s] DEBUG:colcon.colcon_core.event_handler.log_command:Invoked command in '/home/pablo/Documents/robotic_sim/2_wheeled/build/send_poses' returned '0': CMAKE_PREFIX_PATH=${CMAKE_PREFIX_PATH}:/opt/ros/foxy /usr/bin/cmake /home/pablo/Documents/robotic_sim/2_wheeled/src/send_poses -DCMAKE_INSTALL_PREFIX=/home/pablo/Documents/robotic_sim/2_wheeled/install/send_poses
[5.295s] DEBUG:colcon.colcon_core.event_handler.log_command:Invoking command in '/home/pablo/Documents/robotic_sim/2_wheeled/build/send_poses': CMAKE_PREFIX_PATH=${CMAKE_PREFIX_PATH}:/opt/ros/foxy /usr/bin/cmake --build /home/pablo/Documents/robotic_sim/2_wheeled/build/send_poses -- -j12 -l12
[5.923s] DEBUG:colcon.colcon_core.event_handler.log_command:Invoked command in '/home/pablo/Documents/robotic_sim/2_wheeled/build/map_generation' returned '0': CMAKE_PREFIX_PATH=${CMAKE_PREFIX_PATH}:/opt/ros/foxy /usr/bin/cmake /home/pablo/Documents/robotic_sim/2_wheeled/src/map_generation -DCMAKE_INSTALL_PREFIX=/home/pablo/Documents/robotic_sim/2_wheeled/install/map_generation
[5.929s] DEBUG:colcon.colcon_core.event_handler.log_command:Invoking command in '/home/pablo/Documents/robotic_sim/2_wheeled/build/map_generation': CMAKE_PREFIX_PATH=${CMAKE_PREFIX_PATH}:/opt/ros/foxy /usr/bin/cmake --build /home/pablo/Documents/robotic_sim/2_wheeled/build/map_generation -- -j12 -l12
[12.864s] DEBUG:colcon.colcon_core.event_handler.log_command:Invoked command in '/home/pablo/Documents/robotic_sim/2_wheeled/build/send_poses' returned '0': CMAKE_PREFIX_PATH=${CMAKE_PREFIX_PATH}:/opt/ros/foxy /usr/bin/cmake --build /home/pablo/Documents/robotic_sim/2_wheeled/build/send_poses -- -j12 -l12
[12.904s] DEBUG:colcon.colcon_core.event_handler.log_command:Invoking command in '/home/pablo/Documents/robotic_sim/2_wheeled/build/send_poses': CMAKE_PREFIX_PATH=${CMAKE_PREFIX_PATH}:/opt/ros/foxy /usr/bin/cmake --install /home/pablo/Documents/robotic_sim/2_wheeled/build/send_poses
[12.928s] Level 1:colcon.colcon_core.environment:create_environment_scripts_only(send_poses)
[12.935s] Level 1:colcon.colcon_core.environment:checking '/home/pablo/Documents/robotic_sim/2_wheeled/install/send_poses' for CMake module files
[12.936s] DEBUG:colcon.colcon_core.event_handler.log_command:Invoked command in '/home/pablo/Documents/robotic_sim/2_wheeled/build/send_poses' returned '0': CMAKE_PREFIX_PATH=${CMAKE_PREFIX_PATH}:/opt/ros/foxy /usr/bin/cmake --install /home/pablo/Documents/robotic_sim/2_wheeled/build/send_poses
[12.937s] Level 1:colcon.colcon_core.environment:checking '/home/pablo/Documents/robotic_sim/2_wheeled/install/send_poses' for CMake config files
[12.937s] Level 1:colcon.colcon_core.shell:create_environment_hook('send_poses', 'cmake_prefix_path')
[12.940s] INFO:colcon.colcon_core.shell:Creating environment hook '/home/pablo/Documents/robotic_sim/2_wheeled/install/send_poses/share/send_poses/hook/cmake_prefix_path.ps1'
[12.941s] INFO:colcon.colcon_core.shell:Creating environment descriptor '/home/pablo/Documents/robotic_sim/2_wheeled/install/send_poses/share/send_poses/hook/cmake_prefix_path.dsv'
[12.941s] INFO:colcon.colcon_core.shell:Creating environment hook '/home/pablo/Documents/robotic_sim/2_wheeled/install/send_poses/share/send_poses/hook/cmake_prefix_path.sh'
[12.942s] Level 1:colcon.colcon_core.environment:checking '/home/pablo/Documents/robotic_sim/2_wheeled/install/send_poses/lib'
[12.942s] Level 1:colcon.colcon_core.environment:checking '/home/pablo/Documents/robotic_sim/2_wheeled/install/send_poses/bin'
[12.942s] Level 1:colcon.colcon_core.environment:checking '/home/pablo/Documents/robotic_sim/2_wheeled/install/send_poses/lib/pkgconfig/send_poses.pc'
[12.942s] Level 1:colcon.colcon_core.environment:checking '/home/pablo/Documents/robotic_sim/2_wheeled/install/send_poses/lib/python3.8/site-packages'
[12.943s] Level 1:colcon.colcon_core.environment:checking '/home/pablo/Documents/robotic_sim/2_wheeled/install/send_poses/bin'
[12.946s] INFO:colcon.colcon_core.shell:Creating package script '/home/pablo/Documents/robotic_sim/2_wheeled/install/send_poses/share/send_poses/package.ps1'
[12.946s] INFO:colcon.colcon_core.shell:Creating package descriptor '/home/pablo/Documents/robotic_sim/2_wheeled/install/send_poses/share/send_poses/package.dsv'
[12.947s] INFO:colcon.colcon_core.shell:Creating package script '/home/pablo/Documents/robotic_sim/2_wheeled/install/send_poses/share/send_poses/package.sh'
[12.947s] INFO:colcon.colcon_core.shell:Creating package script '/home/pablo/Documents/robotic_sim/2_wheeled/install/send_poses/share/send_poses/package.bash'
[12.947s] INFO:colcon.colcon_core.shell:Creating package script '/home/pablo/Documents/robotic_sim/2_wheeled/install/send_poses/share/send_poses/package.zsh'
[12.948s] Level 1:colcon.colcon_core.environment:create_file_with_runtime_dependencies(/home/pablo/Documents/robotic_sim/2_wheeled/install/send_poses/share/colcon-core/packages/send_poses)
[12.984s] Level 1:colcon.colcon_core.environment:create_environment_scripts_only(send_poses)
[12.988s] Level 1:colcon.colcon_core.environment:checking '/home/pablo/Documents/robotic_sim/2_wheeled/install/send_poses' for CMake module files
[12.989s] Level 1:colcon.colcon_core.environment:checking '/home/pablo/Documents/robotic_sim/2_wheeled/install/send_poses' for CMake config files
[12.989s] Level 1:colcon.colcon_core.shell:create_environment_hook('send_poses', 'cmake_prefix_path')
[12.993s] INFO:colcon.colcon_core.shell:Creating environment hook '/home/pablo/Documents/robotic_sim/2_wheeled/install/send_poses/share/send_poses/hook/cmake_prefix_path.ps1'
[12.995s] INFO:colcon.colcon_core.shell:Creating environment descriptor '/home/pablo/Documents/robotic_sim/2_wheeled/install/send_poses/share/send_poses/hook/cmake_prefix_path.dsv'
[12.995s] INFO:colcon.colcon_core.shell:Creating environment hook '/home/pablo/Documents/robotic_sim/2_wheeled/install/send_poses/share/send_poses/hook/cmake_prefix_path.sh'
[12.996s] Level 1:colcon.colcon_core.environment:checking '/home/pablo/Documents/robotic_sim/2_wheeled/install/send_poses/lib'
[12.996s] Level 1:colcon.colcon_core.environment:checking '/home/pablo/Documents/robotic_sim/2_wheeled/install/send_poses/bin'
[12.997s] Level 1:colcon.colcon_core.environment:checking '/home/pablo/Documents/robotic_sim/2_wheeled/install/send_poses/lib/pkgconfig/send_poses.pc'
[12.997s] Level 1:colcon.colcon_core.environment:checking '/home/pablo/Documents/robotic_sim/2_wheeled/install/send_poses/lib/python3.8/site-packages'
[12.997s] Level 1:colcon.colcon_core.environment:checking '/home/pablo/Documents/robotic_sim/2_wheeled/install/send_poses/bin'
[13.001s] INFO:colcon.colcon_core.shell:Creating package script '/home/pablo/Documents/robotic_sim/2_wheeled/install/send_poses/share/send_poses/package.ps1'
[13.002s] INFO:colcon.colcon_core.shell:Creating package descriptor '/home/pablo/Documents/robotic_sim/2_wheeled/install/send_poses/share/send_poses/package.dsv'
[13.002s] INFO:colcon.colcon_core.shell:Creating package script '/home/pablo/Documents/robotic_sim/2_wheeled/install/send_poses/share/send_poses/package.sh'
[13.005s] INFO:colcon.colcon_core.shell:Creating package script '/home/pablo/Documents/robotic_sim/2_wheeled/install/send_poses/share/send_poses/package.bash'
[13.006s] INFO:colcon.colcon_core.shell:Creating package script '/home/pablo/Documents/robotic_sim/2_wheeled/install/send_poses/share/send_poses/package.zsh'
[13.006s] Level 1:colcon.colcon_core.environment:create_file_with_runtime_dependencies(/home/pablo/Documents/robotic_sim/2_wheeled/install/send_poses/share/colcon-core/packages/send_poses)
[13.033s] DEBUG:colcon.colcon_core.event_handler.log_command:Invoked command in '/home/pablo/Documents/robotic_sim/2_wheeled/build/pid_controller' returned '0': CMAKE_PREFIX_PATH=${CMAKE_PREFIX_PATH}:/opt/ros/foxy /usr/bin/cmake --build /home/pablo/Documents/robotic_sim/2_wheeled/build/pid_controller -- -j12 -l12
[13.081s] DEBUG:colcon.colcon_core.event_handler.log_command:Invoking command in '/home/pablo/Documents/robotic_sim/2_wheeled/build/pid_controller': CMAKE_PREFIX_PATH=${CMAKE_PREFIX_PATH}:/opt/ros/foxy /usr/bin/cmake --install /home/pablo/Documents/robotic_sim/2_wheeled/build/pid_controller
[13.103s] Level 1:colcon.colcon_core.environment:create_environment_scripts_only(pid_controller)
[13.107s] Level 1:colcon.colcon_core.environment:checking '/home/pablo/Documents/robotic_sim/2_wheeled/install/pid_controller' for CMake module files
[13.108s] DEBUG:colcon.colcon_core.event_handler.log_command:Invoked command in '/home/pablo/Documents/robotic_sim/2_wheeled/build/pid_controller' returned '0': CMAKE_PREFIX_PATH=${CMAKE_PREFIX_PATH}:/opt/ros/foxy /usr/bin/cmake --install /home/pablo/Documents/robotic_sim/2_wheeled/build/pid_controller
[13.109s] Level 1:colcon.colcon_core.environment:checking '/home/pablo/Documents/robotic_sim/2_wheeled/install/pid_controller' for CMake config files
[13.109s] Level 1:colcon.colcon_core.shell:create_environment_hook('pid_controller', 'cmake_prefix_path')
[13.113s] INFO:colcon.colcon_core.shell:Creating environment hook '/home/pablo/Documents/robotic_sim/2_wheeled/install/pid_controller/share/pid_controller/hook/cmake_prefix_path.ps1'
[13.114s] INFO:colcon.colcon_core.shell:Creating environment descriptor '/home/pablo/Documents/robotic_sim/2_wheeled/install/pid_controller/share/pid_controller/hook/cmake_prefix_path.dsv'
[13.114s] INFO:colcon.colcon_core.shell:Creating environment hook '/home/pablo/Documents/robotic_sim/2_wheeled/install/pid_controller/share/pid_controller/hook/cmake_prefix_path.sh'
[13.115s] Level 1:colcon.colcon_core.environment:checking '/home/pablo/Documents/robotic_sim/2_wheeled/install/pid_controller/lib'
[13.115s] Level 1:colcon.colcon_core.environment:checking '/home/pablo/Documents/robotic_sim/2_wheeled/install/pid_controller/bin'
[13.115s] Level 1:colcon.colcon_core.environment:checking '/home/pablo/Documents/robotic_sim/2_wheeled/install/pid_controller/lib/pkgconfig/pid_controller.pc'
[13.115s] Level 1:colcon.colcon_core.environment:checking '/home/pablo/Documents/robotic_sim/2_wheeled/install/pid_controller/lib/python3.8/site-packages'
[13.115s] Level 1:colcon.colcon_core.environment:checking '/home/pablo/Documents/robotic_sim/2_wheeled/install/pid_controller/bin'
[13.118s] INFO:colcon.colcon_core.shell:Creating package script '/home/pablo/Documents/robotic_sim/2_wheeled/install/pid_controller/share/pid_controller/package.ps1'
[13.119s] INFO:colcon.colcon_core.shell:Creating package descriptor '/home/pablo/Documents/robotic_sim/2_wheeled/install/pid_controller/share/pid_controller/package.dsv'
[13.119s] INFO:colcon.colcon_core.shell:Creating package script '/home/pablo/Documents/robotic_sim/2_wheeled/install/pid_controller/share/pid_controller/package.sh'
[13.120s] INFO:colcon.colcon_core.shell:Creating package script '/home/pablo/Documents/robotic_sim/2_wheeled/install/pid_controller/share/pid_controller/package.bash'
[13.120s] INFO:colcon.colcon_core.shell:Creating package script '/home/pablo/Documents/robotic_sim/2_wheeled/install/pid_controller/share/pid_controller/package.zsh'
[13.120s] Level 1:colcon.colcon_core.environment:create_file_with_runtime_dependencies(/home/pablo/Documents/robotic_sim/2_wheeled/install/pid_controller/share/colcon-core/packages/pid_controller)
[13.156s] Level 1:colcon.colcon_core.environment:create_environment_scripts_only(pid_controller)
[13.160s] Level 1:colcon.colcon_core.environment:checking '/home/pablo/Documents/robotic_sim/2_wheeled/install/pid_controller' for CMake module files
[13.160s] Level 1:colcon.colcon_core.environment:checking '/home/pablo/Documents/robotic_sim/2_wheeled/install/pid_controller' for CMake config files
[13.161s] Level 1:colcon.colcon_core.shell:create_environment_hook('pid_controller', 'cmake_prefix_path')
[13.166s] INFO:colcon.colcon_core.shell:Creating environment hook '/home/pablo/Documents/robotic_sim/2_wheeled/install/pid_controller/share/pid_controller/hook/cmake_prefix_path.ps1'
[13.167s] INFO:colcon.colcon_core.shell:Creating environment descriptor '/home/pablo/Documents/robotic_sim/2_wheeled/install/pid_controller/share/pid_controller/hook/cmake_prefix_path.dsv'
[13.167s] INFO:colcon.colcon_core.shell:Creating environment hook '/home/pablo/Documents/robotic_sim/2_wheeled/install/pid_controller/share/pid_controller/hook/cmake_prefix_path.sh'
[13.168s] Level 1:colcon.colcon_core.environment:checking '/home/pablo/Documents/robotic_sim/2_wheeled/install/pid_controller/lib'
[13.168s] Level 1:colcon.colcon_core.environment:checking '/home/pablo/Documents/robotic_sim/2_wheeled/install/pid_controller/bin'
[13.168s] Level 1:colcon.colcon_core.environment:checking '/home/pablo/Documents/robotic_sim/2_wheeled/install/pid_controller/lib/pkgconfig/pid_controller.pc'
[13.168s] Level 1:colcon.colcon_core.environment:checking '/home/pablo/Documents/robotic_sim/2_wheeled/install/pid_controller/lib/python3.8/site-packages'
[13.169s] Level 1:colcon.colcon_core.environment:checking '/home/pablo/Documents/robotic_sim/2_wheeled/install/pid_controller/bin'
[13.172s] INFO:colcon.colcon_core.shell:Creating package script '/home/pablo/Documents/robotic_sim/2_wheeled/install/pid_controller/share/pid_controller/package.ps1'
[13.173s] INFO:colcon.colcon_core.shell:Creating package descriptor '/home/pablo/Documents/robotic_sim/2_wheeled/install/pid_controller/share/pid_controller/package.dsv'
[13.174s] INFO:colcon.colcon_core.shell:Creating package script '/home/pablo/Documents/robotic_sim/2_wheeled/install/pid_controller/share/pid_controller/package.sh'
[13.175s] INFO:colcon.colcon_core.shell:Creating package script '/home/pablo/Documents/robotic_sim/2_wheeled/install/pid_controller/share/pid_controller/package.bash'
[13.175s] INFO:colcon.colcon_core.shell:Creating package script '/home/pablo/Documents/robotic_sim/2_wheeled/install/pid_controller/share/pid_controller/package.zsh'
[13.175s] Level 1:colcon.colcon_core.environment:create_file_with_runtime_dependencies(/home/pablo/Documents/robotic_sim/2_wheeled/install/pid_controller/share/colcon-core/packages/pid_controller)
[16.984s] DEBUG:colcon.colcon_core.event_handler.log_command:Invoked command in '/home/pablo/Documents/robotic_sim/2_wheeled/build/map_generation' returned '0': CMAKE_PREFIX_PATH=${CMAKE_PREFIX_PATH}:/opt/ros/foxy /usr/bin/cmake --build /home/pablo/Documents/robotic_sim/2_wheeled/build/map_generation -- -j12 -l12
[17.014s] DEBUG:colcon.colcon_core.event_handler.log_command:Invoking command in '/home/pablo/Documents/robotic_sim/2_wheeled/build/map_generation': CMAKE_PREFIX_PATH=${CMAKE_PREFIX_PATH}:/opt/ros/foxy /usr/bin/cmake --install /home/pablo/Documents/robotic_sim/2_wheeled/build/map_generation
[17.031s] Level 1:colcon.colcon_core.environment:create_environment_scripts_only(map_generation)
[17.036s] Level 1:colcon.colcon_core.environment:checking '/home/pablo/Documents/robotic_sim/2_wheeled/install/map_generation' for CMake module files
[17.037s] DEBUG:colcon.colcon_core.event_handler.log_command:Invoked command in '/home/pablo/Documents/robotic_sim/2_wheeled/build/map_generation' returned '0': CMAKE_PREFIX_PATH=${CMAKE_PREFIX_PATH}:/opt/ros/foxy /usr/bin/cmake --install /home/pablo/Documents/robotic_sim/2_wheeled/build/map_generation
[17.037s] Level 1:colcon.colcon_core.environment:checking '/home/pablo/Documents/robotic_sim/2_wheeled/install/map_generation' for CMake config files
[17.037s] Level 1:colcon.colcon_core.shell:create_environment_hook('map_generation', 'cmake_prefix_path')
[17.040s] INFO:colcon.colcon_core.shell:Creating environment hook '/home/pablo/Documents/robotic_sim/2_wheeled/install/map_generation/share/map_generation/hook/cmake_prefix_path.ps1'
[17.040s] INFO:colcon.colcon_core.shell:Creating environment descriptor '/home/pablo/Documents/robotic_sim/2_wheeled/install/map_generation/share/map_generation/hook/cmake_prefix_path.dsv'
[17.041s] INFO:colcon.colcon_core.shell:Creating environment hook '/home/pablo/Documents/robotic_sim/2_wheeled/install/map_generation/share/map_generation/hook/cmake_prefix_path.sh'
[17.041s] Level 1:colcon.colcon_core.environment:checking '/home/pablo/Documents/robotic_sim/2_wheeled/install/map_generation/lib'
[17.041s] Level 1:colcon.colcon_core.environment:checking '/home/pablo/Documents/robotic_sim/2_wheeled/install/map_generation/bin'
[17.041s] Level 1:colcon.colcon_core.environment:checking '/home/pablo/Documents/robotic_sim/2_wheeled/install/map_generation/lib/pkgconfig/map_generation.pc'
[17.041s] Level 1:colcon.colcon_core.environment:checking '/home/pablo/Documents/robotic_sim/2_wheeled/install/map_generation/lib/python3.8/site-packages'
[17.041s] Level 1:colcon.colcon_core.environment:checking '/home/pablo/Documents/robotic_sim/2_wheeled/install/map_generation/bin'
[17.044s] INFO:colcon.colcon_core.shell:Creating package script '/home/pablo/Documents/robotic_sim/2_wheeled/install/map_generation/share/map_generation/package.ps1'
[17.045s] INFO:colcon.colcon_core.shell:Creating package descriptor '/home/pablo/Documents/robotic_sim/2_wheeled/install/map_generation/share/map_generation/package.dsv'
[17.045s] INFO:colcon.colcon_core.shell:Creating package script '/home/pablo/Documents/robotic_sim/2_wheeled/install/map_generation/share/map_generation/package.sh'
[17.046s] INFO:colcon.colcon_core.shell:Creating package script '/home/pablo/Documents/robotic_sim/2_wheeled/install/map_generation/share/map_generation/package.bash'
[17.046s] INFO:colcon.colcon_core.shell:Creating package script '/home/pablo/Documents/robotic_sim/2_wheeled/install/map_generation/share/map_generation/package.zsh'
[17.046s] Level 1:colcon.colcon_core.environment:create_file_with_runtime_dependencies(/home/pablo/Documents/robotic_sim/2_wheeled/install/map_generation/share/colcon-core/packages/map_generation)
[17.079s] Level 1:colcon.colcon_core.environment:create_environment_scripts_only(map_generation)
[17.082s] Level 1:colcon.colcon_core.environment:checking '/home/pablo/Documents/robotic_sim/2_wheeled/install/map_generation' for CMake module files
[17.083s] Level 1:colcon.colcon_core.environment:checking '/home/pablo/Documents/robotic_sim/2_wheeled/install/map_generation' for CMake config files
[17.083s] Level 1:colcon.colcon_core.shell:create_environment_hook('map_generation', 'cmake_prefix_path')
[17.085s] INFO:colcon.colcon_core.shell:Creating environment hook '/home/pablo/Documents/robotic_sim/2_wheeled/install/map_generation/share/map_generation/hook/cmake_prefix_path.ps1'
[17.086s] INFO:colcon.colcon_core.shell:Creating environment descriptor '/home/pablo/Documents/robotic_sim/2_wheeled/install/map_generation/share/map_generation/hook/cmake_prefix_path.dsv'
[17.086s] INFO:colcon.colcon_core.shell:Creating environment hook '/home/pablo/Documents/robotic_sim/2_wheeled/install/map_generation/share/map_generation/hook/cmake_prefix_path.sh'
[17.087s] Level 1:colcon.colcon_core.environment:checking '/home/pablo/Documents/robotic_sim/2_wheeled/install/map_generation/lib'
[17.087s] Level 1:colcon.colcon_core.environment:checking '/home/pablo/Documents/robotic_sim/2_wheeled/install/map_generation/bin'
[17.087s] Level 1:colcon.colcon_core.environment:checking '/home/pablo/Documents/robotic_sim/2_wheeled/install/map_generation/lib/pkgconfig/map_generation.pc'
[17.087s] Level 1:colcon.colcon_core.environment:checking '/home/pablo/Documents/robotic_sim/2_wheeled/install/map_generation/lib/python3.8/site-packages'
[17.087s] Level 1:colcon.colcon_core.environment:checking '/home/pablo/Documents/robotic_sim/2_wheeled/install/map_generation/bin'
[17.090s] INFO:colcon.colcon_core.shell:Creating package script '/home/pablo/Documents/robotic_sim/2_wheeled/install/map_generation/share/map_generation/package.ps1'
[17.091s] INFO:colcon.colcon_core.shell:Creating package descriptor '/home/pablo/Documents/robotic_sim/2_wheeled/install/map_generation/share/map_generation/package.dsv'
[17.091s] INFO:colcon.colcon_core.shell:Creating package script '/home/pablo/Documents/robotic_sim/2_wheeled/install/map_generation/share/map_generation/package.sh'
[17.092s] INFO:colcon.colcon_core.shell:Creating package script '/home/pablo/Documents/robotic_sim/2_wheeled/install/map_generation/share/map_generation/package.bash'
[17.092s] INFO:colcon.colcon_core.shell:Creating package script '/home/pablo/Documents/robotic_sim/2_wheeled/install/map_generation/share/map_generation/package.zsh'
[17.092s] Level 1:colcon.colcon_core.environment:create_file_with_runtime_dependencies(/home/pablo/Documents/robotic_sim/2_wheeled/install/map_generation/share/colcon-core/packages/map_generation)
[17.093s] DEBUG:colcon.colcon_parallel_executor.executor.parallel:closing loop
[17.093s] DEBUG:colcon.colcon_parallel_executor.executor.parallel:loop closed
[17.094s] DEBUG:colcon.colcon_parallel_executor.executor.parallel:run_until_complete finished with '0'
[17.094s] DEBUG:colcon.colcon_core.event_reactor:joining thread
[17.105s] INFO:colcon.colcon_core.plugin_system:Skipping extension 'colcon_notification.desktop_notification.terminal_notifier': Not used on non-Darwin systems
[17.105s] INFO:colcon.colcon_core.plugin_system:Skipping extension 'colcon_notification.desktop_notification.win32': Not used on non-Windows systems
[17.105s] INFO:colcon.colcon_notification.desktop_notification:Sending desktop notification using 'notify2'
[17.123s] DEBUG:colcon.colcon_core.event_reactor:joined thread
[17.128s] INFO:colcon.colcon_core.shell:Creating prefix script '/home/pablo/Documents/robotic_sim/2_wheeled/install/local_setup.ps1'
[17.131s] INFO:colcon.colcon_core.shell:Creating prefix util module '/home/pablo/Documents/robotic_sim/2_wheeled/install/_local_setup_util_ps1.py'
[17.132s] INFO:colcon.colcon_core.shell:Creating prefix chain script '/home/pablo/Documents/robotic_sim/2_wheeled/install/setup.ps1'
[17.137s] INFO:colcon.colcon_core.shell:Creating prefix script '/home/pablo/Documents/robotic_sim/2_wheeled/install/local_setup.sh'
[17.138s] INFO:colcon.colcon_core.shell:Creating prefix util module '/home/pablo/Documents/robotic_sim/2_wheeled/install/_local_setup_util_sh.py'
[17.139s] INFO:colcon.colcon_core.shell:Creating prefix chain script '/home/pablo/Documents/robotic_sim/2_wheeled/install/setup.sh'
[17.144s] INFO:colcon.colcon_core.shell:Creating prefix script '/home/pablo/Documents/robotic_sim/2_wheeled/install/local_setup.bash'
[17.145s] INFO:colcon.colcon_core.shell:Creating prefix chain script '/home/pablo/Documents/robotic_sim/2_wheeled/install/setup.bash'
[17.150s] INFO:colcon.colcon_core.shell:Creating prefix script '/home/pablo/Documents/robotic_sim/2_wheeled/install/local_setup.zsh'
[17.150s] INFO:colcon.colcon_core.shell:Creating prefix chain script '/home/pablo/Documents/robotic_sim/2_wheeled/install/setup.zsh'
