[0.112s] Invoking command in '/home/pablo/Documents/robotic_sim/2_wheeled/build/toycar': CMAKE_PREFIX_PATH=${CMAKE_PREFIX_PATH}:/opt/ros/foxy /usr/bin/cmake /home/pablo/Documents/robotic_sim/2_wheeled/src/toycar3D -DCMAKE_INSTALL_PREFIX=/home/pablo/Documents/robotic_sim/2_wheeled/install/toycar
[0.254s] -- The C compiler identification is GNU 9.4.0
[0.432s] -- The CXX compiler identification is GNU 9.4.0
[0.459s] -- Check for working C compiler: /usr/bin/cc
[0.618s] -- Check for working C compiler: /usr/bin/cc -- works
[0.618s] -- Detecting C compiler ABI info
[0.750s] -- Detecting C compiler ABI info - done
[0.765s] -- Detecting C compile features
[0.766s] -- Detecting C compile features - done
[0.769s] -- Check for working CXX compiler: /usr/bin/c++
[0.951s] -- Check for working CXX compiler: /usr/bin/c++ -- works
[0.953s] -- Detecting CXX compiler ABI info
[1.117s] -- Detecting CXX compiler ABI info - done
[1.137s] -- Detecting CXX compile features
[1.138s] -- Detecting CXX compile features - done
[1.156s] -- Found ament_cmake: 0.9.9 (/opt/ros/foxy/share/ament_cmake/cmake)
[1.249s] -- Found PythonInterp: /usr/bin/python3 (found suitable version "3.8.10", minimum required is "3") 
[1.250s] -- Using PYTHON_EXECUTABLE: /usr/bin/python3
[2.025s] -- Found ament_lint_auto: 0.9.6 (/opt/ros/foxy/share/ament_lint_auto/cmake)
[2.335s] -- Added test 'copyright' to check source files copyright and LICENSE
[2.351s] -- Added test 'flake8' to check Python code syntax and style conventions
[2.352s] -- Added test 'lint_cmake' to check CMake code style
[2.374s] -- Added test 'pep257' to check Python code against some of the style conventions in PEP 257
[2.382s] -- Added test 'xmllint' to check XML markup files
[2.398s] -- Configuring done
[2.401s] -- Generating done
[2.403s] -- Build files have been written to: /home/pablo/Documents/robotic_sim/2_wheeled/build/toycar
[2.425s] Invoked command in '/home/pablo/Documents/robotic_sim/2_wheeled/build/toycar' returned '0': CMAKE_PREFIX_PATH=${CMAKE_PREFIX_PATH}:/opt/ros/foxy /usr/bin/cmake /home/pablo/Documents/robotic_sim/2_wheeled/src/toycar3D -DCMAKE_INSTALL_PREFIX=/home/pablo/Documents/robotic_sim/2_wheeled/install/toycar
[2.427s] Invoking command in '/home/pablo/Documents/robotic_sim/2_wheeled/build/toycar': CMAKE_PREFIX_PATH=${CMAKE_PREFIX_PATH}:/opt/ros/foxy /usr/bin/cmake --build /home/pablo/Documents/robotic_sim/2_wheeled/build/toycar -- -j12 -l12
[2.567s] Invoked command in '/home/pablo/Documents/robotic_sim/2_wheeled/build/toycar' returned '0': CMAKE_PREFIX_PATH=${CMAKE_PREFIX_PATH}:/opt/ros/foxy /usr/bin/cmake --build /home/pablo/Documents/robotic_sim/2_wheeled/build/toycar -- -j12 -l12
[2.714s] Invoking command in '/home/pablo/Documents/robotic_sim/2_wheeled/build/toycar': CMAKE_PREFIX_PATH=${CMAKE_PREFIX_PATH}:/opt/ros/foxy /usr/bin/cmake --install /home/pablo/Documents/robotic_sim/2_wheeled/build/toycar
[2.743s] -- Install configuration: ""
[2.743s] -- Installing: /home/pablo/Documents/robotic_sim/2_wheeled/install/toycar/share/toycar/launch
[2.743s] -- Installing: /home/pablo/Documents/robotic_sim/2_wheeled/install/toycar/share/toycar/launch/world.launch.py
[2.744s] -- Installing: /home/pablo/Documents/robotic_sim/2_wheeled/install/toycar/share/toycar/launch/spawn.launch.py
[2.744s] -- Installing: /home/pablo/Documents/robotic_sim/2_wheeled/install/toycar/share/toycar/meshes
[2.744s] -- Installing: /home/pablo/Documents/robotic_sim/2_wheeled/install/toycar/share/toycar/meshes/low_part.stl
[2.744s] -- Installing: /home/pablo/Documents/robotic_sim/2_wheeled/install/toycar/share/toycar/meshes/caster.stl
[2.759s] -- Installing: /home/pablo/Documents/robotic_sim/2_wheeled/install/toycar/share/toycar/meshes/wheel.stl
[2.759s] -- Installing: /home/pablo/Documents/robotic_sim/2_wheeled/install/toycar/share/toycar/urdf
[2.760s] -- Installing: /home/pablo/Documents/robotic_sim/2_wheeled/install/toycar/share/toycar/urdf/3D_lidar.xacro
[2.760s] -- Installing: /home/pablo/Documents/robotic_sim/2_wheeled/install/toycar/share/toycar/urdf/toy.urdf.xacro
[2.760s] -- Installing: /home/pablo/Documents/robotic_sim/2_wheeled/install/toycar/share/toycar/urdf/gazebo.xacro
[2.760s] -- Installing: /home/pablo/Documents/robotic_sim/2_wheeled/install/toycar/share/toycar/urdf/ray_scanner.xacro
[2.761s] -- Installing: /home/pablo/Documents/robotic_sim/2_wheeled/install/toycar/share/toycar/worlds
[2.761s] -- Installing: /home/pablo/Documents/robotic_sim/2_wheeled/install/toycar/share/toycar/worlds/world.world
[2.761s] -- Installing: /home/pablo/Documents/robotic_sim/2_wheeled/install/toycar/share/ament_index/resource_index/package_run_dependencies/toycar
[2.761s] -- Installing: /home/pablo/Documents/robotic_sim/2_wheeled/install/toycar/share/ament_index/resource_index/parent_prefix_path/toycar
[2.761s] -- Installing: /home/pablo/Documents/robotic_sim/2_wheeled/install/toycar/share/toycar/environment/ament_prefix_path.sh
[2.761s] -- Installing: /home/pablo/Documents/robotic_sim/2_wheeled/install/toycar/share/toycar/environment/ament_prefix_path.dsv
[2.764s] -- Installing: /home/pablo/Documents/robotic_sim/2_wheeled/install/toycar/share/toycar/environment/path.sh
[2.764s] -- Installing: /home/pablo/Documents/robotic_sim/2_wheeled/install/toycar/share/toycar/environment/path.dsv
[2.765s] -- Installing: /home/pablo/Documents/robotic_sim/2_wheeled/install/toycar/share/toycar/local_setup.bash
[2.765s] -- Installing: /home/pablo/Documents/robotic_sim/2_wheeled/install/toycar/share/toycar/local_setup.sh
[2.765s] -- Installing: /home/pablo/Documents/robotic_sim/2_wheeled/install/toycar/share/toycar/local_setup.zsh
[2.765s] -- Installing: /home/pablo/Documents/robotic_sim/2_wheeled/install/toycar/share/toycar/local_setup.dsv
[2.765s] -- Installing: /home/pablo/Documents/robotic_sim/2_wheeled/install/toycar/share/toycar/package.dsv
[2.765s] -- Installing: /home/pablo/Documents/robotic_sim/2_wheeled/install/toycar/share/ament_index/resource_index/packages/toycar
[2.765s] -- Installing: /home/pablo/Documents/robotic_sim/2_wheeled/install/toycar/share/toycar/cmake/toycarConfig.cmake
[2.765s] -- Installing: /home/pablo/Documents/robotic_sim/2_wheeled/install/toycar/share/toycar/cmake/toycarConfig-version.cmake
[2.765s] -- Installing: /home/pablo/Documents/robotic_sim/2_wheeled/install/toycar/share/toycar/package.xml
[2.791s] Invoked command in '/home/pablo/Documents/robotic_sim/2_wheeled/build/toycar' returned '0': CMAKE_PREFIX_PATH=${CMAKE_PREFIX_PATH}:/opt/ros/foxy /usr/bin/cmake --install /home/pablo/Documents/robotic_sim/2_wheeled/build/toycar
