[0.066s] Invoking command in '/home/pablo/Documents/robotic_sim/2_wheeled/build/map_generation': CMAKE_PREFIX_PATH=${CMAKE_PREFIX_PATH}:/opt/ros/foxy /usr/bin/cmake --build /home/pablo/Documents/robotic_sim/2_wheeled/build/map_generation -- -j12 -l12
[0.152s] [35m[1mScanning dependencies of target map_generation[0m
[0.220s] [ 33%] [32mBuilding CXX object CMakeFiles/map_generation.dir/src/map_generation.cpp.o[0m
[2.441s] [01m[K/home/pablo/Documents/robotic_sim/2_wheeled/src/map_generation/src/map_generation.cpp:[m[K In member function ‘[01m[Kvoid MapGenerator::laser_callback(sensor_msgs::msg::LaserScan_<std::allocator<void> >::SharedPtr)[m[K’:
[2.441s] [01m[K/home/pablo/Documents/robotic_sim/2_wheeled/src/map_generation/src/map_generation.cpp:108:74:[m[K [01;35m[Kwarning: [m[Kunused parameter ‘[01m[Kmsg[m[K’ [[01;35m[K-Wunused-parameter[m[K]
[2.441s]   108 |         void laser_callback([01;35m[Kconst sensor_msgs::msg::LaserScan::SharedPtr msg[m[K){
[2.441s]       |                             [01;35m[K~~~~~~~~~~~~~~~~~~~~~~~~~~~~~~~~~~~~~~~~~~~~~^~~[m[K
[7.944s] [ 66%] [32m[1mLinking CXX executable map_generation[0m
[8.259s] /usr/bin/ld: warning: libconsole_bridge.so.1.0, needed by /opt/ros/foxy/lib/libtf2.so, may conflict with libconsole_bridge.so.0.4
[8.266s] [100%] Built target map_generation
[8.275s] Invoked command in '/home/pablo/Documents/robotic_sim/2_wheeled/build/map_generation' returned '0': CMAKE_PREFIX_PATH=${CMAKE_PREFIX_PATH}:/opt/ros/foxy /usr/bin/cmake --build /home/pablo/Documents/robotic_sim/2_wheeled/build/map_generation -- -j12 -l12
[8.294s] Invoking command in '/home/pablo/Documents/robotic_sim/2_wheeled/build/map_generation': CMAKE_PREFIX_PATH=${CMAKE_PREFIX_PATH}:/opt/ros/foxy /usr/bin/cmake --install /home/pablo/Documents/robotic_sim/2_wheeled/build/map_generation
[8.301s] -- Install configuration: ""
[8.303s] -- Installing: /home/pablo/Documents/robotic_sim/2_wheeled/install/map_generation/lib/map_generation/map_generation
[8.305s] -- Set runtime path of "/home/pablo/Documents/robotic_sim/2_wheeled/install/map_generation/lib/map_generation/map_generation" to ""
[8.305s] -- Up-to-date: /home/pablo/Documents/robotic_sim/2_wheeled/install/map_generation/share/map_generation
[8.305s] -- Up-to-date: /home/pablo/Documents/robotic_sim/2_wheeled/install/map_generation/share/ament_index/resource_index/package_run_dependencies/map_generation
[8.305s] -- Up-to-date: /home/pablo/Documents/robotic_sim/2_wheeled/install/map_generation/share/ament_index/resource_index/parent_prefix_path/map_generation
[8.305s] -- Up-to-date: /home/pablo/Documents/robotic_sim/2_wheeled/install/map_generation/share/map_generation/environment/ament_prefix_path.sh
[8.306s] -- Up-to-date: /home/pablo/Documents/robotic_sim/2_wheeled/install/map_generation/share/map_generation/environment/ament_prefix_path.dsv
[8.306s] -- Up-to-date: /home/pablo/Documents/robotic_sim/2_wheeled/install/map_generation/share/map_generation/environment/path.sh
[8.306s] -- Up-to-date: /home/pablo/Documents/robotic_sim/2_wheeled/install/map_generation/share/map_generation/environment/path.dsv
[8.306s] -- Up-to-date: /home/pablo/Documents/robotic_sim/2_wheeled/install/map_generation/share/map_generation/local_setup.bash
[8.306s] -- Up-to-date: /home/pablo/Documents/robotic_sim/2_wheeled/install/map_generation/share/map_generation/local_setup.sh
[8.306s] -- Up-to-date: /home/pablo/Documents/robotic_sim/2_wheeled/install/map_generation/share/map_generation/local_setup.zsh
[8.306s] -- Up-to-date: /home/pablo/Documents/robotic_sim/2_wheeled/install/map_generation/share/map_generation/local_setup.dsv
[8.306s] -- Installing: /home/pablo/Documents/robotic_sim/2_wheeled/install/map_generation/share/map_generation/package.dsv
[8.306s] -- Up-to-date: /home/pablo/Documents/robotic_sim/2_wheeled/install/map_generation/share/ament_index/resource_index/packages/map_generation
[8.306s] -- Up-to-date: /home/pablo/Documents/robotic_sim/2_wheeled/install/map_generation/share/map_generation/cmake/map_generationConfig.cmake
[8.306s] -- Up-to-date: /home/pablo/Documents/robotic_sim/2_wheeled/install/map_generation/share/map_generation/cmake/map_generationConfig-version.cmake
[8.306s] -- Up-to-date: /home/pablo/Documents/robotic_sim/2_wheeled/install/map_generation/share/map_generation/package.xml
[8.311s] Invoked command in '/home/pablo/Documents/robotic_sim/2_wheeled/build/map_generation' returned '0': CMAKE_PREFIX_PATH=${CMAKE_PREFIX_PATH}:/opt/ros/foxy /usr/bin/cmake --install /home/pablo/Documents/robotic_sim/2_wheeled/build/map_generation
