[0.059s] Invoking command in '/home/pablo/Documents/robotic_sim/2_wheeled/build/toycar2D': CMAKE_PREFIX_PATH=${CMAKE_PREFIX_PATH}:/opt/ros/foxy /usr/bin/cmake --build /home/pablo/Documents/robotic_sim/2_wheeled/build/toycar2D -- -j12 -l12
[0.115s] Invoked command in '/home/pablo/Documents/robotic_sim/2_wheeled/build/toycar2D' returned '0': CMAKE_PREFIX_PATH=${CMAKE_PREFIX_PATH}:/opt/ros/foxy /usr/bin/cmake --build /home/pablo/Documents/robotic_sim/2_wheeled/build/toycar2D -- -j12 -l12
[0.148s] Invoking command in '/home/pablo/Documents/robotic_sim/2_wheeled/build/toycar2D': CMAKE_PREFIX_PATH=${CMAKE_PREFIX_PATH}:/opt/ros/foxy /usr/bin/cmake --install /home/pablo/Documents/robotic_sim/2_wheeled/build/toycar2D
[0.167s] -- Install configuration: ""
[0.168s] -- Up-to-date: /home/pablo/Documents/robotic_sim/2_wheeled/install/toycar2D/share/toycar2D/launch
[0.168s] -- Up-to-date: /home/pablo/Documents/robotic_sim/2_wheeled/install/toycar2D/share/toycar2D/launch/world.launch.py
[0.168s] -- Up-to-date: /home/pablo/Documents/robotic_sim/2_wheeled/install/toycar2D/share/toycar2D/launch/spawn.launch.py
[0.168s] -- Up-to-date: /home/pablo/Documents/robotic_sim/2_wheeled/install/toycar2D/share/toycar2D/meshes
[0.168s] -- Up-to-date: /home/pablo/Documents/robotic_sim/2_wheeled/install/toycar2D/share/toycar2D/meshes/low_part.stl
[0.168s] -- Up-to-date: /home/pablo/Documents/robotic_sim/2_wheeled/install/toycar2D/share/toycar2D/meshes/caster.stl
[0.169s] -- Up-to-date: /home/pablo/Documents/robotic_sim/2_wheeled/install/toycar2D/share/toycar2D/meshes/wheel.stl
[0.169s] -- Up-to-date: /home/pablo/Documents/robotic_sim/2_wheeled/install/toycar2D/share/toycar2D/urdf
[0.169s] -- Installing: /home/pablo/Documents/robotic_sim/2_wheeled/install/toycar2D/share/toycar2D/urdf/differential_drive.xacro
[0.173s] -- Installing: /home/pablo/Documents/robotic_sim/2_wheeled/install/toycar2D/share/toycar2D/urdf/joints_control.xacro
[0.173s] -- Installing: /home/pablo/Documents/robotic_sim/2_wheeled/install/toycar2D/share/toycar2D/urdf/toy.urdf.xacro
[0.175s] -- Installing: /home/pablo/Documents/robotic_sim/2_wheeled/install/toycar2D/share/toycar2D/urdf/gazebo.xacro
[0.175s] -- Up-to-date: /home/pablo/Documents/robotic_sim/2_wheeled/install/toycar2D/share/toycar2D/urdf/ray_scanner.xacro
[0.175s] -- Installing: /home/pablo/Documents/robotic_sim/2_wheeled/install/toycar2D/share/toycar2D/urdf/cameras.xacro
[0.176s] -- Up-to-date: /home/pablo/Documents/robotic_sim/2_wheeled/install/toycar2D/share/toycar2D/worlds
[0.177s] -- Up-to-date: /home/pablo/Documents/robotic_sim/2_wheeled/install/toycar2D/share/toycar2D/worlds/world.world
[0.177s] -- Up-to-date: /home/pablo/Documents/robotic_sim/2_wheeled/install/toycar2D/share/ament_index/resource_index/package_run_dependencies/toycar2D
[0.177s] -- Up-to-date: /home/pablo/Documents/robotic_sim/2_wheeled/install/toycar2D/share/ament_index/resource_index/parent_prefix_path/toycar2D
[0.177s] -- Up-to-date: /home/pablo/Documents/robotic_sim/2_wheeled/install/toycar2D/share/toycar2D/environment/ament_prefix_path.sh
[0.179s] -- Up-to-date: /home/pablo/Documents/robotic_sim/2_wheeled/install/toycar2D/share/toycar2D/environment/ament_prefix_path.dsv
[0.179s] -- Up-to-date: /home/pablo/Documents/robotic_sim/2_wheeled/install/toycar2D/share/toycar2D/environment/path.sh
[0.179s] -- Up-to-date: /home/pablo/Documents/robotic_sim/2_wheeled/install/toycar2D/share/toycar2D/environment/path.dsv
[0.179s] -- Up-to-date: /home/pablo/Documents/robotic_sim/2_wheeled/install/toycar2D/share/toycar2D/local_setup.bash
[0.179s] -- Up-to-date: /home/pablo/Documents/robotic_sim/2_wheeled/install/toycar2D/share/toycar2D/local_setup.sh
[0.179s] -- Up-to-date: /home/pablo/Documents/robotic_sim/2_wheeled/install/toycar2D/share/toycar2D/local_setup.zsh
[0.180s] -- Up-to-date: /home/pablo/Documents/robotic_sim/2_wheeled/install/toycar2D/share/toycar2D/local_setup.dsv
[0.180s] -- Installing: /home/pablo/Documents/robotic_sim/2_wheeled/install/toycar2D/share/toycar2D/package.dsv
[0.180s] -- Up-to-date: /home/pablo/Documents/robotic_sim/2_wheeled/install/toycar2D/share/ament_index/resource_index/packages/toycar2D
[0.180s] -- Up-to-date: /home/pablo/Documents/robotic_sim/2_wheeled/install/toycar2D/share/toycar2D/cmake/toycar2DConfig.cmake
[0.180s] -- Up-to-date: /home/pablo/Documents/robotic_sim/2_wheeled/install/toycar2D/share/toycar2D/cmake/toycar2DConfig-version.cmake
[0.181s] -- Up-to-date: /home/pablo/Documents/robotic_sim/2_wheeled/install/toycar2D/share/toycar2D/package.xml
[0.207s] Invoked command in '/home/pablo/Documents/robotic_sim/2_wheeled/build/toycar2D' returned '0': CMAKE_PREFIX_PATH=${CMAKE_PREFIX_PATH}:/opt/ros/foxy /usr/bin/cmake --install /home/pablo/Documents/robotic_sim/2_wheeled/build/toycar2D
