[0.166s] Invoking command in '/home/pablo/Documents/robotic_sim/2_wheeled/build/pid_controller': CMAKE_PREFIX_PATH=${CMAKE_PREFIX_PATH}:/opt/ros/foxy /usr/bin/cmake --build /home/pablo/Documents/robotic_sim/2_wheeled/build/pid_controller -- -j12 -l12
[0.372s] [100%] Built target pid
[0.430s] Invoked command in '/home/pablo/Documents/robotic_sim/2_wheeled/build/pid_controller' returned '0': CMAKE_PREFIX_PATH=${CMAKE_PREFIX_PATH}:/opt/ros/foxy /usr/bin/cmake --build /home/pablo/Documents/robotic_sim/2_wheeled/build/pid_controller -- -j12 -l12
[0.556s] Invoking command in '/home/pablo/Documents/robotic_sim/2_wheeled/build/pid_controller': CMAKE_PREFIX_PATH=${CMAKE_PREFIX_PATH}:/opt/ros/foxy /usr/bin/cmake --install /home/pablo/Documents/robotic_sim/2_wheeled/build/pid_controller
[0.609s] -- Install configuration: ""
[0.609s] -- Up-to-date: /home/pablo/Documents/robotic_sim/2_wheeled/install/pid_controller/lib/pid_controller/pid
[0.609s] -- Up-to-date: /home/pablo/Documents/robotic_sim/2_wheeled/install/pid_controller/share/pid_controller/launch
[0.611s] -- Up-to-date: /home/pablo/Documents/robotic_sim/2_wheeled/install/pid_controller/share/pid_controller/launch/pid.launch.py
[0.612s] -- Up-to-date: /home/pablo/Documents/robotic_sim/2_wheeled/install/pid_controller/share/ament_index/resource_index/package_run_dependencies/pid_controller
[0.618s] -- Up-to-date: /home/pablo/Documents/robotic_sim/2_wheeled/install/pid_controller/share/ament_index/resource_index/parent_prefix_path/pid_controller
[0.618s] -- Up-to-date: /home/pablo/Documents/robotic_sim/2_wheeled/install/pid_controller/share/pid_controller/environment/ament_prefix_path.sh
[0.618s] -- Up-to-date: /home/pablo/Documents/robotic_sim/2_wheeled/install/pid_controller/share/pid_controller/environment/ament_prefix_path.dsv
[0.619s] -- Up-to-date: /home/pablo/Documents/robotic_sim/2_wheeled/install/pid_controller/share/pid_controller/environment/path.sh
[0.619s] -- Up-to-date: /home/pablo/Documents/robotic_sim/2_wheeled/install/pid_controller/share/pid_controller/environment/path.dsv
[0.619s] -- Up-to-date: /home/pablo/Documents/robotic_sim/2_wheeled/install/pid_controller/share/pid_controller/local_setup.bash
[0.619s] -- Up-to-date: /home/pablo/Documents/robotic_sim/2_wheeled/install/pid_controller/share/pid_controller/local_setup.sh
[0.619s] -- Up-to-date: /home/pablo/Documents/robotic_sim/2_wheeled/install/pid_controller/share/pid_controller/local_setup.zsh
[0.619s] -- Up-to-date: /home/pablo/Documents/robotic_sim/2_wheeled/install/pid_controller/share/pid_controller/local_setup.dsv
[0.619s] -- Installing: /home/pablo/Documents/robotic_sim/2_wheeled/install/pid_controller/share/pid_controller/package.dsv
[0.619s] -- Up-to-date: /home/pablo/Documents/robotic_sim/2_wheeled/install/pid_controller/share/ament_index/resource_index/packages/pid_controller
[0.619s] -- Up-to-date: /home/pablo/Documents/robotic_sim/2_wheeled/install/pid_controller/share/pid_controller/cmake/pid_controllerConfig.cmake
[0.619s] -- Up-to-date: /home/pablo/Documents/robotic_sim/2_wheeled/install/pid_controller/share/pid_controller/cmake/pid_controllerConfig-version.cmake
[0.619s] -- Up-to-date: /home/pablo/Documents/robotic_sim/2_wheeled/install/pid_controller/share/pid_controller/package.xml
[0.681s] Invoked command in '/home/pablo/Documents/robotic_sim/2_wheeled/build/pid_controller' returned '0': CMAKE_PREFIX_PATH=${CMAKE_PREFIX_PATH}:/opt/ros/foxy /usr/bin/cmake --install /home/pablo/Documents/robotic_sim/2_wheeled/build/pid_controller
