[0.120s] Invoking command in '/home/pablo/Documents/robotic_sim/2_wheeled/build/pid_controller': CMAKE_PREFIX_PATH=${CMAKE_PREFIX_PATH}:/opt/ros/foxy /usr/bin/cmake /home/pablo/Documents/robotic_sim/2_wheeled/src/pid_controller -DCMAKE_INSTALL_PREFIX=/home/pablo/Documents/robotic_sim/2_wheeled/install/pid_controller
[0.256s] -- The C compiler identification is GNU 9.4.0
[0.434s] -- The CXX compiler identification is GNU 9.4.0
[0.466s] -- Check for working C compiler: /usr/bin/cc
[0.620s] -- Check for working C compiler: /usr/bin/cc -- works
[0.620s] -- Detecting C compiler ABI info
[0.761s] -- Detecting C compiler ABI info - done
[0.778s] -- Detecting C compile features
[0.778s] -- Detecting C compile features - done
[0.784s] -- Check for working CXX compiler: /usr/bin/c++
[0.944s] -- Check for working CXX compiler: /usr/bin/c++ -- works
[0.945s] -- Detecting CXX compiler ABI info
[1.102s] -- Detecting CXX compiler ABI info - done
[1.117s] -- Detecting CXX compile features
[1.117s] -- Detecting CXX compile features - done
[1.132s] -- Found ament_cmake: 0.9.9 (/opt/ros/foxy/share/ament_cmake/cmake)
[1.216s] -- Found PythonInterp: /usr/bin/python3 (found suitable version "3.8.10", minimum required is "3") 
[1.216s] -- Using PYTHON_EXECUTABLE: /usr/bin/python3
[1.879s] -- Found rclcpp: 2.4.1 (/opt/ros/foxy/share/rclcpp/cmake)
[2.211s] -- Using all available rosidl_typesupport_c: rosidl_typesupport_fastrtps_c;rosidl_typesupport_introspection_c
[2.292s] -- Found rosidl_adapter: 1.2.1 (/opt/ros/foxy/share/rosidl_adapter/cmake)
[2.839s] -- Found OpenSSL: /usr/lib/x86_64-linux-gnu/libcrypto.so (found version "1.1.1f")  
[3.011s] -- Found FastRTPS: /opt/ros/foxy/include  
[3.312s] -- Using all available rosidl_typesupport_cpp: rosidl_typesupport_fastrtps_cpp;rosidl_typesupport_introspection_cpp
[3.469s] -- Found rmw_implementation_cmake: 1.0.3 (/opt/ros/foxy/share/rmw_implementation_cmake/cmake)
[3.472s] -- Using RMW implementation 'rmw_fastrtps_cpp' as default
[3.473s] -- Looking for pthread.h
[3.581s] -- Looking for pthread.h - found
[3.581s] -- Performing Test CMAKE_HAVE_LIBC_PTHREAD
[3.724s] -- Performing Test CMAKE_HAVE_LIBC_PTHREAD - Failed
[3.725s] -- Looking for pthread_create in pthreads
[3.816s] -- Looking for pthread_create in pthreads - not found
[3.816s] -- Looking for pthread_create in pthread
[3.896s] -- Looking for pthread_create in pthread - found
[3.897s] -- Found Threads: TRUE  
[4.139s] -- Found nav_msgs: 2.0.5 (/opt/ros/foxy/share/nav_msgs/cmake)
[4.299s] -- Found ament_lint_auto: 0.9.6 (/opt/ros/foxy/share/ament_lint_auto/cmake)
[4.527s] -- Added test 'copyright' to check source files copyright and LICENSE
[4.532s] -- Added test 'cppcheck' to perform static code analysis on C / C++ code
[4.532s] -- Configured cppcheck include dirs: 
[4.532s] -- Configured cppcheck exclude dirs and/or files: 
[4.537s] -- Added test 'cpplint' to check C / C++ code against the Google style
[4.537s] -- Configured cpplint exclude dirs and/or files: 
[4.541s] -- Added test 'flake8' to check Python code syntax and style conventions
[4.544s] -- Added test 'lint_cmake' to check CMake code style
[4.547s] -- Added test 'pep257' to check Python code against some of the style conventions in PEP 257
[4.553s] -- Added test 'uncrustify' to check C / C++ code style
[4.553s] -- Configured uncrustify additional arguments: 
[4.556s] -- Added test 'xmllint' to check XML markup files
[4.564s] -- Configuring done
[4.573s] -- Generating done
[4.575s] -- Build files have been written to: /home/pablo/Documents/robotic_sim/2_wheeled/build/pid_controller
[4.602s] Invoked command in '/home/pablo/Documents/robotic_sim/2_wheeled/build/pid_controller' returned '0': CMAKE_PREFIX_PATH=${CMAKE_PREFIX_PATH}:/opt/ros/foxy /usr/bin/cmake /home/pablo/Documents/robotic_sim/2_wheeled/src/pid_controller -DCMAKE_INSTALL_PREFIX=/home/pablo/Documents/robotic_sim/2_wheeled/install/pid_controller
[4.606s] Invoking command in '/home/pablo/Documents/robotic_sim/2_wheeled/build/pid_controller': CMAKE_PREFIX_PATH=${CMAKE_PREFIX_PATH}:/opt/ros/foxy /usr/bin/cmake --build /home/pablo/Documents/robotic_sim/2_wheeled/build/pid_controller -- -j12 -l12
[4.669s] [35m[1mScanning dependencies of target pid[0m
[4.747s] [ 50%] [32mBuilding CXX object CMakeFiles/pid.dir/src/main.cpp.o[0m
[11.628s] [100%] [32m[1mLinking CXX executable pid[0m
[12.331s] [100%] Built target pid
[12.351s] Invoked command in '/home/pablo/Documents/robotic_sim/2_wheeled/build/pid_controller' returned '0': CMAKE_PREFIX_PATH=${CMAKE_PREFIX_PATH}:/opt/ros/foxy /usr/bin/cmake --build /home/pablo/Documents/robotic_sim/2_wheeled/build/pid_controller -- -j12 -l12
[12.399s] Invoking command in '/home/pablo/Documents/robotic_sim/2_wheeled/build/pid_controller': CMAKE_PREFIX_PATH=${CMAKE_PREFIX_PATH}:/opt/ros/foxy /usr/bin/cmake --install /home/pablo/Documents/robotic_sim/2_wheeled/build/pid_controller
[12.413s] -- Install configuration: ""
[12.413s] -- Installing: /home/pablo/Documents/robotic_sim/2_wheeled/install/pid_controller/lib/pid_controller/pid
[12.416s] -- Set runtime path of "/home/pablo/Documents/robotic_sim/2_wheeled/install/pid_controller/lib/pid_controller/pid" to ""
[12.416s] -- Installing: /home/pablo/Documents/robotic_sim/2_wheeled/install/pid_controller/share/pid_controller/launch
[12.416s] -- Installing: /home/pablo/Documents/robotic_sim/2_wheeled/install/pid_controller/share/pid_controller/launch/pid.launch.py
[12.416s] -- Installing: /home/pablo/Documents/robotic_sim/2_wheeled/install/pid_controller/share/ament_index/resource_index/package_run_dependencies/pid_controller
[12.416s] -- Installing: /home/pablo/Documents/robotic_sim/2_wheeled/install/pid_controller/share/ament_index/resource_index/parent_prefix_path/pid_controller
[12.416s] -- Installing: /home/pablo/Documents/robotic_sim/2_wheeled/install/pid_controller/share/pid_controller/environment/ament_prefix_path.sh
[12.417s] -- Installing: /home/pablo/Documents/robotic_sim/2_wheeled/install/pid_controller/share/pid_controller/environment/ament_prefix_path.dsv
[12.417s] -- Installing: /home/pablo/Documents/robotic_sim/2_wheeled/install/pid_controller/share/pid_controller/environment/path.sh
[12.417s] -- Installing: /home/pablo/Documents/robotic_sim/2_wheeled/install/pid_controller/share/pid_controller/environment/path.dsv
[12.417s] -- Installing: /home/pablo/Documents/robotic_sim/2_wheeled/install/pid_controller/share/pid_controller/local_setup.bash
[12.417s] -- Installing: /home/pablo/Documents/robotic_sim/2_wheeled/install/pid_controller/share/pid_controller/local_setup.sh
[12.417s] -- Installing: /home/pablo/Documents/robotic_sim/2_wheeled/install/pid_controller/share/pid_controller/local_setup.zsh
[12.417s] -- Installing: /home/pablo/Documents/robotic_sim/2_wheeled/install/pid_controller/share/pid_controller/local_setup.dsv
[12.417s] -- Installing: /home/pablo/Documents/robotic_sim/2_wheeled/install/pid_controller/share/pid_controller/package.dsv
[12.418s] -- Installing: /home/pablo/Documents/robotic_sim/2_wheeled/install/pid_controller/share/ament_index/resource_index/packages/pid_controller
[12.418s] -- Installing: /home/pablo/Documents/robotic_sim/2_wheeled/install/pid_controller/share/pid_controller/cmake/pid_controllerConfig.cmake
[12.418s] -- Installing: /home/pablo/Documents/robotic_sim/2_wheeled/install/pid_controller/share/pid_controller/cmake/pid_controllerConfig-version.cmake
[12.418s] -- Installing: /home/pablo/Documents/robotic_sim/2_wheeled/install/pid_controller/share/pid_controller/package.xml
[12.427s] Invoked command in '/home/pablo/Documents/robotic_sim/2_wheeled/build/pid_controller' returned '0': CMAKE_PREFIX_PATH=${CMAKE_PREFIX_PATH}:/opt/ros/foxy /usr/bin/cmake --install /home/pablo/Documents/robotic_sim/2_wheeled/build/pid_controller
