[0.115s] Invoking command in '/home/pablo/Documents/robotic_sim/2_wheeled/build/send_poses': CMAKE_PREFIX_PATH=${CMAKE_PREFIX_PATH}:/opt/ros/foxy /usr/bin/cmake /home/pablo/Documents/robotic_sim/2_wheeled/src/send_poses -DCMAKE_INSTALL_PREFIX=/home/pablo/Documents/robotic_sim/2_wheeled/install/send_poses
[0.258s] -- The C compiler identification is GNU 9.4.0
[0.459s] -- The CXX compiler identification is GNU 9.4.0
[0.488s] -- Check for working C compiler: /usr/bin/cc
[0.674s] -- Check for working C compiler: /usr/bin/cc -- works
[0.675s] -- Detecting C compiler ABI info
[0.807s] -- Detecting C compiler ABI info - done
[0.822s] -- Detecting C compile features
[0.822s] -- Detecting C compile features - done
[0.825s] -- Check for working CXX compiler: /usr/bin/c++
[0.982s] -- Check for working CXX compiler: /usr/bin/c++ -- works
[0.984s] -- Detecting CXX compiler ABI info
[1.123s] -- Detecting CXX compiler ABI info - done
[1.142s] -- Detecting CXX compile features
[1.142s] -- Detecting CXX compile features - done
[1.163s] -- Found ament_cmake: 0.9.9 (/opt/ros/foxy/share/ament_cmake/cmake)
[1.240s] -- Found PythonInterp: /usr/bin/python3 (found suitable version "3.8.10", minimum required is "3") 
[1.240s] -- Using PYTHON_EXECUTABLE: /usr/bin/python3
[2.055s] -- Found rclcpp: 2.4.1 (/opt/ros/foxy/share/rclcpp/cmake)
[2.324s] -- Using all available rosidl_typesupport_c: rosidl_typesupport_fastrtps_c;rosidl_typesupport_introspection_c
[2.381s] -- Found rosidl_adapter: 1.2.1 (/opt/ros/foxy/share/rosidl_adapter/cmake)
[2.849s] -- Found OpenSSL: /usr/lib/x86_64-linux-gnu/libcrypto.so (found version "1.1.1f")  
[3.027s] -- Found FastRTPS: /opt/ros/foxy/include  
[3.301s] -- Using all available rosidl_typesupport_cpp: rosidl_typesupport_fastrtps_cpp;rosidl_typesupport_introspection_cpp
[3.511s] -- Found rmw_implementation_cmake: 1.0.3 (/opt/ros/foxy/share/rmw_implementation_cmake/cmake)
[3.514s] -- Using RMW implementation 'rmw_fastrtps_cpp' as default
[3.514s] -- Looking for pthread.h
[3.625s] -- Looking for pthread.h - found
[3.625s] -- Performing Test CMAKE_HAVE_LIBC_PTHREAD
[3.751s] -- Performing Test CMAKE_HAVE_LIBC_PTHREAD - Failed
[3.751s] -- Looking for pthread_create in pthreads
[3.831s] -- Looking for pthread_create in pthreads - not found
[3.832s] -- Looking for pthread_create in pthread
[3.899s] -- Looking for pthread_create in pthread - found
[3.901s] -- Found Threads: TRUE  
[4.125s] -- Found nav_msgs: 2.0.5 (/opt/ros/foxy/share/nav_msgs/cmake)
[4.279s] -- Found ament_lint_auto: 0.9.6 (/opt/ros/foxy/share/ament_lint_auto/cmake)
[4.511s] -- Added test 'copyright' to check source files copyright and LICENSE
[4.517s] -- Added test 'cppcheck' to perform static code analysis on C / C++ code
[4.517s] -- Configured cppcheck include dirs: 
[4.517s] -- Configured cppcheck exclude dirs and/or files: 
[4.523s] -- Added test 'cpplint' to check C / C++ code against the Google style
[4.523s] -- Configured cpplint exclude dirs and/or files: 
[4.528s] -- Added test 'lint_cmake' to check CMake code style
[4.535s] -- Added test 'uncrustify' to check C / C++ code style
[4.535s] -- Configured uncrustify additional arguments: 
[4.540s] -- Added test 'xmllint' to check XML markup files
[4.552s] -- Configuring done
[4.561s] -- Generating done
[4.563s] -- Build files have been written to: /home/pablo/Documents/robotic_sim/2_wheeled/build/send_poses
[4.591s] Invoked command in '/home/pablo/Documents/robotic_sim/2_wheeled/build/send_poses' returned '0': CMAKE_PREFIX_PATH=${CMAKE_PREFIX_PATH}:/opt/ros/foxy /usr/bin/cmake /home/pablo/Documents/robotic_sim/2_wheeled/src/send_poses -DCMAKE_INSTALL_PREFIX=/home/pablo/Documents/robotic_sim/2_wheeled/install/send_poses
[4.595s] Invoking command in '/home/pablo/Documents/robotic_sim/2_wheeled/build/send_poses': CMAKE_PREFIX_PATH=${CMAKE_PREFIX_PATH}:/opt/ros/foxy /usr/bin/cmake --build /home/pablo/Documents/robotic_sim/2_wheeled/build/send_poses -- -j12 -l12
[4.657s] [35m[1mScanning dependencies of target send_poses[0m
[4.727s] [ 50%] [32mBuilding CXX object CMakeFiles/send_poses.dir/src/main.cpp.o[0m
[11.388s] [100%] [32m[1mLinking CXX executable send_poses[0m
[12.146s] [100%] Built target send_poses
[12.164s] Invoked command in '/home/pablo/Documents/robotic_sim/2_wheeled/build/send_poses' returned '0': CMAKE_PREFIX_PATH=${CMAKE_PREFIX_PATH}:/opt/ros/foxy /usr/bin/cmake --build /home/pablo/Documents/robotic_sim/2_wheeled/build/send_poses -- -j12 -l12
[12.203s] Invoking command in '/home/pablo/Documents/robotic_sim/2_wheeled/build/send_poses': CMAKE_PREFIX_PATH=${CMAKE_PREFIX_PATH}:/opt/ros/foxy /usr/bin/cmake --install /home/pablo/Documents/robotic_sim/2_wheeled/build/send_poses
[12.220s] -- Install configuration: ""
[12.220s] -- Installing: /home/pablo/Documents/robotic_sim/2_wheeled/install/send_poses/lib/send_poses/send_poses
[12.223s] -- Set runtime path of "/home/pablo/Documents/robotic_sim/2_wheeled/install/send_poses/lib/send_poses/send_poses" to ""
[12.223s] -- Installing: /home/pablo/Documents/robotic_sim/2_wheeled/install/send_poses/share/ament_index/resource_index/package_run_dependencies/send_poses
[12.223s] -- Installing: /home/pablo/Documents/robotic_sim/2_wheeled/install/send_poses/share/ament_index/resource_index/parent_prefix_path/send_poses
[12.223s] -- Installing: /home/pablo/Documents/robotic_sim/2_wheeled/install/send_poses/share/send_poses/environment/ament_prefix_path.sh
[12.223s] -- Installing: /home/pablo/Documents/robotic_sim/2_wheeled/install/send_poses/share/send_poses/environment/ament_prefix_path.dsv
[12.223s] -- Installing: /home/pablo/Documents/robotic_sim/2_wheeled/install/send_poses/share/send_poses/environment/path.sh
[12.223s] -- Installing: /home/pablo/Documents/robotic_sim/2_wheeled/install/send_poses/share/send_poses/environment/path.dsv
[12.224s] -- Installing: /home/pablo/Documents/robotic_sim/2_wheeled/install/send_poses/share/send_poses/local_setup.bash
[12.224s] -- Installing: /home/pablo/Documents/robotic_sim/2_wheeled/install/send_poses/share/send_poses/local_setup.sh
[12.224s] -- Installing: /home/pablo/Documents/robotic_sim/2_wheeled/install/send_poses/share/send_poses/local_setup.zsh
[12.224s] -- Installing: /home/pablo/Documents/robotic_sim/2_wheeled/install/send_poses/share/send_poses/local_setup.dsv
[12.224s] -- Installing: /home/pablo/Documents/robotic_sim/2_wheeled/install/send_poses/share/send_poses/package.dsv
[12.224s] -- Installing: /home/pablo/Documents/robotic_sim/2_wheeled/install/send_poses/share/ament_index/resource_index/packages/send_poses
[12.224s] -- Installing: /home/pablo/Documents/robotic_sim/2_wheeled/install/send_poses/share/send_poses/cmake/send_posesConfig.cmake
[12.225s] -- Installing: /home/pablo/Documents/robotic_sim/2_wheeled/install/send_poses/share/send_poses/cmake/send_posesConfig-version.cmake
[12.225s] -- Installing: /home/pablo/Documents/robotic_sim/2_wheeled/install/send_poses/share/send_poses/package.xml
[12.236s] Invoked command in '/home/pablo/Documents/robotic_sim/2_wheeled/build/send_poses' returned '0': CMAKE_PREFIX_PATH=${CMAKE_PREFIX_PATH}:/opt/ros/foxy /usr/bin/cmake --install /home/pablo/Documents/robotic_sim/2_wheeled/build/send_poses
