[0.107s] Invoking command in '/home/pablo/Documents/robotic_sim/2_wheeled/build/toycar2D': CMAKE_PREFIX_PATH=${CMAKE_PREFIX_PATH}:/opt/ros/foxy /usr/bin/cmake /home/pablo/Documents/robotic_sim/2_wheeled/src/toycar2D -DCMAKE_INSTALL_PREFIX=/home/pablo/Documents/robotic_sim/2_wheeled/install/toycar2D
[0.270s] -- The C compiler identification is GNU 9.4.0
[0.488s] -- The CXX compiler identification is GNU 9.4.0
[0.508s] -- Check for working C compiler: /usr/bin/cc
[0.649s] -- Check for working C compiler: /usr/bin/cc -- works
[0.650s] -- Detecting C compiler ABI info
[0.783s] -- Detecting C compiler ABI info - done
[0.799s] -- Detecting C compile features
[0.799s] -- Detecting C compile features - done
[0.803s] -- Check for working CXX compiler: /usr/bin/c++
[0.992s] -- Check for working CXX compiler: /usr/bin/c++ -- works
[0.994s] -- Detecting CXX compiler ABI info
[1.139s] -- Detecting CXX compiler ABI info - done
[1.151s] -- Detecting CXX compile features
[1.151s] -- Detecting CXX compile features - done
[1.170s] -- Found ament_cmake: 0.9.9 (/opt/ros/foxy/share/ament_cmake/cmake)
[1.245s] -- Found PythonInterp: /usr/bin/python3 (found suitable version "3.8.10", minimum required is "3") 
[1.245s] -- Using PYTHON_EXECUTABLE: /usr/bin/python3
[1.879s] -- Found ament_lint_auto: 0.9.6 (/opt/ros/foxy/share/ament_lint_auto/cmake)
[1.976s] WARNING: Package name "toycar2D" does not follow the naming conventions. It should start with a lower case letter and only contain lower case letters, digits, underscores, and dashes.
[2.207s] -- Added test 'copyright' to check source files copyright and LICENSE
[2.216s] -- Added test 'flake8' to check Python code syntax and style conventions
[2.232s] -- Added test 'lint_cmake' to check CMake code style
[2.232s] -- Added test 'pep257' to check Python code against some of the style conventions in PEP 257
[2.239s] -- Added test 'xmllint' to check XML markup files
[2.256s] -- Configuring done
[2.262s] -- Generating done
[2.263s] -- Build files have been written to: /home/pablo/Documents/robotic_sim/2_wheeled/build/toycar2D
[2.297s] Invoked command in '/home/pablo/Documents/robotic_sim/2_wheeled/build/toycar2D' returned '0': CMAKE_PREFIX_PATH=${CMAKE_PREFIX_PATH}:/opt/ros/foxy /usr/bin/cmake /home/pablo/Documents/robotic_sim/2_wheeled/src/toycar2D -DCMAKE_INSTALL_PREFIX=/home/pablo/Documents/robotic_sim/2_wheeled/install/toycar2D
[2.300s] Invoking command in '/home/pablo/Documents/robotic_sim/2_wheeled/build/toycar2D': CMAKE_PREFIX_PATH=${CMAKE_PREFIX_PATH}:/opt/ros/foxy /usr/bin/cmake --build /home/pablo/Documents/robotic_sim/2_wheeled/build/toycar2D -- -j12 -l12
[2.414s] Invoked command in '/home/pablo/Documents/robotic_sim/2_wheeled/build/toycar2D' returned '0': CMAKE_PREFIX_PATH=${CMAKE_PREFIX_PATH}:/opt/ros/foxy /usr/bin/cmake --build /home/pablo/Documents/robotic_sim/2_wheeled/build/toycar2D -- -j12 -l12
[2.530s] Invoking command in '/home/pablo/Documents/robotic_sim/2_wheeled/build/toycar2D': CMAKE_PREFIX_PATH=${CMAKE_PREFIX_PATH}:/opt/ros/foxy /usr/bin/cmake --install /home/pablo/Documents/robotic_sim/2_wheeled/build/toycar2D
[2.554s] -- Install configuration: ""
[2.554s] -- Installing: /home/pablo/Documents/robotic_sim/2_wheeled/install/toycar2D/share/toycar2D/launch
[2.554s] -- Installing: /home/pablo/Documents/robotic_sim/2_wheeled/install/toycar2D/share/toycar2D/launch/world.launch.py
[2.554s] -- Installing: /home/pablo/Documents/robotic_sim/2_wheeled/install/toycar2D/share/toycar2D/launch/spawn.launch.py
[2.554s] -- Installing: /home/pablo/Documents/robotic_sim/2_wheeled/install/toycar2D/share/toycar2D/meshes
[2.555s] -- Installing: /home/pablo/Documents/robotic_sim/2_wheeled/install/toycar2D/share/toycar2D/meshes/low_part.stl
[2.560s] -- Installing: /home/pablo/Documents/robotic_sim/2_wheeled/install/toycar2D/share/toycar2D/meshes/caster.stl
[2.573s] -- Installing: /home/pablo/Documents/robotic_sim/2_wheeled/install/toycar2D/share/toycar2D/meshes/wheel.stl
[2.573s] -- Installing: /home/pablo/Documents/robotic_sim/2_wheeled/install/toycar2D/share/toycar2D/urdf
[2.573s] -- Installing: /home/pablo/Documents/robotic_sim/2_wheeled/install/toycar2D/share/toycar2D/urdf/3D_lidar.xacro
[2.573s] -- Installing: /home/pablo/Documents/robotic_sim/2_wheeled/install/toycar2D/share/toycar2D/urdf/toy.urdf.xacro
[2.573s] -- Installing: /home/pablo/Documents/robotic_sim/2_wheeled/install/toycar2D/share/toycar2D/urdf/gazebo.xacro
[2.573s] -- Installing: /home/pablo/Documents/robotic_sim/2_wheeled/install/toycar2D/share/toycar2D/urdf/ray_scanner.xacro
[2.573s] -- Installing: /home/pablo/Documents/robotic_sim/2_wheeled/install/toycar2D/share/toycar2D/worlds
[2.574s] -- Installing: /home/pablo/Documents/robotic_sim/2_wheeled/install/toycar2D/share/toycar2D/worlds/world.world
[2.574s] -- Installing: /home/pablo/Documents/robotic_sim/2_wheeled/install/toycar2D/share/ament_index/resource_index/package_run_dependencies/toycar2D
[2.574s] -- Installing: /home/pablo/Documents/robotic_sim/2_wheeled/install/toycar2D/share/ament_index/resource_index/parent_prefix_path/toycar2D
[2.574s] -- Installing: /home/pablo/Documents/robotic_sim/2_wheeled/install/toycar2D/share/toycar2D/environment/ament_prefix_path.sh
[2.574s] -- Installing: /home/pablo/Documents/robotic_sim/2_wheeled/install/toycar2D/share/toycar2D/environment/ament_prefix_path.dsv
[2.574s] -- Installing: /home/pablo/Documents/robotic_sim/2_wheeled/install/toycar2D/share/toycar2D/environment/path.sh
[2.575s] -- Installing: /home/pablo/Documents/robotic_sim/2_wheeled/install/toycar2D/share/toycar2D/environment/path.dsv
[2.576s] -- Installing: /home/pablo/Documents/robotic_sim/2_wheeled/install/toycar2D/share/toycar2D/local_setup.bash
[2.576s] -- Installing: /home/pablo/Documents/robotic_sim/2_wheeled/install/toycar2D/share/toycar2D/local_setup.sh
[2.576s] -- Installing: /home/pablo/Documents/robotic_sim/2_wheeled/install/toycar2D/share/toycar2D/local_setup.zsh
[2.576s] -- Installing: /home/pablo/Documents/robotic_sim/2_wheeled/install/toycar2D/share/toycar2D/local_setup.dsv
[2.577s] -- Installing: /home/pablo/Documents/robotic_sim/2_wheeled/install/toycar2D/share/toycar2D/package.dsv
[2.577s] -- Installing: /home/pablo/Documents/robotic_sim/2_wheeled/install/toycar2D/share/ament_index/resource_index/packages/toycar2D
[2.577s] -- Installing: /home/pablo/Documents/robotic_sim/2_wheeled/install/toycar2D/share/toycar2D/cmake/toycar2DConfig.cmake
[2.577s] -- Installing: /home/pablo/Documents/robotic_sim/2_wheeled/install/toycar2D/share/toycar2D/cmake/toycar2DConfig-version.cmake
[2.577s] -- Installing: /home/pablo/Documents/robotic_sim/2_wheeled/install/toycar2D/share/toycar2D/package.xml
[2.581s] Invoked command in '/home/pablo/Documents/robotic_sim/2_wheeled/build/toycar2D' returned '0': CMAKE_PREFIX_PATH=${CMAKE_PREFIX_PATH}:/opt/ros/foxy /usr/bin/cmake --install /home/pablo/Documents/robotic_sim/2_wheeled/build/toycar2D
