[0.447s] DEBUG:colcon:Command line arguments: ['/usr/bin/colcon', 'build']
[0.447s] DEBUG:colcon:Parsed command line arguments: Namespace(allow_overriding=[], ament_cmake_args=None, base_paths=['.'], build_base='build', catkin_cmake_args=None, catkin_skip_building_tests=False, cmake_args=None, cmake_clean_cache=False, cmake_clean_first=False, cmake_force_configure=False, cmake_target=None, cmake_target_skip_unavailable=False, continue_on_error=False, event_handlers=None, executor='parallel', ignore_user_meta=False, install_base='install', log_base=None, log_level=None, main=<bound method BuildVerb.main of <colcon_core.verb.build.BuildVerb object at 0x7f1c9220b4f0>>, merge_install=False, metas=['./colcon.meta'], mixin=None, mixin_files=None, mixin_verb=('build',), packages_above=None, packages_above_and_dependencies=None, packages_above_depth=None, packages_end=None, packages_ignore=None, packages_ignore_regex=None, packages_select=None, packages_select_build_failed=False, packages_select_by_dep=None, packages_select_regex=None, packages_select_test_failures=False, packages_skip=None, packages_skip_build_finished=False, packages_skip_by_dep=None, packages_skip_regex=None, packages_skip_test_passed=False, packages_skip_up_to=None, packages_start=None, packages_up_to=None, packages_up_to_regex=None, parallel_workers=12, paths=None, symlink_install=False, test_result_base=None, verb_extension=<colcon_core.verb.build.BuildVerb object at 0x7f1c9220b4f0>, verb_name='build', verb_parser=<colcon_mixin.mixin.mixin_argument.MixinArgumentDecorator object at 0x7f1c917eaf10>)
[0.482s] Level 1:colcon.colcon_core.package_discovery:discover_packages(colcon_meta) check parameters
[0.482s] Level 1:colcon.colcon_core.package_discovery:discover_packages(recursive) check parameters
[0.482s] Level 1:colcon.colcon_core.package_discovery:discover_packages(ignore) check parameters
[0.482s] Level 1:colcon.colcon_core.package_discovery:discover_packages(path) check parameters
[0.482s] Level 1:colcon.colcon_core.package_discovery:discover_packages(colcon_meta) discover
[0.483s] Level 1:colcon.colcon_core.package_discovery:discover_packages(recursive) discover
[0.483s] INFO:colcon.colcon_core.package_discovery:Crawling recursively for packages in '/home/pablo/Documents/robotic_sim/2_wheeled'
[0.483s] Level 1:colcon.colcon_core.package_identification:_identify(.) by extensions ['ignore', 'ignore_ament_install']
[0.483s] Level 1:colcon.colcon_core.package_identification:_identify(.) by extension 'ignore'
[0.483s] Level 1:colcon.colcon_core.package_identification:_identify(.) by extension 'ignore_ament_install'
[0.483s] Level 1:colcon.colcon_core.package_identification:_identify(.) by extensions ['colcon_pkg']
[0.483s] Level 1:colcon.colcon_core.package_identification:_identify(.) by extension 'colcon_pkg'
[0.483s] Level 1:colcon.colcon_core.package_identification:_identify(.) by extensions ['colcon_meta']
[0.483s] Level 1:colcon.colcon_core.package_identification:_identify(.) by extension 'colcon_meta'
[0.483s] Level 1:colcon.colcon_core.package_identification:_identify(.) by extensions ['ros']
[0.483s] Level 1:colcon.colcon_core.package_identification:_identify(.) by extension 'ros'
[0.493s] Level 1:colcon.colcon_core.package_identification:_identify(.) by extensions ['cmake', 'python']
[0.493s] Level 1:colcon.colcon_core.package_identification:_identify(.) by extension 'cmake'
[0.493s] Level 1:colcon.colcon_core.package_identification:_identify(.) by extension 'python'
[0.493s] Level 1:colcon.colcon_core.package_identification:_identify(.) by extensions ['python_setup_py']
[0.493s] Level 1:colcon.colcon_core.package_identification:_identify(.) by extension 'python_setup_py'
[0.493s] Level 1:colcon.colcon_core.package_identification:_identify(build) by extensions ['ignore', 'ignore_ament_install']
[0.493s] Level 1:colcon.colcon_core.package_identification:_identify(build) by extension 'ignore'
[0.493s] Level 1:colcon.colcon_core.package_identification:_identify(build) ignored
[0.493s] Level 1:colcon.colcon_core.package_identification:_identify(install) by extensions ['ignore', 'ignore_ament_install']
[0.493s] Level 1:colcon.colcon_core.package_identification:_identify(install) by extension 'ignore'
[0.493s] Level 1:colcon.colcon_core.package_identification:_identify(install) ignored
[0.494s] Level 1:colcon.colcon_core.package_identification:_identify(log) by extensions ['ignore', 'ignore_ament_install']
[0.494s] Level 1:colcon.colcon_core.package_identification:_identify(log) by extension 'ignore'
[0.494s] Level 1:colcon.colcon_core.package_identification:_identify(log) ignored
[0.494s] Level 1:colcon.colcon_core.package_identification:_identify(src) by extensions ['ignore', 'ignore_ament_install']
[0.494s] Level 1:colcon.colcon_core.package_identification:_identify(src) by extension 'ignore'
[0.494s] Level 1:colcon.colcon_core.package_identification:_identify(src) by extension 'ignore_ament_install'
[0.494s] Level 1:colcon.colcon_core.package_identification:_identify(src) by extensions ['colcon_pkg']
[0.494s] Level 1:colcon.colcon_core.package_identification:_identify(src) by extension 'colcon_pkg'
[0.494s] Level 1:colcon.colcon_core.package_identification:_identify(src) by extensions ['colcon_meta']
[0.494s] Level 1:colcon.colcon_core.package_identification:_identify(src) by extension 'colcon_meta'
[0.494s] Level 1:colcon.colcon_core.package_identification:_identify(src) by extensions ['ros']
[0.494s] Level 1:colcon.colcon_core.package_identification:_identify(src) by extension 'ros'
[0.494s] Level 1:colcon.colcon_core.package_identification:_identify(src) by extensions ['cmake', 'python']
[0.494s] Level 1:colcon.colcon_core.package_identification:_identify(src) by extension 'cmake'
[0.494s] Level 1:colcon.colcon_core.package_identification:_identify(src) by extension 'python'
[0.494s] Level 1:colcon.colcon_core.package_identification:_identify(src) by extensions ['python_setup_py']
[0.494s] Level 1:colcon.colcon_core.package_identification:_identify(src) by extension 'python_setup_py'
[0.494s] Level 1:colcon.colcon_core.package_identification:_identify(src/apartment) by extensions ['ignore', 'ignore_ament_install']
[0.494s] Level 1:colcon.colcon_core.package_identification:_identify(src/apartment) by extension 'ignore'
[0.495s] Level 1:colcon.colcon_core.package_identification:_identify(src/apartment) by extension 'ignore_ament_install'
[0.495s] Level 1:colcon.colcon_core.package_identification:_identify(src/apartment) by extensions ['colcon_pkg']
[0.495s] Level 1:colcon.colcon_core.package_identification:_identify(src/apartment) by extension 'colcon_pkg'
[0.495s] Level 1:colcon.colcon_core.package_identification:_identify(src/apartment) by extensions ['colcon_meta']
[0.495s] Level 1:colcon.colcon_core.package_identification:_identify(src/apartment) by extension 'colcon_meta'
[0.495s] Level 1:colcon.colcon_core.package_identification:_identify(src/apartment) by extensions ['ros']
[0.495s] Level 1:colcon.colcon_core.package_identification:_identify(src/apartment) by extension 'ros'
[0.497s] DEBUG:colcon.colcon_core.package_identification:Package 'src/apartment' with type 'ros.ament_cmake' and name 'apartment'
[0.497s] Level 1:colcon.colcon_core.package_identification:_identify(src/map_generation) by extensions ['ignore', 'ignore_ament_install']
[0.497s] Level 1:colcon.colcon_core.package_identification:_identify(src/map_generation) by extension 'ignore'
[0.497s] Level 1:colcon.colcon_core.package_identification:_identify(src/map_generation) by extension 'ignore_ament_install'
[0.497s] Level 1:colcon.colcon_core.package_identification:_identify(src/map_generation) by extensions ['colcon_pkg']
[0.497s] Level 1:colcon.colcon_core.package_identification:_identify(src/map_generation) by extension 'colcon_pkg'
[0.497s] Level 1:colcon.colcon_core.package_identification:_identify(src/map_generation) by extensions ['colcon_meta']
[0.497s] Level 1:colcon.colcon_core.package_identification:_identify(src/map_generation) by extension 'colcon_meta'
[0.497s] Level 1:colcon.colcon_core.package_identification:_identify(src/map_generation) by extensions ['ros']
[0.497s] Level 1:colcon.colcon_core.package_identification:_identify(src/map_generation) by extension 'ros'
[0.498s] DEBUG:colcon.colcon_core.package_identification:Package 'src/map_generation' with type 'ros.ament_cmake' and name 'map_generation'
[0.498s] Level 1:colcon.colcon_core.package_identification:_identify(src/pid_controller) by extensions ['ignore', 'ignore_ament_install']
[0.498s] Level 1:colcon.colcon_core.package_identification:_identify(src/pid_controller) by extension 'ignore'
[0.498s] Level 1:colcon.colcon_core.package_identification:_identify(src/pid_controller) by extension 'ignore_ament_install'
[0.498s] Level 1:colcon.colcon_core.package_identification:_identify(src/pid_controller) by extensions ['colcon_pkg']
[0.498s] Level 1:colcon.colcon_core.package_identification:_identify(src/pid_controller) by extension 'colcon_pkg'
[0.498s] Level 1:colcon.colcon_core.package_identification:_identify(src/pid_controller) by extensions ['colcon_meta']
[0.498s] Level 1:colcon.colcon_core.package_identification:_identify(src/pid_controller) by extension 'colcon_meta'
[0.498s] Level 1:colcon.colcon_core.package_identification:_identify(src/pid_controller) by extensions ['ros']
[0.498s] Level 1:colcon.colcon_core.package_identification:_identify(src/pid_controller) by extension 'ros'
[0.499s] DEBUG:colcon.colcon_core.package_identification:Package 'src/pid_controller' with type 'ros.ament_cmake' and name 'pid_controller'
[0.499s] Level 1:colcon.colcon_core.package_identification:_identify(src/send_poses) by extensions ['ignore', 'ignore_ament_install']
[0.499s] Level 1:colcon.colcon_core.package_identification:_identify(src/send_poses) by extension 'ignore'
[0.499s] Level 1:colcon.colcon_core.package_identification:_identify(src/send_poses) by extension 'ignore_ament_install'
[0.499s] Level 1:colcon.colcon_core.package_identification:_identify(src/send_poses) by extensions ['colcon_pkg']
[0.499s] Level 1:colcon.colcon_core.package_identification:_identify(src/send_poses) by extension 'colcon_pkg'
[0.499s] Level 1:colcon.colcon_core.package_identification:_identify(src/send_poses) by extensions ['colcon_meta']
[0.499s] Level 1:colcon.colcon_core.package_identification:_identify(src/send_poses) by extension 'colcon_meta'
[0.500s] Level 1:colcon.colcon_core.package_identification:_identify(src/send_poses) by extensions ['ros']
[0.500s] Level 1:colcon.colcon_core.package_identification:_identify(src/send_poses) by extension 'ros'
[0.500s] DEBUG:colcon.colcon_core.package_identification:Package 'src/send_poses' with type 'ros.ament_cmake' and name 'send_poses'
[0.500s] Level 1:colcon.colcon_core.package_identification:_identify(src/toycar2D) by extensions ['ignore', 'ignore_ament_install']
[0.500s] Level 1:colcon.colcon_core.package_identification:_identify(src/toycar2D) by extension 'ignore'
[0.501s] Level 1:colcon.colcon_core.package_identification:_identify(src/toycar2D) by extension 'ignore_ament_install'
[0.501s] Level 1:colcon.colcon_core.package_identification:_identify(src/toycar2D) by extensions ['colcon_pkg']
[0.501s] Level 1:colcon.colcon_core.package_identification:_identify(src/toycar2D) by extension 'colcon_pkg'
[0.501s] Level 1:colcon.colcon_core.package_identification:_identify(src/toycar2D) by extensions ['colcon_meta']
[0.501s] Level 1:colcon.colcon_core.package_identification:_identify(src/toycar2D) by extension 'colcon_meta'
[0.501s] Level 1:colcon.colcon_core.package_identification:_identify(src/toycar2D) by extensions ['ros']
[0.501s] Level 1:colcon.colcon_core.package_identification:_identify(src/toycar2D) by extension 'ros'
[0.501s] DEBUG:colcon.colcon_core.package_identification:Package 'src/toycar2D' with type 'ros.ament_cmake' and name 'toycar2D'
[0.501s] Level 1:colcon.colcon_core.package_identification:_identify(src/toycar3D) by extensions ['ignore', 'ignore_ament_install']
[0.501s] Level 1:colcon.colcon_core.package_identification:_identify(src/toycar3D) by extension 'ignore'
[0.502s] Level 1:colcon.colcon_core.package_identification:_identify(src/toycar3D) by extension 'ignore_ament_install'
[0.502s] Level 1:colcon.colcon_core.package_identification:_identify(src/toycar3D) by extensions ['colcon_pkg']
[0.502s] Level 1:colcon.colcon_core.package_identification:_identify(src/toycar3D) by extension 'colcon_pkg'
[0.502s] Level 1:colcon.colcon_core.package_identification:_identify(src/toycar3D) by extensions ['colcon_meta']
[0.502s] Level 1:colcon.colcon_core.package_identification:_identify(src/toycar3D) by extension 'colcon_meta'
[0.502s] Level 1:colcon.colcon_core.package_identification:_identify(src/toycar3D) by extensions ['ros']
[0.502s] Level 1:colcon.colcon_core.package_identification:_identify(src/toycar3D) by extension 'ros'
[0.502s] DEBUG:colcon.colcon_core.package_identification:Package 'src/toycar3D' with type 'ros.ament_cmake' and name 'toycar3D'
[0.502s] Level 1:colcon.colcon_core.package_discovery:discover_packages(recursive) using defaults
[0.502s] Level 1:colcon.colcon_core.package_discovery:discover_packages(ignore) discover
[0.502s] Level 1:colcon.colcon_core.package_discovery:discover_packages(ignore) using defaults
[0.502s] Level 1:colcon.colcon_core.package_discovery:discover_packages(path) discover
[0.502s] Level 1:colcon.colcon_core.package_discovery:discover_packages(path) using defaults
[0.547s] Level 1:colcon.colcon_core.package_discovery:discover_packages(prefix_path) check parameters
[0.547s] Level 1:colcon.colcon_core.package_discovery:discover_packages(prefix_path) discover
[0.590s] DEBUG:colcon.colcon_installed_package_information.package_discovery:Found 7 installed packages in /home/pablo/Documents/robotic_sim/2_wheeled/install
[0.593s] DEBUG:colcon.colcon_installed_package_information.package_discovery:Found 298 installed packages in /opt/ros/foxy
[0.594s] Level 1:colcon.colcon_core.package_discovery:discover_packages(prefix_path) using defaults
[0.670s] Level 5:colcon.colcon_core.verb:set package 'apartment' build argument 'cmake_args' from command line to 'None'
[0.670s] Level 5:colcon.colcon_core.verb:set package 'apartment' build argument 'cmake_target' from command line to 'None'
[0.670s] Level 5:colcon.colcon_core.verb:set package 'apartment' build argument 'cmake_target_skip_unavailable' from command line to 'False'
[0.670s] Level 5:colcon.colcon_core.verb:set package 'apartment' build argument 'cmake_clean_cache' from command line to 'False'
[0.670s] Level 5:colcon.colcon_core.verb:set package 'apartment' build argument 'cmake_clean_first' from command line to 'False'
[0.670s] Level 5:colcon.colcon_core.verb:set package 'apartment' build argument 'cmake_force_configure' from command line to 'False'
[0.670s] Level 5:colcon.colcon_core.verb:set package 'apartment' build argument 'ament_cmake_args' from command line to 'None'
[0.670s] Level 5:colcon.colcon_core.verb:set package 'apartment' build argument 'catkin_cmake_args' from command line to 'None'
[0.670s] Level 5:colcon.colcon_core.verb:set package 'apartment' build argument 'catkin_skip_building_tests' from command line to 'False'
[0.670s] DEBUG:colcon.colcon_core.verb:Building package 'apartment' with the following arguments: {'ament_cmake_args': None, 'build_base': '/home/pablo/Documents/robotic_sim/2_wheeled/build/apartment', 'catkin_cmake_args': None, 'catkin_skip_building_tests': False, 'cmake_args': None, 'cmake_clean_cache': False, 'cmake_clean_first': False, 'cmake_force_configure': False, 'cmake_target': None, 'cmake_target_skip_unavailable': False, 'install_base': '/home/pablo/Documents/robotic_sim/2_wheeled/install/apartment', 'merge_install': False, 'path': '/home/pablo/Documents/robotic_sim/2_wheeled/src/apartment', 'symlink_install': False, 'test_result_base': None}
[0.672s] Level 5:colcon.colcon_core.verb:set package 'map_generation' build argument 'cmake_args' from command line to 'None'
[0.672s] Level 5:colcon.colcon_core.verb:set package 'map_generation' build argument 'cmake_target' from command line to 'None'
[0.672s] Level 5:colcon.colcon_core.verb:set package 'map_generation' build argument 'cmake_target_skip_unavailable' from command line to 'False'
[0.672s] Level 5:colcon.colcon_core.verb:set package 'map_generation' build argument 'cmake_clean_cache' from command line to 'False'
[0.672s] Level 5:colcon.colcon_core.verb:set package 'map_generation' build argument 'cmake_clean_first' from command line to 'False'
[0.672s] Level 5:colcon.colcon_core.verb:set package 'map_generation' build argument 'cmake_force_configure' from command line to 'False'
[0.672s] Level 5:colcon.colcon_core.verb:set package 'map_generation' build argument 'ament_cmake_args' from command line to 'None'
[0.672s] Level 5:colcon.colcon_core.verb:set package 'map_generation' build argument 'catkin_cmake_args' from command line to 'None'
[0.672s] Level 5:colcon.colcon_core.verb:set package 'map_generation' build argument 'catkin_skip_building_tests' from command line to 'False'
[0.672s] DEBUG:colcon.colcon_core.verb:Building package 'map_generation' with the following arguments: {'ament_cmake_args': None, 'build_base': '/home/pablo/Documents/robotic_sim/2_wheeled/build/map_generation', 'catkin_cmake_args': None, 'catkin_skip_building_tests': False, 'cmake_args': None, 'cmake_clean_cache': False, 'cmake_clean_first': False, 'cmake_force_configure': False, 'cmake_target': None, 'cmake_target_skip_unavailable': False, 'install_base': '/home/pablo/Documents/robotic_sim/2_wheeled/install/map_generation', 'merge_install': False, 'path': '/home/pablo/Documents/robotic_sim/2_wheeled/src/map_generation', 'symlink_install': False, 'test_result_base': None}
[0.673s] Level 5:colcon.colcon_core.verb:set package 'pid_controller' build argument 'cmake_args' from command line to 'None'
[0.673s] Level 5:colcon.colcon_core.verb:set package 'pid_controller' build argument 'cmake_target' from command line to 'None'
[0.673s] Level 5:colcon.colcon_core.verb:set package 'pid_controller' build argument 'cmake_target_skip_unavailable' from command line to 'False'
[0.674s] Level 5:colcon.colcon_core.verb:set package 'pid_controller' build argument 'cmake_clean_cache' from command line to 'False'
[0.674s] Level 5:colcon.colcon_core.verb:set package 'pid_controller' build argument 'cmake_clean_first' from command line to 'False'
[0.674s] Level 5:colcon.colcon_core.verb:set package 'pid_controller' build argument 'cmake_force_configure' from command line to 'False'
[0.674s] Level 5:colcon.colcon_core.verb:set package 'pid_controller' build argument 'ament_cmake_args' from command line to 'None'
[0.674s] Level 5:colcon.colcon_core.verb:set package 'pid_controller' build argument 'catkin_cmake_args' from command line to 'None'
[0.674s] Level 5:colcon.colcon_core.verb:set package 'pid_controller' build argument 'catkin_skip_building_tests' from command line to 'False'
[0.674s] DEBUG:colcon.colcon_core.verb:Building package 'pid_controller' with the following arguments: {'ament_cmake_args': None, 'build_base': '/home/pablo/Documents/robotic_sim/2_wheeled/build/pid_controller', 'catkin_cmake_args': None, 'catkin_skip_building_tests': False, 'cmake_args': None, 'cmake_clean_cache': False, 'cmake_clean_first': False, 'cmake_force_configure': False, 'cmake_target': None, 'cmake_target_skip_unavailable': False, 'install_base': '/home/pablo/Documents/robotic_sim/2_wheeled/install/pid_controller', 'merge_install': False, 'path': '/home/pablo/Documents/robotic_sim/2_wheeled/src/pid_controller', 'symlink_install': False, 'test_result_base': None}
[0.675s] Level 5:colcon.colcon_core.verb:set package 'send_poses' build argument 'cmake_args' from command line to 'None'
[0.675s] Level 5:colcon.colcon_core.verb:set package 'send_poses' build argument 'cmake_target' from command line to 'None'
[0.675s] Level 5:colcon.colcon_core.verb:set package 'send_poses' build argument 'cmake_target_skip_unavailable' from command line to 'False'
[0.675s] Level 5:colcon.colcon_core.verb:set package 'send_poses' build argument 'cmake_clean_cache' from command line to 'False'
[0.675s] Level 5:colcon.colcon_core.verb:set package 'send_poses' build argument 'cmake_clean_first' from command line to 'False'
[0.675s] Level 5:colcon.colcon_core.verb:set package 'send_poses' build argument 'cmake_force_configure' from command line to 'False'
[0.675s] Level 5:colcon.colcon_core.verb:set package 'send_poses' build argument 'ament_cmake_args' from command line to 'None'
[0.675s] Level 5:colcon.colcon_core.verb:set package 'send_poses' build argument 'catkin_cmake_args' from command line to 'None'
[0.675s] Level 5:colcon.colcon_core.verb:set package 'send_poses' build argument 'catkin_skip_building_tests' from command line to 'False'
[0.675s] DEBUG:colcon.colcon_core.verb:Building package 'send_poses' with the following arguments: {'ament_cmake_args': None, 'build_base': '/home/pablo/Documents/robotic_sim/2_wheeled/build/send_poses', 'catkin_cmake_args': None, 'catkin_skip_building_tests': False, 'cmake_args': None, 'cmake_clean_cache': False, 'cmake_clean_first': False, 'cmake_force_configure': False, 'cmake_target': None, 'cmake_target_skip_unavailable': False, 'install_base': '/home/pablo/Documents/robotic_sim/2_wheeled/install/send_poses', 'merge_install': False, 'path': '/home/pablo/Documents/robotic_sim/2_wheeled/src/send_poses', 'symlink_install': False, 'test_result_base': None}
[0.677s] Level 5:colcon.colcon_core.verb:set package 'toycar2D' build argument 'cmake_args' from command line to 'None'
[0.677s] Level 5:colcon.colcon_core.verb:set package 'toycar2D' build argument 'cmake_target' from command line to 'None'
[0.677s] Level 5:colcon.colcon_core.verb:set package 'toycar2D' build argument 'cmake_target_skip_unavailable' from command line to 'False'
[0.677s] Level 5:colcon.colcon_core.verb:set package 'toycar2D' build argument 'cmake_clean_cache' from command line to 'False'
[0.677s] Level 5:colcon.colcon_core.verb:set package 'toycar2D' build argument 'cmake_clean_first' from command line to 'False'
[0.677s] Level 5:colcon.colcon_core.verb:set package 'toycar2D' build argument 'cmake_force_configure' from command line to 'False'
[0.677s] Level 5:colcon.colcon_core.verb:set package 'toycar2D' build argument 'ament_cmake_args' from command line to 'None'
[0.677s] Level 5:colcon.colcon_core.verb:set package 'toycar2D' build argument 'catkin_cmake_args' from command line to 'None'
[0.677s] Level 5:colcon.colcon_core.verb:set package 'toycar2D' build argument 'catkin_skip_building_tests' from command line to 'False'
[0.677s] DEBUG:colcon.colcon_core.verb:Building package 'toycar2D' with the following arguments: {'ament_cmake_args': None, 'build_base': '/home/pablo/Documents/robotic_sim/2_wheeled/build/toycar2D', 'catkin_cmake_args': None, 'catkin_skip_building_tests': False, 'cmake_args': None, 'cmake_clean_cache': False, 'cmake_clean_first': False, 'cmake_force_configure': False, 'cmake_target': None, 'cmake_target_skip_unavailable': False, 'install_base': '/home/pablo/Documents/robotic_sim/2_wheeled/install/toycar2D', 'merge_install': False, 'path': '/home/pablo/Documents/robotic_sim/2_wheeled/src/toycar2D', 'symlink_install': False, 'test_result_base': None}
[0.678s] Level 5:colcon.colcon_core.verb:set package 'toycar3D' build argument 'cmake_args' from command line to 'None'
[0.678s] Level 5:colcon.colcon_core.verb:set package 'toycar3D' build argument 'cmake_target' from command line to 'None'
[0.679s] Level 5:colcon.colcon_core.verb:set package 'toycar3D' build argument 'cmake_target_skip_unavailable' from command line to 'False'
[0.679s] Level 5:colcon.colcon_core.verb:set package 'toycar3D' build argument 'cmake_clean_cache' from command line to 'False'
[0.679s] Level 5:colcon.colcon_core.verb:set package 'toycar3D' build argument 'cmake_clean_first' from command line to 'False'
[0.679s] Level 5:colcon.colcon_core.verb:set package 'toycar3D' build argument 'cmake_force_configure' from command line to 'False'
[0.679s] Level 5:colcon.colcon_core.verb:set package 'toycar3D' build argument 'ament_cmake_args' from command line to 'None'
[0.679s] Level 5:colcon.colcon_core.verb:set package 'toycar3D' build argument 'catkin_cmake_args' from command line to 'None'
[0.679s] Level 5:colcon.colcon_core.verb:set package 'toycar3D' build argument 'catkin_skip_building_tests' from command line to 'False'
[0.679s] DEBUG:colcon.colcon_core.verb:Building package 'toycar3D' with the following arguments: {'ament_cmake_args': None, 'build_base': '/home/pablo/Documents/robotic_sim/2_wheeled/build/toycar3D', 'catkin_cmake_args': None, 'catkin_skip_building_tests': False, 'cmake_args': None, 'cmake_clean_cache': False, 'cmake_clean_first': False, 'cmake_force_configure': False, 'cmake_target': None, 'cmake_target_skip_unavailable': False, 'install_base': '/home/pablo/Documents/robotic_sim/2_wheeled/install/toycar3D', 'merge_install': False, 'path': '/home/pablo/Documents/robotic_sim/2_wheeled/src/toycar3D', 'symlink_install': False, 'test_result_base': None}
[0.680s] INFO:colcon.colcon_core.executor:Executing jobs using 'parallel' executor
[0.687s] DEBUG:colcon.colcon_parallel_executor.executor.parallel:run_until_complete
[0.687s] INFO:colcon.colcon_ros.task.ament_cmake.build:Building ROS package in '/home/pablo/Documents/robotic_sim/2_wheeled/src/apartment' with build type 'ament_cmake'
[0.687s] INFO:colcon.colcon_cmake.task.cmake.build:Building CMake package in '/home/pablo/Documents/robotic_sim/2_wheeled/src/apartment'
[0.695s] INFO:colcon.colcon_core.plugin_system:Skipping extension 'colcon_core.shell.bat': Not used on non-Windows systems
[0.695s] INFO:colcon.colcon_core.shell:Skip shell extension 'powershell' for command environment: Not usable outside of PowerShell
[0.695s] DEBUG:colcon.colcon_core.shell:Skip shell extension 'dsv' for command environment
[0.703s] INFO:colcon.colcon_ros.task.ament_cmake.build:Building ROS package in '/home/pablo/Documents/robotic_sim/2_wheeled/src/map_generation' with build type 'ament_cmake'
[0.704s] INFO:colcon.colcon_cmake.task.cmake.build:Building CMake package in '/home/pablo/Documents/robotic_sim/2_wheeled/src/map_generation'
[0.706s] INFO:colcon.colcon_core.shell:Skip shell extension 'powershell' for command environment: Not usable outside of PowerShell
[0.707s] DEBUG:colcon.colcon_core.shell:Skip shell extension 'dsv' for command environment
[0.715s] INFO:colcon.colcon_ros.task.ament_cmake.build:Building ROS package in '/home/pablo/Documents/robotic_sim/2_wheeled/src/pid_controller' with build type 'ament_cmake'
[0.715s] INFO:colcon.colcon_cmake.task.cmake.build:Building CMake package in '/home/pablo/Documents/robotic_sim/2_wheeled/src/pid_controller'
[0.718s] INFO:colcon.colcon_core.shell:Skip shell extension 'powershell' for command environment: Not usable outside of PowerShell
[0.718s] DEBUG:colcon.colcon_core.shell:Skip shell extension 'dsv' for command environment
[0.728s] INFO:colcon.colcon_ros.task.ament_cmake.build:Building ROS package in '/home/pablo/Documents/robotic_sim/2_wheeled/src/send_poses' with build type 'ament_cmake'
[0.729s] INFO:colcon.colcon_cmake.task.cmake.build:Building CMake package in '/home/pablo/Documents/robotic_sim/2_wheeled/src/send_poses'
[0.732s] INFO:colcon.colcon_core.shell:Skip shell extension 'powershell' for command environment: Not usable outside of PowerShell
[0.732s] DEBUG:colcon.colcon_core.shell:Skip shell extension 'dsv' for command environment
[0.741s] INFO:colcon.colcon_ros.task.ament_cmake.build:Building ROS package in '/home/pablo/Documents/robotic_sim/2_wheeled/src/toycar2D' with build type 'ament_cmake'
[0.741s] INFO:colcon.colcon_cmake.task.cmake.build:Building CMake package in '/home/pablo/Documents/robotic_sim/2_wheeled/src/toycar2D'
[0.744s] INFO:colcon.colcon_core.shell:Skip shell extension 'powershell' for command environment: Not usable outside of PowerShell
[0.744s] DEBUG:colcon.colcon_core.shell:Skip shell extension 'dsv' for command environment
[0.754s] INFO:colcon.colcon_ros.task.ament_cmake.build:Building ROS package in '/home/pablo/Documents/robotic_sim/2_wheeled/src/toycar3D' with build type 'ament_cmake'
[0.754s] INFO:colcon.colcon_cmake.task.cmake.build:Building CMake package in '/home/pablo/Documents/robotic_sim/2_wheeled/src/toycar3D'
[0.757s] INFO:colcon.colcon_core.shell:Skip shell extension 'powershell' for command environment: Not usable outside of PowerShell
[0.757s] DEBUG:colcon.colcon_core.shell:Skip shell extension 'dsv' for command environment
[0.774s] DEBUG:colcon.colcon_core.event_handler.log_command:Invoking command in '/home/pablo/Documents/robotic_sim/2_wheeled/build/apartment': CMAKE_PREFIX_PATH=${CMAKE_PREFIX_PATH}:/opt/ros/foxy /usr/bin/cmake --build /home/pablo/Documents/robotic_sim/2_wheeled/build/apartment -- -j12 -l12
[0.783s] DEBUG:colcon.colcon_core.event_handler.log_command:Invoking command in '/home/pablo/Documents/robotic_sim/2_wheeled/build/map_generation': CMAKE_PREFIX_PATH=${CMAKE_PREFIX_PATH}:/opt/ros/foxy /usr/bin/cmake --build /home/pablo/Documents/robotic_sim/2_wheeled/build/map_generation -- -j12 -l12
[0.790s] DEBUG:colcon.colcon_core.event_handler.log_command:Invoking command in '/home/pablo/Documents/robotic_sim/2_wheeled/build/pid_controller': CMAKE_PREFIX_PATH=${CMAKE_PREFIX_PATH}:/opt/ros/foxy /usr/bin/cmake --build /home/pablo/Documents/robotic_sim/2_wheeled/build/pid_controller -- -j12 -l12
[0.797s] DEBUG:colcon.colcon_core.event_handler.log_command:Invoking command in '/home/pablo/Documents/robotic_sim/2_wheeled/build/send_poses': CMAKE_PREFIX_PATH=${CMAKE_PREFIX_PATH}:/opt/ros/foxy /usr/bin/cmake --build /home/pablo/Documents/robotic_sim/2_wheeled/build/send_poses -- -j12 -l12
[0.805s] DEBUG:colcon.colcon_core.event_handler.log_command:Invoking command in '/home/pablo/Documents/robotic_sim/2_wheeled/build/toycar2D': CMAKE_PREFIX_PATH=${CMAKE_PREFIX_PATH}:/opt/ros/foxy /usr/bin/cmake --build /home/pablo/Documents/robotic_sim/2_wheeled/build/toycar2D -- -j12 -l12
[0.815s] DEBUG:colcon.colcon_core.event_handler.log_command:Invoking command in '/home/pablo/Documents/robotic_sim/2_wheeled/build/toycar3D': CMAKE_PREFIX_PATH=${CMAKE_PREFIX_PATH}:/opt/ros/foxy /usr/bin/cmake --build /home/pablo/Documents/robotic_sim/2_wheeled/build/toycar3D -- -j12 -l12
[0.837s] DEBUG:colcon.colcon_core.event_handler.log_command:Invoked command in '/home/pablo/Documents/robotic_sim/2_wheeled/build/apartment' returned '0': CMAKE_PREFIX_PATH=${CMAKE_PREFIX_PATH}:/opt/ros/foxy /usr/bin/cmake --build /home/pablo/Documents/robotic_sim/2_wheeled/build/apartment -- -j12 -l12
[0.861s] DEBUG:colcon.colcon_core.event_handler.log_command:Invoked command in '/home/pablo/Documents/robotic_sim/2_wheeled/build/toycar2D' returned '0': CMAKE_PREFIX_PATH=${CMAKE_PREFIX_PATH}:/opt/ros/foxy /usr/bin/cmake --build /home/pablo/Documents/robotic_sim/2_wheeled/build/toycar2D -- -j12 -l12
[0.882s] DEBUG:colcon.colcon_core.event_handler.log_command:Invoking command in '/home/pablo/Documents/robotic_sim/2_wheeled/build/apartment': CMAKE_PREFIX_PATH=${CMAKE_PREFIX_PATH}:/opt/ros/foxy /usr/bin/cmake --install /home/pablo/Documents/robotic_sim/2_wheeled/build/apartment
[0.886s] DEBUG:colcon.colcon_core.event_handler.log_command:Invoked command in '/home/pablo/Documents/robotic_sim/2_wheeled/build/toycar3D' returned '0': CMAKE_PREFIX_PATH=${CMAKE_PREFIX_PATH}:/opt/ros/foxy /usr/bin/cmake --build /home/pablo/Documents/robotic_sim/2_wheeled/build/toycar3D -- -j12 -l12
[0.894s] DEBUG:colcon.colcon_core.event_handler.log_command:Invoking command in '/home/pablo/Documents/robotic_sim/2_wheeled/build/toycar2D': CMAKE_PREFIX_PATH=${CMAKE_PREFIX_PATH}:/opt/ros/foxy /usr/bin/cmake --install /home/pablo/Documents/robotic_sim/2_wheeled/build/toycar2D
[0.909s] DEBUG:colcon.colcon_core.event_handler.log_command:Invoked command in '/home/pablo/Documents/robotic_sim/2_wheeled/build/pid_controller' returned '0': CMAKE_PREFIX_PATH=${CMAKE_PREFIX_PATH}:/opt/ros/foxy /usr/bin/cmake --build /home/pablo/Documents/robotic_sim/2_wheeled/build/pid_controller -- -j12 -l12
[0.912s] DEBUG:colcon.colcon_core.event_handler.log_command:Invoked command in '/home/pablo/Documents/robotic_sim/2_wheeled/build/map_generation' returned '0': CMAKE_PREFIX_PATH=${CMAKE_PREFIX_PATH}:/opt/ros/foxy /usr/bin/cmake --build /home/pablo/Documents/robotic_sim/2_wheeled/build/map_generation -- -j12 -l12
[0.915s] Level 1:colcon.colcon_core.environment:create_environment_scripts_only(apartment)
[0.928s] DEBUG:colcon.colcon_core.event_handler.log_command:Invoked command in '/home/pablo/Documents/robotic_sim/2_wheeled/build/send_poses' returned '0': CMAKE_PREFIX_PATH=${CMAKE_PREFIX_PATH}:/opt/ros/foxy /usr/bin/cmake --build /home/pablo/Documents/robotic_sim/2_wheeled/build/send_poses -- -j12 -l12
[0.928s] DEBUG:colcon.colcon_core.event_handler.log_command:Invoked command in '/home/pablo/Documents/robotic_sim/2_wheeled/build/apartment' returned '0': CMAKE_PREFIX_PATH=${CMAKE_PREFIX_PATH}:/opt/ros/foxy /usr/bin/cmake --install /home/pablo/Documents/robotic_sim/2_wheeled/build/apartment
[0.930s] Level 1:colcon.colcon_core.environment:checking '/home/pablo/Documents/robotic_sim/2_wheeled/install/apartment' for CMake module files
[0.930s] Level 1:colcon.colcon_core.environment:checking '/home/pablo/Documents/robotic_sim/2_wheeled/install/apartment' for CMake config files
[0.931s] Level 1:colcon.colcon_core.shell:create_environment_hook('apartment', 'cmake_prefix_path')
[0.933s] INFO:colcon.colcon_core.shell:Creating environment hook '/home/pablo/Documents/robotic_sim/2_wheeled/install/apartment/share/apartment/hook/cmake_prefix_path.ps1'
[0.934s] INFO:colcon.colcon_core.shell:Creating environment descriptor '/home/pablo/Documents/robotic_sim/2_wheeled/install/apartment/share/apartment/hook/cmake_prefix_path.dsv'
[0.934s] INFO:colcon.colcon_core.shell:Creating environment hook '/home/pablo/Documents/robotic_sim/2_wheeled/install/apartment/share/apartment/hook/cmake_prefix_path.sh'
[0.936s] Level 1:colcon.colcon_core.environment:checking '/home/pablo/Documents/robotic_sim/2_wheeled/install/apartment/bin'
[0.936s] Level 1:colcon.colcon_core.environment:checking '/home/pablo/Documents/robotic_sim/2_wheeled/install/apartment/lib/pkgconfig/apartment.pc'
[0.936s] Level 1:colcon.colcon_core.environment:checking '/home/pablo/Documents/robotic_sim/2_wheeled/install/apartment/lib/python3.8/site-packages'
[0.937s] Level 1:colcon.colcon_core.environment:checking '/home/pablo/Documents/robotic_sim/2_wheeled/install/apartment/bin'
[0.939s] INFO:colcon.colcon_core.shell:Creating package script '/home/pablo/Documents/robotic_sim/2_wheeled/install/apartment/share/apartment/package.ps1'
[0.941s] INFO:colcon.colcon_core.shell:Creating package descriptor '/home/pablo/Documents/robotic_sim/2_wheeled/install/apartment/share/apartment/package.dsv'
[0.941s] INFO:colcon.colcon_core.shell:Creating package script '/home/pablo/Documents/robotic_sim/2_wheeled/install/apartment/share/apartment/package.sh'
[0.942s] INFO:colcon.colcon_core.shell:Creating package script '/home/pablo/Documents/robotic_sim/2_wheeled/install/apartment/share/apartment/package.bash'
[0.942s] INFO:colcon.colcon_core.shell:Creating package script '/home/pablo/Documents/robotic_sim/2_wheeled/install/apartment/share/apartment/package.zsh'
[0.943s] Level 1:colcon.colcon_core.environment:create_file_with_runtime_dependencies(/home/pablo/Documents/robotic_sim/2_wheeled/install/apartment/share/colcon-core/packages/apartment)
[0.947s] Level 1:colcon.colcon_core.environment:create_environment_scripts_only(toycar2D)
[0.952s] Level 1:colcon.colcon_core.environment:checking '/home/pablo/Documents/robotic_sim/2_wheeled/install/toycar2D' for CMake module files
[0.953s] DEBUG:colcon.colcon_core.event_handler.log_command:Invoked command in '/home/pablo/Documents/robotic_sim/2_wheeled/build/toycar2D' returned '0': CMAKE_PREFIX_PATH=${CMAKE_PREFIX_PATH}:/opt/ros/foxy /usr/bin/cmake --install /home/pablo/Documents/robotic_sim/2_wheeled/build/toycar2D
[0.953s] Level 1:colcon.colcon_core.environment:checking '/home/pablo/Documents/robotic_sim/2_wheeled/install/toycar2D' for CMake config files
[0.953s] Level 1:colcon.colcon_core.shell:create_environment_hook('toycar2D', 'cmake_prefix_path')
[0.956s] INFO:colcon.colcon_core.shell:Creating environment hook '/home/pablo/Documents/robotic_sim/2_wheeled/install/toycar2D/share/toycar2D/hook/cmake_prefix_path.ps1'
[0.956s] INFO:colcon.colcon_core.shell:Creating environment descriptor '/home/pablo/Documents/robotic_sim/2_wheeled/install/toycar2D/share/toycar2D/hook/cmake_prefix_path.dsv'
[0.956s] INFO:colcon.colcon_core.shell:Creating environment hook '/home/pablo/Documents/robotic_sim/2_wheeled/install/toycar2D/share/toycar2D/hook/cmake_prefix_path.sh'
[0.957s] Level 1:colcon.colcon_core.environment:checking '/home/pablo/Documents/robotic_sim/2_wheeled/install/toycar2D/bin'
[0.957s] Level 1:colcon.colcon_core.environment:checking '/home/pablo/Documents/robotic_sim/2_wheeled/install/toycar2D/lib/pkgconfig/toycar2D.pc'
[0.957s] Level 1:colcon.colcon_core.environment:checking '/home/pablo/Documents/robotic_sim/2_wheeled/install/toycar2D/lib/python3.8/site-packages'
[0.957s] Level 1:colcon.colcon_core.environment:checking '/home/pablo/Documents/robotic_sim/2_wheeled/install/toycar2D/bin'
[0.960s] INFO:colcon.colcon_core.shell:Creating package script '/home/pablo/Documents/robotic_sim/2_wheeled/install/toycar2D/share/toycar2D/package.ps1'
[0.961s] INFO:colcon.colcon_core.shell:Creating package descriptor '/home/pablo/Documents/robotic_sim/2_wheeled/install/toycar2D/share/toycar2D/package.dsv'
[0.961s] INFO:colcon.colcon_core.shell:Creating package script '/home/pablo/Documents/robotic_sim/2_wheeled/install/toycar2D/share/toycar2D/package.sh'
[0.961s] INFO:colcon.colcon_core.shell:Creating package script '/home/pablo/Documents/robotic_sim/2_wheeled/install/toycar2D/share/toycar2D/package.bash'
[0.962s] INFO:colcon.colcon_core.shell:Creating package script '/home/pablo/Documents/robotic_sim/2_wheeled/install/toycar2D/share/toycar2D/package.zsh'
[0.962s] Level 1:colcon.colcon_core.environment:create_file_with_runtime_dependencies(/home/pablo/Documents/robotic_sim/2_wheeled/install/toycar2D/share/colcon-core/packages/toycar2D)
[0.970s] DEBUG:colcon.colcon_core.event_handler.log_command:Invoking command in '/home/pablo/Documents/robotic_sim/2_wheeled/build/toycar3D': CMAKE_PREFIX_PATH=${CMAKE_PREFIX_PATH}:/opt/ros/foxy /usr/bin/cmake --install /home/pablo/Documents/robotic_sim/2_wheeled/build/toycar3D
[0.976s] DEBUG:colcon.colcon_core.event_handler.log_command:Invoking command in '/home/pablo/Documents/robotic_sim/2_wheeled/build/pid_controller': CMAKE_PREFIX_PATH=${CMAKE_PREFIX_PATH}:/opt/ros/foxy /usr/bin/cmake --install /home/pablo/Documents/robotic_sim/2_wheeled/build/pid_controller
[0.983s] DEBUG:colcon.colcon_core.event_handler.log_command:Invoking command in '/home/pablo/Documents/robotic_sim/2_wheeled/build/map_generation': CMAKE_PREFIX_PATH=${CMAKE_PREFIX_PATH}:/opt/ros/foxy /usr/bin/cmake --install /home/pablo/Documents/robotic_sim/2_wheeled/build/map_generation
[0.996s] Level 1:colcon.colcon_core.environment:create_environment_scripts_only(apartment)
[1.000s] Level 1:colcon.colcon_core.environment:checking '/home/pablo/Documents/robotic_sim/2_wheeled/install/apartment' for CMake module files
[1.001s] Level 1:colcon.colcon_core.environment:checking '/home/pablo/Documents/robotic_sim/2_wheeled/install/apartment' for CMake config files
[1.003s] Level 1:colcon.colcon_core.shell:create_environment_hook('apartment', 'cmake_prefix_path')
[1.005s] INFO:colcon.colcon_core.shell:Creating environment hook '/home/pablo/Documents/robotic_sim/2_wheeled/install/apartment/share/apartment/hook/cmake_prefix_path.ps1'
[1.006s] INFO:colcon.colcon_core.shell:Creating environment descriptor '/home/pablo/Documents/robotic_sim/2_wheeled/install/apartment/share/apartment/hook/cmake_prefix_path.dsv'
[1.007s] INFO:colcon.colcon_core.shell:Creating environment hook '/home/pablo/Documents/robotic_sim/2_wheeled/install/apartment/share/apartment/hook/cmake_prefix_path.sh'
[1.007s] Level 1:colcon.colcon_core.environment:checking '/home/pablo/Documents/robotic_sim/2_wheeled/install/apartment/bin'
[1.007s] Level 1:colcon.colcon_core.environment:checking '/home/pablo/Documents/robotic_sim/2_wheeled/install/apartment/lib/pkgconfig/apartment.pc'
[1.008s] Level 1:colcon.colcon_core.environment:checking '/home/pablo/Documents/robotic_sim/2_wheeled/install/apartment/lib/python3.8/site-packages'
[1.008s] Level 1:colcon.colcon_core.environment:checking '/home/pablo/Documents/robotic_sim/2_wheeled/install/apartment/bin'
[1.010s] INFO:colcon.colcon_core.shell:Creating package script '/home/pablo/Documents/robotic_sim/2_wheeled/install/apartment/share/apartment/package.ps1'
[1.012s] INFO:colcon.colcon_core.shell:Creating package descriptor '/home/pablo/Documents/robotic_sim/2_wheeled/install/apartment/share/apartment/package.dsv'
[1.012s] DEBUG:colcon.colcon_core.event_handler.log_command:Invoking command in '/home/pablo/Documents/robotic_sim/2_wheeled/build/send_poses': CMAKE_PREFIX_PATH=${CMAKE_PREFIX_PATH}:/opt/ros/foxy /usr/bin/cmake --install /home/pablo/Documents/robotic_sim/2_wheeled/build/send_poses
[1.013s] INFO:colcon.colcon_core.shell:Creating package script '/home/pablo/Documents/robotic_sim/2_wheeled/install/apartment/share/apartment/package.sh'
[1.013s] INFO:colcon.colcon_core.shell:Creating package script '/home/pablo/Documents/robotic_sim/2_wheeled/install/apartment/share/apartment/package.bash'
[1.013s] INFO:colcon.colcon_core.shell:Creating package script '/home/pablo/Documents/robotic_sim/2_wheeled/install/apartment/share/apartment/package.zsh'
[1.014s] Level 1:colcon.colcon_core.environment:create_file_with_runtime_dependencies(/home/pablo/Documents/robotic_sim/2_wheeled/install/apartment/share/colcon-core/packages/apartment)
[1.018s] Level 1:colcon.colcon_core.environment:create_environment_scripts_only(toycar2D)
[1.023s] Level 1:colcon.colcon_core.environment:checking '/home/pablo/Documents/robotic_sim/2_wheeled/install/toycar2D' for CMake module files
[1.024s] Level 1:colcon.colcon_core.environment:checking '/home/pablo/Documents/robotic_sim/2_wheeled/install/toycar2D' for CMake config files
[1.026s] Level 1:colcon.colcon_core.shell:create_environment_hook('toycar2D', 'cmake_prefix_path')
[1.028s] INFO:colcon.colcon_core.shell:Creating environment hook '/home/pablo/Documents/robotic_sim/2_wheeled/install/toycar2D/share/toycar2D/hook/cmake_prefix_path.ps1'
[1.029s] INFO:colcon.colcon_core.shell:Creating environment descriptor '/home/pablo/Documents/robotic_sim/2_wheeled/install/toycar2D/share/toycar2D/hook/cmake_prefix_path.dsv'
[1.029s] INFO:colcon.colcon_core.shell:Creating environment hook '/home/pablo/Documents/robotic_sim/2_wheeled/install/toycar2D/share/toycar2D/hook/cmake_prefix_path.sh'
[1.030s] Level 1:colcon.colcon_core.environment:checking '/home/pablo/Documents/robotic_sim/2_wheeled/install/toycar2D/bin'
[1.030s] Level 1:colcon.colcon_core.environment:checking '/home/pablo/Documents/robotic_sim/2_wheeled/install/toycar2D/lib/pkgconfig/toycar2D.pc'
[1.031s] Level 1:colcon.colcon_core.environment:checking '/home/pablo/Documents/robotic_sim/2_wheeled/install/toycar2D/lib/python3.8/site-packages'
[1.031s] Level 1:colcon.colcon_core.environment:checking '/home/pablo/Documents/robotic_sim/2_wheeled/install/toycar2D/bin'
[1.033s] INFO:colcon.colcon_core.shell:Creating package script '/home/pablo/Documents/robotic_sim/2_wheeled/install/toycar2D/share/toycar2D/package.ps1'
[1.034s] INFO:colcon.colcon_core.shell:Creating package descriptor '/home/pablo/Documents/robotic_sim/2_wheeled/install/toycar2D/share/toycar2D/package.dsv'
[1.035s] INFO:colcon.colcon_core.shell:Creating package script '/home/pablo/Documents/robotic_sim/2_wheeled/install/toycar2D/share/toycar2D/package.sh'
[1.035s] INFO:colcon.colcon_core.shell:Creating package script '/home/pablo/Documents/robotic_sim/2_wheeled/install/toycar2D/share/toycar2D/package.bash'
[1.036s] INFO:colcon.colcon_core.shell:Creating package script '/home/pablo/Documents/robotic_sim/2_wheeled/install/toycar2D/share/toycar2D/package.zsh'
[1.037s] Level 1:colcon.colcon_core.environment:create_file_with_runtime_dependencies(/home/pablo/Documents/robotic_sim/2_wheeled/install/toycar2D/share/colcon-core/packages/toycar2D)
[1.037s] Level 1:colcon.colcon_core.environment:create_environment_scripts_only(toycar3D)
[1.040s] Level 1:colcon.colcon_core.environment:checking '/home/pablo/Documents/robotic_sim/2_wheeled/install/toycar3D' for CMake module files
[1.041s] Level 1:colcon.colcon_core.environment:checking '/home/pablo/Documents/robotic_sim/2_wheeled/install/toycar3D' for CMake config files
[1.043s] Level 1:colcon.colcon_core.shell:create_environment_hook('toycar3D', 'cmake_prefix_path')
[1.045s] INFO:colcon.colcon_core.shell:Creating environment hook '/home/pablo/Documents/robotic_sim/2_wheeled/install/toycar3D/share/toycar3D/hook/cmake_prefix_path.ps1'
[1.046s] DEBUG:colcon.colcon_core.event_handler.log_command:Invoked command in '/home/pablo/Documents/robotic_sim/2_wheeled/build/toycar3D' returned '0': CMAKE_PREFIX_PATH=${CMAKE_PREFIX_PATH}:/opt/ros/foxy /usr/bin/cmake --install /home/pablo/Documents/robotic_sim/2_wheeled/build/toycar3D
[1.046s] INFO:colcon.colcon_core.shell:Creating environment descriptor '/home/pablo/Documents/robotic_sim/2_wheeled/install/toycar3D/share/toycar3D/hook/cmake_prefix_path.dsv'
[1.046s] INFO:colcon.colcon_core.shell:Creating environment hook '/home/pablo/Documents/robotic_sim/2_wheeled/install/toycar3D/share/toycar3D/hook/cmake_prefix_path.sh'
[1.047s] Level 1:colcon.colcon_core.environment:checking '/home/pablo/Documents/robotic_sim/2_wheeled/install/toycar3D/bin'
[1.047s] Level 1:colcon.colcon_core.environment:checking '/home/pablo/Documents/robotic_sim/2_wheeled/install/toycar3D/lib/pkgconfig/toycar3D.pc'
[1.047s] Level 1:colcon.colcon_core.environment:checking '/home/pablo/Documents/robotic_sim/2_wheeled/install/toycar3D/lib/python3.8/site-packages'
[1.047s] Level 1:colcon.colcon_core.environment:checking '/home/pablo/Documents/robotic_sim/2_wheeled/install/toycar3D/bin'
[1.050s] INFO:colcon.colcon_core.shell:Creating package script '/home/pablo/Documents/robotic_sim/2_wheeled/install/toycar3D/share/toycar3D/package.ps1'
[1.051s] INFO:colcon.colcon_core.shell:Creating package descriptor '/home/pablo/Documents/robotic_sim/2_wheeled/install/toycar3D/share/toycar3D/package.dsv'
[1.051s] INFO:colcon.colcon_core.shell:Creating package script '/home/pablo/Documents/robotic_sim/2_wheeled/install/toycar3D/share/toycar3D/package.sh'
[1.051s] INFO:colcon.colcon_core.shell:Creating package script '/home/pablo/Documents/robotic_sim/2_wheeled/install/toycar3D/share/toycar3D/package.bash'
[1.052s] INFO:colcon.colcon_core.shell:Creating package script '/home/pablo/Documents/robotic_sim/2_wheeled/install/toycar3D/share/toycar3D/package.zsh'
[1.052s] Level 1:colcon.colcon_core.environment:create_file_with_runtime_dependencies(/home/pablo/Documents/robotic_sim/2_wheeled/install/toycar3D/share/colcon-core/packages/toycar3D)
[1.056s] Level 1:colcon.colcon_core.environment:create_environment_scripts_only(pid_controller)
[1.060s] Level 1:colcon.colcon_core.environment:checking '/home/pablo/Documents/robotic_sim/2_wheeled/install/pid_controller' for CMake module files
[1.062s] DEBUG:colcon.colcon_core.event_handler.log_command:Invoked command in '/home/pablo/Documents/robotic_sim/2_wheeled/build/pid_controller' returned '0': CMAKE_PREFIX_PATH=${CMAKE_PREFIX_PATH}:/opt/ros/foxy /usr/bin/cmake --install /home/pablo/Documents/robotic_sim/2_wheeled/build/pid_controller
[1.062s] Level 1:colcon.colcon_core.environment:checking '/home/pablo/Documents/robotic_sim/2_wheeled/install/pid_controller' for CMake config files
[1.063s] Level 1:colcon.colcon_core.shell:create_environment_hook('pid_controller', 'cmake_prefix_path')
[1.066s] INFO:colcon.colcon_core.shell:Creating environment hook '/home/pablo/Documents/robotic_sim/2_wheeled/install/pid_controller/share/pid_controller/hook/cmake_prefix_path.ps1'
[1.067s] INFO:colcon.colcon_core.shell:Creating environment descriptor '/home/pablo/Documents/robotic_sim/2_wheeled/install/pid_controller/share/pid_controller/hook/cmake_prefix_path.dsv'
[1.067s] INFO:colcon.colcon_core.shell:Creating environment hook '/home/pablo/Documents/robotic_sim/2_wheeled/install/pid_controller/share/pid_controller/hook/cmake_prefix_path.sh'
[1.068s] Level 1:colcon.colcon_core.environment:checking '/home/pablo/Documents/robotic_sim/2_wheeled/install/pid_controller/lib'
[1.068s] Level 1:colcon.colcon_core.environment:checking '/home/pablo/Documents/robotic_sim/2_wheeled/install/pid_controller/bin'
[1.068s] Level 1:colcon.colcon_core.environment:checking '/home/pablo/Documents/robotic_sim/2_wheeled/install/pid_controller/lib/pkgconfig/pid_controller.pc'
[1.069s] Level 1:colcon.colcon_core.environment:checking '/home/pablo/Documents/robotic_sim/2_wheeled/install/pid_controller/lib/python3.8/site-packages'
[1.069s] Level 1:colcon.colcon_core.environment:checking '/home/pablo/Documents/robotic_sim/2_wheeled/install/pid_controller/bin'
[1.072s] INFO:colcon.colcon_core.shell:Creating package script '/home/pablo/Documents/robotic_sim/2_wheeled/install/pid_controller/share/pid_controller/package.ps1'
[1.072s] INFO:colcon.colcon_core.shell:Creating package descriptor '/home/pablo/Documents/robotic_sim/2_wheeled/install/pid_controller/share/pid_controller/package.dsv'
[1.073s] INFO:colcon.colcon_core.shell:Creating package script '/home/pablo/Documents/robotic_sim/2_wheeled/install/pid_controller/share/pid_controller/package.sh'
[1.073s] INFO:colcon.colcon_core.shell:Creating package script '/home/pablo/Documents/robotic_sim/2_wheeled/install/pid_controller/share/pid_controller/package.bash'
[1.073s] INFO:colcon.colcon_core.shell:Creating package script '/home/pablo/Documents/robotic_sim/2_wheeled/install/pid_controller/share/pid_controller/package.zsh'
[1.074s] Level 1:colcon.colcon_core.environment:create_file_with_runtime_dependencies(/home/pablo/Documents/robotic_sim/2_wheeled/install/pid_controller/share/colcon-core/packages/pid_controller)
[1.077s] Level 1:colcon.colcon_core.environment:create_environment_scripts_only(map_generation)
[1.082s] Level 1:colcon.colcon_core.environment:checking '/home/pablo/Documents/robotic_sim/2_wheeled/install/map_generation' for CMake module files
[1.082s] Level 1:colcon.colcon_core.environment:checking '/home/pablo/Documents/robotic_sim/2_wheeled/install/map_generation' for CMake config files
[1.083s] Level 1:colcon.colcon_core.shell:create_environment_hook('map_generation', 'cmake_prefix_path')
[1.086s] INFO:colcon.colcon_core.shell:Creating environment hook '/home/pablo/Documents/robotic_sim/2_wheeled/install/map_generation/share/map_generation/hook/cmake_prefix_path.ps1'
[1.086s] DEBUG:colcon.colcon_core.event_handler.log_command:Invoked command in '/home/pablo/Documents/robotic_sim/2_wheeled/build/map_generation' returned '0': CMAKE_PREFIX_PATH=${CMAKE_PREFIX_PATH}:/opt/ros/foxy /usr/bin/cmake --install /home/pablo/Documents/robotic_sim/2_wheeled/build/map_generation
[1.087s] INFO:colcon.colcon_core.shell:Creating environment descriptor '/home/pablo/Documents/robotic_sim/2_wheeled/install/map_generation/share/map_generation/hook/cmake_prefix_path.dsv'
[1.087s] INFO:colcon.colcon_core.shell:Creating environment hook '/home/pablo/Documents/robotic_sim/2_wheeled/install/map_generation/share/map_generation/hook/cmake_prefix_path.sh'
[1.088s] Level 1:colcon.colcon_core.environment:checking '/home/pablo/Documents/robotic_sim/2_wheeled/install/map_generation/lib'
[1.088s] Level 1:colcon.colcon_core.environment:checking '/home/pablo/Documents/robotic_sim/2_wheeled/install/map_generation/bin'
[1.088s] Level 1:colcon.colcon_core.environment:checking '/home/pablo/Documents/robotic_sim/2_wheeled/install/map_generation/lib/pkgconfig/map_generation.pc'
[1.088s] Level 1:colcon.colcon_core.environment:checking '/home/pablo/Documents/robotic_sim/2_wheeled/install/map_generation/lib/python3.8/site-packages'
[1.088s] Level 1:colcon.colcon_core.environment:checking '/home/pablo/Documents/robotic_sim/2_wheeled/install/map_generation/bin'
[1.091s] INFO:colcon.colcon_core.shell:Creating package script '/home/pablo/Documents/robotic_sim/2_wheeled/install/map_generation/share/map_generation/package.ps1'
[1.092s] INFO:colcon.colcon_core.shell:Creating package descriptor '/home/pablo/Documents/robotic_sim/2_wheeled/install/map_generation/share/map_generation/package.dsv'
[1.092s] INFO:colcon.colcon_core.shell:Creating package script '/home/pablo/Documents/robotic_sim/2_wheeled/install/map_generation/share/map_generation/package.sh'
[1.092s] INFO:colcon.colcon_core.shell:Creating package script '/home/pablo/Documents/robotic_sim/2_wheeled/install/map_generation/share/map_generation/package.bash'
[1.093s] INFO:colcon.colcon_core.shell:Creating package script '/home/pablo/Documents/robotic_sim/2_wheeled/install/map_generation/share/map_generation/package.zsh'
[1.093s] Level 1:colcon.colcon_core.environment:create_file_with_runtime_dependencies(/home/pablo/Documents/robotic_sim/2_wheeled/install/map_generation/share/colcon-core/packages/map_generation)
[1.097s] Level 1:colcon.colcon_core.environment:create_environment_scripts_only(send_poses)
[1.101s] Level 1:colcon.colcon_core.environment:checking '/home/pablo/Documents/robotic_sim/2_wheeled/install/send_poses' for CMake module files
[1.102s] DEBUG:colcon.colcon_core.event_handler.log_command:Invoked command in '/home/pablo/Documents/robotic_sim/2_wheeled/build/send_poses' returned '0': CMAKE_PREFIX_PATH=${CMAKE_PREFIX_PATH}:/opt/ros/foxy /usr/bin/cmake --install /home/pablo/Documents/robotic_sim/2_wheeled/build/send_poses
[1.103s] Level 1:colcon.colcon_core.environment:checking '/home/pablo/Documents/robotic_sim/2_wheeled/install/send_poses' for CMake config files
[1.103s] Level 1:colcon.colcon_core.shell:create_environment_hook('send_poses', 'cmake_prefix_path')
[1.108s] INFO:colcon.colcon_core.shell:Creating environment hook '/home/pablo/Documents/robotic_sim/2_wheeled/install/send_poses/share/send_poses/hook/cmake_prefix_path.ps1'
[1.109s] INFO:colcon.colcon_core.shell:Creating environment descriptor '/home/pablo/Documents/robotic_sim/2_wheeled/install/send_poses/share/send_poses/hook/cmake_prefix_path.dsv'
[1.109s] INFO:colcon.colcon_core.shell:Creating environment hook '/home/pablo/Documents/robotic_sim/2_wheeled/install/send_poses/share/send_poses/hook/cmake_prefix_path.sh'
[1.110s] Level 1:colcon.colcon_core.environment:checking '/home/pablo/Documents/robotic_sim/2_wheeled/install/send_poses/lib'
[1.110s] Level 1:colcon.colcon_core.environment:checking '/home/pablo/Documents/robotic_sim/2_wheeled/install/send_poses/bin'
[1.110s] Level 1:colcon.colcon_core.environment:checking '/home/pablo/Documents/robotic_sim/2_wheeled/install/send_poses/lib/pkgconfig/send_poses.pc'
[1.110s] Level 1:colcon.colcon_core.environment:checking '/home/pablo/Documents/robotic_sim/2_wheeled/install/send_poses/lib/python3.8/site-packages'
[1.110s] Level 1:colcon.colcon_core.environment:checking '/home/pablo/Documents/robotic_sim/2_wheeled/install/send_poses/bin'
[1.113s] INFO:colcon.colcon_core.shell:Creating package script '/home/pablo/Documents/robotic_sim/2_wheeled/install/send_poses/share/send_poses/package.ps1'
[1.114s] INFO:colcon.colcon_core.shell:Creating package descriptor '/home/pablo/Documents/robotic_sim/2_wheeled/install/send_poses/share/send_poses/package.dsv'
[1.114s] INFO:colcon.colcon_core.shell:Creating package script '/home/pablo/Documents/robotic_sim/2_wheeled/install/send_poses/share/send_poses/package.sh'
[1.114s] INFO:colcon.colcon_core.shell:Creating package script '/home/pablo/Documents/robotic_sim/2_wheeled/install/send_poses/share/send_poses/package.bash'
[1.115s] INFO:colcon.colcon_core.shell:Creating package script '/home/pablo/Documents/robotic_sim/2_wheeled/install/send_poses/share/send_poses/package.zsh'
[1.115s] Level 1:colcon.colcon_core.environment:create_file_with_runtime_dependencies(/home/pablo/Documents/robotic_sim/2_wheeled/install/send_poses/share/colcon-core/packages/send_poses)
[1.123s] Level 1:colcon.colcon_core.environment:create_environment_scripts_only(toycar3D)
[1.127s] Level 1:colcon.colcon_core.environment:checking '/home/pablo/Documents/robotic_sim/2_wheeled/install/toycar3D' for CMake module files
[1.127s] Level 1:colcon.colcon_core.environment:checking '/home/pablo/Documents/robotic_sim/2_wheeled/install/toycar3D' for CMake config files
[1.127s] Level 1:colcon.colcon_core.shell:create_environment_hook('toycar3D', 'cmake_prefix_path')
[1.130s] INFO:colcon.colcon_core.shell:Creating environment hook '/home/pablo/Documents/robotic_sim/2_wheeled/install/toycar3D/share/toycar3D/hook/cmake_prefix_path.ps1'
[1.130s] INFO:colcon.colcon_core.shell:Creating environment descriptor '/home/pablo/Documents/robotic_sim/2_wheeled/install/toycar3D/share/toycar3D/hook/cmake_prefix_path.dsv'
[1.131s] INFO:colcon.colcon_core.shell:Creating environment hook '/home/pablo/Documents/robotic_sim/2_wheeled/install/toycar3D/share/toycar3D/hook/cmake_prefix_path.sh'
[1.131s] Level 1:colcon.colcon_core.environment:checking '/home/pablo/Documents/robotic_sim/2_wheeled/install/toycar3D/bin'
[1.131s] Level 1:colcon.colcon_core.environment:checking '/home/pablo/Documents/robotic_sim/2_wheeled/install/toycar3D/lib/pkgconfig/toycar3D.pc'
[1.132s] Level 1:colcon.colcon_core.environment:checking '/home/pablo/Documents/robotic_sim/2_wheeled/install/toycar3D/lib/python3.8/site-packages'
[1.132s] Level 1:colcon.colcon_core.environment:checking '/home/pablo/Documents/robotic_sim/2_wheeled/install/toycar3D/bin'
[1.134s] INFO:colcon.colcon_core.shell:Creating package script '/home/pablo/Documents/robotic_sim/2_wheeled/install/toycar3D/share/toycar3D/package.ps1'
[1.135s] INFO:colcon.colcon_core.shell:Creating package descriptor '/home/pablo/Documents/robotic_sim/2_wheeled/install/toycar3D/share/toycar3D/package.dsv'
[1.136s] INFO:colcon.colcon_core.shell:Creating package script '/home/pablo/Documents/robotic_sim/2_wheeled/install/toycar3D/share/toycar3D/package.sh'
[1.136s] INFO:colcon.colcon_core.shell:Creating package script '/home/pablo/Documents/robotic_sim/2_wheeled/install/toycar3D/share/toycar3D/package.bash'
[1.138s] INFO:colcon.colcon_core.shell:Creating package script '/home/pablo/Documents/robotic_sim/2_wheeled/install/toycar3D/share/toycar3D/package.zsh'
[1.138s] Level 1:colcon.colcon_core.environment:create_file_with_runtime_dependencies(/home/pablo/Documents/robotic_sim/2_wheeled/install/toycar3D/share/colcon-core/packages/toycar3D)
[1.141s] Level 1:colcon.colcon_core.environment:create_environment_scripts_only(pid_controller)
[1.144s] Level 1:colcon.colcon_core.environment:checking '/home/pablo/Documents/robotic_sim/2_wheeled/install/pid_controller' for CMake module files
[1.145s] Level 1:colcon.colcon_core.environment:checking '/home/pablo/Documents/robotic_sim/2_wheeled/install/pid_controller' for CMake config files
[1.146s] Level 1:colcon.colcon_core.shell:create_environment_hook('pid_controller', 'cmake_prefix_path')
[1.149s] INFO:colcon.colcon_core.shell:Creating environment hook '/home/pablo/Documents/robotic_sim/2_wheeled/install/pid_controller/share/pid_controller/hook/cmake_prefix_path.ps1'
[1.149s] INFO:colcon.colcon_core.shell:Creating environment descriptor '/home/pablo/Documents/robotic_sim/2_wheeled/install/pid_controller/share/pid_controller/hook/cmake_prefix_path.dsv'
[1.149s] INFO:colcon.colcon_core.shell:Creating environment hook '/home/pablo/Documents/robotic_sim/2_wheeled/install/pid_controller/share/pid_controller/hook/cmake_prefix_path.sh'
[1.150s] Level 1:colcon.colcon_core.environment:checking '/home/pablo/Documents/robotic_sim/2_wheeled/install/pid_controller/lib'
[1.150s] Level 1:colcon.colcon_core.environment:checking '/home/pablo/Documents/robotic_sim/2_wheeled/install/pid_controller/bin'
[1.150s] Level 1:colcon.colcon_core.environment:checking '/home/pablo/Documents/robotic_sim/2_wheeled/install/pid_controller/lib/pkgconfig/pid_controller.pc'
[1.150s] Level 1:colcon.colcon_core.environment:checking '/home/pablo/Documents/robotic_sim/2_wheeled/install/pid_controller/lib/python3.8/site-packages'
[1.151s] Level 1:colcon.colcon_core.environment:checking '/home/pablo/Documents/robotic_sim/2_wheeled/install/pid_controller/bin'
[1.153s] INFO:colcon.colcon_core.shell:Creating package script '/home/pablo/Documents/robotic_sim/2_wheeled/install/pid_controller/share/pid_controller/package.ps1'
[1.154s] INFO:colcon.colcon_core.shell:Creating package descriptor '/home/pablo/Documents/robotic_sim/2_wheeled/install/pid_controller/share/pid_controller/package.dsv'
[1.154s] INFO:colcon.colcon_core.shell:Creating package script '/home/pablo/Documents/robotic_sim/2_wheeled/install/pid_controller/share/pid_controller/package.sh'
[1.155s] INFO:colcon.colcon_core.shell:Creating package script '/home/pablo/Documents/robotic_sim/2_wheeled/install/pid_controller/share/pid_controller/package.bash'
[1.155s] INFO:colcon.colcon_core.shell:Creating package script '/home/pablo/Documents/robotic_sim/2_wheeled/install/pid_controller/share/pid_controller/package.zsh'
[1.155s] Level 1:colcon.colcon_core.environment:create_file_with_runtime_dependencies(/home/pablo/Documents/robotic_sim/2_wheeled/install/pid_controller/share/colcon-core/packages/pid_controller)
[1.158s] Level 1:colcon.colcon_core.environment:create_environment_scripts_only(map_generation)
[1.162s] Level 1:colcon.colcon_core.environment:checking '/home/pablo/Documents/robotic_sim/2_wheeled/install/map_generation' for CMake module files
[1.162s] Level 1:colcon.colcon_core.environment:checking '/home/pablo/Documents/robotic_sim/2_wheeled/install/map_generation' for CMake config files
[1.163s] Level 1:colcon.colcon_core.shell:create_environment_hook('map_generation', 'cmake_prefix_path')
[1.165s] INFO:colcon.colcon_core.shell:Creating environment hook '/home/pablo/Documents/robotic_sim/2_wheeled/install/map_generation/share/map_generation/hook/cmake_prefix_path.ps1'
[1.166s] INFO:colcon.colcon_core.shell:Creating environment descriptor '/home/pablo/Documents/robotic_sim/2_wheeled/install/map_generation/share/map_generation/hook/cmake_prefix_path.dsv'
[1.166s] INFO:colcon.colcon_core.shell:Creating environment hook '/home/pablo/Documents/robotic_sim/2_wheeled/install/map_generation/share/map_generation/hook/cmake_prefix_path.sh'
[1.167s] Level 1:colcon.colcon_core.environment:checking '/home/pablo/Documents/robotic_sim/2_wheeled/install/map_generation/lib'
[1.167s] Level 1:colcon.colcon_core.environment:checking '/home/pablo/Documents/robotic_sim/2_wheeled/install/map_generation/bin'
[1.167s] Level 1:colcon.colcon_core.environment:checking '/home/pablo/Documents/robotic_sim/2_wheeled/install/map_generation/lib/pkgconfig/map_generation.pc'
[1.167s] Level 1:colcon.colcon_core.environment:checking '/home/pablo/Documents/robotic_sim/2_wheeled/install/map_generation/lib/python3.8/site-packages'
[1.167s] Level 1:colcon.colcon_core.environment:checking '/home/pablo/Documents/robotic_sim/2_wheeled/install/map_generation/bin'
[1.170s] INFO:colcon.colcon_core.shell:Creating package script '/home/pablo/Documents/robotic_sim/2_wheeled/install/map_generation/share/map_generation/package.ps1'
[1.171s] INFO:colcon.colcon_core.shell:Creating package descriptor '/home/pablo/Documents/robotic_sim/2_wheeled/install/map_generation/share/map_generation/package.dsv'
[1.172s] INFO:colcon.colcon_core.shell:Creating package script '/home/pablo/Documents/robotic_sim/2_wheeled/install/map_generation/share/map_generation/package.sh'
[1.172s] INFO:colcon.colcon_core.shell:Creating package script '/home/pablo/Documents/robotic_sim/2_wheeled/install/map_generation/share/map_generation/package.bash'
[1.173s] INFO:colcon.colcon_core.shell:Creating package script '/home/pablo/Documents/robotic_sim/2_wheeled/install/map_generation/share/map_generation/package.zsh'
[1.173s] Level 1:colcon.colcon_core.environment:create_file_with_runtime_dependencies(/home/pablo/Documents/robotic_sim/2_wheeled/install/map_generation/share/colcon-core/packages/map_generation)
[1.177s] Level 1:colcon.colcon_core.environment:create_environment_scripts_only(send_poses)
[1.183s] Level 1:colcon.colcon_core.environment:checking '/home/pablo/Documents/robotic_sim/2_wheeled/install/send_poses' for CMake module files
[1.184s] Level 1:colcon.colcon_core.environment:checking '/home/pablo/Documents/robotic_sim/2_wheeled/install/send_poses' for CMake config files
[1.184s] Level 1:colcon.colcon_core.shell:create_environment_hook('send_poses', 'cmake_prefix_path')
[1.187s] INFO:colcon.colcon_core.shell:Creating environment hook '/home/pablo/Documents/robotic_sim/2_wheeled/install/send_poses/share/send_poses/hook/cmake_prefix_path.ps1'
[1.188s] INFO:colcon.colcon_core.shell:Creating environment descriptor '/home/pablo/Documents/robotic_sim/2_wheeled/install/send_poses/share/send_poses/hook/cmake_prefix_path.dsv'
[1.188s] INFO:colcon.colcon_core.shell:Creating environment hook '/home/pablo/Documents/robotic_sim/2_wheeled/install/send_poses/share/send_poses/hook/cmake_prefix_path.sh'
[1.189s] Level 1:colcon.colcon_core.environment:checking '/home/pablo/Documents/robotic_sim/2_wheeled/install/send_poses/lib'
[1.189s] Level 1:colcon.colcon_core.environment:checking '/home/pablo/Documents/robotic_sim/2_wheeled/install/send_poses/bin'
[1.189s] Level 1:colcon.colcon_core.environment:checking '/home/pablo/Documents/robotic_sim/2_wheeled/install/send_poses/lib/pkgconfig/send_poses.pc'
[1.190s] Level 1:colcon.colcon_core.environment:checking '/home/pablo/Documents/robotic_sim/2_wheeled/install/send_poses/lib/python3.8/site-packages'
[1.190s] Level 1:colcon.colcon_core.environment:checking '/home/pablo/Documents/robotic_sim/2_wheeled/install/send_poses/bin'
[1.193s] INFO:colcon.colcon_core.shell:Creating package script '/home/pablo/Documents/robotic_sim/2_wheeled/install/send_poses/share/send_poses/package.ps1'
[1.194s] INFO:colcon.colcon_core.shell:Creating package descriptor '/home/pablo/Documents/robotic_sim/2_wheeled/install/send_poses/share/send_poses/package.dsv'
[1.194s] INFO:colcon.colcon_core.shell:Creating package script '/home/pablo/Documents/robotic_sim/2_wheeled/install/send_poses/share/send_poses/package.sh'
[1.194s] INFO:colcon.colcon_core.shell:Creating package script '/home/pablo/Documents/robotic_sim/2_wheeled/install/send_poses/share/send_poses/package.bash'
[1.195s] INFO:colcon.colcon_core.shell:Creating package script '/home/pablo/Documents/robotic_sim/2_wheeled/install/send_poses/share/send_poses/package.zsh'
[1.195s] Level 1:colcon.colcon_core.environment:create_file_with_runtime_dependencies(/home/pablo/Documents/robotic_sim/2_wheeled/install/send_poses/share/colcon-core/packages/send_poses)
[1.195s] DEBUG:colcon.colcon_parallel_executor.executor.parallel:closing loop
[1.196s] DEBUG:colcon.colcon_parallel_executor.executor.parallel:loop closed
[1.196s] DEBUG:colcon.colcon_parallel_executor.executor.parallel:run_until_complete finished with '0'
[1.196s] DEBUG:colcon.colcon_core.event_reactor:joining thread
[1.209s] INFO:colcon.colcon_core.plugin_system:Skipping extension 'colcon_notification.desktop_notification.terminal_notifier': Not used on non-Darwin systems
[1.210s] INFO:colcon.colcon_core.plugin_system:Skipping extension 'colcon_notification.desktop_notification.win32': Not used on non-Windows systems
[1.210s] INFO:colcon.colcon_notification.desktop_notification:Sending desktop notification using 'notify2'
[1.222s] DEBUG:colcon.colcon_core.event_reactor:joined thread
[1.226s] INFO:colcon.colcon_core.shell:Creating prefix script '/home/pablo/Documents/robotic_sim/2_wheeled/install/local_setup.ps1'
[1.227s] INFO:colcon.colcon_core.shell:Creating prefix util module '/home/pablo/Documents/robotic_sim/2_wheeled/install/_local_setup_util_ps1.py'
[1.228s] INFO:colcon.colcon_core.shell:Creating prefix chain script '/home/pablo/Documents/robotic_sim/2_wheeled/install/setup.ps1'
[1.232s] INFO:colcon.colcon_core.shell:Creating prefix script '/home/pablo/Documents/robotic_sim/2_wheeled/install/local_setup.sh'
[1.232s] INFO:colcon.colcon_core.shell:Creating prefix util module '/home/pablo/Documents/robotic_sim/2_wheeled/install/_local_setup_util_sh.py'
[1.233s] INFO:colcon.colcon_core.shell:Creating prefix chain script '/home/pablo/Documents/robotic_sim/2_wheeled/install/setup.sh'
[1.236s] INFO:colcon.colcon_core.shell:Creating prefix script '/home/pablo/Documents/robotic_sim/2_wheeled/install/local_setup.bash'
[1.237s] INFO:colcon.colcon_core.shell:Creating prefix chain script '/home/pablo/Documents/robotic_sim/2_wheeled/install/setup.bash'
[1.240s] INFO:colcon.colcon_core.shell:Creating prefix script '/home/pablo/Documents/robotic_sim/2_wheeled/install/local_setup.zsh'
[1.241s] INFO:colcon.colcon_core.shell:Creating prefix chain script '/home/pablo/Documents/robotic_sim/2_wheeled/install/setup.zsh'
