[0.070s] Invoking command in '/home/pablo/Documents/robotic_sim/2_wheeled/build/pid_controller': CMAKE_PREFIX_PATH=${CMAKE_PREFIX_PATH}:/opt/ros/foxy /usr/bin/cmake --build /home/pablo/Documents/robotic_sim/2_wheeled/build/pid_controller -- -j12 -l12
[0.177s] [100%] Built target pid
[0.243s] Invoked command in '/home/pablo/Documents/robotic_sim/2_wheeled/build/pid_controller' returned '0': CMAKE_PREFIX_PATH=${CMAKE_PREFIX_PATH}:/opt/ros/foxy /usr/bin/cmake --build /home/pablo/Documents/robotic_sim/2_wheeled/build/pid_controller -- -j12 -l12
[0.334s] Invoking command in '/home/pablo/Documents/robotic_sim/2_wheeled/build/pid_controller': CMAKE_PREFIX_PATH=${CMAKE_PREFIX_PATH}:/opt/ros/foxy /usr/bin/cmake --install /home/pablo/Documents/robotic_sim/2_wheeled/build/pid_controller
[0.373s] -- Install configuration: ""
[0.373s] -- Up-to-date: /home/pablo/Documents/robotic_sim/2_wheeled/install/pid_controller/lib/pid_controller/pid
[0.373s] -- Up-to-date: /home/pablo/Documents/robotic_sim/2_wheeled/install/pid_controller/share/pid_controller/launch
[0.378s] -- Up-to-date: /home/pablo/Documents/robotic_sim/2_wheeled/install/pid_controller/share/pid_controller/launch/pid.launch.py
[0.378s] -- Up-to-date: /home/pablo/Documents/robotic_sim/2_wheeled/install/pid_controller/share/ament_index/resource_index/package_run_dependencies/pid_controller
[0.379s] -- Up-to-date: /home/pablo/Documents/robotic_sim/2_wheeled/install/pid_controller/share/ament_index/resource_index/parent_prefix_path/pid_controller
[0.379s] -- Up-to-date: /home/pablo/Documents/robotic_sim/2_wheeled/install/pid_controller/share/pid_controller/environment/ament_prefix_path.sh
[0.379s] -- Up-to-date: /home/pablo/Documents/robotic_sim/2_wheeled/install/pid_controller/share/pid_controller/environment/ament_prefix_path.dsv
[0.380s] -- Up-to-date: /home/pablo/Documents/robotic_sim/2_wheeled/install/pid_controller/share/pid_controller/environment/path.sh
[0.380s] -- Up-to-date: /home/pablo/Documents/robotic_sim/2_wheeled/install/pid_controller/share/pid_controller/environment/path.dsv
[0.380s] -- Up-to-date: /home/pablo/Documents/robotic_sim/2_wheeled/install/pid_controller/share/pid_controller/local_setup.bash
[0.381s] -- Up-to-date: /home/pablo/Documents/robotic_sim/2_wheeled/install/pid_controller/share/pid_controller/local_setup.sh
[0.381s] -- Up-to-date: /home/pablo/Documents/robotic_sim/2_wheeled/install/pid_controller/share/pid_controller/local_setup.zsh
[0.382s] -- Up-to-date: /home/pablo/Documents/robotic_sim/2_wheeled/install/pid_controller/share/pid_controller/local_setup.dsv
[0.382s] -- Installing: /home/pablo/Documents/robotic_sim/2_wheeled/install/pid_controller/share/pid_controller/package.dsv
[0.386s] -- Up-to-date: /home/pablo/Documents/robotic_sim/2_wheeled/install/pid_controller/share/ament_index/resource_index/packages/pid_controller
[0.386s] -- Up-to-date: /home/pablo/Documents/robotic_sim/2_wheeled/install/pid_controller/share/pid_controller/cmake/pid_controllerConfig.cmake
[0.386s] -- Up-to-date: /home/pablo/Documents/robotic_sim/2_wheeled/install/pid_controller/share/pid_controller/cmake/pid_controllerConfig-version.cmake
[0.386s] -- Up-to-date: /home/pablo/Documents/robotic_sim/2_wheeled/install/pid_controller/share/pid_controller/package.xml
[0.455s] Invoked command in '/home/pablo/Documents/robotic_sim/2_wheeled/build/pid_controller' returned '0': CMAKE_PREFIX_PATH=${CMAKE_PREFIX_PATH}:/opt/ros/foxy /usr/bin/cmake --install /home/pablo/Documents/robotic_sim/2_wheeled/build/pid_controller
